###############################################################################
#
# IAR ANSI C/C++ Compiler V7.40.3.8902/W32 for ARM        05/Nov/2025  15:02:25
# Copyright 1999-2015 IAR Systems AB.
#
#    Cpu mode     =  thumb
#    Endian       =  little
#    Source file  =  
#        D:\Turbo Fan\Codes\14030723 BLDC-valve2 added\modules\Source\A2D_2.c
#    Command line =  
#        "D:\Turbo Fan\Codes\14030723 BLDC-valve2 added\modules\Source\A2D_2.c"
#        -D USE_STDPERIPH_DRIVER -D STM32F40XX -lC "D:\Turbo Fan\Codes\14030723
#        BLDC-valve2 added\Debug\List\" -o "D:\Turbo Fan\Codes\14030723
#        BLDC-valve2 added\Debug\Obj\" --no_cse --no_unroll --no_inline
#        --no_code_motion --no_tbaa --no_clustering --no_scheduling --debug
#        --endian=little --cpu=Cortex-M4 -e --fpu=VFPv4_sp --dlib_config
#        "C:\Program Files (x86)\IAR Systems\Embedded Workbench
#        7.2\arm\INC\c\DLib_Config_Normal.h" -I "D:\Turbo Fan\Codes\14030723
#        BLDC-valve2 added\board\" -I "D:\Turbo Fan\Codes\14030723 BLDC-valve2
#        added\app\" -I "D:\Turbo Fan\Codes\14030723 BLDC-valve2
#        added\Libraries\CMSIS\Device\ST\STM32F4xx\Include\" -I "D:\Turbo
#        Fan\Codes\14030723 BLDC-valve2
#        added\Libraries\STM32F4xx_StdPeriph_Driver\inc\" -I "D:\Turbo
#        Fan\Codes\14030723 BLDC-valve2 added\modules\Header\" -On
#        --use_c++_inline -I "C:\Program Files (x86)\IAR Systems\Embedded
#        Workbench 7.2\arm\CMSIS\Include\" --relaxed_fp
#    List file    =  
#        D:\Turbo Fan\Codes\14030723 BLDC-valve2 added\Debug\List\A2D_2.lst
#    Object file  =  
#        D:\Turbo Fan\Codes\14030723 BLDC-valve2 added\Debug\Obj\A2D_2.o
#
###############################################################################

D:\Turbo Fan\Codes\14030723 BLDC-valve2 added\modules\Source\A2D_2.c
      1          //------------------------------------------------------------------------------
      2          // SAADAT Co 
      3          // VENTILATOR 
      4          // DEVELOPER : MOJTABA REZAEI ASHTIYANI 
      5          // VER 1.0
      6          //------------------------------------------------------------------------------
      7          
      8          #include "A2D_1.h"
      9          
     10          
     11          //------------------------------------------------------------------------------

   \                                 In section .data, align 1
     12          u8      A2D_Channel = ENDOFA2D_CHANNEL;
   \                     A2D_Channel:
   \   00000000   0x05               DC8 5

   \                                 In section .bss, align 4
     13          Struct_ADC_Data             ADC_Data; 
   \                     ADC_Data:
   \   00000000                      DS8 12

   \                                 In section .bss, align 2
     14          u16   Res_NTC = 0.0;
   \                     Res_NTC:
   \   00000000                      DS8 2
     15          //

   \                                 In section .rodata, align 4
     16          const   u16     Temperature_NTC[151]=
   \                     Temperature_NTC:
   \   00000000   0x6E39 0x696C      DC16 28217, 26988, 25819, 24707, 23650, 22643, 21686, 20774, 19905
   \              0x64DB 0x6083
   \              0x5C62 0x5873
   \              0x54B6 0x5126
   \              0x4DC1       
   \   00000012   0x4A86 0x4772      DC16 19078, 18290, 17539, 16822, 16139, 15488, 14867, 14273, 13707
   \              0x4483 0x41B6
   \              0x3F0B 0x3C80
   \              0x3A13 0x37C1
   \              0x358B       
   \   00000024   0x336F 0x316A      DC16 13167, 12650, 12157, 11686, 11236, 10805, 10394, 10000, 9623, 9263
   \              0x2F7D 0x2DA6
   \              0x2BE4 0x2A35
   \              0x289A 0x2710
   \              0x2597 0x242F
   \   00000038   0x22D6 0x218C      DC16 8918, 8588, 8272, 7969, 7679, 7401, 7135, 6879, 6634, 6400, 6174
   \              0x2050 0x1F21
   \              0x1DFF 0x1CE9
   \              0x1BDF 0x1ADF
   \              0x19EA 0x1900
   \              0x181E       
   \   0000004E   0x1746 0x1677      DC16 5958, 5751, 5552, 5361, 5177, 5001, 4832, 4669, 4513, 4363, 4218
   \              0x15B0 0x14F1
   \              0x1439 0x1389
   \              0x12E0 0x123D
   \              0x11A1 0x110B
   \              0x107A       
   \   00000064   0x0FEF 0x0F6A      DC16 4079, 3946, 3817, 3694, 3575, 3460, 3350, 3244, 3141, 3043, 2948
   \              0x0EE9 0x0E6E
   \              0x0DF7 0x0D84
   \              0x0D16 0x0CAC
   \              0x0C45 0x0BE3
   \              0x0B84       
   \   0000007A   0x0B28 0x0AD0      DC16 2856, 2768, 2683, 2601, 2522, 2446, 2373, 2302, 2233, 2167, 2103
   \              0x0A7B 0x0A29
   \              0x09DA 0x098E
   \              0x0945 0x08FE
   \              0x08B9 0x0877
   \              0x0837       
   \   00000090   0x07FA 0x07BE      DC16 2042, 1982, 1925, 1870, 1816, 1764, 1714, 1666, 1619, 1574, 1530
   \              0x0785 0x074E
   \              0x0718 0x06E4
   \              0x06B2 0x0682
   \              0x0653 0x0626
   \              0x05FA       
   \   000000A6   0x05D0 0x05A7      DC16 1488, 1447, 1407, 1369, 1332, 1296, 1261, 1228, 1195, 1163, 1133
   \              0x057F 0x0559
   \              0x0534 0x0510
   \              0x04ED 0x04CC
   \              0x04AB 0x048B
   \              0x046D       
   \   000000BC   0x044F 0x0432      DC16 1103, 1074, 1047, 1020, 994, 968, 944, 920, 897, 874, 853, 831
   \              0x0417 0x03FC
   \              0x03E2 0x03C8
   \              0x03B0 0x0398
   \              0x0381 0x036A
   \              0x0355 0x033F
   \   000000D4   0x032B 0x0317      DC16 811, 791, 772, 753, 735, 717, 700, 683, 667, 651, 636, 621, 607
   \              0x0304 0x02F1
   \              0x02DF 0x02CD
   \              0x02BC 0x02AB
   \              0x029B 0x028B
   \              0x027C 0x026D
   \              0x025F       
   \   000000EE   0x0251 0x0243      DC16 593, 579, 566, 553, 540, 528, 516, 505, 494, 483, 472, 462, 452
   \              0x0236 0x0229
   \              0x021C 0x0210
   \              0x0204 0x01F9
   \              0x01EE 0x01E3
   \              0x01D8 0x01CE
   \              0x01C4       
   \   00000108   0x01BA 0x01B0      DC16 442, 432, 423, 414, 405, 396, 388, 380, 372, 364, 356, 349, 342
   \              0x01A7 0x019E
   \              0x0195 0x018C
   \              0x0184 0x017C
   \              0x0174 0x016C
   \              0x0164 0x015D
   \              0x0156       
   \   00000122   0x014F 0x0148      DC16 335, 328, 321, 315, 309, 302
   \              0x0141 0x013B
   \              0x0135 0x012E
   \   0000012E   0x00 0x00          DC8 0, 0
     17          {
     18            28217,26988,25819,24707,23650,22643,21686,20774,19905,19078,18290,17539,16822,
     19            16139,15488,14867,14273,13707,13167,12650,12157,11686,11236,10805,10394,10000,
     20            9623,9263,8918,8588,8272,7969,7679,7401,7135,6879,6634,6400,6174,5958,5751,5552,
     21            5361,5177,5001,4832,4669,4513,4363,4218,4079,3946,3817,3694,3575,3460,3350,3244,
     22            3141,3043,2948,2856,2768,2683,2601,2522,2446,2373,2302,2233,2167,2103,2042,1982,
     23            1925,1870,1816,1764,1714,1666,1619,1574,1530,1488,1447,1407,1369,1332,1296,1261,
     24            1228,1195,1163,1133,1103,1074,1047,1020,994,968,944,920,897,874,853,831,811,791,
     25            772,753,735,717,700,683,667,651,636,621,607,593,579,566,553,540,528,516,505,494,
     26            483,472,462,452,442,432,423,414,405,396,388,380,372,364,356,349,342,335,328,321,
     27            315,309,302
     28          };
     29          //------------------------------------------------------------------------------

   \                                 In section .text, align 2, keep-with-next
     30          u8 Find_R (void)
     31          {
     32            u8    i=0;
   \                     Find_R: (+1)
   \   00000000   0x2100             MOVS     R1,#+0
     33            
     34            if(Res_NTC >= Temperature_NTC[0])
   \   00000002   0x....             LDR.N    R0,??DataTable1_1
   \   00000004   0x8800             LDRH     R0,[R0, #+0]
   \   00000006   0x....             LDR.N    R2,??DataTable1_2
   \   00000008   0x8812             LDRH     R2,[R2, #+0]
   \   0000000A   0x4290             CMP      R0,R2
   \   0000000C   0xD301             BCC.N    ??Find_R_0
     35            {
     36              return 0;
   \   0000000E   0x2000             MOVS     R0,#+0
   \   00000010   0xE019             B.N      ??Find_R_1
     37            }
     38            if(Res_NTC <= Temperature_NTC[150])
   \                     ??Find_R_0: (+1)
   \   00000012   0x....             LDR.N    R0,??DataTable1_2
   \   00000014   0xF8B0 0x012C      LDRH     R0,[R0, #+300]
   \   00000018   0x....             LDR.N    R2,??DataTable1_1
   \   0000001A   0x8812             LDRH     R2,[R2, #+0]
   \   0000001C   0x4290             CMP      R0,R2
   \   0000001E   0xD301             BCC.N    ??Find_R_2
     39            {
     40              return 150;
   \   00000020   0x2096             MOVS     R0,#+150
   \   00000022   0xE010             B.N      ??Find_R_1
     41            }
     42            for(i=1;i<150;i++)
   \                     ??Find_R_2: (+1)
   \   00000024   0x2001             MOVS     R0,#+1
   \   00000026   0x0001             MOVS     R1,R0
   \                     ??Find_R_3: (+1)
   \   00000028   0xB2C9             UXTB     R1,R1            ;; ZeroExt  R1,R1,#+24,#+24
   \   0000002A   0x2996             CMP      R1,#+150
   \   0000002C   0xDA09             BGE.N    ??Find_R_4
     43            {
     44              if(Res_NTC >= Temperature_NTC[i])
   \   0000002E   0x....             LDR.N    R0,??DataTable1_1
   \   00000030   0x8800             LDRH     R0,[R0, #+0]
   \   00000032   0x....             LDR.N    R2,??DataTable1_2
   \   00000034   0xB2C9             UXTB     R1,R1            ;; ZeroExt  R1,R1,#+24,#+24
   \   00000036   0xF832 0x2011      LDRH     R2,[R2, R1, LSL #+1]
   \   0000003A   0x4290             CMP      R0,R2
   \   0000003C   0xD201             BCS.N    ??Find_R_4
     45                break;
     46            }
   \                     ??Find_R_5: (+1)
   \   0000003E   0x1C49             ADDS     R1,R1,#+1
   \   00000040   0xE7F2             B.N      ??Find_R_3
     47            return i;
   \                     ??Find_R_4: (+1)
   \   00000042   0x0008             MOVS     R0,R1
   \   00000044   0xB2C0             UXTB     R0,R0            ;; ZeroExt  R0,R0,#+24,#+24
   \                     ??Find_R_1: (+1)
   \   00000046   0x4770             BX       LR               ;; return
     48          }
     49          
     50          
     51          //void ADC_Service(void)
     52          //{
     53          //  switch (A2D_Channel)  
     54          //  {
     55          //  case READ_TEMPERATURE://0
     56          //    ADC_Data.Temperature = ((ADC_GetConversionValue(ADC1)*ADC_VREF)/ADC_RESOLUTION);
     57          //    Res_NTC = (u16)((float)ADC_Data.Temperature / ((float)(Vcc - ADC_Data.Temperature)/Resistance_R88));
     58          //    ADC_Data.Temperature = Find_R();
     59          //    ADC_RegularChannelConfig(ADC1,ADC_Channel_11,1,ADC_SampleTime_15Cycles);
     60          //    ADC_SoftwareStartConv(ADC1);
     61          //    break;/*--------->>>><<<<<---------*/
     62          //  case READ_CURRENT_IRS1://1
     63          //    ADC_Data.Curr_IRS1 = (int)((((ADC_GetConversionValue(ADC1)*ADC_VREF)/ADC_RESOLUTION))*1.33);
     64          //    ADC_RegularChannelConfig(ADC1,ADC_Channel_12,1,ADC_SampleTime_15Cycles);
     65          //    ADC_SoftwareStartConv(ADC1);
     66          //    break;/*--------->>>><<<<<---------*/
     67          //  case READ_CURRENT_VALVE1://2
     68          //    ADC_Data.Curr_Valve1 = (int)((((ADC_GetConversionValue(ADC1)*ADC_VREF)/ADC_RESOLUTION))*0.2);
     69          //    ADC_RegularChannelConfig(ADC1,ADC_Channel_13,1,ADC_SampleTime_15Cycles);
     70          //    ADC_SoftwareStartConv(ADC1);
     71          //    break;/*--------->>>><<<<<---------*/
     72          //  case READ_VIN://4
     73          //    ADC_Data.VIN = ((ADC_GetConversionValue(ADC1)*ADC_VREF)/ADC_RESOLUTION)*11;
     74          //    ADC_RegularChannelConfig(ADC1,ADC_Channel_15,1,ADC_SampleTime_15Cycles);
     75          //    ADC_SoftwareStartConv(ADC1);
     76          //    break;/*--------->>>><<<<<---------*/
     77          //  case READ_V12://5
     78          //    ADC_Data.V12 = ((ADC_GetConversionValue(ADC1)*ADC_VREF)/ADC_RESOLUTION)*5;
     79          //    ADC_RegularChannelConfig(ADC1,ADC_Channel_10,1,ADC_SampleTime_15Cycles);
     80          //    ADC_SoftwareStartConv(ADC1);
     81          //    Send_Data(1);
     82          //    break;/*--------->>>><<<<<---------*/
     83          //    
     84          //  default:
     85          //    A2D_Channel = ENDOFA2D_CHANNEL;
     86          //    break;
     87          //  }//switch	
     88          //  A2D_Channel++;    
     89          //}
     90          
     91          

   \                                 In section .text, align 4, keep-with-next
     92          void ADC_Service(void)
     93          {
   \                     ADC_Service: (+1)
   \   00000000   0xB580             PUSH     {R7,LR}
     94           switch (A2D_Channel)  
   \   00000002   0x....             LDR.N    R0,??DataTable1_3
   \   00000004   0x7800             LDRB     R0,[R0, #+0]
   \   00000006   0x2800             CMP      R0,#+0
   \   00000008   0xD007             BEQ.N    ??ADC_Service_0
   \   0000000A   0x2802             CMP      R0,#+2
   \   0000000C   0xD061             BEQ.N    ??ADC_Service_1
   \   0000000E   0xD33F             BCC.N    ??ADC_Service_2
   \   00000010   0x2804             CMP      R0,#+4
   \   00000012   0xF000 0x809D      BEQ.W    ??ADC_Service_3
   \   00000016   0xD37C             BCC.N    ??ADC_Service_4
   \   00000018   0xE0B9             B.N      ??ADC_Service_5
     95           {
     96           case READ_TEMPERATURE:
     97              ADC_RegularChannelConfig(ADC1,ADC_Channel_11,1,ADC_SampleTime_15Cycles);
   \                     ??ADC_Service_0: (+1)
   \   0000001A   0x2301             MOVS     R3,#+1
   \   0000001C   0x2201             MOVS     R2,#+1
   \   0000001E   0x210B             MOVS     R1,#+11
   \   00000020   0x....             LDR.N    R0,??DataTable1_4  ;; 0x40012000
   \   00000022   0x.... 0x....      BL       ADC_RegularChannelConfig
     98              ADC_SoftwareStartConv(ADC1);
   \   00000026   0x....             LDR.N    R0,??DataTable1_4  ;; 0x40012000
   \   00000028   0x.... 0x....      BL       ADC_SoftwareStartConv
     99              while(ADC_GetFlagStatus(ADC1, ADC_FLAG_EOC) == RESET);
   \                     ??ADC_Service_6: (+1)
   \   0000002C   0x2102             MOVS     R1,#+2
   \   0000002E   0x....             LDR.N    R0,??DataTable1_4  ;; 0x40012000
   \   00000030   0x.... 0x....      BL       ADC_GetFlagStatus
   \   00000034   0x2800             CMP      R0,#+0
   \   00000036   0xD0F9             BEQ.N    ??ADC_Service_6
    100              ADC_Data.Temperature = ((ADC_GetConversionValue(ADC1)*ADC_VREF)/ADC_RESOLUTION);
   \   00000038   0x....             LDR.N    R0,??DataTable1_4  ;; 0x40012000
   \   0000003A   0x.... 0x....      BL       ADC_GetConversionValue
   \   0000003E   0xF640 0x41E4      MOVW     R1,#+3300
   \   00000042   0x4348             MULS     R0,R1,R0
   \   00000044   0xF640 0x71FF      MOVW     R1,#+4095
   \   00000048   0xFB90 0xF0F1      SDIV     R0,R0,R1
   \   0000004C   0x....             LDR.N    R1,??DataTable1_5
   \   0000004E   0x8008             STRH     R0,[R1, #+0]
    101              Res_NTC = (u16)((float)ADC_Data.Temperature / ((float)(Vcc - ADC_Data.Temperature)/Resistance_R88));
   \   00000050   0x....             LDR.N    R0,??DataTable1_5
   \   00000052   0x8800             LDRH     R0,[R0, #+0]
   \   00000054   0xEE00 0x0A10      VMOV     S0,R0
   \   00000058   0xEEB8 0x0A40      VCVT.F32.U32 S0,S0
   \   0000005C   0xF241 0x3088      MOVW     R0,#+5000
   \   00000060   0x....             LDR.N    R1,??DataTable1_5
   \   00000062   0x8809             LDRH     R1,[R1, #+0]
   \   00000064   0x1A40             SUBS     R0,R0,R1
   \   00000066   0xEE00 0x0A90      VMOV     S1,R0
   \   0000006A   0xEEF8 0x0AE0      VCVT.F32.S32 S1,S1
   \   0000006E   0xED9F 0x....      VLDR.W   S2,??DataTable1  ;; 0x45935800
   \   00000072   0xEEC0 0x0A81      VDIV.F32 S1,S1,S2
   \   00000076   0xEE80 0x0A20      VDIV.F32 S0,S0,S1
   \   0000007A   0xEEBD 0x0AC0      VCVT.S32.F32 S0,S0
   \   0000007E   0xEE10 0x0A10      VMOV     R0,S0
   \   00000082   0x....             LDR.N    R1,??DataTable1_1
   \   00000084   0x8008             STRH     R0,[R1, #+0]
    102              ADC_Data.Temperature = Find_R();
   \   00000086   0x.... 0x....      BL       Find_R
   \   0000008A   0x....             LDR.N    R1,??DataTable1_5
   \   0000008C   0x8008             STRH     R0,[R1, #+0]
    103              break;
   \   0000008E   0xE081             B.N      ??ADC_Service_7
    104              
    105           case READ_CURRENT_IRS1:
    106              ADC_RegularChannelConfig(ADC1,ADC_Channel_12,1,ADC_SampleTime_15Cycles);
   \                     ??ADC_Service_2: (+1)
   \   00000090   0x2301             MOVS     R3,#+1
   \   00000092   0x2201             MOVS     R2,#+1
   \   00000094   0x210C             MOVS     R1,#+12
   \   00000096   0x....             LDR.N    R0,??DataTable1_4  ;; 0x40012000
   \   00000098   0x.... 0x....      BL       ADC_RegularChannelConfig
    107              ADC_SoftwareStartConv(ADC1);
   \   0000009C   0x....             LDR.N    R0,??DataTable1_4  ;; 0x40012000
   \   0000009E   0x.... 0x....      BL       ADC_SoftwareStartConv
    108              while(ADC_GetFlagStatus(ADC1, ADC_FLAG_EOC) == RESET);
   \                     ??ADC_Service_8: (+1)
   \   000000A2   0x2102             MOVS     R1,#+2
   \   000000A4   0x....             LDR.N    R0,??DataTable1_4  ;; 0x40012000
   \   000000A6   0x.... 0x....      BL       ADC_GetFlagStatus
   \   000000AA   0x2800             CMP      R0,#+0
   \   000000AC   0xD0F9             BEQ.N    ??ADC_Service_8
    109              ADC_Data.Curr_IRS1 = (int)((((ADC_GetConversionValue(ADC1)*ADC_VREF)/ADC_RESOLUTION)*133)/100);
   \   000000AE   0x....             LDR.N    R0,??DataTable1_4  ;; 0x40012000
   \   000000B0   0x.... 0x....      BL       ADC_GetConversionValue
   \   000000B4   0xF640 0x41E4      MOVW     R1,#+3300
   \   000000B8   0x4348             MULS     R0,R1,R0
   \   000000BA   0xF640 0x71FF      MOVW     R1,#+4095
   \   000000BE   0xFB90 0xF0F1      SDIV     R0,R0,R1
   \   000000C2   0x2185             MOVS     R1,#+133
   \   000000C4   0x4348             MULS     R0,R1,R0
   \   000000C6   0x2164             MOVS     R1,#+100
   \   000000C8   0xFB90 0xF0F1      SDIV     R0,R0,R1
   \   000000CC   0x....             LDR.N    R1,??DataTable1_5
   \   000000CE   0x8048             STRH     R0,[R1, #+2]
    110              break;
   \   000000D0   0xE060             B.N      ??ADC_Service_7
    111              
    112           case READ_CURRENT_VALVE1:
    113              ADC_RegularChannelConfig(ADC1,ADC_Channel_13,1,ADC_SampleTime_15Cycles);
   \                     ??ADC_Service_1: (+1)
   \   000000D2   0x2301             MOVS     R3,#+1
   \   000000D4   0x2201             MOVS     R2,#+1
   \   000000D6   0x210D             MOVS     R1,#+13
   \   000000D8   0x....             LDR.N    R0,??DataTable1_4  ;; 0x40012000
   \   000000DA   0x.... 0x....      BL       ADC_RegularChannelConfig
    114              ADC_SoftwareStartConv(ADC1);
   \   000000DE   0x....             LDR.N    R0,??DataTable1_4  ;; 0x40012000
   \   000000E0   0x.... 0x....      BL       ADC_SoftwareStartConv
    115              while(ADC_GetFlagStatus(ADC1, ADC_FLAG_EOC) == RESET);
   \                     ??ADC_Service_9: (+1)
   \   000000E4   0x2102             MOVS     R1,#+2
   \   000000E6   0x....             LDR.N    R0,??DataTable1_4  ;; 0x40012000
   \   000000E8   0x.... 0x....      BL       ADC_GetFlagStatus
   \   000000EC   0x2800             CMP      R0,#+0
   \   000000EE   0xD0F9             BEQ.N    ??ADC_Service_9
    116              ADC_Data.Curr_Valve1 = (int)((((ADC_GetConversionValue(ADC1)*ADC_VREF)/ADC_RESOLUTION)*2)/10);
   \   000000F0   0x....             LDR.N    R0,??DataTable1_4  ;; 0x40012000
   \   000000F2   0x.... 0x....      BL       ADC_GetConversionValue
   \   000000F6   0xF640 0x41E4      MOVW     R1,#+3300
   \   000000FA   0x4348             MULS     R0,R1,R0
   \   000000FC   0xF640 0x71FF      MOVW     R1,#+4095
   \   00000100   0xFB90 0xF0F1      SDIV     R0,R0,R1
   \   00000104   0x0040             LSLS     R0,R0,#+1
   \   00000106   0x210A             MOVS     R1,#+10
   \   00000108   0xFB90 0xF0F1      SDIV     R0,R0,R1
   \   0000010C   0x....             LDR.N    R1,??DataTable1_5
   \   0000010E   0x8088             STRH     R0,[R1, #+4]
    117              break;
   \   00000110   0xE040             B.N      ??ADC_Service_7
    118              
    119           case READ_VIN:
    120              ADC_RegularChannelConfig(ADC1,ADC_Channel_15,1,ADC_SampleTime_15Cycles);
   \                     ??ADC_Service_4: (+1)
   \   00000112   0x2301             MOVS     R3,#+1
   \   00000114   0x2201             MOVS     R2,#+1
   \   00000116   0x210F             MOVS     R1,#+15
   \   00000118   0x....             LDR.N    R0,??DataTable1_4  ;; 0x40012000
   \   0000011A   0x.... 0x....      BL       ADC_RegularChannelConfig
    121              ADC_SoftwareStartConv(ADC1);
   \   0000011E   0x....             LDR.N    R0,??DataTable1_4  ;; 0x40012000
   \   00000120   0x.... 0x....      BL       ADC_SoftwareStartConv
    122              while(ADC_GetFlagStatus(ADC1, ADC_FLAG_EOC) == RESET);
   \                     ??ADC_Service_10: (+1)
   \   00000124   0x2102             MOVS     R1,#+2
   \   00000126   0x....             LDR.N    R0,??DataTable1_4  ;; 0x40012000
   \   00000128   0x.... 0x....      BL       ADC_GetFlagStatus
   \   0000012C   0x2800             CMP      R0,#+0
   \   0000012E   0xD0F9             BEQ.N    ??ADC_Service_10
    123              ADC_Data.VIN = ((ADC_GetConversionValue(ADC1)*ADC_VREF)/ADC_RESOLUTION)*11;
   \   00000130   0x....             LDR.N    R0,??DataTable1_4  ;; 0x40012000
   \   00000132   0x.... 0x....      BL       ADC_GetConversionValue
   \   00000136   0xF640 0x41E4      MOVW     R1,#+3300
   \   0000013A   0x4348             MULS     R0,R1,R0
   \   0000013C   0xF640 0x71FF      MOVW     R1,#+4095
   \   00000140   0xFB90 0xF0F1      SDIV     R0,R0,R1
   \   00000144   0x210B             MOVS     R1,#+11
   \   00000146   0xFB10 0xF001      SMULBB   R0,R0,R1
   \   0000014A   0x....             LDR.N    R1,??DataTable1_5
   \   0000014C   0x80C8             STRH     R0,[R1, #+6]
    124              break;
   \   0000014E   0xE021             B.N      ??ADC_Service_7
    125              
    126           case READ_V12:
    127              ADC_RegularChannelConfig(ADC1,ADC_Channel_10,1,ADC_SampleTime_15Cycles);
   \                     ??ADC_Service_3: (+1)
   \   00000150   0x2301             MOVS     R3,#+1
   \   00000152   0x2201             MOVS     R2,#+1
   \   00000154   0x210A             MOVS     R1,#+10
   \   00000156   0x....             LDR.N    R0,??DataTable1_4  ;; 0x40012000
   \   00000158   0x.... 0x....      BL       ADC_RegularChannelConfig
    128              ADC_SoftwareStartConv(ADC1);
   \   0000015C   0x....             LDR.N    R0,??DataTable1_4  ;; 0x40012000
   \   0000015E   0x.... 0x....      BL       ADC_SoftwareStartConv
    129              while(ADC_GetFlagStatus(ADC1, ADC_FLAG_EOC) == RESET);
   \                     ??ADC_Service_11: (+1)
   \   00000162   0x2102             MOVS     R1,#+2
   \   00000164   0x....             LDR.N    R0,??DataTable1_4  ;; 0x40012000
   \   00000166   0x.... 0x....      BL       ADC_GetFlagStatus
   \   0000016A   0x2800             CMP      R0,#+0
   \   0000016C   0xD0F9             BEQ.N    ??ADC_Service_11
    130              ADC_Data.V12 = ((ADC_GetConversionValue(ADC1)*ADC_VREF)/ADC_RESOLUTION)*5;
   \   0000016E   0x....             LDR.N    R0,??DataTable1_4  ;; 0x40012000
   \   00000170   0x.... 0x....      BL       ADC_GetConversionValue
   \   00000174   0xF640 0x41E4      MOVW     R1,#+3300
   \   00000178   0x4348             MULS     R0,R1,R0
   \   0000017A   0xF640 0x71FF      MOVW     R1,#+4095
   \   0000017E   0xFB90 0xF0F1      SDIV     R0,R0,R1
   \   00000182   0x2105             MOVS     R1,#+5
   \   00000184   0xFB10 0xF001      SMULBB   R0,R0,R1
   \   00000188   0x....             LDR.N    R1,??DataTable1_5
   \   0000018A   0x8108             STRH     R0,[R1, #+8]
    131              //Send_Data(1);
    132              break;
   \   0000018C   0xE002             B.N      ??ADC_Service_7
    133              
    134           default:
    135              A2D_Channel = ENDOFA2D_CHANNEL;
   \                     ??ADC_Service_5: (+1)
   \   0000018E   0x2005             MOVS     R0,#+5
   \   00000190   0x....             LDR.N    R1,??DataTable1_3
   \   00000192   0x7008             STRB     R0,[R1, #+0]
    136              break;
    137           }//switch
    138            
    139           A2D_Channel++;
   \                     ??ADC_Service_7: (+1)
   \   00000194   0x....             LDR.N    R0,??DataTable1_3
   \   00000196   0x7800             LDRB     R0,[R0, #+0]
   \   00000198   0x1C40             ADDS     R0,R0,#+1
   \   0000019A   0x....             LDR.N    R1,??DataTable1_3
   \   0000019C   0x7008             STRB     R0,[R1, #+0]
    140          }
   \   0000019E   0xBD01             POP      {R0,PC}          ;; return

   \                                 In section .text, align 4, keep-with-next
   \                     ??DataTable1:
   \   00000000   0x45935800         DC32     0x45935800

   \                                 In section .text, align 4, keep-with-next
   \                     ??DataTable1_1:
   \   00000000   0x........         DC32     Res_NTC

   \                                 In section .text, align 4, keep-with-next
   \                     ??DataTable1_2:
   \   00000000   0x........         DC32     Temperature_NTC

   \                                 In section .text, align 4, keep-with-next
   \                     ??DataTable1_3:
   \   00000000   0x........         DC32     A2D_Channel

   \                                 In section .text, align 4, keep-with-next
   \                     ??DataTable1_4:
   \   00000000   0x40012000         DC32     0x40012000

   \                                 In section .text, align 4, keep-with-next
   \                     ??DataTable1_5:
   \   00000000   0x........         DC32     ADC_Data
    141          
    142          
    143          
    144          
    145          //----------------------------------------------------------------------------------

   Maximum stack usage in bytes:

   .cstack Function
   ------- --------
       8   ADC_Service
         8   -> ADC_GetConversionValue
         8   -> ADC_GetFlagStatus
         8   -> ADC_RegularChannelConfig
         8   -> ADC_SoftwareStartConv
         8   -> Find_R
       0   Find_R


   Section sizes:

   Bytes  Function/Label
   -----  --------------
       4  ??DataTable1
       4  ??DataTable1_1
       4  ??DataTable1_2
       4  ??DataTable1_3
       4  ??DataTable1_4
       4  ??DataTable1_5
       1  A2D_Channel
      12  ADC_Data
     416  ADC_Service
      72  Find_R
       2  Res_NTC
     304  Temperature_NTC

 
  14 bytes in section .bss
   1 byte  in section .data
 304 bytes in section .rodata
 512 bytes in section .text
 
 512 bytes of CODE  memory
 304 bytes of CONST memory
  15 bytes of DATA  memory

Errors: none
Warnings: none
