###############################################################################
#
# IAR ANSI C/C++ Compiler V7.40.3.8902/W32 for ARM        16/Aug/2021  09:39:01
# Copyright 1999-2015 IAR Systems AB.
#
#    Cpu mode     =  thumb
#    Endian       =  little
#    Source file  =  
#        E:\Ventilator\SoftWare\BLDC\BLDC_4000525\modules\Source\Flow_EXH_A1.c
#    Command line =  
#        E:\Ventilator\SoftWare\BLDC\BLDC_4000525\modules\Source\Flow_EXH_A1.c
#        -D USE_STDPERIPH_DRIVER -D STM32F40XX -D INH_FLOW_SENSIRION -lC
#        E:\Ventilator\SoftWare\BLDC\BLDC_4000525\Debug\List\ -o
#        E:\Ventilator\SoftWare\BLDC\BLDC_4000525\Debug\Obj\ --no_cse
#        --no_unroll --no_inline --no_code_motion --no_tbaa --no_clustering
#        --no_scheduling --debug --endian=little --cpu=Cortex-M4 -e
#        --fpu=VFPv4_sp --dlib_config "C:\Program Files (x86)\IAR
#        Systems\Embedded Workbench 7.2\arm\INC\c\DLib_Config_Normal.h" -I
#        E:\Ventilator\SoftWare\BLDC\BLDC_4000525\board\ -I
#        E:\Ventilator\SoftWare\BLDC\BLDC_4000525\app\ -I
#        E:\Ventilator\SoftWare\BLDC\BLDC_4000525\Libraries\CMSIS\Device\ST\STM32F4xx\Include\
#        -I
#        E:\Ventilator\SoftWare\BLDC\BLDC_4000525\Libraries\STM32F4xx_StdPeriph_Driver\inc\
#        -I E:\Ventilator\SoftWare\BLDC\BLDC_4000525\modules\Header\ -On
#        --use_c++_inline -I "C:\Program Files (x86)\IAR Systems\Embedded
#        Workbench 7.2\arm\CMSIS\Include\" --relaxed_fp
#    List file    =  
#        E:\Ventilator\SoftWare\BLDC\BLDC_4000525\Debug\List\Flow_EXH_A1.lst
#    Object file  =  
#        E:\Ventilator\SoftWare\BLDC\BLDC_4000525\Debug\Obj\Flow_EXH_A1.o
#
###############################################################################

E:\Ventilator\SoftWare\BLDC\BLDC_4000525\modules\Source\Flow_EXH_A1.c
      1          //-----------------------------------------------------------------------------|
      2          // SAADAT Co 
      3          // VENTILATOR 
      4          // DEVELOPER : MOJTABA REZAEI ASHTIYANI
      5          // VER 1.0
      6          // This File contains the Set up the flow sensor TSI company which contains :
      7          // __the coefficients read from memory with I2C communication.
      8          // __reading the analog value is output.
      9          //-----------------------------------------------------------------------------|
     10          
     11          #include "Flow_EXH.h"
     12          //----------------------------------------------------------------------

   \                                 In section .bss, align 4
     13          UNION_REQ_EXHFLOW_COMMUNICATION_FLG             EXHFLOW0_REQ_FLG;
   \                     EXHFLOW0_REQ_FLG:
   \   00000000                      DS8 4

   \                                 In section .bss, align 4
     14          UNION_REPLY_EXHFLOW_COMMUNICATION_FLG           EXHFLOW0_Reply_FLG;
   \                     EXHFLOW0_Reply_FLG:
   \   00000000                      DS8 4
     15          
     16          extern          STRUCT_DATA_A2DSENSORS          DATA_Sensors;
     17          //----------------------------------------------------------------------
     18          u8 isFlowStable(void);
     19          //----------------------------------------------------------------------

   \                                 In section .bss, align 1
     20          u8  A1_Packet_Cnt = 0;
   \                     A1_Packet_Cnt:
   \   00000000                      DS8 1
     21          //----------------------------------------------------------------------

   \                                 In section .bss, align 1
     22          FunctionalState         ZeroingFromMB = DISABLE;
   \                     ZeroingFromMB:
   \   00000000                      DS8 1

   \                                 In section .bss, align 2
     23          u16     LOG_Err_Normal = 0, LOG_Err_BADCMD = 0,HsmCnt=0;  
   \                     LOG_Err_Normal:
   \   00000000                      DS8 2

   \                                 In section .bss, align 2
   \                     LOG_Err_BADCMD:
   \   00000000                      DS8 2

   \                                 In section .bss, align 2
   \                     HsmCnt:
   \   00000000                      DS8 2

   \                                 In section .bss, align 1
     24          u8      ZeroState = 0, ReqNormalState = 0, BADCMD_CNT = 0;      
   \                     ZeroState:
   \   00000000                      DS8 1

   \                                 In section .bss, align 1
   \                     ReqNormalState:
   \   00000000                      DS8 1

   \                                 In section .bss, align 1
   \                     BADCMD_CNT:
   \   00000000                      DS8 1

   \                                 In section .bss, align 1
     25          u8      Zeroing_Repeat,Status_Repeat;
   \                     Zeroing_Repeat:
   \   00000000                      DS8 1

   \                                 In section .bss, align 1
   \                     Status_Repeat:
   \   00000000                      DS8 1

   \                                 In section .bss, align 2
     26          u16      delay_errEXH=0;
   \                     delay_errEXH:
   \   00000000                      DS8 2
     27          //-----------------------------------------------------------------------------|
     28          #define FLOWWIN 100

   \                                 In section .bss, align 4
     29          float   FlowWin[FLOWWIN]={0};
   \                     FlowWin:
   \   00000000                      DS8 400

   \                                 In section .bss, align 1
     30          u8      FlowIdx=0;
   \                     FlowIdx:
   \   00000000                      DS8 1

   \                                 In section .bss, align 1
     31          u8      FlowTimeOut=0;
   \                     FlowTimeOut:
   \   00000000                      DS8 1
     32          //-----------------------------------------------------------------------------|

   \                                 In section .text, align 2, keep-with-next
     33          void EXH_RCV_Data(u8 data)
     34          {  
     35              static    u16     EXH_DataSensor = 0;
     36              static    u8      Flg_1 = FALSE;
     37              
     38              switch(EXHFLOW0_REQ_FLG.BYTE)
   \                     EXH_RCV_Data: (+1)
   \   00000000   0x.... 0x....      LDR.W    R1,??DataTable4_5
   \   00000004   0x7809             LDRB     R1,[R1, #+0]
   \   00000006   0x2901             CMP      R1,#+1
   \   00000008   0xD009             BEQ.N    ??EXH_RCV_Data_0
   \   0000000A   0x2902             CMP      R1,#+2
   \   0000000C   0xF000 0x80A1      BEQ.W    ??EXH_RCV_Data_1
   \   00000010   0x2904             CMP      R1,#+4
   \   00000012   0xF000 0x80BF      BEQ.W    ??EXH_RCV_Data_2
   \   00000016   0x2908             CMP      R1,#+8
   \   00000018   0xF000 0x8114      BEQ.W    ??EXH_RCV_Data_3
   \   0000001C   0xE135             B.N      ??EXH_RCV_Data_4
     39              {
     40              case 1://REQNormal
     41                  switch(ReqNormalState)
   \                     ??EXH_RCV_Data_0: (+1)
   \   0000001E   0x.... 0x....      LDR.W    R1,??DataTable4_4
   \   00000022   0x7809             LDRB     R1,[R1, #+0]
   \   00000024   0x2900             CMP      R1,#+0
   \   00000026   0xD003             BEQ.N    ??EXH_RCV_Data_5
   \   00000028   0x2902             CMP      R1,#+2
   \   0000002A   0xD05C             BEQ.N    ??EXH_RCV_Data_6
   \   0000002C   0xD349             BCC.N    ??EXH_RCV_Data_7
   \   0000002E   0xE08F             B.N      ??EXH_RCV_Data_8
     42                  {
     43                  case 0:
     44                      if(data == 'B')
   \                     ??EXH_RCV_Data_5: (+1)
   \   00000030   0xB2C0             UXTB     R0,R0            ;; ZeroExt  R0,R0,#+24,#+24
   \   00000032   0x2842             CMP      R0,#+66
   \   00000034   0xD104             BNE.N    ??EXH_RCV_Data_9
     45                      {
     46                          EXHFLOW0_REQ_FLG.BYTE = 8;
   \   00000036   0x2108             MOVS     R1,#+8
   \   00000038   0x.... 0x....      LDR.W    R2,??DataTable4_5
   \   0000003C   0x7011             STRB     R1,[R2, #+0]
   \   0000003E   0xE03F             B.N      ??EXH_RCV_Data_10
     47                      }
     48                      else
     49                      {
     50                          if(data & 0x30)
   \                     ??EXH_RCV_Data_9: (+1)
   \   00000040   0x2130             MOVS     R1,#+48
   \   00000042   0x4208             TST      R0,R1
   \   00000044   0xD008             BEQ.N    ??EXH_RCV_Data_11
     51                              DATA_Sensors.HWErr.EXHSENSOR = TRUE;
   \   00000046   0x.... 0x....      LDR.W    R1,??DataTable4_1
   \   0000004A   0x8FC9             LDRH     R1,[R1, #+62]
   \   0000004C   0xF451 0x6100      ORRS     R1,R1,#0x800
   \   00000050   0x.... 0x....      LDR.W    R2,??DataTable4_1
   \   00000054   0x87D1             STRH     R1,[R2, #+62]
   \   00000056   0xE008             B.N      ??EXH_RCV_Data_12
     52                          else
     53                              DATA_Sensors.HWErr.EXHSENSOR = FALSE;
   \                     ??EXH_RCV_Data_11: (+1)
   \   00000058   0x.... 0x....      LDR.W    R1,??DataTable4_1
   \   0000005C   0x8FC9             LDRH     R1,[R1, #+62]
   \   0000005E   0xF24F 0x72FF      MOVW     R2,#+63487
   \   00000062   0x4011             ANDS     R1,R2,R1
   \   00000064   0x.... 0x....      LDR.W    R2,??DataTable4_1
   \   00000068   0x87D1             STRH     R1,[R2, #+62]
     54                          if(data & 0x04)
   \                     ??EXH_RCV_Data_12: (+1)
   \   0000006A   0x0741             LSLS     R1,R0,#+29
   \   0000006C   0xD508             BPL.N    ??EXH_RCV_Data_13
     55                              DATA_Sensors.HWErr.EXHHARDWARE = TRUE;
   \   0000006E   0x.... 0x....      LDR.W    R1,??DataTable4_1
   \   00000072   0x8FC9             LDRH     R1,[R1, #+62]
   \   00000074   0xF451 0x7180      ORRS     R1,R1,#0x100
   \   00000078   0x.... 0x....      LDR.W    R2,??DataTable4_1
   \   0000007C   0x87D1             STRH     R1,[R2, #+62]
   \   0000007E   0xE008             B.N      ??EXH_RCV_Data_14
     56                          else
     57                              DATA_Sensors.HWErr.EXHHARDWARE = FALSE;
   \                     ??EXH_RCV_Data_13: (+1)
   \   00000080   0x.... 0x....      LDR.W    R1,??DataTable4_1
   \   00000084   0x8FC9             LDRH     R1,[R1, #+62]
   \   00000086   0xF64F 0x62FF      MOVW     R2,#+65279
   \   0000008A   0x4011             ANDS     R1,R2,R1
   \   0000008C   0x.... 0x....      LDR.W    R2,??DataTable4_1
   \   00000090   0x87D1             STRH     R1,[R2, #+62]
     58                          if(data & 0x80)
   \                     ??EXH_RCV_Data_14: (+1)
   \   00000092   0x0601             LSLS     R1,R0,#+24
   \   00000094   0xD504             BPL.N    ??EXH_RCV_Data_15
     59                              Flg_1 = TRUE;
   \   00000096   0x2101             MOVS     R1,#+1
   \   00000098   0x.... 0x....      LDR.W    R2,??DataTable4
   \   0000009C   0x7011             STRB     R1,[R2, #+0]
   \   0000009E   0xE003             B.N      ??EXH_RCV_Data_16
     60                          else
     61                              Flg_1 = FALSE;
   \                     ??EXH_RCV_Data_15: (+1)
   \   000000A0   0x2100             MOVS     R1,#+0
   \   000000A2   0x.... 0x....      LDR.W    R2,??DataTable4
   \   000000A6   0x7011             STRB     R1,[R2, #+0]
     62                          
     63                          EXHFLOW0_Reply_FLG.Data.ReplyNorm1 = TRUE;
   \                     ??EXH_RCV_Data_16: (+1)
   \   000000A8   0x.... 0x....      LDR.W    R1,??DataTable4_6
   \   000000AC   0x7809             LDRB     R1,[R1, #+0]
   \   000000AE   0xF051 0x0180      ORRS     R1,R1,#0x80
   \   000000B2   0x.... 0x....      LDR.W    R2,??DataTable4_6
   \   000000B6   0x7011             STRB     R1,[R2, #+0]
     64                          ReqNormalState = 1;
   \   000000B8   0x2101             MOVS     R1,#+1
   \   000000BA   0x.... 0x....      LDR.W    R2,??DataTable4_4
   \   000000BE   0x7011             STRB     R1,[R2, #+0]
     65                      }
     66                      break;
   \                     ??EXH_RCV_Data_10: (+1)
   \   000000C0   0xE046             B.N      ??EXH_RCV_Data_8
     67                  case 1:
     68                      EXH_DataSensor = (data << 8);
   \                     ??EXH_RCV_Data_7: (+1)
   \   000000C2   0xB2C0             UXTB     R0,R0            ;; ZeroExt  R0,R0,#+24,#+24
   \   000000C4   0x0201             LSLS     R1,R0,#+8
   \   000000C6   0x.... 0x....      LDR.W    R2,??DataTable4_3
   \   000000CA   0x8011             STRH     R1,[R2, #+0]
     69                      EXHFLOW0_Reply_FLG.Data.ReplyNorm2 = TRUE;
   \   000000CC   0x.... 0x....      LDR.W    R1,??DataTable4_6
   \   000000D0   0x7809             LDRB     R1,[R1, #+0]
   \   000000D2   0xF051 0x0140      ORRS     R1,R1,#0x40
   \   000000D6   0x.... 0x....      LDR.W    R2,??DataTable4_6
   \   000000DA   0x7011             STRB     R1,[R2, #+0]
     70                      ReqNormalState = 2;
   \   000000DC   0x2102             MOVS     R1,#+2
   \   000000DE   0x.... 0x....      LDR.W    R2,??DataTable4_4
   \   000000E2   0x7011             STRB     R1,[R2, #+0]
     71                      break;
   \   000000E4   0xE034             B.N      ??EXH_RCV_Data_8
     72                  case 2:
     73                    
     74                    if(A1_Packet_Cnt > 5)
   \                     ??EXH_RCV_Data_6: (+1)
   \   000000E6   0x.... 0x....      LDR.W    R1,??DataTable4_2
   \   000000EA   0x7809             LDRB     R1,[R1, #+0]
   \   000000EC   0x2906             CMP      R1,#+6
   \   000000EE   0xDB05             BLT.N    ??EXH_RCV_Data_17
     75                      DATA_Sensors.Detect_EXH_Sensor = A1BOARD_EXH; //A1 Board OK
   \   000000F0   0x21A1             MOVS     R1,#+161
   \   000000F2   0x.... 0x....      LDR.W    R2,??DataTable4_1
   \   000000F6   0xF882 0x1054      STRB     R1,[R2, #+84]
   \   000000FA   0xE006             B.N      ??EXH_RCV_Data_18
     76                    else
     77                      A1_Packet_Cnt++;
   \                     ??EXH_RCV_Data_17: (+1)
   \   000000FC   0x.... 0x....      LDR.W    R1,??DataTable4_2
   \   00000100   0x7809             LDRB     R1,[R1, #+0]
   \   00000102   0x1C49             ADDS     R1,R1,#+1
   \   00000104   0x.... 0x....      LDR.W    R2,??DataTable4_2
   \   00000108   0x7011             STRB     R1,[R2, #+0]
     78                    
     79                    EXH_DataSensor |= data;
   \                     ??EXH_RCV_Data_18: (+1)
   \   0000010A   0x.... 0x....      LDR.W    R1,??DataTable4_3
   \   0000010E   0x8809             LDRH     R1,[R1, #+0]
   \   00000110   0xB2C0             UXTB     R0,R0            ;; ZeroExt  R0,R0,#+24,#+24
   \   00000112   0x4301             ORRS     R1,R0,R1
   \   00000114   0x.... 0x....      LDR.W    R2,??DataTable4_3
   \   00000118   0x8011             STRH     R1,[R2, #+0]
     80                    if(Flg_1)
   \   0000011A   0x.... 0x....      LDR.W    R1,??DataTable4
   \   0000011E   0x7809             LDRB     R1,[R1, #+0]
   \   00000120   0x2900             CMP      R1,#+0
   \   00000122   0xD005             BEQ.N    ??EXH_RCV_Data_19
     81                    {
     82                      DATA_Sensors.Flow_EXH = EXH_DataSensor;
   \   00000124   0x.... 0x....      LDR.W    R1,??DataTable4_3
   \   00000128   0x8809             LDRH     R1,[R1, #+0]
   \   0000012A   0x.... 0x....      LDR.W    R2,??DataTable4_1
   \   0000012E   0x8191             STRH     R1,[R2, #+12]
     83                    }
     84                    EXHFLOW0_Reply_FLG.Data.RcvNormOK = TRUE;     
   \                     ??EXH_RCV_Data_19: (+1)
   \   00000130   0x.... 0x....      LDR.W    R1,??DataTable4_6
   \   00000134   0x7809             LDRB     R1,[R1, #+0]
   \   00000136   0xF051 0x0120      ORRS     R1,R1,#0x20
   \   0000013A   0x.... 0x....      LDR.W    R2,??DataTable4_6
   \   0000013E   0x7011             STRB     R1,[R2, #+0]
     85                    EXHFLOW0_REQ_FLG.BYTE = CLEAR0;//rcv
   \   00000140   0x2100             MOVS     R1,#+0
   \   00000142   0x.... 0x....      LDR.W    R2,??DataTable4_5
   \   00000146   0x7011             STRB     R1,[R2, #+0]
     86                    ReqNormalState = 0;
   \   00000148   0x2100             MOVS     R1,#+0
   \   0000014A   0x.... 0x....      LDR.W    R2,??DataTable4_4
   \   0000014E   0x7011             STRB     R1,[R2, #+0]
     87                    break;
     88                  }
     89                  break;   
   \                     ??EXH_RCV_Data_8: (+1)
   \   00000150   0xE09B             B.N      ??EXH_RCV_Data_4
     90              case 2://REQzero ----------------------------------------
     91                  if(data == 'B')
   \                     ??EXH_RCV_Data_1: (+1)
   \   00000152   0xB2C0             UXTB     R0,R0            ;; ZeroExt  R0,R0,#+24,#+24
   \   00000154   0x2842             CMP      R0,#+66
   \   00000156   0xD104             BNE.N    ??EXH_RCV_Data_20
     92                  {
     93                      EXHFLOW0_REQ_FLG.BYTE = 8;
   \   00000158   0x2108             MOVS     R1,#+8
   \   0000015A   0x.... 0x....      LDR.W    R2,??DataTable4_5
   \   0000015E   0x7011             STRB     R1,[R2, #+0]
   \   00000160   0xE017             B.N      ??EXH_RCV_Data_21
     94                  }
     95                  else
     96                  {    
     97                      EXHFLOW0_REQ_FLG.BYTE = CLEAR0; //rcv
   \                     ??EXH_RCV_Data_20: (+1)
   \   00000162   0x2100             MOVS     R1,#+0
   \   00000164   0x.... 0x....      LDR.W    R2,??DataTable4_5
   \   00000168   0x7011             STRB     R1,[R2, #+0]
     98                      if(data == 0x02)
   \   0000016A   0xB2C0             UXTB     R0,R0            ;; ZeroExt  R0,R0,#+24,#+24
   \   0000016C   0x2802             CMP      R0,#+2
   \   0000016E   0xD108             BNE.N    ??EXH_RCV_Data_22
     99                          EXHFLOW0_Reply_FLG.Data.RcvZeroOK = TRUE;
   \   00000170   0x.... 0x....      LDR.W    R1,??DataTable4_6
   \   00000174   0x7809             LDRB     R1,[R1, #+0]
   \   00000176   0xF051 0x0110      ORRS     R1,R1,#0x10
   \   0000017A   0x.... 0x....      LDR.W    R2,??DataTable4_6
   \   0000017E   0x7011             STRB     R1,[R2, #+0]
   \   00000180   0xE007             B.N      ??EXH_RCV_Data_21
    100                      else
    101                          EXHFLOW0_Reply_FLG.Data.RcvZeroOK = FALSE;
   \                     ??EXH_RCV_Data_22: (+1)
   \   00000182   0x.... 0x....      LDR.W    R1,??DataTable4_6
   \   00000186   0x7809             LDRB     R1,[R1, #+0]
   \   00000188   0xF011 0x01EF      ANDS     R1,R1,#0xEF
   \   0000018C   0x.... 0x....      LDR.W    R2,??DataTable4_6
   \   00000190   0x7011             STRB     R1,[R2, #+0]
    102                  }
    103                  break; 
   \                     ??EXH_RCV_Data_21: (+1)
   \   00000192   0xE07A             B.N      ??EXH_RCV_Data_4
    104              case 4://REQstatus --------------------------------------
    105                  if(data == 'B')
   \                     ??EXH_RCV_Data_2: (+1)
   \   00000194   0xB2C0             UXTB     R0,R0            ;; ZeroExt  R0,R0,#+24,#+24
   \   00000196   0x2842             CMP      R0,#+66
   \   00000198   0xD104             BNE.N    ??EXH_RCV_Data_23
    106                  {
    107                      EXHFLOW0_REQ_FLG.BYTE = 8;
   \   0000019A   0x2108             MOVS     R1,#+8
   \   0000019C   0x.... 0x....      LDR.W    R2,??DataTable4_5
   \   000001A0   0x7011             STRB     R1,[R2, #+0]
   \   000001A2   0xE04E             B.N      ??EXH_RCV_Data_24
    108                  }
    109                  else
    110                  {
    111                      EXHFLOW0_Reply_FLG.Data.RcvStatOK = TRUE;    
   \                     ??EXH_RCV_Data_23: (+1)
   \   000001A4   0x.... 0x....      LDR.W    R1,??DataTable4_6
   \   000001A8   0x7809             LDRB     R1,[R1, #+0]
   \   000001AA   0xF051 0x0108      ORRS     R1,R1,#0x8
   \   000001AE   0x.... 0x....      LDR.W    R2,??DataTable4_6
   \   000001B2   0x7011             STRB     R1,[R2, #+0]
    112                      if(data & 0x30)
   \   000001B4   0x2130             MOVS     R1,#+48
   \   000001B6   0x4208             TST      R0,R1
   \   000001B8   0xD010             BEQ.N    ??EXH_RCV_Data_25
    113                      {
    114                          DATA_Sensors.HWErr.EXHSENSOR = TRUE;
   \   000001BA   0x.... 0x....      LDR.W    R1,??DataTable4_1
   \   000001BE   0x8FC9             LDRH     R1,[R1, #+62]
   \   000001C0   0xF451 0x6100      ORRS     R1,R1,#0x800
   \   000001C4   0x.... 0x....      LDR.W    R2,??DataTable4_1
   \   000001C8   0x87D1             STRH     R1,[R2, #+62]
    115                          EXHFLOW0_Reply_FLG.Data.RcvStatOK = FALSE;
   \   000001CA   0x.... 0x....      LDR.W    R1,??DataTable4_6
   \   000001CE   0x7809             LDRB     R1,[R1, #+0]
   \   000001D0   0xF011 0x01F7      ANDS     R1,R1,#0xF7
   \   000001D4   0x.... 0x....      LDR.W    R2,??DataTable4_6
   \   000001D8   0x7011             STRB     R1,[R2, #+0]
   \   000001DA   0xE008             B.N      ??EXH_RCV_Data_26
    116                      }
    117                      else
    118                      {
    119                          DATA_Sensors.HWErr.EXHSENSOR = FALSE;
   \                     ??EXH_RCV_Data_25: (+1)
   \   000001DC   0x.... 0x....      LDR.W    R1,??DataTable4_1
   \   000001E0   0x8FC9             LDRH     R1,[R1, #+62]
   \   000001E2   0xF24F 0x72FF      MOVW     R2,#+63487
   \   000001E6   0x4011             ANDS     R1,R2,R1
   \   000001E8   0x.... 0x....      LDR.W    R2,??DataTable4_1
   \   000001EC   0x87D1             STRH     R1,[R2, #+62]
    120                      }
    121                      if(data & 0x04)
   \                     ??EXH_RCV_Data_26: (+1)
   \   000001EE   0x0741             LSLS     R1,R0,#+29
   \   000001F0   0xD510             BPL.N    ??EXH_RCV_Data_27
    122                      {
    123                          DATA_Sensors.HWErr.EXHHARDWARE = TRUE;
   \   000001F2   0x.... 0x....      LDR.W    R1,??DataTable4_1
   \   000001F6   0x8FC9             LDRH     R1,[R1, #+62]
   \   000001F8   0xF451 0x7180      ORRS     R1,R1,#0x100
   \   000001FC   0x.... 0x....      LDR.W    R2,??DataTable4_1
   \   00000200   0x87D1             STRH     R1,[R2, #+62]
    124                          EXHFLOW0_Reply_FLG.Data.RcvStatOK = FALSE;
   \   00000202   0x.... 0x....      LDR.W    R1,??DataTable4_6
   \   00000206   0x7809             LDRB     R1,[R1, #+0]
   \   00000208   0xF011 0x01F7      ANDS     R1,R1,#0xF7
   \   0000020C   0x.... 0x....      LDR.W    R2,??DataTable4_6
   \   00000210   0x7011             STRB     R1,[R2, #+0]
   \   00000212   0xE008             B.N      ??EXH_RCV_Data_28
    125                      }
    126                      else
    127                      {
    128                          DATA_Sensors.HWErr.EXHHARDWARE = FALSE;
   \                     ??EXH_RCV_Data_27: (+1)
   \   00000214   0x.... 0x....      LDR.W    R1,??DataTable4_1
   \   00000218   0x8FC9             LDRH     R1,[R1, #+62]
   \   0000021A   0xF64F 0x62FF      MOVW     R2,#+65279
   \   0000021E   0x4011             ANDS     R1,R2,R1
   \   00000220   0x.... 0x....      LDR.W    R2,??DataTable4_1
   \   00000224   0x87D1             STRH     R1,[R2, #+62]
    129                      }
    130                      EXHFLOW0_REQ_FLG.BYTE = CLEAR0;//rcv
   \                     ??EXH_RCV_Data_28: (+1)
   \   00000226   0x2100             MOVS     R1,#+0
   \   00000228   0x.... 0x....      LDR.W    R2,??DataTable4_5
   \   0000022C   0x7011             STRB     R1,[R2, #+0]
    131                      if(!(data & 0x80))
   \   0000022E   0x0601             LSLS     R1,R0,#+24
   \   00000230   0xD407             BMI.N    ??EXH_RCV_Data_24
    132                      {
    133                          EXHFLOW0_Reply_FLG.Data.RcvStatOK = FALSE;
   \   00000232   0x.... 0x....      LDR.W    R1,??DataTable4_6
   \   00000236   0x7809             LDRB     R1,[R1, #+0]
   \   00000238   0xF011 0x01F7      ANDS     R1,R1,#0xF7
   \   0000023C   0x.... 0x....      LDR.W    R2,??DataTable4_6
   \   00000240   0x7011             STRB     R1,[R2, #+0]
    134                      }
    135                  }
    136                  break;     
   \                     ??EXH_RCV_Data_24: (+1)
   \   00000242   0xE022             B.N      ??EXH_RCV_Data_4
    137              case 8: //-----------------------------------------------
    138                  if(++BADCMD_CNT >= 6)   
   \                     ??EXH_RCV_Data_3: (+1)
   \   00000244   0x.... 0x....      LDR.W    R1,??DataTable4_28
   \   00000248   0x7809             LDRB     R1,[R1, #+0]
   \   0000024A   0x1C49             ADDS     R1,R1,#+1
   \   0000024C   0x.... 0x....      LDR.W    R2,??DataTable4_28
   \   00000250   0x7011             STRB     R1,[R2, #+0]
   \   00000252   0x.... 0x....      LDR.W    R1,??DataTable4_28
   \   00000256   0x7809             LDRB     R1,[R1, #+0]
   \   00000258   0x2906             CMP      R1,#+6
   \   0000025A   0xDB16             BLT.N    ??EXH_RCV_Data_29
    139                  {
    140                      EXHFLOW0_Reply_FLG.Data.BAD_CMD = TRUE;
   \   0000025C   0x.... 0x....      LDR.W    R1,??DataTable4_6
   \   00000260   0x7809             LDRB     R1,[R1, #+0]
   \   00000262   0xF051 0x0104      ORRS     R1,R1,#0x4
   \   00000266   0x.... 0x....      LDR.W    R2,??DataTable4_6
   \   0000026A   0x7011             STRB     R1,[R2, #+0]
    141                      EXHFLOW0_REQ_FLG.BYTE = CLEAR0;//rcv
   \   0000026C   0x2100             MOVS     R1,#+0
   \   0000026E   0x.... 0x....      LDR.W    R2,??DataTable4_5
   \   00000272   0x7011             STRB     R1,[R2, #+0]
    142                      LOG_Err_BADCMD++;
   \   00000274   0x.... 0x....      LDR.W    R1,??DataTable4_7
   \   00000278   0x8809             LDRH     R1,[R1, #+0]
   \   0000027A   0x1C49             ADDS     R1,R1,#+1
   \   0000027C   0x.... 0x....      LDR.W    R2,??DataTable4_7
   \   00000280   0x8011             STRH     R1,[R2, #+0]
    143                      BADCMD_CNT = 0;
   \   00000282   0x2100             MOVS     R1,#+0
   \   00000284   0x.... 0x....      LDR.W    R2,??DataTable4_28
   \   00000288   0x7011             STRB     R1,[R2, #+0]
    144                  }
    145                  break;
    146              }//switch 
    147              //-----------
    148          }
   \                     ??EXH_RCV_Data_29: (+1)
   \                     ??EXH_RCV_Data_4: (+1)
   \   0000028A   0x4770             BX       LR               ;; return

   \                                 In section .bss, align 2
   \                     ??EXH_DataSensor:
   \   00000000                      DS8 2

   \                                 In section .bss, align 1
   \                     ??Flg_1:
   \   00000000                      DS8 1
    149          //-----------------------------------------------------------------------------|

   \                                 In section .text, align 2, keep-with-next
    150          void    Req_ZeroingMB(FunctionalState Tyep)
    151          {
    152              if(~ZeroingFromMB)
    153              {
    154                  ZeroingFromMB = Tyep;
   \                     Req_ZeroingMB: (+1)
   \   00000000   0x.... 0x....      LDR.W    R1,??DataTable4_8
   \   00000004   0x7008             STRB     R0,[R1, #+0]
    155                  ZeroState = 0;
   \   00000006   0x2100             MOVS     R1,#+0
   \   00000008   0x.... 0x....      LDR.W    R2,??DataTable4_9
   \   0000000C   0x7011             STRB     R1,[R2, #+0]
    156                  Status_Repeat = 4;
   \   0000000E   0x2104             MOVS     R1,#+4
   \   00000010   0x.... 0x....      LDR.W    R2,??DataTable4_10
   \   00000014   0x7011             STRB     R1,[R2, #+0]
    157                  Zeroing_Repeat = 3;
   \   00000016   0x2103             MOVS     R1,#+3
   \   00000018   0x.... 0x....      LDR.W    R2,??DataTable4_11
   \   0000001C   0x7011             STRB     R1,[R2, #+0]
    158                  EXHFLOW0_Reply_FLG.BYTE = CLEAR0;
   \   0000001E   0x2100             MOVS     R1,#+0
   \   00000020   0x.... 0x....      LDR.W    R2,??DataTable4_6
   \   00000024   0x7011             STRB     R1,[R2, #+0]
    159                  EXHFLOW0_REQ_FLG.BYTE = CLEAR0;//req_zero
   \   00000026   0x2100             MOVS     R1,#+0
   \   00000028   0x.... 0x....      LDR.W    R2,??DataTable4_5
   \   0000002C   0x7011             STRB     R1,[R2, #+0]
    160                  DATA_Sensors.HWErr.EXHZEROOK = FALSE;
   \   0000002E   0x.... 0x....      LDR.W    R1,??DataTable4_1
   \   00000032   0x8FC9             LDRH     R1,[R1, #+62]
   \   00000034   0xF64F 0x32FF      MOVW     R2,#+64511
   \   00000038   0x4011             ANDS     R1,R2,R1
   \   0000003A   0x.... 0x....      LDR.W    R2,??DataTable4_1
   \   0000003E   0x87D1             STRH     R1,[R2, #+62]
    161                  DATA_Sensors.HWErr.EXHErr = FALSE;
   \   00000040   0x.... 0x....      LDR.W    R1,??DataTable4_1
   \   00000044   0x8FC9             LDRH     R1,[R1, #+62]
   \   00000046   0xF64F 0x52FF      MOVW     R2,#+65023
   \   0000004A   0x4011             ANDS     R1,R2,R1
   \   0000004C   0x.... 0x....      LDR.W    R2,??DataTable4_1
   \   00000050   0x87D1             STRH     R1,[R2, #+62]
    162              }
    163          }
   \   00000052   0x4770             BX       LR               ;; return
    164          //-----------------------------------------------------------------------------|

   \                                 In section .text, align 2, keep-with-next
    165          void  Start_Read_EXHflow ( void )//10mSec
    166          {
   \                     Start_Read_EXHflow: (+1)
   \   00000000   0xB580             PUSH     {R7,LR}
    167              if(delay_errEXH == 0)
   \   00000002   0x.... 0x....      LDR.W    R0,??DataTable4_29
   \   00000006   0x8800             LDRH     R0,[R0, #+0]
   \   00000008   0x2800             CMP      R0,#+0
   \   0000000A   0xF040 0x817D      BNE.W    ??Start_Read_EXHflow_0
    168              {
    169                  if(ZeroingFromMB == DISABLE) // normal
   \   0000000E   0x.... 0x....      LDR.W    R0,??DataTable4_8
   \   00000012   0x7800             LDRB     R0,[R0, #+0]
   \   00000014   0x2800             CMP      R0,#+0
   \   00000016   0xD128             BNE.N    ??Start_Read_EXHflow_1
    170                  {
    171                      if( EXHFLOW0_Reply_FLG.Data.RcvNormOK == FALSE )
   \   00000018   0x.... 0x....      LDR.W    R0,??DataTable4_6
   \   0000001C   0x7800             LDRB     R0,[R0, #+0]
   \   0000001E   0xF3C0 0x1040      UBFX     R0,R0,#+5,#+1
   \   00000022   0xB2C0             UXTB     R0,R0            ;; ZeroExt  R0,R0,#+24,#+24
   \   00000024   0x2800             CMP      R0,#+0
   \   00000026   0xD106             BNE.N    ??Start_Read_EXHflow_2
    172                      {
    173                          LOG_Err_Normal++;
   \   00000028   0x.... 0x....      LDR.W    R0,??DataTable4_12
   \   0000002C   0x8800             LDRH     R0,[R0, #+0]
   \   0000002E   0x1C40             ADDS     R0,R0,#+1
   \   00000030   0x.... 0x....      LDR.W    R1,??DataTable4_12
   \   00000034   0x8008             STRH     R0,[R1, #+0]
    174                      }           
    175                      ReqNormalState = 0;
   \                     ??Start_Read_EXHflow_2: (+1)
   \   00000036   0x2000             MOVS     R0,#+0
   \   00000038   0x.... 0x....      LDR.W    R1,??DataTable4_4
   \   0000003C   0x7008             STRB     R0,[R1, #+0]
    176                      EXHFLOW0_Reply_FLG.BYTE = CLEAR0;
   \   0000003E   0x2000             MOVS     R0,#+0
   \   00000040   0x.... 0x....      LDR.W    R1,??DataTable4_6
   \   00000044   0x7008             STRB     R0,[R1, #+0]
    177                      EXHFLOW0_REQ_FLG.BYTE = CLEAR0;//read
   \   00000046   0x2000             MOVS     R0,#+0
   \   00000048   0x.... 0x....      LDR.W    R1,??DataTable4_5
   \   0000004C   0x7008             STRB     R0,[R1, #+0]
    178                      EXHFLOW0_REQ_FLG.Data.ReqNormal = TRUE;   
   \   0000004E   0x.... 0x....      LDR.W    R0,??DataTable4_5
   \   00000052   0x7800             LDRB     R0,[R0, #+0]
   \   00000054   0xF050 0x0001      ORRS     R0,R0,#0x1
   \   00000058   0x.... 0x....      LDR.W    R1,??DataTable4_5
   \   0000005C   0x7008             STRB     R0,[R1, #+0]
    179                      USART_SendData(EXHFLOW, (u16)REQUEST_EXH_STATUSDATA);          
   \   0000005E   0x2101             MOVS     R1,#+1
   \   00000060   0x.... 0x....      LDR.W    R0,??DataTable4_15  ;; 0x40004400
   \   00000064   0x.... 0x....      BL       USART_SendData
   \   00000068   0xE153             B.N      ??Start_Read_EXHflow_3
    180                  }
    181                  else //--------------- Zeroing------
    182                  {
    183                      switch(ZeroState)
   \                     ??Start_Read_EXHflow_1: (+1)
   \   0000006A   0x.... 0x....      LDR.W    R0,??DataTable4_9
   \   0000006E   0x7800             LDRB     R0,[R0, #+0]
   \   00000070   0x2800             CMP      R0,#+0
   \   00000072   0xD00D             BEQ.N    ??Start_Read_EXHflow_4
   \   00000074   0x2801             CMP      R0,#+1
   \   00000076   0xD014             BEQ.N    ??Start_Read_EXHflow_5
   \   00000078   0x2802             CMP      R0,#+2
   \   0000007A   0xD06F             BEQ.N    ??Start_Read_EXHflow_6
   \   0000007C   0x280A             CMP      R0,#+10
   \   0000007E   0xF000 0x80D3      BEQ.W    ??Start_Read_EXHflow_7
   \   00000082   0x2814             CMP      R0,#+20
   \   00000084   0xF000 0x80E7      BEQ.W    ??Start_Read_EXHflow_8
   \   00000088   0x2815             CMP      R0,#+21
   \   0000008A   0xF000 0x8126      BEQ.W    ??Start_Read_EXHflow_9
   \   0000008E   0xE140             B.N      ??Start_Read_EXHflow_3
    184                      {
    185                      case 0:
    186                          delay_errEXH = 200;//2sec
   \                     ??Start_Read_EXHflow_4: (+1)
   \   00000090   0x20C8             MOVS     R0,#+200
   \   00000092   0x.... 0x....      LDR.W    R1,??DataTable4_29
   \   00000096   0x8008             STRH     R0,[R1, #+0]
    187                          ZeroState = 10;//1;
   \   00000098   0x200A             MOVS     R0,#+10
   \   0000009A   0x.... 0x....      LDR.W    R1,??DataTable4_9
   \   0000009E   0x7008             STRB     R0,[R1, #+0]
    188                          break;     
   \   000000A0   0xE137             B.N      ??Start_Read_EXHflow_3
    189                      case 1:
    190                          if(EXHFLOW0_Reply_FLG.Data.RcvStatOK == TRUE)
   \                     ??Start_Read_EXHflow_5: (+1)
   \   000000A2   0x.... 0x....      LDR.W    R0,??DataTable4_6
   \   000000A6   0x7800             LDRB     R0,[R0, #+0]
   \   000000A8   0xF3C0 0x00C0      UBFX     R0,R0,#+3,#+1
   \   000000AC   0xB2C0             UXTB     R0,R0            ;; ZeroExt  R0,R0,#+24,#+24
   \   000000AE   0x2800             CMP      R0,#+0
   \   000000B0   0xD021             BEQ.N    ??Start_Read_EXHflow_10
    191                          {
    192                              ZeroState = 20;
   \   000000B2   0x2014             MOVS     R0,#+20
   \   000000B4   0x.... 0x....      LDR.W    R1,??DataTable4_9
   \   000000B8   0x7008             STRB     R0,[R1, #+0]
    193                              FlowIdx=0;
   \   000000BA   0x2000             MOVS     R0,#+0
   \   000000BC   0x.... 0x....      LDR.W    R1,??DataTable4_14
   \   000000C0   0x7008             STRB     R0,[R1, #+0]
    194                              ReqNormalState = 0;
   \   000000C2   0x2000             MOVS     R0,#+0
   \   000000C4   0x.... 0x....      LDR.W    R1,??DataTable4_4
   \   000000C8   0x7008             STRB     R0,[R1, #+0]
    195                              EXHFLOW0_Reply_FLG.BYTE = CLEAR0;
   \   000000CA   0x2000             MOVS     R0,#+0
   \   000000CC   0x.... 0x....      LDR.W    R1,??DataTable4_6
   \   000000D0   0x7008             STRB     R0,[R1, #+0]
    196                              EXHFLOW0_REQ_FLG.BYTE = CLEAR0;//read
   \   000000D2   0x2000             MOVS     R0,#+0
   \   000000D4   0x.... 0x....      LDR.W    R1,??DataTable4_5
   \   000000D8   0x7008             STRB     R0,[R1, #+0]
    197                              EXHFLOW0_REQ_FLG.Data.ReqNormal = TRUE;   
   \   000000DA   0x.... 0x....      LDR.W    R0,??DataTable4_5
   \   000000DE   0x7800             LDRB     R0,[R0, #+0]
   \   000000E0   0xF050 0x0001      ORRS     R0,R0,#0x1
   \   000000E4   0x.... 0x....      LDR.W    R1,??DataTable4_5
   \   000000E8   0x7008             STRB     R0,[R1, #+0]
    198                              USART_SendData(EXHFLOW, (u16)REQUEST_EXH_STATUSDATA);
   \   000000EA   0x2101             MOVS     R1,#+1
   \   000000EC   0x.... 0x....      LDR.W    R0,??DataTable4_15  ;; 0x40004400
   \   000000F0   0x.... 0x....      BL       USART_SendData
   \   000000F4   0xE031             B.N      ??Start_Read_EXHflow_11
    199                          }
    200                          else
    201                          {
    202                              if(--Status_Repeat == 0)
   \                     ??Start_Read_EXHflow_10: (+1)
   \   000000F6   0x.... 0x....      LDR.W    R0,??DataTable4_10
   \   000000FA   0x7800             LDRB     R0,[R0, #+0]
   \   000000FC   0x1E40             SUBS     R0,R0,#+1
   \   000000FE   0x.... 0x....      LDR.W    R1,??DataTable4_10
   \   00000102   0x7008             STRB     R0,[R1, #+0]
   \   00000104   0x.... 0x....      LDR.W    R0,??DataTable4_10
   \   00000108   0x7800             LDRB     R0,[R0, #+0]
   \   0000010A   0x2800             CMP      R0,#+0
   \   0000010C   0xD121             BNE.N    ??Start_Read_EXHflow_12
    203                              {
    204                                  DATA_Sensors.HWErr.EXHZEROOK = FALSE;//err status
   \   0000010E   0x.... 0x....      LDR.W    R0,??DataTable4_1
   \   00000112   0x8FC0             LDRH     R0,[R0, #+62]
   \   00000114   0xF64F 0x31FF      MOVW     R1,#+64511
   \   00000118   0x4008             ANDS     R0,R1,R0
   \   0000011A   0x.... 0x....      LDR.W    R1,??DataTable4_1
   \   0000011E   0x87C8             STRH     R0,[R1, #+62]
    205                                  DATA_Sensors.HWErr.EXHErr = TRUE;
   \   00000120   0x.... 0x....      LDR.W    R0,??DataTable4_1
   \   00000124   0x8FC0             LDRH     R0,[R0, #+62]
   \   00000126   0xF450 0x7000      ORRS     R0,R0,#0x200
   \   0000012A   0x.... 0x....      LDR.W    R1,??DataTable4_1
   \   0000012E   0x87C8             STRH     R0,[R1, #+62]
    206                                  EXHFLOW0_REQ_FLG.BYTE = CLEAR0;//read
   \   00000130   0x2000             MOVS     R0,#+0
   \   00000132   0x.... 0x....      LDR.W    R1,??DataTable4_5
   \   00000136   0x7008             STRB     R0,[R1, #+0]
    207                                  ZeroingFromMB = DISABLE; //End
   \   00000138   0x2000             MOVS     R0,#+0
   \   0000013A   0x.... 0x....      LDR.W    R1,??DataTable4_8
   \   0000013E   0x7008             STRB     R0,[R1, #+0]
    208                                  ZeroState = 0;
   \   00000140   0x2000             MOVS     R0,#+0
   \   00000142   0x.... 0x....      LDR.W    R1,??DataTable4_9
   \   00000146   0x7008             STRB     R0,[R1, #+0]
    209                                  FlowTimeOut=0;
   \   00000148   0x2000             MOVS     R0,#+0
   \   0000014A   0x.... 0x....      LDR.W    R1,??DataTable4_13
   \   0000014E   0x7008             STRB     R0,[R1, #+0]
   \   00000150   0xE003             B.N      ??Start_Read_EXHflow_11
    210                              }
    211                              else
    212                              {
    213                                  ZeroState = 10;//0;
   \                     ??Start_Read_EXHflow_12: (+1)
   \   00000152   0x200A             MOVS     R0,#+10
   \   00000154   0x.... 0x....      LDR.W    R1,??DataTable4_9
   \   00000158   0x7008             STRB     R0,[R1, #+0]
    214                              }
    215                          }
    216                          break;
   \                     ??Start_Read_EXHflow_11: (+1)
   \   0000015A   0xE0DA             B.N      ??Start_Read_EXHflow_3
    217                      case 2:
    218                          if(EXHFLOW0_Reply_FLG.Data.RcvZeroOK == TRUE)
   \                     ??Start_Read_EXHflow_6: (+1)
   \   0000015C   0x.... 0x....      LDR.W    R0,??DataTable4_6
   \   00000160   0x7800             LDRB     R0,[R0, #+0]
   \   00000162   0xF3C0 0x1000      UBFX     R0,R0,#+4,#+1
   \   00000166   0xB2C0             UXTB     R0,R0            ;; ZeroExt  R0,R0,#+24,#+24
   \   00000168   0x2800             CMP      R0,#+0
   \   0000016A   0xD01D             BEQ.N    ??Start_Read_EXHflow_13
    219                          {
    220                              DATA_Sensors.HWErr.EXHZEROOK = TRUE;
   \   0000016C   0x....             LDR.N    R0,??DataTable4_1
   \   0000016E   0x8FC0             LDRH     R0,[R0, #+62]
   \   00000170   0xF450 0x6080      ORRS     R0,R0,#0x400
   \   00000174   0x....             LDR.N    R1,??DataTable4_1
   \   00000176   0x87C8             STRH     R0,[R1, #+62]
    221                              DATA_Sensors.HWErr.EXHErr = FALSE;
   \   00000178   0x....             LDR.N    R0,??DataTable4_1
   \   0000017A   0x8FC0             LDRH     R0,[R0, #+62]
   \   0000017C   0xF64F 0x51FF      MOVW     R1,#+65023
   \   00000180   0x4008             ANDS     R0,R1,R0
   \   00000182   0x....             LDR.N    R1,??DataTable4_1
   \   00000184   0x87C8             STRH     R0,[R1, #+62]
    222                              ZeroingFromMB = DISABLE; //End
   \   00000186   0x2000             MOVS     R0,#+0
   \   00000188   0x....             LDR.N    R1,??DataTable4_8
   \   0000018A   0x7008             STRB     R0,[R1, #+0]
    223                              EXHFLOW0_REQ_FLG.BYTE = CLEAR0;//read
   \   0000018C   0x2000             MOVS     R0,#+0
   \   0000018E   0x....             LDR.N    R1,??DataTable4_5
   \   00000190   0x7008             STRB     R0,[R1, #+0]
    224                              ZeroState = 0;
   \   00000192   0x2000             MOVS     R0,#+0
   \   00000194   0x....             LDR.N    R1,??DataTable4_9
   \   00000196   0x7008             STRB     R0,[R1, #+0]
    225                              FlowTimeOut=0;
   \   00000198   0x2000             MOVS     R0,#+0
   \   0000019A   0x....             LDR.N    R1,??DataTable4_13
   \   0000019C   0x7008             STRB     R0,[R1, #+0]
    226                              delay_errEXH = Delay_;
   \   0000019E   0x2005             MOVS     R0,#+5
   \   000001A0   0x.... 0x....      LDR.W    R1,??DataTable4_29
   \   000001A4   0x8008             STRH     R0,[R1, #+0]
   \   000001A6   0xE03E             B.N      ??Start_Read_EXHflow_14
    227                          }
    228                          else if(FlowTimeOut>15-1)//30 sec timeout
   \                     ??Start_Read_EXHflow_13: (+1)
   \   000001A8   0x....             LDR.N    R0,??DataTable4_13
   \   000001AA   0x7800             LDRB     R0,[R0, #+0]
   \   000001AC   0x280F             CMP      R0,#+15
   \   000001AE   0xDB1C             BLT.N    ??Start_Read_EXHflow_15
    229                          {
    230                              FlowTimeOut=0;
   \   000001B0   0x2000             MOVS     R0,#+0
   \   000001B2   0x....             LDR.N    R1,??DataTable4_13
   \   000001B4   0x7008             STRB     R0,[R1, #+0]
    231                              DATA_Sensors.HWErr.EXHZEROOK = FALSE;
   \   000001B6   0x....             LDR.N    R0,??DataTable4_1
   \   000001B8   0x8FC0             LDRH     R0,[R0, #+62]
   \   000001BA   0xF64F 0x31FF      MOVW     R1,#+64511
   \   000001BE   0x4008             ANDS     R0,R1,R0
   \   000001C0   0x....             LDR.N    R1,??DataTable4_1
   \   000001C2   0x87C8             STRH     R0,[R1, #+62]
    232                              DATA_Sensors.HWErr.EXHErr = TRUE;
   \   000001C4   0x....             LDR.N    R0,??DataTable4_1
   \   000001C6   0x8FC0             LDRH     R0,[R0, #+62]
   \   000001C8   0xF450 0x7000      ORRS     R0,R0,#0x200
   \   000001CC   0x....             LDR.N    R1,??DataTable4_1
   \   000001CE   0x87C8             STRH     R0,[R1, #+62]
    233                              EXHFLOW0_REQ_FLG.BYTE = CLEAR0;//read
   \   000001D0   0x2000             MOVS     R0,#+0
   \   000001D2   0x....             LDR.N    R1,??DataTable4_5
   \   000001D4   0x7008             STRB     R0,[R1, #+0]
    234                              ZeroingFromMB = DISABLE; //End
   \   000001D6   0x2000             MOVS     R0,#+0
   \   000001D8   0x....             LDR.N    R1,??DataTable4_8
   \   000001DA   0x7008             STRB     R0,[R1, #+0]
    235                              ZeroState = 0;
   \   000001DC   0x2000             MOVS     R0,#+0
   \   000001DE   0x....             LDR.N    R1,??DataTable4_9
   \   000001E0   0x7008             STRB     R0,[R1, #+0]
    236                              delay_errEXH = Delay_;
   \   000001E2   0x2005             MOVS     R0,#+5
   \   000001E4   0x....             LDR.N    R1,??DataTable4_29
   \   000001E6   0x8008             STRH     R0,[R1, #+0]
   \   000001E8   0xE01D             B.N      ??Start_Read_EXHflow_14
    237                          }
    238                          else
    239                          {                       
    240                              FlowTimeOut++;
   \                     ??Start_Read_EXHflow_15: (+1)
   \   000001EA   0x....             LDR.N    R0,??DataTable4_13
   \   000001EC   0x7800             LDRB     R0,[R0, #+0]
   \   000001EE   0x1C40             ADDS     R0,R0,#+1
   \   000001F0   0x....             LDR.N    R1,??DataTable4_13
   \   000001F2   0x7008             STRB     R0,[R1, #+0]
    241                              ZeroState = 20;
   \   000001F4   0x2014             MOVS     R0,#+20
   \   000001F6   0x....             LDR.N    R1,??DataTable4_9
   \   000001F8   0x7008             STRB     R0,[R1, #+0]
    242                              FlowIdx=0;
   \   000001FA   0x2000             MOVS     R0,#+0
   \   000001FC   0x....             LDR.N    R1,??DataTable4_14
   \   000001FE   0x7008             STRB     R0,[R1, #+0]
    243                              ReqNormalState = 0;
   \   00000200   0x2000             MOVS     R0,#+0
   \   00000202   0x....             LDR.N    R1,??DataTable4_4
   \   00000204   0x7008             STRB     R0,[R1, #+0]
    244                              EXHFLOW0_Reply_FLG.BYTE = CLEAR0;
   \   00000206   0x2000             MOVS     R0,#+0
   \   00000208   0x....             LDR.N    R1,??DataTable4_6
   \   0000020A   0x7008             STRB     R0,[R1, #+0]
    245                              EXHFLOW0_REQ_FLG.BYTE = CLEAR0;//read
   \   0000020C   0x2000             MOVS     R0,#+0
   \   0000020E   0x....             LDR.N    R1,??DataTable4_5
   \   00000210   0x7008             STRB     R0,[R1, #+0]
    246                              EXHFLOW0_REQ_FLG.Data.ReqNormal = TRUE;   
   \   00000212   0x....             LDR.N    R0,??DataTable4_5
   \   00000214   0x7800             LDRB     R0,[R0, #+0]
   \   00000216   0xF050 0x0001      ORRS     R0,R0,#0x1
   \   0000021A   0x....             LDR.N    R1,??DataTable4_5
   \   0000021C   0x7008             STRB     R0,[R1, #+0]
    247                              USART_SendData(EXHFLOW, (u16)REQUEST_EXH_STATUSDATA);
   \   0000021E   0x2101             MOVS     R1,#+1
   \   00000220   0x....             LDR.N    R0,??DataTable4_15  ;; 0x40004400
   \   00000222   0x.... 0x....      BL       USART_SendData
    248                          }
    249                          break;  
   \                     ??Start_Read_EXHflow_14: (+1)
   \   00000226   0xE074             B.N      ??Start_Read_EXHflow_3
    250                      case 10:
    251                          EXHFLOW0_REQ_FLG.BYTE = CLEAR0;//read
   \                     ??Start_Read_EXHflow_7: (+1)
   \   00000228   0x2000             MOVS     R0,#+0
   \   0000022A   0x....             LDR.N    R1,??DataTable4_5
   \   0000022C   0x7008             STRB     R0,[R1, #+0]
    252                          EXHFLOW0_REQ_FLG.Data.Reqstatus = TRUE;
   \   0000022E   0x....             LDR.N    R0,??DataTable4_5
   \   00000230   0x7800             LDRB     R0,[R0, #+0]
   \   00000232   0xF050 0x0004      ORRS     R0,R0,#0x4
   \   00000236   0x....             LDR.N    R1,??DataTable4_5
   \   00000238   0x7008             STRB     R0,[R1, #+0]
    253                          EXHFLOW0_Reply_FLG.BYTE = CLEAR0;
   \   0000023A   0x2000             MOVS     R0,#+0
   \   0000023C   0x....             LDR.N    R1,??DataTable4_6
   \   0000023E   0x7008             STRB     R0,[R1, #+0]
    254                          USART_SendData(EXHFLOW, (u16)REQUEST_EXH_STATUS);
   \   00000240   0x2104             MOVS     R1,#+4
   \   00000242   0x....             LDR.N    R0,??DataTable4_15  ;; 0x40004400
   \   00000244   0x.... 0x....      BL       USART_SendData
    255                          ZeroState = 1;
   \   00000248   0x2001             MOVS     R0,#+1
   \   0000024A   0x....             LDR.N    R1,??DataTable4_9
   \   0000024C   0x7008             STRB     R0,[R1, #+0]
    256                          delay_errEXH = 50;//.5sec
   \   0000024E   0x2032             MOVS     R0,#+50
   \   00000250   0x....             LDR.N    R1,??DataTable4_29
   \   00000252   0x8008             STRH     R0,[R1, #+0]
    257                          break; 
   \   00000254   0xE05D             B.N      ??Start_Read_EXHflow_3
    258                      case 20:
    259                          FlowWin[FlowIdx++]=DATA_Sensors.Flow_EXH;
   \                     ??Start_Read_EXHflow_8: (+1)
   \   00000256   0x....             LDR.N    R0,??DataTable4_1
   \   00000258   0x8980             LDRH     R0,[R0, #+12]
   \   0000025A   0xEE00 0x0A10      VMOV     S0,R0
   \   0000025E   0xEEB8 0x0A40      VCVT.F32.U32 S0,S0
   \   00000262   0x....             LDR.N    R0,??DataTable4_30
   \   00000264   0x....             LDR.N    R1,??DataTable4_14
   \   00000266   0x7809             LDRB     R1,[R1, #+0]
   \   00000268   0xEB10 0x0081      ADDS     R0,R0,R1, LSL #+2
   \   0000026C   0xED80 0x0A00      VSTR     S0,[R0, #0]
   \   00000270   0x....             LDR.N    R0,??DataTable4_14
   \   00000272   0x7800             LDRB     R0,[R0, #+0]
   \   00000274   0x1C40             ADDS     R0,R0,#+1
   \   00000276   0x....             LDR.N    R1,??DataTable4_14
   \   00000278   0x7008             STRB     R0,[R1, #+0]
    260                          if(FlowIdx>=FLOWWIN)//1 sec
   \   0000027A   0x....             LDR.N    R0,??DataTable4_14
   \   0000027C   0x7800             LDRB     R0,[R0, #+0]
   \   0000027E   0x2864             CMP      R0,#+100
   \   00000280   0xDB17             BLT.N    ??Start_Read_EXHflow_16
    261                          {
    262                              if(isFlowStable())
   \   00000282   0x.... 0x....      BL       isFlowStable
   \   00000286   0x2800             CMP      R0,#+0
   \   00000288   0xD009             BEQ.N    ??Start_Read_EXHflow_17
    263                              {
    264                                  ZeroState = 21;
   \   0000028A   0x2015             MOVS     R0,#+21
   \   0000028C   0x....             LDR.N    R1,??DataTable4_9
   \   0000028E   0x7008             STRB     R0,[R1, #+0]
    265                                  delay_errEXH = 50;//.5sec
   \   00000290   0x2032             MOVS     R0,#+50
   \   00000292   0x....             LDR.N    R1,??DataTable4_29
   \   00000294   0x8008             STRH     R0,[R1, #+0]
    266                                  FlowIdx=0;
   \   00000296   0x2000             MOVS     R0,#+0
   \   00000298   0x....             LDR.N    R1,??DataTable4_14
   \   0000029A   0x7008             STRB     R0,[R1, #+0]
   \   0000029C   0xE01C             B.N      ??Start_Read_EXHflow_18
    267                              }
    268                              else
    269                              {
    270                                  ZeroState = 2;
   \                     ??Start_Read_EXHflow_17: (+1)
   \   0000029E   0x2002             MOVS     R0,#+2
   \   000002A0   0x....             LDR.N    R1,??DataTable4_9
   \   000002A2   0x7008             STRB     R0,[R1, #+0]
    271                                  FlowIdx=0;
   \   000002A4   0x2000             MOVS     R0,#+0
   \   000002A6   0x....             LDR.N    R1,??DataTable4_14
   \   000002A8   0x7008             STRB     R0,[R1, #+0]
    272                                  delay_errEXH = 100;//1sec
   \   000002AA   0x2064             MOVS     R0,#+100
   \   000002AC   0x....             LDR.N    R1,??DataTable4_29
   \   000002AE   0x8008             STRH     R0,[R1, #+0]
   \   000002B0   0xE012             B.N      ??Start_Read_EXHflow_18
    273                              }
    274                          }
    275                          else
    276                          {
    277                              ReqNormalState = 0;
   \                     ??Start_Read_EXHflow_16: (+1)
   \   000002B2   0x2000             MOVS     R0,#+0
   \   000002B4   0x....             LDR.N    R1,??DataTable4_4
   \   000002B6   0x7008             STRB     R0,[R1, #+0]
    278                              EXHFLOW0_Reply_FLG.BYTE = CLEAR0;
   \   000002B8   0x2000             MOVS     R0,#+0
   \   000002BA   0x....             LDR.N    R1,??DataTable4_6
   \   000002BC   0x7008             STRB     R0,[R1, #+0]
    279                              EXHFLOW0_REQ_FLG.BYTE = CLEAR0;//read
   \   000002BE   0x2000             MOVS     R0,#+0
   \   000002C0   0x....             LDR.N    R1,??DataTable4_5
   \   000002C2   0x7008             STRB     R0,[R1, #+0]
    280                              EXHFLOW0_REQ_FLG.Data.ReqNormal = TRUE;   
   \   000002C4   0x....             LDR.N    R0,??DataTable4_5
   \   000002C6   0x7800             LDRB     R0,[R0, #+0]
   \   000002C8   0xF050 0x0001      ORRS     R0,R0,#0x1
   \   000002CC   0x....             LDR.N    R1,??DataTable4_5
   \   000002CE   0x7008             STRB     R0,[R1, #+0]
    281                              USART_SendData(EXHFLOW, (u16)REQUEST_EXH_STATUSDATA);
   \   000002D0   0x2101             MOVS     R1,#+1
   \   000002D2   0x....             LDR.N    R0,??DataTable4_15  ;; 0x40004400
   \   000002D4   0x.... 0x....      BL       USART_SendData
    282                          }
    283                          break;
   \                     ??Start_Read_EXHflow_18: (+1)
   \   000002D8   0xE01B             B.N      ??Start_Read_EXHflow_3
    284                      case 21:
    285                          EXHFLOW0_REQ_FLG.BYTE = CLEAR0;//read
   \                     ??Start_Read_EXHflow_9: (+1)
   \   000002DA   0x2000             MOVS     R0,#+0
   \   000002DC   0x....             LDR.N    R1,??DataTable4_5
   \   000002DE   0x7008             STRB     R0,[R1, #+0]
    286                          EXHFLOW0_REQ_FLG.Data.Reqzero = TRUE;//ok status
   \   000002E0   0x....             LDR.N    R0,??DataTable4_5
   \   000002E2   0x7800             LDRB     R0,[R0, #+0]
   \   000002E4   0xF050 0x0002      ORRS     R0,R0,#0x2
   \   000002E8   0x....             LDR.N    R1,??DataTable4_5
   \   000002EA   0x7008             STRB     R0,[R1, #+0]
    287                          EXHFLOW0_Reply_FLG.BYTE = CLEAR0;
   \   000002EC   0x2000             MOVS     R0,#+0
   \   000002EE   0x....             LDR.N    R1,??DataTable4_6
   \   000002F0   0x7008             STRB     R0,[R1, #+0]
    288                          USART_SendData(EXHFLOW, (u16)REQUEST_EXH_AUTOZERO);
   \   000002F2   0x2140             MOVS     R1,#+64
   \   000002F4   0x....             LDR.N    R0,??DataTable4_15  ;; 0x40004400
   \   000002F6   0x.... 0x....      BL       USART_SendData
    289                          ZeroState = 2;
   \   000002FA   0x2002             MOVS     R0,#+2
   \   000002FC   0x....             LDR.N    R1,??DataTable4_9
   \   000002FE   0x7008             STRB     R0,[R1, #+0]
    290                          delay_errEXH = 50;//
   \   00000300   0x2032             MOVS     R0,#+50
   \   00000302   0x....             LDR.N    R1,??DataTable4_29
   \   00000304   0x8008             STRH     R0,[R1, #+0]
    291                          break;     
   \   00000306   0xE004             B.N      ??Start_Read_EXHflow_3
    292                      }//switch  
    293                  }//zero
    294              }
    295              else
    296              {
    297                  delay_errEXH --;
   \                     ??Start_Read_EXHflow_0: (+1)
   \   00000308   0x....             LDR.N    R0,??DataTable4_29
   \   0000030A   0x8800             LDRH     R0,[R0, #+0]
   \   0000030C   0x1E40             SUBS     R0,R0,#+1
   \   0000030E   0x....             LDR.N    R1,??DataTable4_29
   \   00000310   0x8008             STRH     R0,[R1, #+0]
    298              }
    299          }
   \                     ??Start_Read_EXHflow_3: (+1)
   \   00000312   0xBD01             POP      {R0,PC}          ;; return
    300          //-----------------------------------------------------------------------------|

   \                                 In section .text, align 4, keep-with-next
    301          u8 isFlowStable(void)
    302          {
    303          #define TOLERANCE 0.15f
    304          #define THRESHOLD 0.9f
    305              
    306              float ave=0.0f,perc=0;
   \                     isFlowStable: (+1)
   \   00000000   0xED9F 0x....      VLDR.W   S0,??DataTable4_16  ;; 0x0
   \   00000004   0xEDDF 0x....      VLDR.W   S1,??DataTable4_16  ;; 0x0
    307              u8 idx=0,Count=0;
   \   00000008   0x2000             MOVS     R0,#+0
   \   0000000A   0x2100             MOVS     R1,#+0
    308              
    309              for(;idx<FLOWWIN;idx++)
   \                     ??isFlowStable_0: (+1)
   \   0000000C   0xB2C0             UXTB     R0,R0            ;; ZeroExt  R0,R0,#+24,#+24
   \   0000000E   0x2864             CMP      R0,#+100
   \   00000010   0xDA0D             BGE.N    ??isFlowStable_1
    310              {
    311                  ave+= FlowWin[idx]/(float)FLOWWIN;
   \   00000012   0x....             LDR.N    R2,??DataTable4_30
   \   00000014   0xB2C0             UXTB     R0,R0            ;; ZeroExt  R0,R0,#+24,#+24
   \   00000016   0xEB12 0x0280      ADDS     R2,R2,R0, LSL #+2
   \   0000001A   0xED92 0x1A00      VLDR     S2,[R2, #0]
   \   0000001E   0xEDDF 0x....      VLDR.W   S3,??DataTable4_17  ;; 0x42c80000
   \   00000022   0xEE81 0x1A21      VDIV.F32 S2,S2,S3
   \   00000026   0xEE31 0x0A00      VADD.F32 S0,S2,S0
    312              }
   \   0000002A   0x1C40             ADDS     R0,R0,#+1
   \   0000002C   0xE7EE             B.N      ??isFlowStable_0
    313              perc = (ave * TOLERANCE<1?1:ave * TOLERANCE);
   \                     ??isFlowStable_1: (+1)
   \   0000002E   0xED9F 0x....      VLDR.W   S2,??DataTable4_18  ;; 0x3e19999a
   \   00000032   0xEE20 0x1A01      VMUL.F32 S2,S0,S2
   \   00000036   0xEEF7 0x1A00      VMOV.F32 S3,#1.0
   \   0000003A   0xEEB4 0x1A61      VCMP.F32 S2,S3
   \   0000003E   0xEEF1 0xFA10      FMSTAT   
   \   00000042   0xD502             BPL.N    ??isFlowStable_2
   \   00000044   0xEEF7 0x0A00      VMOV.F32 S1,#1.0
   \   00000048   0xE003             B.N      ??isFlowStable_3
   \                     ??isFlowStable_2: (+1)
   \   0000004A   0xEDDF 0x....      VLDR.W   S1,??DataTable4_18  ;; 0x3e19999a
   \   0000004E   0xEE60 0x0A20      VMUL.F32 S1,S0,S1
    314              for(idx=0;idx<FLOWWIN;idx++)
   \                     ??isFlowStable_3: (+1)
   \   00000052   0x2200             MOVS     R2,#+0
   \   00000054   0x0010             MOVS     R0,R2
   \                     ??isFlowStable_4: (+1)
   \   00000056   0xB2C0             UXTB     R0,R0            ;; ZeroExt  R0,R0,#+24,#+24
   \   00000058   0x2864             CMP      R0,#+100
   \   0000005A   0xDA1C             BGE.N    ??isFlowStable_5
    315              {
    316                  if(FlowWin[idx] < ave+perc && FlowWin[idx] > ave-perc)
   \   0000005C   0xEE30 0x1A20      VADD.F32 S2,S0,S1
   \   00000060   0x....             LDR.N    R2,??DataTable4_30
   \   00000062   0xB2C0             UXTB     R0,R0            ;; ZeroExt  R0,R0,#+24,#+24
   \   00000064   0xEB12 0x0280      ADDS     R2,R2,R0, LSL #+2
   \   00000068   0xEDD2 0x1A00      VLDR     S3,[R2, #0]
   \   0000006C   0xEEF4 0x1A41      VCMP.F32 S3,S2
   \   00000070   0xEEF1 0xFA10      FMSTAT   
   \   00000074   0xD50D             BPL.N    ??isFlowStable_6
   \   00000076   0xEE30 0x1A60      VSUB.F32 S2,S0,S1
   \   0000007A   0x....             LDR.N    R2,??DataTable4_30
   \   0000007C   0xB2C0             UXTB     R0,R0            ;; ZeroExt  R0,R0,#+24,#+24
   \   0000007E   0xEB12 0x0280      ADDS     R2,R2,R0, LSL #+2
   \   00000082   0xEDD2 0x1A00      VLDR     S3,[R2, #0]
   \   00000086   0xEEB4 0x1A61      VCMP.F32 S2,S3
   \   0000008A   0xEEF1 0xFA10      FMSTAT   
   \   0000008E   0xD500             BPL.N    ??isFlowStable_6
    317                  {
    318                      Count++;
   \   00000090   0x1C49             ADDS     R1,R1,#+1
    319                  }
    320              }
   \                     ??isFlowStable_6: (+1)
   \   00000092   0x1C40             ADDS     R0,R0,#+1
   \   00000094   0xE7DF             B.N      ??isFlowStable_4
    321              return (Count>=THRESHOLD*FLOWWIN);
   \                     ??isFlowStable_5: (+1)
   \   00000096   0xB2C9             UXTB     R1,R1            ;; ZeroExt  R1,R1,#+24,#+24
   \   00000098   0x295A             CMP      R1,#+90
   \   0000009A   0xD301             BCC.N    ??isFlowStable_7
   \   0000009C   0x2001             MOVS     R0,#+1
   \   0000009E   0xE000             B.N      ??isFlowStable_8
   \                     ??isFlowStable_7: (+1)
   \   000000A0   0x2000             MOVS     R0,#+0
   \                     ??isFlowStable_8: (+1)
   \   000000A2   0xB2C0             UXTB     R0,R0            ;; ZeroExt  R0,R0,#+24,#+24
   \   000000A4   0x4770             BX       LR               ;; return
    322          }
    323          //------------------------------------------------------------------------------

   \                                 In section .text, align 4, keep-with-next
    324          float EXHflow_calculation (s16 DataFlow)
    325          {
   \                     EXHflow_calculation: (+1)
   \   00000000   0xB570             PUSH     {R4-R6,LR}
   \   00000002   0xED2D 0x8B06      VPUSH    {D8-D10}
   \   00000006   0x0006             MOVS     R6,R0
    326              float temp;
    327              temp = ((2.0675 * pow((float)DataFlow,3))/10000000)+((1.203 * pow((float)DataFlow,2)) / 100000)+((8.563 * DataFlow) / 1000);
   \   00000008   0xED9F 0x....      VLDR.W   D1,??DataTable4_19
   \   0000000C   0xEEB0 0x8A41      VMOV.F32 S16,S2
   \   00000010   0xEEF0 0x8A61      VMOV.F32 S17,S3
   \   00000014   0xB236             SXTH     R6,R6            ;; SignExt  R6,R6,#+16,#+16
   \   00000016   0xEE00 0x6A10      VMOV     S0,R6
   \   0000001A   0xEEB8 0x0AC0      VCVT.F32.S32 S0,S0
   \   0000001E   0xEE10 0x0A10      VMOV     R0,S0
   \   00000022   0x.... 0x....      BL       __aeabi_f2d
   \   00000026   0xEC41 0x0B10      VMOV     D0,R0,R1
   \   0000002A   0xEEB0 0x1A48      VMOV.F32 S2,S16
   \   0000002E   0xEEF0 0x1A68      VMOV.F32 S3,S17
   \   00000032   0x.... 0x....      BL       pow
   \   00000036   0xEEB0 0x8A40      VMOV.F32 S16,S0
   \   0000003A   0xEEF0 0x8A60      VMOV.F32 S17,S1
   \   0000003E   0xB236             SXTH     R6,R6            ;; SignExt  R6,R6,#+16,#+16
   \   00000040   0xEE00 0x6A10      VMOV     S0,R6
   \   00000044   0xEEB8 0x0AC0      VCVT.F32.S32 S0,S0
   \   00000048   0xEE10 0x0A10      VMOV     R0,S0
   \   0000004C   0x.... 0x....      BL       __aeabi_f2d
   \   00000050   0xEC41 0x0B1A      VMOV     D10,R0,R1
   \   00000054   0xEC53 0x2B18      VMOV     R2,R3,D8
   \   00000058   0x....             LDR.N    R0,??DataTable4_20  ;; 0x70a3d70a
   \   0000005A   0x....             LDR.N    R1,??DataTable4_21  ;; 0x40008a3d
   \   0000005C   0x.... 0x....      BL       __aeabi_dmul
   \   00000060   0x2200             MOVS     R2,#+0
   \   00000062   0x....             LDR.N    R3,??DataTable4_22  ;; 0x416312d0
   \   00000064   0x.... 0x....      BL       __aeabi_ddiv
   \   00000068   0x0004             MOVS     R4,R0
   \   0000006A   0x000D             MOVS     R5,R1
   \   0000006C   0xEC53 0x2B1A      VMOV     R2,R3,D10
   \   00000070   0xEC51 0x0B1A      VMOV     R0,R1,D10
   \   00000074   0x.... 0x....      BL       __aeabi_dmul
   \   00000078   0x....             LDR.N    R2,??DataTable4_23  ;; 0xed916873
   \   0000007A   0x....             LDR.N    R3,??DataTable4_24  ;; 0x3ff33f7c
   \   0000007C   0x.... 0x....      BL       __aeabi_dmul
   \   00000080   0x2200             MOVS     R2,#+0
   \   00000082   0x....             LDR.N    R3,??DataTable4_25  ;; 0x40f86a00
   \   00000084   0x.... 0x....      BL       __aeabi_ddiv
   \   00000088   0x0022             MOVS     R2,R4
   \   0000008A   0x002B             MOVS     R3,R5
   \   0000008C   0x.... 0x....      BL       __aeabi_dadd
   \   00000090   0x0004             MOVS     R4,R0
   \   00000092   0x000D             MOVS     R5,R1
   \   00000094   0xB236             SXTH     R6,R6            ;; SignExt  R6,R6,#+16,#+16
   \   00000096   0x0030             MOVS     R0,R6
   \   00000098   0x.... 0x....      BL       __aeabi_i2d
   \   0000009C   0x....             LDR.N    R2,??DataTable4_26  ;; 0x89374bc7
   \   0000009E   0x....             LDR.N    R3,??DataTable4_27  ;; 0x40212041
   \   000000A0   0x.... 0x....      BL       __aeabi_dmul
   \   000000A4   0x2200             MOVS     R2,#+0
   \   000000A6   0x....             LDR.N    R3,??DataTable4_31  ;; 0x408f4000
   \   000000A8   0x.... 0x....      BL       __aeabi_ddiv
   \   000000AC   0x0022             MOVS     R2,R4
   \   000000AE   0x002B             MOVS     R3,R5
   \   000000B0   0x.... 0x....      BL       __aeabi_dadd
   \   000000B4   0x.... 0x....      BL       __aeabi_d2f
   \   000000B8   0xEE09 0x0A10      VMOV     S18,R0
    328              return temp;
   \   000000BC   0xEEB0 0x0A49      VMOV.F32 S0,S18
   \   000000C0   0xECBD 0x8B06      VPOP     {D8-D10}
   \   000000C4   0xBD70             POP      {R4-R6,PC}       ;; return
    329          }

   \                                 In section .text, align 4, keep-with-next
   \                     ??DataTable4:
   \   00000000   0x........         DC32     ??Flg_1

   \                                 In section .text, align 4, keep-with-next
   \                     ??DataTable4_1:
   \   00000000   0x........         DC32     DATA_Sensors

   \                                 In section .text, align 4, keep-with-next
   \                     ??DataTable4_2:
   \   00000000   0x........         DC32     A1_Packet_Cnt

   \                                 In section .text, align 4, keep-with-next
   \                     ??DataTable4_3:
   \   00000000   0x........         DC32     ??EXH_DataSensor

   \                                 In section .text, align 4, keep-with-next
   \                     ??DataTable4_4:
   \   00000000   0x........         DC32     ReqNormalState

   \                                 In section .text, align 4, keep-with-next
   \                     ??DataTable4_5:
   \   00000000   0x........         DC32     EXHFLOW0_REQ_FLG

   \                                 In section .text, align 4, keep-with-next
   \                     ??DataTable4_6:
   \   00000000   0x........         DC32     EXHFLOW0_Reply_FLG

   \                                 In section .text, align 4, keep-with-next
   \                     ??DataTable4_7:
   \   00000000   0x........         DC32     LOG_Err_BADCMD

   \                                 In section .text, align 4, keep-with-next
   \                     ??DataTable4_8:
   \   00000000   0x........         DC32     ZeroingFromMB

   \                                 In section .text, align 4, keep-with-next
   \                     ??DataTable4_9:
   \   00000000   0x........         DC32     ZeroState

   \                                 In section .text, align 4, keep-with-next
   \                     ??DataTable4_10:
   \   00000000   0x........         DC32     Status_Repeat

   \                                 In section .text, align 4, keep-with-next
   \                     ??DataTable4_11:
   \   00000000   0x........         DC32     Zeroing_Repeat

   \                                 In section .text, align 4, keep-with-next
   \                     ??DataTable4_12:
   \   00000000   0x........         DC32     LOG_Err_Normal

   \                                 In section .text, align 4, keep-with-next
   \                     ??DataTable4_13:
   \   00000000   0x........         DC32     FlowTimeOut

   \                                 In section .text, align 4, keep-with-next
   \                     ??DataTable4_14:
   \   00000000   0x........         DC32     FlowIdx

   \                                 In section .text, align 4, keep-with-next
   \                     ??DataTable4_15:
   \   00000000   0x40004400         DC32     0x40004400

   \                                 In section .text, align 4, keep-with-next
   \                     ??DataTable4_16:
   \   00000000   0x00000000         DC32     0x0

   \                                 In section .text, align 4, keep-with-next
   \                     ??DataTable4_17:
   \   00000000   0x42C80000         DC32     0x42c80000

   \                                 In section .text, align 4, keep-with-next
   \                     ??DataTable4_18:
   \   00000000   0x3E19999A         DC32     0x3e19999a

   \                                 In section .text, align 4, keep-with-next
   \                     ??DataTable4_19:
   \   00000000   0x00000000         DC32     0x0,0x40080000
   \              0x40080000   

   \                                 In section .text, align 4, keep-with-next
   \                     ??DataTable4_20:
   \   00000000   0x70A3D70A         DC32     0x70a3d70a

   \                                 In section .text, align 4, keep-with-next
   \                     ??DataTable4_21:
   \   00000000   0x40008A3D         DC32     0x40008a3d

   \                                 In section .text, align 4, keep-with-next
   \                     ??DataTable4_22:
   \   00000000   0x416312D0         DC32     0x416312d0

   \                                 In section .text, align 4, keep-with-next
   \                     ??DataTable4_23:
   \   00000000   0xED916873         DC32     0xed916873

   \                                 In section .text, align 4, keep-with-next
   \                     ??DataTable4_24:
   \   00000000   0x3FF33F7C         DC32     0x3ff33f7c

   \                                 In section .text, align 4, keep-with-next
   \                     ??DataTable4_25:
   \   00000000   0x40F86A00         DC32     0x40f86a00

   \                                 In section .text, align 4, keep-with-next
   \                     ??DataTable4_26:
   \   00000000   0x89374BC7         DC32     0x89374bc7

   \                                 In section .text, align 4, keep-with-next
   \                     ??DataTable4_27:
   \   00000000   0x40212041         DC32     0x40212041

   \                                 In section .text, align 4, keep-with-next
   \                     ??DataTable4_28:
   \   00000000   0x........         DC32     BADCMD_CNT

   \                                 In section .text, align 4, keep-with-next
   \                     ??DataTable4_29:
   \   00000000   0x........         DC32     delay_errEXH

   \                                 In section .text, align 4, keep-with-next
   \                     ??DataTable4_30:
   \   00000000   0x........         DC32     FlowWin

   \                                 In section .text, align 4, keep-with-next
   \                     ??DataTable4_31:
   \   00000000   0x408F4000         DC32     0x408f4000
    330          //------------------------------------------------------------------------------
    331          
    332          
    333          //USART_SendData(MAINBOARD, SENDData_2MB.Buffer[SENDData_2MB.Rd]);
    334          /*************************** END **************************************/

   Maximum stack usage in bytes:

   .cstack Function
   ------- --------
       0   EXH_RCV_Data
      40   EXHflow_calculation
        40   -> __aeabi_d2f
        40   -> __aeabi_dadd
        40   -> __aeabi_ddiv
        40   -> __aeabi_dmul
        40   -> __aeabi_f2d
        40   -> __aeabi_i2d
        40   -> pow
       0   Req_ZeroingMB
       8   Start_Read_EXHflow
         8   -> USART_SendData
         8   -> isFlowStable
       0   isFlowStable


   Section sizes:

   Bytes  Function/Label
   -----  --------------
       4  ??DataTable4
       4  ??DataTable4_1
       4  ??DataTable4_10
       4  ??DataTable4_11
       4  ??DataTable4_12
       4  ??DataTable4_13
       4  ??DataTable4_14
       4  ??DataTable4_15
       4  ??DataTable4_16
       4  ??DataTable4_17
       4  ??DataTable4_18
       8  ??DataTable4_19
       4  ??DataTable4_2
       4  ??DataTable4_20
       4  ??DataTable4_21
       4  ??DataTable4_22
       4  ??DataTable4_23
       4  ??DataTable4_24
       4  ??DataTable4_25
       4  ??DataTable4_26
       4  ??DataTable4_27
       4  ??DataTable4_28
       4  ??DataTable4_29
       4  ??DataTable4_3
       4  ??DataTable4_30
       4  ??DataTable4_31
       4  ??DataTable4_4
       4  ??DataTable4_5
       4  ??DataTable4_6
       4  ??DataTable4_7
       4  ??DataTable4_8
       4  ??DataTable4_9
       1  A1_Packet_Cnt
       1  BADCMD_CNT
       4  EXHFLOW0_REQ_FLG
       4  EXHFLOW0_Reply_FLG
       2  EXH_DataSensor
     652  EXH_RCV_Data
     198  EXHflow_calculation
       1  Flg_1
       1  FlowIdx
       1  FlowTimeOut
     400  FlowWin
       2  HsmCnt
       2  LOG_Err_BADCMD
       2  LOG_Err_Normal
       1  ReqNormalState
      84  Req_ZeroingMB
     788  Start_Read_EXHflow
       1  Status_Repeat
       1  ZeroState
       1  ZeroingFromMB
       1  Zeroing_Repeat
       2  delay_errEXH
     166  isFlowStable

 
   428 bytes in section .bss
 2 020 bytes in section .text
 
 2 020 bytes of CODE memory
   428 bytes of DATA memory

Errors: none
Warnings: none
