###############################################################################
#
# IAR ANSI C/C++ Compiler V7.40.3.8902/W32 for ARM        16/Aug/2017  12:40:03
# Copyright 1999-2015 IAR Systems AB.
#
#    Cpu mode     =  thumb
#    Endian       =  little
#    Source file  =  
#        E:\Ventilator\SoftWare\SVC_Software\SVC_Ver\MAIN Version\SVC2_4_01
#        (960521)\modules\Source\Flow_EXH.c
#    Command line =  
#        "E:\Ventilator\SoftWare\SVC_Software\SVC_Ver\MAIN Version\SVC2_4_01
#        (960521)\modules\Source\Flow_EXH.c" -D USE_STDPERIPH_DRIVER -D
#        STM32F40XX -lC "E:\Ventilator\SoftWare\SVC_Software\SVC_Ver\MAIN
#        Version\SVC2_4_01 (960521)\Debug\List\" -o
#        "E:\Ventilator\SoftWare\SVC_Software\SVC_Ver\MAIN Version\SVC2_4_01
#        (960521)\Debug\Obj\" --no_cse --no_unroll --no_inline --no_code_motion
#        --no_tbaa --no_clustering --no_scheduling --debug --endian=little
#        --cpu=Cortex-M4 -e --fpu=VFPv4_sp --dlib_config "C:\Program Files
#        (x86)\IAR Systems\Embedded Workbench
#        7.2\arm\INC\c\DLib_Config_Normal.h" -I
#        "E:\Ventilator\SoftWare\SVC_Software\SVC_Ver\MAIN Version\SVC2_4_01
#        (960521)\board\" -I "E:\Ventilator\SoftWare\SVC_Software\SVC_Ver\MAIN
#        Version\SVC2_4_01 (960521)\app\" -I
#        "E:\Ventilator\SoftWare\SVC_Software\SVC_Ver\MAIN Version\SVC2_4_01
#        (960521)\Libraries\CMSIS\Device\ST\STM32F4xx\Include\" -I
#        "E:\Ventilator\SoftWare\SVC_Software\SVC_Ver\MAIN Version\SVC2_4_01
#        (960521)\Libraries\STM32F4xx_StdPeriph_Driver\inc\" -I
#        "E:\Ventilator\SoftWare\SVC_Software\SVC_Ver\MAIN Version\SVC2_4_01
#        (960521)\modules\Header\" -On --use_c++_inline -I "C:\Program Files
#        (x86)\IAR Systems\Embedded Workbench 7.2\arm\CMSIS\Include\"
#        --relaxed_fp
#    List file    =  
#        E:\Ventilator\SoftWare\SVC_Software\SVC_Ver\MAIN Version\SVC2_4_01
#        (960521)\Debug\List\Flow_EXH.lst
#    Object file  =  
#        E:\Ventilator\SoftWare\SVC_Software\SVC_Ver\MAIN Version\SVC2_4_01
#        (960521)\Debug\Obj\Flow_EXH.o
#
###############################################################################

E:\Ventilator\SoftWare\SVC_Software\SVC_Ver\MAIN Version\SVC2_4_01  (960521)\modules\Source\Flow_EXH.c
      1          //-----------------------------------------------------------------------------|
      2          // SAADAT Co 
      3          // VENTILATOR 
      4          // DEVELOPER : MOJTABA REZAEI ASHTIYANI
      5          // VER 1.0
      6          // This File contains the Set up the flow sensor TSI company which contains :
      7          // __the coefficients read from memory with I2C communication.
      8          // __reading the analog value is output.
      9          //-----------------------------------------------------------------------------|
     10          
     11          #include "Flow_EXH.h"
     12          //----------------------------------------------------------------------

   \                                 In section .bss, align 4
     13          UNION_REQ_EXHFLOW_COMMUNICATION_FLG             EXHFLOW0_REQ_FLG;
   \                     EXHFLOW0_REQ_FLG:
   \   00000000                      DS8 4

   \                                 In section .bss, align 4
     14          UNION_REPLY_EXHFLOW_COMMUNICATION_FLG           EXHFLOW0_Reply_FLG;
   \                     EXHFLOW0_Reply_FLG:
   \   00000000                      DS8 4
     15          
     16          extern          STRUCT_DATA_A2DSENSORS          DATA_Sensors;
     17          //----------------------------------------------------------------------
     18          u8 isFlowStable(void);
     19          //----------------------------------------------------------------------
     20          //----------------------------------------------------------------------

   \                                 In section .bss, align 1
     21          FunctionalState         ZeroingFromMB = DISABLE;
   \                     ZeroingFromMB:
   \   00000000                      DS8 1

   \                                 In section .bss, align 2
     22          u16     LOG_Err_Normal = 0, LOG_Err_BADCMD = 0,HsmCnt=0;  
   \                     LOG_Err_Normal:
   \   00000000                      DS8 2

   \                                 In section .bss, align 2
   \                     LOG_Err_BADCMD:
   \   00000000                      DS8 2

   \                                 In section .bss, align 2
   \                     HsmCnt:
   \   00000000                      DS8 2

   \                                 In section .bss, align 1
     23          u8      ZeroState = 0, ReqNormalState = 0, BADCMD_CNT = 0;      
   \                     ZeroState:
   \   00000000                      DS8 1

   \                                 In section .bss, align 1
   \                     ReqNormalState:
   \   00000000                      DS8 1

   \                                 In section .bss, align 1
   \                     BADCMD_CNT:
   \   00000000                      DS8 1

   \                                 In section .bss, align 1
     24          u8      Zeroing_Repeat,Status_Repeat;
   \                     Zeroing_Repeat:
   \   00000000                      DS8 1

   \                                 In section .bss, align 1
   \                     Status_Repeat:
   \   00000000                      DS8 1

   \                                 In section .bss, align 2
     25          u16      delay_errEXH=0;
   \                     delay_errEXH:
   \   00000000                      DS8 2
     26          //-----------------------------------------------------------------------------|
     27          #define FLOWWIN 100

   \                                 In section .bss, align 4
     28          float   FlowWin[FLOWWIN]={0};
   \                     FlowWin:
   \   00000000                      DS8 400

   \                                 In section .bss, align 1
     29          u8      FlowIdx=0;
   \                     FlowIdx:
   \   00000000                      DS8 1

   \                                 In section .bss, align 1
     30          u8      FlowTimeOut=0;
   \                     FlowTimeOut:
   \   00000000                      DS8 1
     31          //-----------------------------------------------------------------------------|

   \                                 In section .text, align 2, keep-with-next
     32          void EXH_RCV_Data(u8 data)
     33          {  
     34              static    u16     EXH_DataSensor = 0;
     35              static    u8      Flg_1 = FALSE;
     36              
     37              switch(EXHFLOW0_REQ_FLG.BYTE)
   \                     EXH_RCV_Data: (+1)
   \   00000000   0x.... 0x....      LDR.W    R1,??DataTable4_4
   \   00000004   0x7809             LDRB     R1,[R1, #+0]
   \   00000006   0x2901             CMP      R1,#+1
   \   00000008   0xD009             BEQ.N    ??EXH_RCV_Data_0
   \   0000000A   0x2902             CMP      R1,#+2
   \   0000000C   0xF000 0x8095      BEQ.W    ??EXH_RCV_Data_1
   \   00000010   0x2904             CMP      R1,#+4
   \   00000012   0xF000 0x80B3      BEQ.W    ??EXH_RCV_Data_2
   \   00000016   0x2908             CMP      R1,#+8
   \   00000018   0xF000 0x810E      BEQ.W    ??EXH_RCV_Data_3
   \   0000001C   0xE12F             B.N      ??EXH_RCV_Data_4
     38              {
     39              case 1://REQNormal
     40                  switch(ReqNormalState)
   \                     ??EXH_RCV_Data_0: (+1)
   \   0000001E   0x.... 0x....      LDR.W    R1,??DataTable4_3
   \   00000022   0x7809             LDRB     R1,[R1, #+0]
   \   00000024   0x2900             CMP      R1,#+0
   \   00000026   0xD003             BEQ.N    ??EXH_RCV_Data_5
   \   00000028   0x2902             CMP      R1,#+2
   \   0000002A   0xD062             BEQ.N    ??EXH_RCV_Data_6
   \   0000002C   0xD34F             BCC.N    ??EXH_RCV_Data_7
   \   0000002E   0xE083             B.N      ??EXH_RCV_Data_8
     41                  {
     42                  case 0:
     43                      if(data == 'B')
   \                     ??EXH_RCV_Data_5: (+1)
   \   00000030   0xB2C0             UXTB     R0,R0            ;; ZeroExt  R0,R0,#+24,#+24
   \   00000032   0x2842             CMP      R0,#+66
   \   00000034   0xD104             BNE.N    ??EXH_RCV_Data_9
     44                      {
     45                          EXHFLOW0_REQ_FLG.BYTE = 8;
   \   00000036   0x2108             MOVS     R1,#+8
   \   00000038   0x.... 0x....      LDR.W    R2,??DataTable4_4
   \   0000003C   0x7011             STRB     R1,[R2, #+0]
   \   0000003E   0xE045             B.N      ??EXH_RCV_Data_10
     46                      }
     47                      else
     48                      {
     49                          if(data & 0x30)
   \                     ??EXH_RCV_Data_9: (+1)
   \   00000040   0x2130             MOVS     R1,#+48
   \   00000042   0x4208             TST      R0,R1
   \   00000044   0xD00A             BEQ.N    ??EXH_RCV_Data_11
     50                              DATA_Sensors.HWErr.EXHSENSOR = TRUE;
   \   00000046   0x.... 0x....      LDR.W    R1,??DataTable4
   \   0000004A   0xF8D1 0x1011      LDR      R1,[R1, #+17]
   \   0000004E   0xF451 0x0100      ORRS     R1,R1,#0x800000
   \   00000052   0x.... 0x....      LDR.W    R2,??DataTable4
   \   00000056   0xF8C2 0x1011      STR      R1,[R2, #+17]
   \   0000005A   0xE009             B.N      ??EXH_RCV_Data_12
     51                          else
     52                              DATA_Sensors.HWErr.EXHSENSOR = FALSE;
   \                     ??EXH_RCV_Data_11: (+1)
   \   0000005C   0x.... 0x....      LDR.W    R1,??DataTable4
   \   00000060   0xF8D1 0x1011      LDR      R1,[R1, #+17]
   \   00000064   0xF431 0x0100      BICS     R1,R1,#0x800000
   \   00000068   0x.... 0x....      LDR.W    R2,??DataTable4
   \   0000006C   0xF8C2 0x1011      STR      R1,[R2, #+17]
     53                          if(data & 0x04)
   \                     ??EXH_RCV_Data_12: (+1)
   \   00000070   0x0741             LSLS     R1,R0,#+29
   \   00000072   0xD50A             BPL.N    ??EXH_RCV_Data_13
     54                              DATA_Sensors.HWErr.EXHHARDWARE = TRUE;
   \   00000074   0x.... 0x....      LDR.W    R1,??DataTable4
   \   00000078   0xF8D1 0x1011      LDR      R1,[R1, #+17]
   \   0000007C   0xF451 0x0180      ORRS     R1,R1,#0x400000
   \   00000080   0x.... 0x....      LDR.W    R2,??DataTable4
   \   00000084   0xF8C2 0x1011      STR      R1,[R2, #+17]
   \   00000088   0xE009             B.N      ??EXH_RCV_Data_14
     55                          else
     56                              DATA_Sensors.HWErr.EXHHARDWARE = FALSE;
   \                     ??EXH_RCV_Data_13: (+1)
   \   0000008A   0x.... 0x....      LDR.W    R1,??DataTable4
   \   0000008E   0xF8D1 0x1011      LDR      R1,[R1, #+17]
   \   00000092   0xF431 0x0180      BICS     R1,R1,#0x400000
   \   00000096   0x.... 0x....      LDR.W    R2,??DataTable4
   \   0000009A   0xF8C2 0x1011      STR      R1,[R2, #+17]
     57                          if(data & 0x80)
   \                     ??EXH_RCV_Data_14: (+1)
   \   0000009E   0x0601             LSLS     R1,R0,#+24
   \   000000A0   0xD504             BPL.N    ??EXH_RCV_Data_15
     58                              Flg_1 = TRUE;
   \   000000A2   0x2101             MOVS     R1,#+1
   \   000000A4   0x.... 0x....      LDR.W    R2,??DataTable4_1
   \   000000A8   0x7011             STRB     R1,[R2, #+0]
   \   000000AA   0xE003             B.N      ??EXH_RCV_Data_16
     59                          else
     60                              Flg_1 = FALSE;
   \                     ??EXH_RCV_Data_15: (+1)
   \   000000AC   0x2100             MOVS     R1,#+0
   \   000000AE   0x.... 0x....      LDR.W    R2,??DataTable4_1
   \   000000B2   0x7011             STRB     R1,[R2, #+0]
     61                          
     62                          EXHFLOW0_Reply_FLG.Data.ReplyNorm1 = TRUE;
   \                     ??EXH_RCV_Data_16: (+1)
   \   000000B4   0x.... 0x....      LDR.W    R1,??DataTable4_5
   \   000000B8   0x7809             LDRB     R1,[R1, #+0]
   \   000000BA   0xF051 0x0180      ORRS     R1,R1,#0x80
   \   000000BE   0x.... 0x....      LDR.W    R2,??DataTable4_5
   \   000000C2   0x7011             STRB     R1,[R2, #+0]
     63                          ReqNormalState = 1;
   \   000000C4   0x2101             MOVS     R1,#+1
   \   000000C6   0x.... 0x....      LDR.W    R2,??DataTable4_3
   \   000000CA   0x7011             STRB     R1,[R2, #+0]
     64                      }
     65                      break;
   \                     ??EXH_RCV_Data_10: (+1)
   \   000000CC   0xE034             B.N      ??EXH_RCV_Data_8
     66                  case 1:
     67                      EXH_DataSensor = (data << 8);
   \                     ??EXH_RCV_Data_7: (+1)
   \   000000CE   0xB2C0             UXTB     R0,R0            ;; ZeroExt  R0,R0,#+24,#+24
   \   000000D0   0x0201             LSLS     R1,R0,#+8
   \   000000D2   0x.... 0x....      LDR.W    R2,??DataTable4_2
   \   000000D6   0x8011             STRH     R1,[R2, #+0]
     68                      EXHFLOW0_Reply_FLG.Data.ReplyNorm2 = TRUE;
   \   000000D8   0x.... 0x....      LDR.W    R1,??DataTable4_5
   \   000000DC   0x7809             LDRB     R1,[R1, #+0]
   \   000000DE   0xF051 0x0140      ORRS     R1,R1,#0x40
   \   000000E2   0x.... 0x....      LDR.W    R2,??DataTable4_5
   \   000000E6   0x7011             STRB     R1,[R2, #+0]
     69                      ReqNormalState = 2;
   \   000000E8   0x2102             MOVS     R1,#+2
   \   000000EA   0x.... 0x....      LDR.W    R2,??DataTable4_3
   \   000000EE   0x7011             STRB     R1,[R2, #+0]
     70                      break;
   \   000000F0   0xE022             B.N      ??EXH_RCV_Data_8
     71                  case 2:
     72                      EXH_DataSensor |= data;
   \                     ??EXH_RCV_Data_6: (+1)
   \   000000F2   0x.... 0x....      LDR.W    R1,??DataTable4_2
   \   000000F6   0x8809             LDRH     R1,[R1, #+0]
   \   000000F8   0xB2C0             UXTB     R0,R0            ;; ZeroExt  R0,R0,#+24,#+24
   \   000000FA   0x4301             ORRS     R1,R0,R1
   \   000000FC   0x.... 0x....      LDR.W    R2,??DataTable4_2
   \   00000100   0x8011             STRH     R1,[R2, #+0]
     73                      if(Flg_1)
   \   00000102   0x.... 0x....      LDR.W    R1,??DataTable4_1
   \   00000106   0x7809             LDRB     R1,[R1, #+0]
   \   00000108   0x2900             CMP      R1,#+0
   \   0000010A   0xD005             BEQ.N    ??EXH_RCV_Data_17
     74                      {
     75                          DATA_Sensors.Flow_EXH = EXH_DataSensor;
   \   0000010C   0x.... 0x....      LDR.W    R1,??DataTable4_2
   \   00000110   0x8809             LDRH     R1,[R1, #+0]
   \   00000112   0x.... 0x....      LDR.W    R2,??DataTable4
   \   00000116   0x8191             STRH     R1,[R2, #+12]
     76                      }
     77                      EXHFLOW0_Reply_FLG.Data.RcvNormOK = TRUE;     
   \                     ??EXH_RCV_Data_17: (+1)
   \   00000118   0x.... 0x....      LDR.W    R1,??DataTable4_5
   \   0000011C   0x7809             LDRB     R1,[R1, #+0]
   \   0000011E   0xF051 0x0120      ORRS     R1,R1,#0x20
   \   00000122   0x.... 0x....      LDR.W    R2,??DataTable4_5
   \   00000126   0x7011             STRB     R1,[R2, #+0]
     78                      EXHFLOW0_REQ_FLG.BYTE = CLEAR0;//rcv
   \   00000128   0x2100             MOVS     R1,#+0
   \   0000012A   0x.... 0x....      LDR.W    R2,??DataTable4_4
   \   0000012E   0x7011             STRB     R1,[R2, #+0]
     79                      ReqNormalState = 0;
   \   00000130   0x2100             MOVS     R1,#+0
   \   00000132   0x.... 0x....      LDR.W    R2,??DataTable4_3
   \   00000136   0x7011             STRB     R1,[R2, #+0]
     80                      break;
     81                  }
     82                  break;   
   \                     ??EXH_RCV_Data_8: (+1)
   \   00000138   0xE0A1             B.N      ??EXH_RCV_Data_4
     83              case 2://REQzero ----------------------------------------
     84                  if(data == 'B')
   \                     ??EXH_RCV_Data_1: (+1)
   \   0000013A   0xB2C0             UXTB     R0,R0            ;; ZeroExt  R0,R0,#+24,#+24
   \   0000013C   0x2842             CMP      R0,#+66
   \   0000013E   0xD104             BNE.N    ??EXH_RCV_Data_18
     85                  {
     86                      EXHFLOW0_REQ_FLG.BYTE = 8;
   \   00000140   0x2108             MOVS     R1,#+8
   \   00000142   0x.... 0x....      LDR.W    R2,??DataTable4_4
   \   00000146   0x7011             STRB     R1,[R2, #+0]
   \   00000148   0xE017             B.N      ??EXH_RCV_Data_19
     87                  }
     88                  else
     89                  {    
     90                      EXHFLOW0_REQ_FLG.BYTE = CLEAR0; //rcv
   \                     ??EXH_RCV_Data_18: (+1)
   \   0000014A   0x2100             MOVS     R1,#+0
   \   0000014C   0x.... 0x....      LDR.W    R2,??DataTable4_4
   \   00000150   0x7011             STRB     R1,[R2, #+0]
     91                      if(data == 0x02)
   \   00000152   0xB2C0             UXTB     R0,R0            ;; ZeroExt  R0,R0,#+24,#+24
   \   00000154   0x2802             CMP      R0,#+2
   \   00000156   0xD108             BNE.N    ??EXH_RCV_Data_20
     92                          EXHFLOW0_Reply_FLG.Data.RcvZeroOK = TRUE;
   \   00000158   0x.... 0x....      LDR.W    R1,??DataTable4_5
   \   0000015C   0x7809             LDRB     R1,[R1, #+0]
   \   0000015E   0xF051 0x0110      ORRS     R1,R1,#0x10
   \   00000162   0x.... 0x....      LDR.W    R2,??DataTable4_5
   \   00000166   0x7011             STRB     R1,[R2, #+0]
   \   00000168   0xE007             B.N      ??EXH_RCV_Data_19
     93                      else
     94                          EXHFLOW0_Reply_FLG.Data.RcvZeroOK = FALSE;
   \                     ??EXH_RCV_Data_20: (+1)
   \   0000016A   0x.... 0x....      LDR.W    R1,??DataTable4_5
   \   0000016E   0x7809             LDRB     R1,[R1, #+0]
   \   00000170   0xF011 0x01EF      ANDS     R1,R1,#0xEF
   \   00000174   0x.... 0x....      LDR.W    R2,??DataTable4_5
   \   00000178   0x7011             STRB     R1,[R2, #+0]
     95                  }
     96                  break; 
   \                     ??EXH_RCV_Data_19: (+1)
   \   0000017A   0xE080             B.N      ??EXH_RCV_Data_4
     97              case 4://REQstatus --------------------------------------
     98                  if(data == 'B')
   \                     ??EXH_RCV_Data_2: (+1)
   \   0000017C   0xB2C0             UXTB     R0,R0            ;; ZeroExt  R0,R0,#+24,#+24
   \   0000017E   0x2842             CMP      R0,#+66
   \   00000180   0xD104             BNE.N    ??EXH_RCV_Data_21
     99                  {
    100                      EXHFLOW0_REQ_FLG.BYTE = 8;
   \   00000182   0x2108             MOVS     R1,#+8
   \   00000184   0x.... 0x....      LDR.W    R2,??DataTable4_4
   \   00000188   0x7011             STRB     R1,[R2, #+0]
   \   0000018A   0xE054             B.N      ??EXH_RCV_Data_22
    101                  }
    102                  else
    103                  {
    104                      EXHFLOW0_Reply_FLG.Data.RcvStatOK = TRUE;    
   \                     ??EXH_RCV_Data_21: (+1)
   \   0000018C   0x.... 0x....      LDR.W    R1,??DataTable4_5
   \   00000190   0x7809             LDRB     R1,[R1, #+0]
   \   00000192   0xF051 0x0108      ORRS     R1,R1,#0x8
   \   00000196   0x.... 0x....      LDR.W    R2,??DataTable4_5
   \   0000019A   0x7011             STRB     R1,[R2, #+0]
    105                      if(data & 0x30)
   \   0000019C   0x2130             MOVS     R1,#+48
   \   0000019E   0x4208             TST      R0,R1
   \   000001A0   0xD012             BEQ.N    ??EXH_RCV_Data_23
    106                      {
    107                          DATA_Sensors.HWErr.EXHSENSOR = TRUE;
   \   000001A2   0x.... 0x....      LDR.W    R1,??DataTable4
   \   000001A6   0xF8D1 0x1011      LDR      R1,[R1, #+17]
   \   000001AA   0xF451 0x0100      ORRS     R1,R1,#0x800000
   \   000001AE   0x.... 0x....      LDR.W    R2,??DataTable4
   \   000001B2   0xF8C2 0x1011      STR      R1,[R2, #+17]
    108                          EXHFLOW0_Reply_FLG.Data.RcvStatOK = FALSE;
   \   000001B6   0x.... 0x....      LDR.W    R1,??DataTable4_5
   \   000001BA   0x7809             LDRB     R1,[R1, #+0]
   \   000001BC   0xF011 0x01F7      ANDS     R1,R1,#0xF7
   \   000001C0   0x.... 0x....      LDR.W    R2,??DataTable4_5
   \   000001C4   0x7011             STRB     R1,[R2, #+0]
   \   000001C6   0xE009             B.N      ??EXH_RCV_Data_24
    109                      }
    110                      else
    111                      {
    112                          DATA_Sensors.HWErr.EXHSENSOR = FALSE;
   \                     ??EXH_RCV_Data_23: (+1)
   \   000001C8   0x.... 0x....      LDR.W    R1,??DataTable4
   \   000001CC   0xF8D1 0x1011      LDR      R1,[R1, #+17]
   \   000001D0   0xF431 0x0100      BICS     R1,R1,#0x800000
   \   000001D4   0x.... 0x....      LDR.W    R2,??DataTable4
   \   000001D8   0xF8C2 0x1011      STR      R1,[R2, #+17]
    113                      }
    114                      if(data & 0x04)
   \                     ??EXH_RCV_Data_24: (+1)
   \   000001DC   0x0741             LSLS     R1,R0,#+29
   \   000001DE   0xD512             BPL.N    ??EXH_RCV_Data_25
    115                      {
    116                          DATA_Sensors.HWErr.EXHHARDWARE = TRUE;
   \   000001E0   0x.... 0x....      LDR.W    R1,??DataTable4
   \   000001E4   0xF8D1 0x1011      LDR      R1,[R1, #+17]
   \   000001E8   0xF451 0x0180      ORRS     R1,R1,#0x400000
   \   000001EC   0x.... 0x....      LDR.W    R2,??DataTable4
   \   000001F0   0xF8C2 0x1011      STR      R1,[R2, #+17]
    117                          EXHFLOW0_Reply_FLG.Data.RcvStatOK = FALSE;
   \   000001F4   0x.... 0x....      LDR.W    R1,??DataTable4_5
   \   000001F8   0x7809             LDRB     R1,[R1, #+0]
   \   000001FA   0xF011 0x01F7      ANDS     R1,R1,#0xF7
   \   000001FE   0x.... 0x....      LDR.W    R2,??DataTable4_5
   \   00000202   0x7011             STRB     R1,[R2, #+0]
   \   00000204   0xE009             B.N      ??EXH_RCV_Data_26
    118                      }
    119                      else
    120                      {
    121                          DATA_Sensors.HWErr.EXHHARDWARE = FALSE;
   \                     ??EXH_RCV_Data_25: (+1)
   \   00000206   0x.... 0x....      LDR.W    R1,??DataTable4
   \   0000020A   0xF8D1 0x1011      LDR      R1,[R1, #+17]
   \   0000020E   0xF431 0x0180      BICS     R1,R1,#0x400000
   \   00000212   0x.... 0x....      LDR.W    R2,??DataTable4
   \   00000216   0xF8C2 0x1011      STR      R1,[R2, #+17]
    122                      }
    123                      EXHFLOW0_REQ_FLG.BYTE = CLEAR0;//rcv
   \                     ??EXH_RCV_Data_26: (+1)
   \   0000021A   0x2100             MOVS     R1,#+0
   \   0000021C   0x.... 0x....      LDR.W    R2,??DataTable4_4
   \   00000220   0x7011             STRB     R1,[R2, #+0]
    124                      if(!(data & 0x80))
   \   00000222   0x0601             LSLS     R1,R0,#+24
   \   00000224   0xD407             BMI.N    ??EXH_RCV_Data_22
    125                      {
    126                          EXHFLOW0_Reply_FLG.Data.RcvStatOK = FALSE;
   \   00000226   0x.... 0x....      LDR.W    R1,??DataTable4_5
   \   0000022A   0x7809             LDRB     R1,[R1, #+0]
   \   0000022C   0xF011 0x01F7      ANDS     R1,R1,#0xF7
   \   00000230   0x.... 0x....      LDR.W    R2,??DataTable4_5
   \   00000234   0x7011             STRB     R1,[R2, #+0]
    127                      }
    128                  }
    129                  break;     
   \                     ??EXH_RCV_Data_22: (+1)
   \   00000236   0xE022             B.N      ??EXH_RCV_Data_4
    130              case 8: //-----------------------------------------------
    131                  if(++BADCMD_CNT >= 6)   
   \                     ??EXH_RCV_Data_3: (+1)
   \   00000238   0x.... 0x....      LDR.W    R1,??DataTable4_27
   \   0000023C   0x7809             LDRB     R1,[R1, #+0]
   \   0000023E   0x1C49             ADDS     R1,R1,#+1
   \   00000240   0x.... 0x....      LDR.W    R2,??DataTable4_27
   \   00000244   0x7011             STRB     R1,[R2, #+0]
   \   00000246   0x.... 0x....      LDR.W    R1,??DataTable4_27
   \   0000024A   0x7809             LDRB     R1,[R1, #+0]
   \   0000024C   0x2906             CMP      R1,#+6
   \   0000024E   0xDB16             BLT.N    ??EXH_RCV_Data_27
    132                  {
    133                      EXHFLOW0_Reply_FLG.Data.BAD_CMD = TRUE;
   \   00000250   0x.... 0x....      LDR.W    R1,??DataTable4_5
   \   00000254   0x7809             LDRB     R1,[R1, #+0]
   \   00000256   0xF051 0x0104      ORRS     R1,R1,#0x4
   \   0000025A   0x.... 0x....      LDR.W    R2,??DataTable4_5
   \   0000025E   0x7011             STRB     R1,[R2, #+0]
    134                      EXHFLOW0_REQ_FLG.BYTE = CLEAR0;//rcv
   \   00000260   0x2100             MOVS     R1,#+0
   \   00000262   0x.... 0x....      LDR.W    R2,??DataTable4_4
   \   00000266   0x7011             STRB     R1,[R2, #+0]
    135                      LOG_Err_BADCMD++;
   \   00000268   0x.... 0x....      LDR.W    R1,??DataTable4_6
   \   0000026C   0x8809             LDRH     R1,[R1, #+0]
   \   0000026E   0x1C49             ADDS     R1,R1,#+1
   \   00000270   0x.... 0x....      LDR.W    R2,??DataTable4_6
   \   00000274   0x8011             STRH     R1,[R2, #+0]
    136                      BADCMD_CNT = 0;
   \   00000276   0x2100             MOVS     R1,#+0
   \   00000278   0x.... 0x....      LDR.W    R2,??DataTable4_27
   \   0000027C   0x7011             STRB     R1,[R2, #+0]
    137                  }
    138                  break;
    139              }//switch 
    140              //-----------
    141          }
   \                     ??EXH_RCV_Data_27: (+1)
   \                     ??EXH_RCV_Data_4: (+1)
   \   0000027E   0x4770             BX       LR               ;; return

   \                                 In section .bss, align 2
   \                     ??EXH_DataSensor:
   \   00000000                      DS8 2

   \                                 In section .bss, align 1
   \                     ??Flg_1:
   \   00000000                      DS8 1
    142          //-----------------------------------------------------------------------------|

   \                                 In section .text, align 2, keep-with-next
    143          void    Req_ZeroingMB(FunctionalState Tyep)
    144          {
    145              if(~ZeroingFromMB)
    146              {
    147                  ZeroingFromMB = Tyep;
   \                     Req_ZeroingMB: (+1)
   \   00000000   0x.... 0x....      LDR.W    R1,??DataTable4_7
   \   00000004   0x7008             STRB     R0,[R1, #+0]
    148                  ZeroState = 0;
   \   00000006   0x2100             MOVS     R1,#+0
   \   00000008   0x.... 0x....      LDR.W    R2,??DataTable4_8
   \   0000000C   0x7011             STRB     R1,[R2, #+0]
    149                  Status_Repeat = 4;
   \   0000000E   0x2104             MOVS     R1,#+4
   \   00000010   0x.... 0x....      LDR.W    R2,??DataTable4_9
   \   00000014   0x7011             STRB     R1,[R2, #+0]
    150                  Zeroing_Repeat = 3;
   \   00000016   0x2103             MOVS     R1,#+3
   \   00000018   0x.... 0x....      LDR.W    R2,??DataTable4_10
   \   0000001C   0x7011             STRB     R1,[R2, #+0]
    151                  EXHFLOW0_Reply_FLG.BYTE = CLEAR0;
   \   0000001E   0x2100             MOVS     R1,#+0
   \   00000020   0x.... 0x....      LDR.W    R2,??DataTable4_5
   \   00000024   0x7011             STRB     R1,[R2, #+0]
    152                  EXHFLOW0_REQ_FLG.BYTE = CLEAR0;//req_zero
   \   00000026   0x2100             MOVS     R1,#+0
   \   00000028   0x.... 0x....      LDR.W    R2,??DataTable4_4
   \   0000002C   0x7011             STRB     R1,[R2, #+0]
    153                  DATA_Sensors.HWErr.EXHZEROOK = FALSE;
   \   0000002E   0x.... 0x....      LDR.W    R1,??DataTable4
   \   00000032   0xF8D1 0x1011      LDR      R1,[R1, #+17]
   \   00000036   0x0049             LSLS     R1,R1,#+1        ;; ZeroExtS R1,R1,#+1,#+1
   \   00000038   0x0849             LSRS     R1,R1,#+1
   \   0000003A   0x.... 0x....      LDR.W    R2,??DataTable4
   \   0000003E   0xF8C2 0x1011      STR      R1,[R2, #+17]
    154                  DATA_Sensors.HWErr.EXHErr = FALSE;
   \   00000042   0x.... 0x....      LDR.W    R1,??DataTable4
   \   00000046   0xF8D1 0x1011      LDR      R1,[R1, #+17]
   \   0000004A   0xF031 0x4180      BICS     R1,R1,#0x40000000
   \   0000004E   0x.... 0x....      LDR.W    R2,??DataTable4
   \   00000052   0xF8C2 0x1011      STR      R1,[R2, #+17]
    155              }
    156          }
   \   00000056   0x4770             BX       LR               ;; return
    157          //-----------------------------------------------------------------------------|

   \                                 In section .text, align 2, keep-with-next
    158          void  Start_Read_EXHflow ( void )//10mSec
    159          {
   \                     Start_Read_EXHflow: (+1)
   \   00000000   0xB580             PUSH     {R7,LR}
    160              if(delay_errEXH == 0)
   \   00000002   0x.... 0x....      LDR.W    R0,??DataTable4_28
   \   00000006   0x8800             LDRH     R0,[R0, #+0]
   \   00000008   0x2800             CMP      R0,#+0
   \   0000000A   0xF040 0x8186      BNE.W    ??Start_Read_EXHflow_0
    161              {
    162                  if(ZeroingFromMB == DISABLE) // normal
   \   0000000E   0x.... 0x....      LDR.W    R0,??DataTable4_7
   \   00000012   0x7800             LDRB     R0,[R0, #+0]
   \   00000014   0x2800             CMP      R0,#+0
   \   00000016   0xD128             BNE.N    ??Start_Read_EXHflow_1
    163                  {
    164                      if( EXHFLOW0_Reply_FLG.Data.RcvNormOK == FALSE )
   \   00000018   0x.... 0x....      LDR.W    R0,??DataTable4_5
   \   0000001C   0x7800             LDRB     R0,[R0, #+0]
   \   0000001E   0xF3C0 0x1040      UBFX     R0,R0,#+5,#+1
   \   00000022   0xB2C0             UXTB     R0,R0            ;; ZeroExt  R0,R0,#+24,#+24
   \   00000024   0x2800             CMP      R0,#+0
   \   00000026   0xD106             BNE.N    ??Start_Read_EXHflow_2
    165                      {
    166                          LOG_Err_Normal++;
   \   00000028   0x.... 0x....      LDR.W    R0,??DataTable4_11
   \   0000002C   0x8800             LDRH     R0,[R0, #+0]
   \   0000002E   0x1C40             ADDS     R0,R0,#+1
   \   00000030   0x.... 0x....      LDR.W    R1,??DataTable4_11
   \   00000034   0x8008             STRH     R0,[R1, #+0]
    167                      }           
    168                      ReqNormalState = 0;
   \                     ??Start_Read_EXHflow_2: (+1)
   \   00000036   0x2000             MOVS     R0,#+0
   \   00000038   0x.... 0x....      LDR.W    R1,??DataTable4_3
   \   0000003C   0x7008             STRB     R0,[R1, #+0]
    169                      EXHFLOW0_Reply_FLG.BYTE = CLEAR0;
   \   0000003E   0x2000             MOVS     R0,#+0
   \   00000040   0x.... 0x....      LDR.W    R1,??DataTable4_5
   \   00000044   0x7008             STRB     R0,[R1, #+0]
    170                      EXHFLOW0_REQ_FLG.BYTE = CLEAR0;//read
   \   00000046   0x2000             MOVS     R0,#+0
   \   00000048   0x.... 0x....      LDR.W    R1,??DataTable4_4
   \   0000004C   0x7008             STRB     R0,[R1, #+0]
    171                      EXHFLOW0_REQ_FLG.Data.ReqNormal = TRUE;   
   \   0000004E   0x.... 0x....      LDR.W    R0,??DataTable4_4
   \   00000052   0x7800             LDRB     R0,[R0, #+0]
   \   00000054   0xF050 0x0001      ORRS     R0,R0,#0x1
   \   00000058   0x.... 0x....      LDR.W    R1,??DataTable4_4
   \   0000005C   0x7008             STRB     R0,[R1, #+0]
    172                      USART_SendData(EXHFLOW, (u16)REQUEST_EXH_STATUSDATA);          
   \   0000005E   0x2101             MOVS     R1,#+1
   \   00000060   0x.... 0x....      LDR.W    R0,??DataTable4_14  ;; 0x40004400
   \   00000064   0x.... 0x....      BL       USART_SendData
   \   00000068   0xE15C             B.N      ??Start_Read_EXHflow_3
    173                  }
    174                  else //--------------- Zeroing------
    175                  {
    176                      switch(ZeroState)
   \                     ??Start_Read_EXHflow_1: (+1)
   \   0000006A   0x.... 0x....      LDR.W    R0,??DataTable4_8
   \   0000006E   0x7800             LDRB     R0,[R0, #+0]
   \   00000070   0x2800             CMP      R0,#+0
   \   00000072   0xD00D             BEQ.N    ??Start_Read_EXHflow_4
   \   00000074   0x2801             CMP      R0,#+1
   \   00000076   0xD014             BEQ.N    ??Start_Read_EXHflow_5
   \   00000078   0x2802             CMP      R0,#+2
   \   0000007A   0xD072             BEQ.N    ??Start_Read_EXHflow_6
   \   0000007C   0x280A             CMP      R0,#+10
   \   0000007E   0xF000 0x80DC      BEQ.W    ??Start_Read_EXHflow_7
   \   00000082   0x2814             CMP      R0,#+20
   \   00000084   0xF000 0x80F0      BEQ.W    ??Start_Read_EXHflow_8
   \   00000088   0x2815             CMP      R0,#+21
   \   0000008A   0xF000 0x812F      BEQ.W    ??Start_Read_EXHflow_9
   \   0000008E   0xE149             B.N      ??Start_Read_EXHflow_3
    177                      {
    178                      case 0:
    179                          delay_errEXH = 200;//2sec
   \                     ??Start_Read_EXHflow_4: (+1)
   \   00000090   0x20C8             MOVS     R0,#+200
   \   00000092   0x.... 0x....      LDR.W    R1,??DataTable4_28
   \   00000096   0x8008             STRH     R0,[R1, #+0]
    180                          ZeroState = 10;//1;
   \   00000098   0x200A             MOVS     R0,#+10
   \   0000009A   0x.... 0x....      LDR.W    R1,??DataTable4_8
   \   0000009E   0x7008             STRB     R0,[R1, #+0]
    181                          break;     
   \   000000A0   0xE140             B.N      ??Start_Read_EXHflow_3
    182                      case 1:
    183                          if(EXHFLOW0_Reply_FLG.Data.RcvStatOK == TRUE)
   \                     ??Start_Read_EXHflow_5: (+1)
   \   000000A2   0x.... 0x....      LDR.W    R0,??DataTable4_5
   \   000000A6   0x7800             LDRB     R0,[R0, #+0]
   \   000000A8   0xF3C0 0x00C0      UBFX     R0,R0,#+3,#+1
   \   000000AC   0xB2C0             UXTB     R0,R0            ;; ZeroExt  R0,R0,#+24,#+24
   \   000000AE   0x2800             CMP      R0,#+0
   \   000000B0   0xD021             BEQ.N    ??Start_Read_EXHflow_10
    184                          {
    185                              ZeroState = 20;
   \   000000B2   0x2014             MOVS     R0,#+20
   \   000000B4   0x.... 0x....      LDR.W    R1,??DataTable4_8
   \   000000B8   0x7008             STRB     R0,[R1, #+0]
    186                              FlowIdx=0;
   \   000000BA   0x2000             MOVS     R0,#+0
   \   000000BC   0x.... 0x....      LDR.W    R1,??DataTable4_13
   \   000000C0   0x7008             STRB     R0,[R1, #+0]
    187                              ReqNormalState = 0;
   \   000000C2   0x2000             MOVS     R0,#+0
   \   000000C4   0x.... 0x....      LDR.W    R1,??DataTable4_3
   \   000000C8   0x7008             STRB     R0,[R1, #+0]
    188                              EXHFLOW0_Reply_FLG.BYTE = CLEAR0;
   \   000000CA   0x2000             MOVS     R0,#+0
   \   000000CC   0x.... 0x....      LDR.W    R1,??DataTable4_5
   \   000000D0   0x7008             STRB     R0,[R1, #+0]
    189                              EXHFLOW0_REQ_FLG.BYTE = CLEAR0;//read
   \   000000D2   0x2000             MOVS     R0,#+0
   \   000000D4   0x.... 0x....      LDR.W    R1,??DataTable4_4
   \   000000D8   0x7008             STRB     R0,[R1, #+0]
    190                              EXHFLOW0_REQ_FLG.Data.ReqNormal = TRUE;   
   \   000000DA   0x.... 0x....      LDR.W    R0,??DataTable4_4
   \   000000DE   0x7800             LDRB     R0,[R0, #+0]
   \   000000E0   0xF050 0x0001      ORRS     R0,R0,#0x1
   \   000000E4   0x.... 0x....      LDR.W    R1,??DataTable4_4
   \   000000E8   0x7008             STRB     R0,[R1, #+0]
    191                              USART_SendData(EXHFLOW, (u16)REQUEST_EXH_STATUSDATA);
   \   000000EA   0x2101             MOVS     R1,#+1
   \   000000EC   0x.... 0x....      LDR.W    R0,??DataTable4_14  ;; 0x40004400
   \   000000F0   0x.... 0x....      BL       USART_SendData
   \   000000F4   0xE034             B.N      ??Start_Read_EXHflow_11
    192                          }
    193                          else
    194                          {
    195                              if(--Status_Repeat == 0)
   \                     ??Start_Read_EXHflow_10: (+1)
   \   000000F6   0x.... 0x....      LDR.W    R0,??DataTable4_9
   \   000000FA   0x7800             LDRB     R0,[R0, #+0]
   \   000000FC   0x1E40             SUBS     R0,R0,#+1
   \   000000FE   0x.... 0x....      LDR.W    R1,??DataTable4_9
   \   00000102   0x7008             STRB     R0,[R1, #+0]
   \   00000104   0x.... 0x....      LDR.W    R0,??DataTable4_9
   \   00000108   0x7800             LDRB     R0,[R0, #+0]
   \   0000010A   0x2800             CMP      R0,#+0
   \   0000010C   0xD124             BNE.N    ??Start_Read_EXHflow_12
    196                              {
    197                                  DATA_Sensors.HWErr.EXHZEROOK = FALSE;//err status
   \   0000010E   0x.... 0x....      LDR.W    R0,??DataTable4
   \   00000112   0xF8D0 0x0011      LDR      R0,[R0, #+17]
   \   00000116   0x0040             LSLS     R0,R0,#+1        ;; ZeroExtS R0,R0,#+1,#+1
   \   00000118   0x0840             LSRS     R0,R0,#+1
   \   0000011A   0x.... 0x....      LDR.W    R1,??DataTable4
   \   0000011E   0xF8C1 0x0011      STR      R0,[R1, #+17]
    198                                  DATA_Sensors.HWErr.EXHErr = TRUE;
   \   00000122   0x.... 0x....      LDR.W    R0,??DataTable4
   \   00000126   0xF8D0 0x0011      LDR      R0,[R0, #+17]
   \   0000012A   0xF050 0x4080      ORRS     R0,R0,#0x40000000
   \   0000012E   0x.... 0x....      LDR.W    R1,??DataTable4
   \   00000132   0xF8C1 0x0011      STR      R0,[R1, #+17]
    199                                  EXHFLOW0_REQ_FLG.BYTE = CLEAR0;//read
   \   00000136   0x2000             MOVS     R0,#+0
   \   00000138   0x.... 0x....      LDR.W    R1,??DataTable4_4
   \   0000013C   0x7008             STRB     R0,[R1, #+0]
    200                                  ZeroingFromMB = DISABLE; //End
   \   0000013E   0x2000             MOVS     R0,#+0
   \   00000140   0x.... 0x....      LDR.W    R1,??DataTable4_7
   \   00000144   0x7008             STRB     R0,[R1, #+0]
    201                                  ZeroState = 0;
   \   00000146   0x2000             MOVS     R0,#+0
   \   00000148   0x.... 0x....      LDR.W    R1,??DataTable4_8
   \   0000014C   0x7008             STRB     R0,[R1, #+0]
    202                                  FlowTimeOut=0;
   \   0000014E   0x2000             MOVS     R0,#+0
   \   00000150   0x.... 0x....      LDR.W    R1,??DataTable4_12
   \   00000154   0x7008             STRB     R0,[R1, #+0]
   \   00000156   0xE003             B.N      ??Start_Read_EXHflow_11
    203                              }
    204                              else
    205                              {
    206                                  ZeroState = 10;//0;
   \                     ??Start_Read_EXHflow_12: (+1)
   \   00000158   0x200A             MOVS     R0,#+10
   \   0000015A   0x.... 0x....      LDR.W    R1,??DataTable4_8
   \   0000015E   0x7008             STRB     R0,[R1, #+0]
    207                              }
    208                          }
    209                          break;
   \                     ??Start_Read_EXHflow_11: (+1)
   \   00000160   0xE0E0             B.N      ??Start_Read_EXHflow_3
    210                      case 2:
    211                          if(EXHFLOW0_Reply_FLG.Data.RcvZeroOK == TRUE)
   \                     ??Start_Read_EXHflow_6: (+1)
   \   00000162   0x.... 0x....      LDR.W    R0,??DataTable4_5
   \   00000166   0x7800             LDRB     R0,[R0, #+0]
   \   00000168   0xF3C0 0x1000      UBFX     R0,R0,#+4,#+1
   \   0000016C   0xB2C0             UXTB     R0,R0            ;; ZeroExt  R0,R0,#+24,#+24
   \   0000016E   0x2800             CMP      R0,#+0
   \   00000170   0xD020             BEQ.N    ??Start_Read_EXHflow_13
    212                          {
    213                              DATA_Sensors.HWErr.EXHZEROOK = TRUE;
   \   00000172   0x....             LDR.N    R0,??DataTable4
   \   00000174   0xF8D0 0x0011      LDR      R0,[R0, #+17]
   \   00000178   0xF050 0x4000      ORRS     R0,R0,#0x80000000
   \   0000017C   0x....             LDR.N    R1,??DataTable4
   \   0000017E   0xF8C1 0x0011      STR      R0,[R1, #+17]
    214                              DATA_Sensors.HWErr.EXHErr = FALSE;
   \   00000182   0x....             LDR.N    R0,??DataTable4
   \   00000184   0xF8D0 0x0011      LDR      R0,[R0, #+17]
   \   00000188   0xF030 0x4080      BICS     R0,R0,#0x40000000
   \   0000018C   0x....             LDR.N    R1,??DataTable4
   \   0000018E   0xF8C1 0x0011      STR      R0,[R1, #+17]
    215                              ZeroingFromMB = DISABLE; //End
   \   00000192   0x2000             MOVS     R0,#+0
   \   00000194   0x....             LDR.N    R1,??DataTable4_7
   \   00000196   0x7008             STRB     R0,[R1, #+0]
    216                              EXHFLOW0_REQ_FLG.BYTE = CLEAR0;//read
   \   00000198   0x2000             MOVS     R0,#+0
   \   0000019A   0x....             LDR.N    R1,??DataTable4_4
   \   0000019C   0x7008             STRB     R0,[R1, #+0]
    217                              ZeroState = 0;
   \   0000019E   0x2000             MOVS     R0,#+0
   \   000001A0   0x....             LDR.N    R1,??DataTable4_8
   \   000001A2   0x7008             STRB     R0,[R1, #+0]
    218                              FlowTimeOut=0;
   \   000001A4   0x2000             MOVS     R0,#+0
   \   000001A6   0x....             LDR.N    R1,??DataTable4_12
   \   000001A8   0x7008             STRB     R0,[R1, #+0]
    219                              delay_errEXH = Delay_;
   \   000001AA   0x2005             MOVS     R0,#+5
   \   000001AC   0x.... 0x....      LDR.W    R1,??DataTable4_28
   \   000001B0   0x8008             STRH     R0,[R1, #+0]
   \   000001B2   0xE041             B.N      ??Start_Read_EXHflow_14
    220                          }
    221                          else if(FlowTimeOut>15-1)//30 sec timeout
   \                     ??Start_Read_EXHflow_13: (+1)
   \   000001B4   0x....             LDR.N    R0,??DataTable4_12
   \   000001B6   0x7800             LDRB     R0,[R0, #+0]
   \   000001B8   0x280F             CMP      R0,#+15
   \   000001BA   0xDB1F             BLT.N    ??Start_Read_EXHflow_15
    222                          {
    223                              FlowTimeOut=0;
   \   000001BC   0x2000             MOVS     R0,#+0
   \   000001BE   0x....             LDR.N    R1,??DataTable4_12
   \   000001C0   0x7008             STRB     R0,[R1, #+0]
    224                              DATA_Sensors.HWErr.EXHZEROOK = FALSE;
   \   000001C2   0x....             LDR.N    R0,??DataTable4
   \   000001C4   0xF8D0 0x0011      LDR      R0,[R0, #+17]
   \   000001C8   0x0040             LSLS     R0,R0,#+1        ;; ZeroExtS R0,R0,#+1,#+1
   \   000001CA   0x0840             LSRS     R0,R0,#+1
   \   000001CC   0x....             LDR.N    R1,??DataTable4
   \   000001CE   0xF8C1 0x0011      STR      R0,[R1, #+17]
    225                              DATA_Sensors.HWErr.EXHErr = TRUE;
   \   000001D2   0x....             LDR.N    R0,??DataTable4
   \   000001D4   0xF8D0 0x0011      LDR      R0,[R0, #+17]
   \   000001D8   0xF050 0x4080      ORRS     R0,R0,#0x40000000
   \   000001DC   0x....             LDR.N    R1,??DataTable4
   \   000001DE   0xF8C1 0x0011      STR      R0,[R1, #+17]
    226                              EXHFLOW0_REQ_FLG.BYTE = CLEAR0;//read
   \   000001E2   0x2000             MOVS     R0,#+0
   \   000001E4   0x....             LDR.N    R1,??DataTable4_4
   \   000001E6   0x7008             STRB     R0,[R1, #+0]
    227                              ZeroingFromMB = DISABLE; //End
   \   000001E8   0x2000             MOVS     R0,#+0
   \   000001EA   0x....             LDR.N    R1,??DataTable4_7
   \   000001EC   0x7008             STRB     R0,[R1, #+0]
    228                              ZeroState = 0;
   \   000001EE   0x2000             MOVS     R0,#+0
   \   000001F0   0x....             LDR.N    R1,??DataTable4_8
   \   000001F2   0x7008             STRB     R0,[R1, #+0]
    229                              delay_errEXH = Delay_;
   \   000001F4   0x2005             MOVS     R0,#+5
   \   000001F6   0x....             LDR.N    R1,??DataTable4_28
   \   000001F8   0x8008             STRH     R0,[R1, #+0]
   \   000001FA   0xE01D             B.N      ??Start_Read_EXHflow_14
    230                          }
    231                          else
    232                          {                       
    233                              FlowTimeOut++;
   \                     ??Start_Read_EXHflow_15: (+1)
   \   000001FC   0x....             LDR.N    R0,??DataTable4_12
   \   000001FE   0x7800             LDRB     R0,[R0, #+0]
   \   00000200   0x1C40             ADDS     R0,R0,#+1
   \   00000202   0x....             LDR.N    R1,??DataTable4_12
   \   00000204   0x7008             STRB     R0,[R1, #+0]
    234                              ZeroState = 20;
   \   00000206   0x2014             MOVS     R0,#+20
   \   00000208   0x....             LDR.N    R1,??DataTable4_8
   \   0000020A   0x7008             STRB     R0,[R1, #+0]
    235                              FlowIdx=0;
   \   0000020C   0x2000             MOVS     R0,#+0
   \   0000020E   0x....             LDR.N    R1,??DataTable4_13
   \   00000210   0x7008             STRB     R0,[R1, #+0]
    236                              ReqNormalState = 0;
   \   00000212   0x2000             MOVS     R0,#+0
   \   00000214   0x....             LDR.N    R1,??DataTable4_3
   \   00000216   0x7008             STRB     R0,[R1, #+0]
    237                              EXHFLOW0_Reply_FLG.BYTE = CLEAR0;
   \   00000218   0x2000             MOVS     R0,#+0
   \   0000021A   0x....             LDR.N    R1,??DataTable4_5
   \   0000021C   0x7008             STRB     R0,[R1, #+0]
    238                              EXHFLOW0_REQ_FLG.BYTE = CLEAR0;//read
   \   0000021E   0x2000             MOVS     R0,#+0
   \   00000220   0x....             LDR.N    R1,??DataTable4_4
   \   00000222   0x7008             STRB     R0,[R1, #+0]
    239                              EXHFLOW0_REQ_FLG.Data.ReqNormal = TRUE;   
   \   00000224   0x....             LDR.N    R0,??DataTable4_4
   \   00000226   0x7800             LDRB     R0,[R0, #+0]
   \   00000228   0xF050 0x0001      ORRS     R0,R0,#0x1
   \   0000022C   0x....             LDR.N    R1,??DataTable4_4
   \   0000022E   0x7008             STRB     R0,[R1, #+0]
    240                              USART_SendData(EXHFLOW, (u16)REQUEST_EXH_STATUSDATA);
   \   00000230   0x2101             MOVS     R1,#+1
   \   00000232   0x....             LDR.N    R0,??DataTable4_14  ;; 0x40004400
   \   00000234   0x.... 0x....      BL       USART_SendData
    241                          }
    242                          break;  
   \                     ??Start_Read_EXHflow_14: (+1)
   \   00000238   0xE074             B.N      ??Start_Read_EXHflow_3
    243                      case 10:
    244                          EXHFLOW0_REQ_FLG.BYTE = CLEAR0;//read
   \                     ??Start_Read_EXHflow_7: (+1)
   \   0000023A   0x2000             MOVS     R0,#+0
   \   0000023C   0x....             LDR.N    R1,??DataTable4_4
   \   0000023E   0x7008             STRB     R0,[R1, #+0]
    245                          EXHFLOW0_REQ_FLG.Data.Reqstatus = TRUE;
   \   00000240   0x....             LDR.N    R0,??DataTable4_4
   \   00000242   0x7800             LDRB     R0,[R0, #+0]
   \   00000244   0xF050 0x0004      ORRS     R0,R0,#0x4
   \   00000248   0x....             LDR.N    R1,??DataTable4_4
   \   0000024A   0x7008             STRB     R0,[R1, #+0]
    246                          EXHFLOW0_Reply_FLG.BYTE = CLEAR0;
   \   0000024C   0x2000             MOVS     R0,#+0
   \   0000024E   0x....             LDR.N    R1,??DataTable4_5
   \   00000250   0x7008             STRB     R0,[R1, #+0]
    247                          USART_SendData(EXHFLOW, (u16)REQUEST_EXH_STATUS);
   \   00000252   0x2104             MOVS     R1,#+4
   \   00000254   0x....             LDR.N    R0,??DataTable4_14  ;; 0x40004400
   \   00000256   0x.... 0x....      BL       USART_SendData
    248                          ZeroState = 1;
   \   0000025A   0x2001             MOVS     R0,#+1
   \   0000025C   0x....             LDR.N    R1,??DataTable4_8
   \   0000025E   0x7008             STRB     R0,[R1, #+0]
    249                          delay_errEXH = 50;//.5sec
   \   00000260   0x2032             MOVS     R0,#+50
   \   00000262   0x....             LDR.N    R1,??DataTable4_28
   \   00000264   0x8008             STRH     R0,[R1, #+0]
    250                          break; 
   \   00000266   0xE05D             B.N      ??Start_Read_EXHflow_3
    251                      case 20:
    252                          FlowWin[FlowIdx++]=DATA_Sensors.Flow_EXH;
   \                     ??Start_Read_EXHflow_8: (+1)
   \   00000268   0x....             LDR.N    R0,??DataTable4
   \   0000026A   0x8980             LDRH     R0,[R0, #+12]
   \   0000026C   0xEE00 0x0A10      VMOV     S0,R0
   \   00000270   0xEEB8 0x0A40      VCVT.F32.U32 S0,S0
   \   00000274   0x....             LDR.N    R0,??DataTable4_29
   \   00000276   0x....             LDR.N    R1,??DataTable4_13
   \   00000278   0x7809             LDRB     R1,[R1, #+0]
   \   0000027A   0xEB10 0x0081      ADDS     R0,R0,R1, LSL #+2
   \   0000027E   0xED80 0x0A00      VSTR     S0,[R0, #0]
   \   00000282   0x....             LDR.N    R0,??DataTable4_13
   \   00000284   0x7800             LDRB     R0,[R0, #+0]
   \   00000286   0x1C40             ADDS     R0,R0,#+1
   \   00000288   0x....             LDR.N    R1,??DataTable4_13
   \   0000028A   0x7008             STRB     R0,[R1, #+0]
    253                          if(FlowIdx>=FLOWWIN)//1 sec
   \   0000028C   0x....             LDR.N    R0,??DataTable4_13
   \   0000028E   0x7800             LDRB     R0,[R0, #+0]
   \   00000290   0x2864             CMP      R0,#+100
   \   00000292   0xDB17             BLT.N    ??Start_Read_EXHflow_16
    254                          {
    255                              if(isFlowStable())
   \   00000294   0x.... 0x....      BL       isFlowStable
   \   00000298   0x2800             CMP      R0,#+0
   \   0000029A   0xD009             BEQ.N    ??Start_Read_EXHflow_17
    256                              {
    257                                  ZeroState = 21;
   \   0000029C   0x2015             MOVS     R0,#+21
   \   0000029E   0x....             LDR.N    R1,??DataTable4_8
   \   000002A0   0x7008             STRB     R0,[R1, #+0]
    258                                  delay_errEXH = 50;//.5sec
   \   000002A2   0x2032             MOVS     R0,#+50
   \   000002A4   0x....             LDR.N    R1,??DataTable4_28
   \   000002A6   0x8008             STRH     R0,[R1, #+0]
    259                                  FlowIdx=0;
   \   000002A8   0x2000             MOVS     R0,#+0
   \   000002AA   0x....             LDR.N    R1,??DataTable4_13
   \   000002AC   0x7008             STRB     R0,[R1, #+0]
   \   000002AE   0xE01C             B.N      ??Start_Read_EXHflow_18
    260                              }
    261                              else
    262                              {
    263                                  ZeroState = 2;
   \                     ??Start_Read_EXHflow_17: (+1)
   \   000002B0   0x2002             MOVS     R0,#+2
   \   000002B2   0x....             LDR.N    R1,??DataTable4_8
   \   000002B4   0x7008             STRB     R0,[R1, #+0]
    264                                  FlowIdx=0;
   \   000002B6   0x2000             MOVS     R0,#+0
   \   000002B8   0x....             LDR.N    R1,??DataTable4_13
   \   000002BA   0x7008             STRB     R0,[R1, #+0]
    265                                  delay_errEXH = 100;//1sec
   \   000002BC   0x2064             MOVS     R0,#+100
   \   000002BE   0x....             LDR.N    R1,??DataTable4_28
   \   000002C0   0x8008             STRH     R0,[R1, #+0]
   \   000002C2   0xE012             B.N      ??Start_Read_EXHflow_18
    266                              }
    267                          }
    268                          else
    269                          {
    270                              ReqNormalState = 0;
   \                     ??Start_Read_EXHflow_16: (+1)
   \   000002C4   0x2000             MOVS     R0,#+0
   \   000002C6   0x....             LDR.N    R1,??DataTable4_3
   \   000002C8   0x7008             STRB     R0,[R1, #+0]
    271                              EXHFLOW0_Reply_FLG.BYTE = CLEAR0;
   \   000002CA   0x2000             MOVS     R0,#+0
   \   000002CC   0x....             LDR.N    R1,??DataTable4_5
   \   000002CE   0x7008             STRB     R0,[R1, #+0]
    272                              EXHFLOW0_REQ_FLG.BYTE = CLEAR0;//read
   \   000002D0   0x2000             MOVS     R0,#+0
   \   000002D2   0x....             LDR.N    R1,??DataTable4_4
   \   000002D4   0x7008             STRB     R0,[R1, #+0]
    273                              EXHFLOW0_REQ_FLG.Data.ReqNormal = TRUE;   
   \   000002D6   0x....             LDR.N    R0,??DataTable4_4
   \   000002D8   0x7800             LDRB     R0,[R0, #+0]
   \   000002DA   0xF050 0x0001      ORRS     R0,R0,#0x1
   \   000002DE   0x....             LDR.N    R1,??DataTable4_4
   \   000002E0   0x7008             STRB     R0,[R1, #+0]
    274                              USART_SendData(EXHFLOW, (u16)REQUEST_EXH_STATUSDATA);
   \   000002E2   0x2101             MOVS     R1,#+1
   \   000002E4   0x....             LDR.N    R0,??DataTable4_14  ;; 0x40004400
   \   000002E6   0x.... 0x....      BL       USART_SendData
    275                          }
    276                          break;
   \                     ??Start_Read_EXHflow_18: (+1)
   \   000002EA   0xE01B             B.N      ??Start_Read_EXHflow_3
    277                      case 21:
    278                          EXHFLOW0_REQ_FLG.BYTE = CLEAR0;//read
   \                     ??Start_Read_EXHflow_9: (+1)
   \   000002EC   0x2000             MOVS     R0,#+0
   \   000002EE   0x....             LDR.N    R1,??DataTable4_4
   \   000002F0   0x7008             STRB     R0,[R1, #+0]
    279                          EXHFLOW0_REQ_FLG.Data.Reqzero = TRUE;//ok status
   \   000002F2   0x....             LDR.N    R0,??DataTable4_4
   \   000002F4   0x7800             LDRB     R0,[R0, #+0]
   \   000002F6   0xF050 0x0002      ORRS     R0,R0,#0x2
   \   000002FA   0x....             LDR.N    R1,??DataTable4_4
   \   000002FC   0x7008             STRB     R0,[R1, #+0]
    280                          EXHFLOW0_Reply_FLG.BYTE = CLEAR0;
   \   000002FE   0x2000             MOVS     R0,#+0
   \   00000300   0x....             LDR.N    R1,??DataTable4_5
   \   00000302   0x7008             STRB     R0,[R1, #+0]
    281                          USART_SendData(EXHFLOW, (u16)REQUEST_EXH_AUTOZERO);
   \   00000304   0x2140             MOVS     R1,#+64
   \   00000306   0x....             LDR.N    R0,??DataTable4_14  ;; 0x40004400
   \   00000308   0x.... 0x....      BL       USART_SendData
    282                          ZeroState = 2;
   \   0000030C   0x2002             MOVS     R0,#+2
   \   0000030E   0x....             LDR.N    R1,??DataTable4_8
   \   00000310   0x7008             STRB     R0,[R1, #+0]
    283                          delay_errEXH = 50;//
   \   00000312   0x2032             MOVS     R0,#+50
   \   00000314   0x....             LDR.N    R1,??DataTable4_28
   \   00000316   0x8008             STRH     R0,[R1, #+0]
    284                          break;     
   \   00000318   0xE004             B.N      ??Start_Read_EXHflow_3
    285                      }//switch  
    286                  }//zero
    287              }
    288              else
    289              {
    290                  delay_errEXH --;
   \                     ??Start_Read_EXHflow_0: (+1)
   \   0000031A   0x....             LDR.N    R0,??DataTable4_28
   \   0000031C   0x8800             LDRH     R0,[R0, #+0]
   \   0000031E   0x1E40             SUBS     R0,R0,#+1
   \   00000320   0x....             LDR.N    R1,??DataTable4_28
   \   00000322   0x8008             STRH     R0,[R1, #+0]
    291              }
    292          }
   \                     ??Start_Read_EXHflow_3: (+1)
   \   00000324   0xBD01             POP      {R0,PC}          ;; return
    293          //-----------------------------------------------------------------------------|

   \                                 In section .text, align 4, keep-with-next
    294          u8 isFlowStable(void)
    295          {
    296          #define TOLERANCE 0.15f
    297          #define THRESHOLD 0.9f
    298              
    299              float ave=0.0f,perc=0;
   \                     isFlowStable: (+1)
   \   00000000   0xED9F 0x....      VLDR.W   S0,??DataTable4_15  ;; 0x0
   \   00000004   0xEDDF 0x....      VLDR.W   S1,??DataTable4_15  ;; 0x0
    300              u8 idx=0,Count=0;
   \   00000008   0x2000             MOVS     R0,#+0
   \   0000000A   0x2100             MOVS     R1,#+0
    301              
    302              for(;idx<FLOWWIN;idx++)
   \                     ??isFlowStable_0: (+1)
   \   0000000C   0xB2C0             UXTB     R0,R0            ;; ZeroExt  R0,R0,#+24,#+24
   \   0000000E   0x2864             CMP      R0,#+100
   \   00000010   0xDA0D             BGE.N    ??isFlowStable_1
    303              {
    304                  ave+= FlowWin[idx]/(float)FLOWWIN;
   \   00000012   0x....             LDR.N    R2,??DataTable4_29
   \   00000014   0xB2C0             UXTB     R0,R0            ;; ZeroExt  R0,R0,#+24,#+24
   \   00000016   0xEB12 0x0280      ADDS     R2,R2,R0, LSL #+2
   \   0000001A   0xED92 0x1A00      VLDR     S2,[R2, #0]
   \   0000001E   0xEDDF 0x....      VLDR.W   S3,??DataTable4_16  ;; 0x42c80000
   \   00000022   0xEE81 0x1A21      VDIV.F32 S2,S2,S3
   \   00000026   0xEE31 0x0A00      VADD.F32 S0,S2,S0
    305              }
   \   0000002A   0x1C40             ADDS     R0,R0,#+1
   \   0000002C   0xE7EE             B.N      ??isFlowStable_0
    306              perc = (ave * TOLERANCE<1?1:ave * TOLERANCE);
   \                     ??isFlowStable_1: (+1)
   \   0000002E   0xED9F 0x....      VLDR.W   S2,??DataTable4_17  ;; 0x3e19999a
   \   00000032   0xEE20 0x1A01      VMUL.F32 S2,S0,S2
   \   00000036   0xEEF7 0x1A00      VMOV.F32 S3,#1.0
   \   0000003A   0xEEB4 0x1A61      VCMP.F32 S2,S3
   \   0000003E   0xEEF1 0xFA10      FMSTAT   
   \   00000042   0xD502             BPL.N    ??isFlowStable_2
   \   00000044   0xEEF7 0x0A00      VMOV.F32 S1,#1.0
   \   00000048   0xE003             B.N      ??isFlowStable_3
   \                     ??isFlowStable_2: (+1)
   \   0000004A   0xEDDF 0x....      VLDR.W   S1,??DataTable4_17  ;; 0x3e19999a
   \   0000004E   0xEE60 0x0A20      VMUL.F32 S1,S0,S1
    307              for(idx=0;idx<FLOWWIN;idx++)
   \                     ??isFlowStable_3: (+1)
   \   00000052   0x2200             MOVS     R2,#+0
   \   00000054   0x0010             MOVS     R0,R2
   \                     ??isFlowStable_4: (+1)
   \   00000056   0xB2C0             UXTB     R0,R0            ;; ZeroExt  R0,R0,#+24,#+24
   \   00000058   0x2864             CMP      R0,#+100
   \   0000005A   0xDA1C             BGE.N    ??isFlowStable_5
    308              {
    309                  if(FlowWin[idx] < ave+perc && FlowWin[idx] > ave-perc)
   \   0000005C   0xEE30 0x1A20      VADD.F32 S2,S0,S1
   \   00000060   0x....             LDR.N    R2,??DataTable4_29
   \   00000062   0xB2C0             UXTB     R0,R0            ;; ZeroExt  R0,R0,#+24,#+24
   \   00000064   0xEB12 0x0280      ADDS     R2,R2,R0, LSL #+2
   \   00000068   0xEDD2 0x1A00      VLDR     S3,[R2, #0]
   \   0000006C   0xEEF4 0x1A41      VCMP.F32 S3,S2
   \   00000070   0xEEF1 0xFA10      FMSTAT   
   \   00000074   0xD50D             BPL.N    ??isFlowStable_6
   \   00000076   0xEE30 0x1A60      VSUB.F32 S2,S0,S1
   \   0000007A   0x....             LDR.N    R2,??DataTable4_29
   \   0000007C   0xB2C0             UXTB     R0,R0            ;; ZeroExt  R0,R0,#+24,#+24
   \   0000007E   0xEB12 0x0280      ADDS     R2,R2,R0, LSL #+2
   \   00000082   0xEDD2 0x1A00      VLDR     S3,[R2, #0]
   \   00000086   0xEEB4 0x1A61      VCMP.F32 S2,S3
   \   0000008A   0xEEF1 0xFA10      FMSTAT   
   \   0000008E   0xD500             BPL.N    ??isFlowStable_6
    310                  {
    311                      Count++;
   \   00000090   0x1C49             ADDS     R1,R1,#+1
    312                  }
    313              }
   \                     ??isFlowStable_6: (+1)
   \   00000092   0x1C40             ADDS     R0,R0,#+1
   \   00000094   0xE7DF             B.N      ??isFlowStable_4
    314              return (Count>=THRESHOLD*FLOWWIN);
   \                     ??isFlowStable_5: (+1)
   \   00000096   0xB2C9             UXTB     R1,R1            ;; ZeroExt  R1,R1,#+24,#+24
   \   00000098   0x295A             CMP      R1,#+90
   \   0000009A   0xD301             BCC.N    ??isFlowStable_7
   \   0000009C   0x2001             MOVS     R0,#+1
   \   0000009E   0xE000             B.N      ??isFlowStable_8
   \                     ??isFlowStable_7: (+1)
   \   000000A0   0x2000             MOVS     R0,#+0
   \                     ??isFlowStable_8: (+1)
   \   000000A2   0xB2C0             UXTB     R0,R0            ;; ZeroExt  R0,R0,#+24,#+24
   \   000000A4   0x4770             BX       LR               ;; return
    315          }
    316          //------------------------------------------------------------------------------

   \                                 In section .text, align 4, keep-with-next
    317          float EXHflow_calculation (s16 DataFlow)
    318          {
   \                     EXHflow_calculation: (+1)
   \   00000000   0xB570             PUSH     {R4-R6,LR}
   \   00000002   0xED2D 0x8B06      VPUSH    {D8-D10}
   \   00000006   0x0006             MOVS     R6,R0
    319              float temp;
    320              temp = ((2.0675 * pow((float)DataFlow,3))/10000000)+((1.203 * pow((float)DataFlow,2)) / 100000)+((8.563 * DataFlow) / 1000);
   \   00000008   0xED9F 0x....      VLDR.W   D1,??DataTable4_18
   \   0000000C   0xEEB0 0x8A41      VMOV.F32 S16,S2
   \   00000010   0xEEF0 0x8A61      VMOV.F32 S17,S3
   \   00000014   0xB236             SXTH     R6,R6            ;; SignExt  R6,R6,#+16,#+16
   \   00000016   0xEE00 0x6A10      VMOV     S0,R6
   \   0000001A   0xEEB8 0x0AC0      VCVT.F32.S32 S0,S0
   \   0000001E   0xEE10 0x0A10      VMOV     R0,S0
   \   00000022   0x.... 0x....      BL       __aeabi_f2d
   \   00000026   0xEC41 0x0B10      VMOV     D0,R0,R1
   \   0000002A   0xEEB0 0x1A48      VMOV.F32 S2,S16
   \   0000002E   0xEEF0 0x1A68      VMOV.F32 S3,S17
   \   00000032   0x.... 0x....      BL       pow
   \   00000036   0xEEB0 0x8A40      VMOV.F32 S16,S0
   \   0000003A   0xEEF0 0x8A60      VMOV.F32 S17,S1
   \   0000003E   0xB236             SXTH     R6,R6            ;; SignExt  R6,R6,#+16,#+16
   \   00000040   0xEE00 0x6A10      VMOV     S0,R6
   \   00000044   0xEEB8 0x0AC0      VCVT.F32.S32 S0,S0
   \   00000048   0xEE10 0x0A10      VMOV     R0,S0
   \   0000004C   0x.... 0x....      BL       __aeabi_f2d
   \   00000050   0xEC41 0x0B1A      VMOV     D10,R0,R1
   \   00000054   0xEC53 0x2B18      VMOV     R2,R3,D8
   \   00000058   0x....             LDR.N    R0,??DataTable4_19  ;; 0x70a3d70a
   \   0000005A   0x....             LDR.N    R1,??DataTable4_20  ;; 0x40008a3d
   \   0000005C   0x.... 0x....      BL       __aeabi_dmul
   \   00000060   0x2200             MOVS     R2,#+0
   \   00000062   0x....             LDR.N    R3,??DataTable4_21  ;; 0x416312d0
   \   00000064   0x.... 0x....      BL       __aeabi_ddiv
   \   00000068   0x0004             MOVS     R4,R0
   \   0000006A   0x000D             MOVS     R5,R1
   \   0000006C   0xEC53 0x2B1A      VMOV     R2,R3,D10
   \   00000070   0xEC51 0x0B1A      VMOV     R0,R1,D10
   \   00000074   0x.... 0x....      BL       __aeabi_dmul
   \   00000078   0x....             LDR.N    R2,??DataTable4_22  ;; 0xed916873
   \   0000007A   0x....             LDR.N    R3,??DataTable4_23  ;; 0x3ff33f7c
   \   0000007C   0x.... 0x....      BL       __aeabi_dmul
   \   00000080   0x2200             MOVS     R2,#+0
   \   00000082   0x....             LDR.N    R3,??DataTable4_24  ;; 0x40f86a00
   \   00000084   0x.... 0x....      BL       __aeabi_ddiv
   \   00000088   0x0022             MOVS     R2,R4
   \   0000008A   0x002B             MOVS     R3,R5
   \   0000008C   0x.... 0x....      BL       __aeabi_dadd
   \   00000090   0x0004             MOVS     R4,R0
   \   00000092   0x000D             MOVS     R5,R1
   \   00000094   0xB236             SXTH     R6,R6            ;; SignExt  R6,R6,#+16,#+16
   \   00000096   0x0030             MOVS     R0,R6
   \   00000098   0x.... 0x....      BL       __aeabi_i2d
   \   0000009C   0x....             LDR.N    R2,??DataTable4_25  ;; 0x89374bc7
   \   0000009E   0x....             LDR.N    R3,??DataTable4_26  ;; 0x40212041
   \   000000A0   0x.... 0x....      BL       __aeabi_dmul
   \   000000A4   0x2200             MOVS     R2,#+0
   \   000000A6   0x....             LDR.N    R3,??DataTable4_30  ;; 0x408f4000
   \   000000A8   0x.... 0x....      BL       __aeabi_ddiv
   \   000000AC   0x0022             MOVS     R2,R4
   \   000000AE   0x002B             MOVS     R3,R5
   \   000000B0   0x.... 0x....      BL       __aeabi_dadd
   \   000000B4   0x.... 0x....      BL       __aeabi_d2f
   \   000000B8   0xEE09 0x0A10      VMOV     S18,R0
    321              return temp;
   \   000000BC   0xEEB0 0x0A49      VMOV.F32 S0,S18
   \   000000C0   0xECBD 0x8B06      VPOP     {D8-D10}
   \   000000C4   0xBD70             POP      {R4-R6,PC}       ;; return
    322          }

   \                                 In section .text, align 4, keep-with-next
   \                     ??DataTable4:
   \   00000000   0x........         DC32     DATA_Sensors

   \                                 In section .text, align 4, keep-with-next
   \                     ??DataTable4_1:
   \   00000000   0x........         DC32     ??Flg_1

   \                                 In section .text, align 4, keep-with-next
   \                     ??DataTable4_2:
   \   00000000   0x........         DC32     ??EXH_DataSensor

   \                                 In section .text, align 4, keep-with-next
   \                     ??DataTable4_3:
   \   00000000   0x........         DC32     ReqNormalState

   \                                 In section .text, align 4, keep-with-next
   \                     ??DataTable4_4:
   \   00000000   0x........         DC32     EXHFLOW0_REQ_FLG

   \                                 In section .text, align 4, keep-with-next
   \                     ??DataTable4_5:
   \   00000000   0x........         DC32     EXHFLOW0_Reply_FLG

   \                                 In section .text, align 4, keep-with-next
   \                     ??DataTable4_6:
   \   00000000   0x........         DC32     LOG_Err_BADCMD

   \                                 In section .text, align 4, keep-with-next
   \                     ??DataTable4_7:
   \   00000000   0x........         DC32     ZeroingFromMB

   \                                 In section .text, align 4, keep-with-next
   \                     ??DataTable4_8:
   \   00000000   0x........         DC32     ZeroState

   \                                 In section .text, align 4, keep-with-next
   \                     ??DataTable4_9:
   \   00000000   0x........         DC32     Status_Repeat

   \                                 In section .text, align 4, keep-with-next
   \                     ??DataTable4_10:
   \   00000000   0x........         DC32     Zeroing_Repeat

   \                                 In section .text, align 4, keep-with-next
   \                     ??DataTable4_11:
   \   00000000   0x........         DC32     LOG_Err_Normal

   \                                 In section .text, align 4, keep-with-next
   \                     ??DataTable4_12:
   \   00000000   0x........         DC32     FlowTimeOut

   \                                 In section .text, align 4, keep-with-next
   \                     ??DataTable4_13:
   \   00000000   0x........         DC32     FlowIdx

   \                                 In section .text, align 4, keep-with-next
   \                     ??DataTable4_14:
   \   00000000   0x40004400         DC32     0x40004400

   \                                 In section .text, align 4, keep-with-next
   \                     ??DataTable4_15:
   \   00000000   0x00000000         DC32     0x0

   \                                 In section .text, align 4, keep-with-next
   \                     ??DataTable4_16:
   \   00000000   0x42C80000         DC32     0x42c80000

   \                                 In section .text, align 4, keep-with-next
   \                     ??DataTable4_17:
   \   00000000   0x3E19999A         DC32     0x3e19999a

   \                                 In section .text, align 4, keep-with-next
   \                     ??DataTable4_18:
   \   00000000   0x00000000         DC32     0x0,0x40080000
   \              0x40080000   

   \                                 In section .text, align 4, keep-with-next
   \                     ??DataTable4_19:
   \   00000000   0x70A3D70A         DC32     0x70a3d70a

   \                                 In section .text, align 4, keep-with-next
   \                     ??DataTable4_20:
   \   00000000   0x40008A3D         DC32     0x40008a3d

   \                                 In section .text, align 4, keep-with-next
   \                     ??DataTable4_21:
   \   00000000   0x416312D0         DC32     0x416312d0

   \                                 In section .text, align 4, keep-with-next
   \                     ??DataTable4_22:
   \   00000000   0xED916873         DC32     0xed916873

   \                                 In section .text, align 4, keep-with-next
   \                     ??DataTable4_23:
   \   00000000   0x3FF33F7C         DC32     0x3ff33f7c

   \                                 In section .text, align 4, keep-with-next
   \                     ??DataTable4_24:
   \   00000000   0x40F86A00         DC32     0x40f86a00

   \                                 In section .text, align 4, keep-with-next
   \                     ??DataTable4_25:
   \   00000000   0x89374BC7         DC32     0x89374bc7

   \                                 In section .text, align 4, keep-with-next
   \                     ??DataTable4_26:
   \   00000000   0x40212041         DC32     0x40212041

   \                                 In section .text, align 4, keep-with-next
   \                     ??DataTable4_27:
   \   00000000   0x........         DC32     BADCMD_CNT

   \                                 In section .text, align 4, keep-with-next
   \                     ??DataTable4_28:
   \   00000000   0x........         DC32     delay_errEXH

   \                                 In section .text, align 4, keep-with-next
   \                     ??DataTable4_29:
   \   00000000   0x........         DC32     FlowWin

   \                                 In section .text, align 4, keep-with-next
   \                     ??DataTable4_30:
   \   00000000   0x408F4000         DC32     0x408f4000
    323          //------------------------------------------------------------------------------
    324          
    325          
    326          //USART_SendData(MAINBOARD, SENDData_2MB.Buffer[SENDData_2MB.Rd]);
    327          /*************************** END **************************************/

   Maximum stack usage in bytes:

   .cstack Function
   ------- --------
       0   EXH_RCV_Data
      40   EXHflow_calculation
        40   -> __aeabi_d2f
        40   -> __aeabi_dadd
        40   -> __aeabi_ddiv
        40   -> __aeabi_dmul
        40   -> __aeabi_f2d
        40   -> __aeabi_i2d
        40   -> pow
       0   Req_ZeroingMB
       8   Start_Read_EXHflow
         8   -> USART_SendData
         8   -> isFlowStable
       0   isFlowStable


   Section sizes:

   Bytes  Function/Label
   -----  --------------
       4  ??DataTable4
       4  ??DataTable4_1
       4  ??DataTable4_10
       4  ??DataTable4_11
       4  ??DataTable4_12
       4  ??DataTable4_13
       4  ??DataTable4_14
       4  ??DataTable4_15
       4  ??DataTable4_16
       4  ??DataTable4_17
       8  ??DataTable4_18
       4  ??DataTable4_19
       4  ??DataTable4_2
       4  ??DataTable4_20
       4  ??DataTable4_21
       4  ??DataTable4_22
       4  ??DataTable4_23
       4  ??DataTable4_24
       4  ??DataTable4_25
       4  ??DataTable4_26
       4  ??DataTable4_27
       4  ??DataTable4_28
       4  ??DataTable4_29
       4  ??DataTable4_3
       4  ??DataTable4_30
       4  ??DataTable4_4
       4  ??DataTable4_5
       4  ??DataTable4_6
       4  ??DataTable4_7
       4  ??DataTable4_8
       4  ??DataTable4_9
       1  BADCMD_CNT
       4  EXHFLOW0_REQ_FLG
       4  EXHFLOW0_Reply_FLG
       2  EXH_DataSensor
     640  EXH_RCV_Data
     198  EXHflow_calculation
       1  Flg_1
       1  FlowIdx
       1  FlowTimeOut
     400  FlowWin
       2  HsmCnt
       2  LOG_Err_BADCMD
       2  LOG_Err_Normal
       1  ReqNormalState
      88  Req_ZeroingMB
     806  Start_Read_EXHflow
       1  Status_Repeat
       1  ZeroState
       1  ZeroingFromMB
       1  Zeroing_Repeat
       2  delay_errEXH
     166  isFlowStable

 
   427 bytes in section .bss
 2 026 bytes in section .text
 
 2 026 bytes of CODE memory
   427 bytes of DATA memory

Errors: none
Warnings: none
