###############################################################################
#
# IAR ANSI C/C++ Compiler V7.40.3.8902/W32 for ARM        16/Aug/2017  12:40:04
# Copyright 1999-2015 IAR Systems AB.
#
#    Cpu mode     =  thumb
#    Endian       =  little
#    Source file  =  
#        E:\Ventilator\SoftWare\SVC_Software\SVC_Ver\MAIN Version\SVC2_4_01
#        (960521)\modules\Source\ISR_1.c
#    Command line =  
#        "E:\Ventilator\SoftWare\SVC_Software\SVC_Ver\MAIN Version\SVC2_4_01
#        (960521)\modules\Source\ISR_1.c" -D USE_STDPERIPH_DRIVER -D STM32F40XX
#        -lC "E:\Ventilator\SoftWare\SVC_Software\SVC_Ver\MAIN
#        Version\SVC2_4_01 (960521)\Debug\List\" -o
#        "E:\Ventilator\SoftWare\SVC_Software\SVC_Ver\MAIN Version\SVC2_4_01
#        (960521)\Debug\Obj\" --no_cse --no_unroll --no_inline --no_code_motion
#        --no_tbaa --no_clustering --no_scheduling --debug --endian=little
#        --cpu=Cortex-M4 -e --fpu=VFPv4_sp --dlib_config "C:\Program Files
#        (x86)\IAR Systems\Embedded Workbench
#        7.2\arm\INC\c\DLib_Config_Normal.h" -I
#        "E:\Ventilator\SoftWare\SVC_Software\SVC_Ver\MAIN Version\SVC2_4_01
#        (960521)\board\" -I "E:\Ventilator\SoftWare\SVC_Software\SVC_Ver\MAIN
#        Version\SVC2_4_01 (960521)\app\" -I
#        "E:\Ventilator\SoftWare\SVC_Software\SVC_Ver\MAIN Version\SVC2_4_01
#        (960521)\Libraries\CMSIS\Device\ST\STM32F4xx\Include\" -I
#        "E:\Ventilator\SoftWare\SVC_Software\SVC_Ver\MAIN Version\SVC2_4_01
#        (960521)\Libraries\STM32F4xx_StdPeriph_Driver\inc\" -I
#        "E:\Ventilator\SoftWare\SVC_Software\SVC_Ver\MAIN Version\SVC2_4_01
#        (960521)\modules\Header\" -On --use_c++_inline -I "C:\Program Files
#        (x86)\IAR Systems\Embedded Workbench 7.2\arm\CMSIS\Include\"
#        --relaxed_fp
#    List file    =  
#        E:\Ventilator\SoftWare\SVC_Software\SVC_Ver\MAIN Version\SVC2_4_01
#        (960521)\Debug\List\ISR_1.lst
#    Object file  =  
#        E:\Ventilator\SoftWare\SVC_Software\SVC_Ver\MAIN Version\SVC2_4_01
#        (960521)\Debug\Obj\ISR_1.o
#
###############################################################################

E:\Ventilator\SoftWare\SVC_Software\SVC_Ver\MAIN Version\SVC2_4_01  (960521)\modules\Source\ISR_1.c
      1          //------------------------------------------------------------------------------
      2          // SAADAT Co 
      3          // VENTILATOR 
      4          // DEVELOPER : MOJTABA REZAEI 
      5          // VER 1.0
      6          //------------------------------------------------------------------------------
      7          
      8          #include "ISR_1.h"
      9          #include "main.h"
     10          
     11          #define  INSDELAY_TTL           1
     12          #define  EXHDELAY_TTL           11
     13          //Define Variables ----------------------------------------------------

   \                                 In section .bss, align 4
     14          Staruct_TIMER                           Timer;
   \                     Timer:
   \   00000000                      DS8 28

   \                                 In section .bss, align 4
     15          STRUCT_DATA_ACTUATORS                   Actuator;
   \                     Actuator:
   \   00000000                      DS8 16
     16          //---------------------------------------------------------------------
     17          extern          STRUCT_DATA_A2DSENSORS          DATA_Sensors;
     18          extern 	        u8	A2D_Channel;
     19          extern          STRUCT_RCVDATA_MB_BUFFER        RCVData_MB;     
     20          extern          STRUCT_SENDATA_2MB_BUFFER       SENDData_2MB; 
     21          extern          Struct_ADCExt_Data              VA2dExt_Data;
     22          
     23          //----------------------------------------------------------------------
     24          //----------------------------------------------------------------------
     25          

   \                                 In section .bss, align 1
     26          u8              timer_zero;
   \                     timer_zero:
   \   00000000                      DS8 1
     27          //----------------------------------------------------------------------
     28          
     29          void CHeck_Voltage(void);
     30          //----------------------------------------------------------------------
     31          /**
     32          *   This function is called every 100 MicroSeconds.
     33          *   
     34          */ 

   \                                 In section .text, align 2, keep-with-next
     35          void TIM2_IRQHandler(void)// 
     36          {
   \                     TIM2_IRQHandler: (+1)
   \   00000000   0xB580             PUSH     {R7,LR}
     37              if (TIM_GetITStatus(TIM2, TIM_IT_Update))
   \   00000002   0x2101             MOVS     R1,#+1
   \   00000004   0xF05F 0x4080      MOVS     R0,#+1073741824
   \   00000008   0x.... 0x....      BL       TIM_GetITStatus
   \   0000000C   0x2800             CMP      R0,#+0
   \   0000000E   0xF000 0x8116      BEQ.W    ??TIM2_IRQHandler_0
     38              {
     39                  TIM_ClearITPendingBit(TIM2, TIM_IT_Update); //  100 uSec
   \   00000012   0x2101             MOVS     R1,#+1
   \   00000014   0xF05F 0x4080      MOVS     R0,#+1073741824
   \   00000018   0x.... 0x....      BL       TIM_ClearITPendingBit
     40          
     41                  //Timer.Flg_100us = TRUE;
     42                  //-----------------------------------------------------
     43                  if(CHECK_A2D_READINGCHANNEL())
   \   0000001C   0x.... 0x....      LDR.W    R0,??DataTable9
   \   00000020   0x7800             LDRB     R0,[R0, #+0]
   \   00000022   0x280F             CMP      R0,#+15
   \   00000024   0xDA0A             BGE.N    ??TIM2_IRQHandler_1
     44                  {
     45                      GPIO_ResetBits(A2DCS_PORT,A2DCS_PIN);     // CS LOW
   \   00000026   0xF44F 0x5180      MOV      R1,#+4096
   \   0000002A   0x.... 0x....      LDR.W    R0,??DataTable9_1  ;; 0x40020400
   \   0000002E   0x.... 0x....      BL       GPIO_ResetBits
     46                      STARTREADING_A2DExt_ONECHANNEL(A2D_EXT);
   \   00000032   0xF64A 0x2055      MOVW     R0,#+43605
   \   00000036   0x.... 0x....      LDR.W    R1,??DataTable9_2  ;; 0x4000380c
   \   0000003A   0x8008             STRH     R0,[R1, #+0]
     47                  }//----------------------------------------------------
     48                  if(++Timer.Cnt_2ms5 == 25)            // 25 * 100 = 2.5 mSec
   \                     ??TIM2_IRQHandler_1: (+1)
   \   0000003C   0x.... 0x....      LDR.W    R0,??DataTable9_3
   \   00000040   0x7840             LDRB     R0,[R0, #+1]
   \   00000042   0x1C40             ADDS     R0,R0,#+1
   \   00000044   0x.... 0x....      LDR.W    R1,??DataTable9_3
   \   00000048   0x7048             STRB     R0,[R1, #+1]
   \   0000004A   0x.... 0x....      LDR.W    R0,??DataTable9_3
   \   0000004E   0x7840             LDRB     R0,[R0, #+1]
   \   00000050   0x2819             CMP      R0,#+25
   \   00000052   0xF040 0x80F4      BNE.W    ??TIM2_IRQHandler_0
     49                  {
     50                      Timer.Cnt_2ms5 = 0;
   \   00000056   0x2000             MOVS     R0,#+0
   \   00000058   0x.... 0x....      LDR.W    R1,??DataTable9_3
   \   0000005C   0x7048             STRB     R0,[R1, #+1]
     51                      STARTREADING_A2DExt_ALLCHANNELS();
   \   0000005E   0x2000             MOVS     R0,#+0
   \   00000060   0x.... 0x....      LDR.W    R1,??DataTable9
   \   00000064   0x7008             STRB     R0,[R1, #+0]
     52                      Read_Press_INH_EXH();
   \   00000066   0x.... 0x....      BL       Read_Press_INH_EXH
     53                      
     54                      Timer.Flg_2ms5 = TRUE;//---------------------------------
   \   0000006A   0x2001             MOVS     R0,#+1
   \   0000006C   0x.... 0x....      LDR.W    R1,??DataTable9_3
   \   00000070   0x7408             STRB     R0,[R1, #+16]
     55                      if(++Timer.Cnt_10ms == 4)           // 4 * 2.5 = 10 mSec
   \   00000072   0x.... 0x....      LDR.W    R0,??DataTable9_3
   \   00000076   0x7880             LDRB     R0,[R0, #+2]
   \   00000078   0x1C40             ADDS     R0,R0,#+1
   \   0000007A   0x.... 0x....      LDR.W    R1,??DataTable9_3
   \   0000007E   0x7088             STRB     R0,[R1, #+2]
   \   00000080   0x.... 0x....      LDR.W    R0,??DataTable9_3
   \   00000084   0x7880             LDRB     R0,[R0, #+2]
   \   00000086   0x2804             CMP      R0,#+4
   \   00000088   0xF040 0x80D9      BNE.W    ??TIM2_IRQHandler_0
     56                      {
     57                          Timer.Cnt_10ms = 0;
   \   0000008C   0x2000             MOVS     R0,#+0
   \   0000008E   0x.... 0x....      LDR.W    R1,??DataTable9_3
   \   00000092   0x7088             STRB     R0,[R1, #+2]
     58                          Read_Press_AIR_O2();
   \   00000094   0x.... 0x....      BL       Read_Press_AIR_O2
     59                          Start_Read_EXHflow(); 
   \   00000098   0x.... 0x....      BL       Start_Read_EXHflow
     60                          
     61                          Timer.Flg_10ms = TRUE;//-------------------------------
   \   0000009C   0x2001             MOVS     R0,#+1
   \   0000009E   0x.... 0x....      LDR.W    R1,??DataTable9_3
   \   000000A2   0x7448             STRB     R0,[R1, #+17]
     62                          if(++Timer.Cnt_20ms == 2)    // 2 * 10 = 20 mSec
   \   000000A4   0x.... 0x....      LDR.W    R0,??DataTable9_3
   \   000000A8   0x78C0             LDRB     R0,[R0, #+3]
   \   000000AA   0x1C40             ADDS     R0,R0,#+1
   \   000000AC   0x.... 0x....      LDR.W    R1,??DataTable9_3
   \   000000B0   0x70C8             STRB     R0,[R1, #+3]
   \   000000B2   0x.... 0x....      LDR.W    R0,??DataTable9_3
   \   000000B6   0x78C0             LDRB     R0,[R0, #+3]
   \   000000B8   0x2802             CMP      R0,#+2
   \   000000BA   0xD107             BNE.N    ??TIM2_IRQHandler_2
     63                          {                    
     64                              Timer.Cnt_20ms = 0;
   \   000000BC   0x2000             MOVS     R0,#+0
   \   000000BE   0x.... 0x....      LDR.W    R1,??DataTable9_3
   \   000000C2   0x70C8             STRB     R0,[R1, #+3]
     65                              Timer.Flg_20ms	= TRUE;//--------------------------
   \   000000C4   0x2001             MOVS     R0,#+1
   \   000000C6   0x.... 0x....      LDR.W    R1,??DataTable9_3
   \   000000CA   0x7488             STRB     R0,[R1, #+18]
     66                          }
     67                          if(++Timer.Cnt_50ms == 5)         // 5 * 10 = 50 mSec
   \                     ??TIM2_IRQHandler_2: (+1)
   \   000000CC   0x.... 0x....      LDR.W    R0,??DataTable9_3
   \   000000D0   0x7900             LDRB     R0,[R0, #+4]
   \   000000D2   0x1C40             ADDS     R0,R0,#+1
   \   000000D4   0x.... 0x....      LDR.W    R1,??DataTable9_3
   \   000000D8   0x7108             STRB     R0,[R1, #+4]
   \   000000DA   0x.... 0x....      LDR.W    R0,??DataTable9_3
   \   000000DE   0x7900             LDRB     R0,[R0, #+4]
   \   000000E0   0x2805             CMP      R0,#+5
   \   000000E2   0xF040 0x80AC      BNE.W    ??TIM2_IRQHandler_0
     68                          {
     69                              Timer.Cnt_50ms = 0;	
   \   000000E6   0x2000             MOVS     R0,#+0
   \   000000E8   0x.... 0x....      LDR.W    R1,??DataTable9_3
   \   000000EC   0x7108             STRB     R0,[R1, #+4]
     70                              Timer.Flg_50ms = TRUE;//-------------------------------
   \   000000EE   0x2001             MOVS     R0,#+1
   \   000000F0   0x.... 0x....      LDR.W    R1,??DataTable9_3
   \   000000F4   0x74C8             STRB     R0,[R1, #+19]
     71                              if(++Timer.Cnt_100ms == 2)      // 2 * 50 = 100 mSec
   \   000000F6   0x.... 0x....      LDR.W    R0,??DataTable9_3
   \   000000FA   0x7940             LDRB     R0,[R0, #+5]
   \   000000FC   0x1C40             ADDS     R0,R0,#+1
   \   000000FE   0x.... 0x....      LDR.W    R1,??DataTable9_3
   \   00000102   0x7148             STRB     R0,[R1, #+5]
   \   00000104   0x.... 0x....      LDR.W    R0,??DataTable9_3
   \   00000108   0x7940             LDRB     R0,[R0, #+5]
   \   0000010A   0x2802             CMP      R0,#+2
   \   0000010C   0xF040 0x8097      BNE.W    ??TIM2_IRQHandler_0
     72                              {
     73                                  Timer.Cnt_100ms = 0;
   \   00000110   0x2000             MOVS     R0,#+0
   \   00000112   0x.... 0x....      LDR.W    R1,??DataTable9_3
   \   00000116   0x7148             STRB     R0,[R1, #+5]
     74                                  Timer.Flg_100ms	= TRUE;//----------------------------
   \   00000118   0x2001             MOVS     R0,#+1
   \   0000011A   0x.... 0x....      LDR.W    R1,??DataTable9_3
   \   0000011E   0x7508             STRB     R0,[R1, #+20]
     75                                  if(++Timer.Cnt_200ms == 2)    // 2 * 100 = 200 mSec
   \   00000120   0x.... 0x....      LDR.W    R0,??DataTable9_3
   \   00000124   0x7980             LDRB     R0,[R0, #+6]
   \   00000126   0x1C40             ADDS     R0,R0,#+1
   \   00000128   0x.... 0x....      LDR.W    R1,??DataTable9_3
   \   0000012C   0x7188             STRB     R0,[R1, #+6]
   \   0000012E   0x.... 0x....      LDR.W    R0,??DataTable9_3
   \   00000132   0x7980             LDRB     R0,[R0, #+6]
   \   00000134   0x2802             CMP      R0,#+2
   \   00000136   0xD107             BNE.N    ??TIM2_IRQHandler_3
     76                                  {
     77                                      Timer.Cnt_200ms = 0;
   \   00000138   0x2000             MOVS     R0,#+0
   \   0000013A   0x.... 0x....      LDR.W    R1,??DataTable9_3
   \   0000013E   0x7188             STRB     R0,[R1, #+6]
     78                                      Timer.Flg_200ms	= TRUE;//--------------------------
   \   00000140   0x2001             MOVS     R0,#+1
   \   00000142   0x.... 0x....      LDR.W    R1,??DataTable9_3
   \   00000146   0x7548             STRB     R0,[R1, #+21]
     79                                  }
     80                                  if(++Timer.Cnt_500ms == 5)    // 5 * 100 = 500 mSec
   \                     ??TIM2_IRQHandler_3: (+1)
   \   00000148   0x.... 0x....      LDR.W    R0,??DataTable9_3
   \   0000014C   0x79C0             LDRB     R0,[R0, #+7]
   \   0000014E   0x1C40             ADDS     R0,R0,#+1
   \   00000150   0x.... 0x....      LDR.W    R1,??DataTable9_3
   \   00000154   0x71C8             STRB     R0,[R1, #+7]
   \   00000156   0x.... 0x....      LDR.W    R0,??DataTable9_3
   \   0000015A   0x79C0             LDRB     R0,[R0, #+7]
   \   0000015C   0x2805             CMP      R0,#+5
   \   0000015E   0xD16E             BNE.N    ??TIM2_IRQHandler_0
     81                                  {
     82                                      Timer.Cnt_500ms = 0;
   \   00000160   0x2000             MOVS     R0,#+0
   \   00000162   0x.... 0x....      LDR.W    R1,??DataTable9_3
   \   00000166   0x71C8             STRB     R0,[R1, #+7]
     83                                      if( (Timer.Cnt_Buzzer == 0xB1) )
   \   00000168   0x.... 0x....      LDR.W    R0,??DataTable9_3
   \   0000016C   0x8940             LDRH     R0,[R0, #+10]
   \   0000016E   0x28B1             CMP      R0,#+177
   \   00000170   0xD10E             BNE.N    ??TIM2_IRQHandler_4
     84                                      {
     85                                          GPIO_ToggleBits(BUZZ_PORT, EN_BUZZ_PIN);
   \   00000172   0x2104             MOVS     R1,#+4
   \   00000174   0x.... 0x....      LDR.W    R0,??DataTable9_4  ;; 0x40021000
   \   00000178   0x.... 0x....      BL       GPIO_ToggleBits
     86                                          Timer.Cnt_Buzzer = 0xB2;
   \   0000017C   0x20B2             MOVS     R0,#+178
   \   0000017E   0x.... 0x....      LDR.W    R1,??DataTable9_3
   \   00000182   0x8148             STRH     R0,[R1, #+10]
     87                                          GPIO_ToggleBits(BUZZ_PORT, EN_BUZZ_PIN);
   \   00000184   0x2104             MOVS     R1,#+4
   \   00000186   0x.... 0x....      LDR.W    R0,??DataTable9_4  ;; 0x40021000
   \   0000018A   0x.... 0x....      BL       GPIO_ToggleBits
   \   0000018E   0xE012             B.N      ??TIM2_IRQHandler_5
     88                                      }
     89                                      else if( (Timer.Cnt_Buzzer == 0xB2) )
   \                     ??TIM2_IRQHandler_4: (+1)
   \   00000190   0x.... 0x....      LDR.W    R0,??DataTable9_3
   \   00000194   0x8940             LDRH     R0,[R0, #+10]
   \   00000196   0x28B2             CMP      R0,#+178
   \   00000198   0xD10D             BNE.N    ??TIM2_IRQHandler_5
     90                                      {
     91                                          GPIO_ToggleBits(BUZZ_PORT, RST_BUZZ_PIN);
   \   0000019A   0x2108             MOVS     R1,#+8
   \   0000019C   0x.... 0x....      LDR.W    R0,??DataTable9_4  ;; 0x40021000
   \   000001A0   0x.... 0x....      BL       GPIO_ToggleBits
     92                                          Timer.Cnt_Buzzer = 0xB1;
   \   000001A4   0x20B1             MOVS     R0,#+177
   \   000001A6   0x.... 0x....      LDR.W    R1,??DataTable9_3
   \   000001AA   0x8148             STRH     R0,[R1, #+10]
     93                                          GPIO_ToggleBits(BUZZ_PORT, RST_BUZZ_PIN);
   \   000001AC   0x2108             MOVS     R1,#+8
   \   000001AE   0x.... 0x....      LDR.W    R0,??DataTable9_4  ;; 0x40021000
   \   000001B2   0x.... 0x....      BL       GPIO_ToggleBits
     94                                      }
     95                                      Timer.Flg_500ms	= TRUE;//--------------------------
   \                     ??TIM2_IRQHandler_5: (+1)
   \   000001B6   0x2001             MOVS     R0,#+1
   \   000001B8   0x.... 0x....      LDR.W    R1,??DataTable9_3
   \   000001BC   0x7588             STRB     R0,[R1, #+22]
     96                                      if(++Timer.Cnt_1sec == 2)   // 2 * 500 = 1000 mSec
   \   000001BE   0x.... 0x....      LDR.W    R0,??DataTable9_3
   \   000001C2   0x7A00             LDRB     R0,[R0, #+8]
   \   000001C4   0x1C40             ADDS     R0,R0,#+1
   \   000001C6   0x.... 0x....      LDR.W    R1,??DataTable9_3
   \   000001CA   0x7208             STRB     R0,[R1, #+8]
   \   000001CC   0x.... 0x....      LDR.W    R0,??DataTable9_3
   \   000001D0   0x7A00             LDRB     R0,[R0, #+8]
   \   000001D2   0x2802             CMP      R0,#+2
   \   000001D4   0xD133             BNE.N    ??TIM2_IRQHandler_0
     97                                      {																  //	1 	Sec			
     98                                          Timer.Cnt_1sec = 0;
   \   000001D6   0x2000             MOVS     R0,#+0
   \   000001D8   0x.... 0x....      LDR.W    R1,??DataTable9_3
   \   000001DC   0x7208             STRB     R0,[R1, #+8]
     99                                          Timer.Flg_1sec	= TRUE;//------------------------
   \   000001DE   0x2001             MOVS     R0,#+1
   \   000001E0   0x.... 0x....      LDR.W    R1,??DataTable9_3
   \   000001E4   0x75C8             STRB     R0,[R1, #+23]
    100                                          if(++Timer.Cnt_2sec == 2)   // 2 * 1000 = 2000 mSec
   \   000001E6   0x.... 0x....      LDR.W    R0,??DataTable9_3
   \   000001EA   0x7A40             LDRB     R0,[R0, #+9]
   \   000001EC   0x1C40             ADDS     R0,R0,#+1
   \   000001EE   0x.... 0x....      LDR.W    R1,??DataTable9_3
   \   000001F2   0x7248             STRB     R0,[R1, #+9]
   \   000001F4   0x.... 0x....      LDR.W    R0,??DataTable9_3
   \   000001F8   0x7A40             LDRB     R0,[R0, #+9]
   \   000001FA   0x2802             CMP      R0,#+2
   \   000001FC   0xD11F             BNE.N    ??TIM2_IRQHandler_0
    101                                          {
    102                                              Timer.Cnt_2sec = 0;
   \   000001FE   0x2000             MOVS     R0,#+0
   \   00000200   0x.... 0x....      LDR.W    R1,??DataTable9_3
   \   00000204   0x7248             STRB     R0,[R1, #+9]
    103                                              if(Timer.Enable_Buz >= 4)//ask mode : .5Sec ->DIS Buz
   \   00000206   0x.... 0x....      LDR.W    R0,??DataTable9_3
   \   0000020A   0x8980             LDRH     R0,[R0, #+12]
   \   0000020C   0x2804             CMP      R0,#+4
   \   0000020E   0xDB12             BLT.N    ??TIM2_IRQHandler_6
    104                                              {
    105                                                  Timer.Enable_Buz = 0;
   \   00000210   0x2000             MOVS     R0,#+0
   \   00000212   0x.... 0x....      LDR.W    R1,??DataTable9_3
   \   00000216   0x8188             STRH     R0,[R1, #+12]
    106                                                  GPIO_ToggleBits(BUZZ_PORT, RST_BUZZ_PIN);
   \   00000218   0x2108             MOVS     R1,#+8
   \   0000021A   0x.... 0x....      LDR.W    R0,??DataTable9_4  ;; 0x40021000
   \   0000021E   0x.... 0x....      BL       GPIO_ToggleBits
    107                                                  Timer.Cnt_Buzzer = 0xB3;
   \   00000222   0x20B3             MOVS     R0,#+179
   \   00000224   0x.... 0x....      LDR.W    R1,??DataTable9_3
   \   00000228   0x8148             STRH     R0,[R1, #+10]
    108                                                  GPIO_ToggleBits(BUZZ_PORT, RST_BUZZ_PIN);
   \   0000022A   0x2108             MOVS     R1,#+8
   \   0000022C   0x.... 0x....      LDR.W    R0,??DataTable9_4  ;; 0x40021000
   \   00000230   0x.... 0x....      BL       GPIO_ToggleBits
   \   00000234   0xE003             B.N      ??TIM2_IRQHandler_0
    109                                              }
    110                                              else
    111                                              {
    112                                                  Timer.Cnt_Buzzer = 0xB1; //->En Buz
   \                     ??TIM2_IRQHandler_6: (+1)
   \   00000236   0x20B1             MOVS     R0,#+177
   \   00000238   0x.... 0x....      LDR.W    R1,??DataTable9_3
   \   0000023C   0x8148             STRH     R0,[R1, #+10]
    113                                              }
    114                                          //Timer.Flg_2sec	= TRUE;//------------------------                           
    115                                          }//2Sec
    116                                      }//1sec
    117                                  }//500msec
    118                              }//100msec
    119                          }//50msec
    120                      }//10msec
    121                  }//2.5msec
    122              }//100usec
    123          }//Tim2
   \                     ??TIM2_IRQHandler_0: (+1)
   \   0000023E   0xBD01             POP      {R0,PC}          ;; return
    124          //--------------------------------------------------------------------

   \                                 In section .text, align 2, keep-with-next
    125          void USART1_IRQHandler(void)         /*  Connect to Mother Board  */
    126          {
   \                     USART1_IRQHandler: (+1)
   \   00000000   0xB580             PUSH     {R7,LR}
    127              //-------------------------< Recive >----------------------------
    128              if(USART_GetITStatus(MAINBOARD,USART_IT_RXNE))
   \   00000002   0xF240 0x5125      MOVW     R1,#+1317
   \   00000006   0x.... 0x....      LDR.W    R0,??DataTable9_5  ;; 0x40011000
   \   0000000A   0x.... 0x....      BL       USART_GetITStatus
   \   0000000E   0x2800             CMP      R0,#+0
   \   00000010   0xD04E             BEQ.N    ??USART1_IRQHandler_0
    129              {
    130                  USART_ClearITPendingBit(MAINBOARD,USART_IT_RXNE); 	// clear INT Bit   
   \   00000012   0xF240 0x5125      MOVW     R1,#+1317
   \   00000016   0x.... 0x....      LDR.W    R0,??DataTable9_5  ;; 0x40011000
   \   0000001A   0x.... 0x....      BL       USART_ClearITPendingBit
    131                  RCVData_MB.Buffer[RCVData_MB.Wr] = (u8)(MAINBOARD->DR & (u16)0x00FF);
   \   0000001E   0x.... 0x....      LDR.W    R0,??DataTable9_6  ;; 0x40011004
   \   00000022   0x8800             LDRH     R0,[R0, #+0]
   \   00000024   0x.... 0x....      LDR.W    R1,??DataTable9_7
   \   00000028   0x.... 0x....      LDR.W    R2,??DataTable9_7
   \   0000002C   0xF8B2 0x2190      LDRH     R2,[R2, #+400]
   \   00000030   0x5450             STRB     R0,[R2, R1]
    132                  INCREMENT_POINTER(RCVData_MB.Wr , RCVDATA_MB_LEN_BUFF);
   \   00000032   0x.... 0x....      LDR.W    R0,??DataTable9_7
   \   00000036   0xF8B0 0x0190      LDRH     R0,[R0, #+400]
   \   0000003A   0x1C40             ADDS     R0,R0,#+1
   \   0000003C   0x.... 0x....      LDR.W    R1,??DataTable9_7
   \   00000040   0xF8A1 0x0190      STRH     R0,[R1, #+400]
   \   00000044   0x.... 0x....      LDR.W    R0,??DataTable9_7
   \   00000048   0xF8B0 0x0190      LDRH     R0,[R0, #+400]
   \   0000004C   0xF5B0 0x7FC8      CMP      R0,#+400
   \   00000050   0xD109             BNE.N    ??USART1_IRQHandler_1
   \   00000052   0x2000             MOVS     R0,#+0
   \   00000054   0x.... 0x....      LDR.W    R1,??DataTable9_7
   \   00000058   0xF8A1 0x0190      STRH     R0,[R1, #+400]
   \   0000005C   0x.... 0x....      LDR.W    R0,??DataTable9_7
   \   00000060   0xF8B0 0x0190      LDRH     R0,[R0, #+400]
   \   00000064   0xE000             B.N      ??USART1_IRQHandler_2
   \                     ??USART1_IRQHandler_1: (+1)
   \   00000066   0x2000             MOVS     R0,#+0
    133                  RCV_MotherBoard_CheckPacket(RCVData_MB.Buffer[RCVData_MB.Rd]);
   \                     ??USART1_IRQHandler_2: (+1)
   \   00000068   0x.... 0x....      LDR.W    R0,??DataTable9_7
   \   0000006C   0x.... 0x....      LDR.W    R1,??DataTable9_7
   \   00000070   0xF8B1 0x1192      LDRH     R1,[R1, #+402]
   \   00000074   0x5C08             LDRB     R0,[R1, R0]
   \   00000076   0x.... 0x....      BL       RCV_MotherBoard_CheckPacket
    134                  INCREMENT_POINTER(RCVData_MB.Rd , RCVDATA_MB_LEN_BUFF);      
   \   0000007A   0x.... 0x....      LDR.W    R0,??DataTable9_7
   \   0000007E   0xF8B0 0x0192      LDRH     R0,[R0, #+402]
   \   00000082   0x1C40             ADDS     R0,R0,#+1
   \   00000084   0x.... 0x....      LDR.W    R1,??DataTable9_7
   \   00000088   0xF8A1 0x0192      STRH     R0,[R1, #+402]
   \   0000008C   0x.... 0x....      LDR.W    R0,??DataTable9_7
   \   00000090   0xF8B0 0x0192      LDRH     R0,[R0, #+402]
   \   00000094   0xF5B0 0x7FC8      CMP      R0,#+400
   \   00000098   0xD109             BNE.N    ??USART1_IRQHandler_3
   \   0000009A   0x2000             MOVS     R0,#+0
   \   0000009C   0x.... 0x....      LDR.W    R1,??DataTable9_7
   \   000000A0   0xF8A1 0x0192      STRH     R0,[R1, #+402]
   \   000000A4   0x.... 0x....      LDR.W    R0,??DataTable9_7
   \   000000A8   0xF8B0 0x0192      LDRH     R0,[R0, #+402]
   \   000000AC   0xE000             B.N      ??USART1_IRQHandler_0
   \                     ??USART1_IRQHandler_3: (+1)
   \   000000AE   0x2000             MOVS     R0,#+0
    135                  //GPIO_SetBits (BUZZER_PORT, BUZZER_PIN);   
    136              }
    137              //--------------------------< Send >-------  
    138              if(USART_GetITStatus(MAINBOARD,USART_IT_TXE))
   \                     ??USART1_IRQHandler_0: (+1)
   \   000000B0   0xF240 0x7127      MOVW     R1,#+1831
   \   000000B4   0x.... 0x....      LDR.W    R0,??DataTable9_5  ;; 0x40011000
   \   000000B8   0x.... 0x....      BL       USART_GetITStatus
   \   000000BC   0x2800             CMP      R0,#+0
   \   000000BE   0xD043             BEQ.N    ??USART1_IRQHandler_4
    139              {
    140                  USART_ClearITPendingBit(MAINBOARD,USART_IT_TXE); // clear INT Bit
   \   000000C0   0xF240 0x7127      MOVW     R1,#+1831
   \   000000C4   0x.... 0x....      LDR.W    R0,??DataTable9_5  ;; 0x40011000
   \   000000C8   0x.... 0x....      BL       USART_ClearITPendingBit
    141                  //----
    142                  if( SENDData_2MB.Wr != SENDData_2MB.Rd )
   \   000000CC   0x.... 0x....      LDR.W    R0,??DataTable9_8
   \   000000D0   0xF8B0 0x012C      LDRH     R0,[R0, #+300]
   \   000000D4   0x.... 0x....      LDR.W    R1,??DataTable9_8
   \   000000D8   0xF8B1 0x112E      LDRH     R1,[R1, #+302]
   \   000000DC   0x4288             CMP      R0,R1
   \   000000DE   0xD027             BEQ.N    ??USART1_IRQHandler_5
    143                  {
    144                      USART_SendData(MAINBOARD, SENDData_2MB.Buffer[SENDData_2MB.Rd]);    // send   
   \   000000E0   0x.... 0x....      LDR.W    R0,??DataTable9_8
   \   000000E4   0x.... 0x....      LDR.W    R1,??DataTable9_8
   \   000000E8   0xF8B1 0x112E      LDRH     R1,[R1, #+302]
   \   000000EC   0x5C09             LDRB     R1,[R1, R0]
   \   000000EE   0xB289             UXTH     R1,R1            ;; ZeroExt  R1,R1,#+16,#+16
   \   000000F0   0x.... 0x....      LDR.W    R0,??DataTable9_5  ;; 0x40011000
   \   000000F4   0x.... 0x....      BL       USART_SendData
    145                      INCREMENT_POINTER(SENDData_2MB.Rd , SENDDATA_2MB_LEN_BUFF);
   \   000000F8   0x.... 0x....      LDR.W    R0,??DataTable9_8
   \   000000FC   0xF8B0 0x012E      LDRH     R0,[R0, #+302]
   \   00000100   0x1C40             ADDS     R0,R0,#+1
   \   00000102   0x.... 0x....      LDR.W    R1,??DataTable9_8
   \   00000106   0xF8A1 0x012E      STRH     R0,[R1, #+302]
   \   0000010A   0x.... 0x....      LDR.W    R0,??DataTable9_8
   \   0000010E   0xF8B0 0x012E      LDRH     R0,[R0, #+302]
   \   00000112   0xF5B0 0x7F96      CMP      R0,#+300
   \   00000116   0xD109             BNE.N    ??USART1_IRQHandler_6
   \   00000118   0x2000             MOVS     R0,#+0
   \   0000011A   0x.... 0x....      LDR.W    R1,??DataTable9_8
   \   0000011E   0xF8A1 0x012E      STRH     R0,[R1, #+302]
   \   00000122   0x.... 0x....      LDR.W    R0,??DataTable9_8
   \   00000126   0xF8B0 0x012E      LDRH     R0,[R0, #+302]
   \   0000012A   0xE00D             B.N      ??USART1_IRQHandler_4
   \                     ??USART1_IRQHandler_6: (+1)
   \   0000012C   0x2000             MOVS     R0,#+0
   \   0000012E   0xE00B             B.N      ??USART1_IRQHandler_4
    146                  }
    147                  else    
    148                  {
    149                      SENDData_2MB.Flg_Sending = DISABLE;
   \                     ??USART1_IRQHandler_5: (+1)
   \   00000130   0x2000             MOVS     R0,#+0
   \   00000132   0x.... 0x....      LDR.W    R1,??DataTable9_8
   \   00000136   0xF881 0x0130      STRB     R0,[R1, #+304]
    150                      USART_ITConfig(MAINBOARD,USART_IT_TXE,DISABLE);
   \   0000013A   0x2200             MOVS     R2,#+0
   \   0000013C   0xF240 0x7127      MOVW     R1,#+1831
   \   00000140   0x.... 0x....      LDR.W    R0,??DataTable9_5  ;; 0x40011000
   \   00000144   0x.... 0x....      BL       USART_ITConfig
    151                  }			
    152              } 
    153          }
   \                     ??USART1_IRQHandler_4: (+1)
   \   00000148   0xBD01             POP      {R0,PC}          ;; return
    154          //-----------------------------------------------------------------------------

   \                                 In section .text, align 2, keep-with-next
    155          void USART3_IRQHandler(void)
    156          {
   \                     USART3_IRQHandler: (+1)
   \   00000000   0xB580             PUSH     {R7,LR}
    157              if(USART_GetITStatus(SAMBOARD,USART_IT_TXE))// clear INT Bit
   \   00000002   0xF240 0x7127      MOVW     R1,#+1831
   \   00000006   0x.... 0x....      LDR.W    R0,??DataTable9_9  ;; 0x40004800
   \   0000000A   0x.... 0x....      BL       USART_GetITStatus
   \   0000000E   0x2800             CMP      R0,#+0
   \   00000010   0xD002             BEQ.N    ??USART3_IRQHandler_0
    158              {
    159                  SendCOM2(1);
   \   00000012   0x2001             MOVS     R0,#+1
   \   00000014   0x.... 0x....      BL       SendCOM2
    160              }
    161          }
   \                     ??USART3_IRQHandler_0: (+1)
   \   00000018   0xBD01             POP      {R0,PC}          ;; return
    162          //===============================================================================>>     
    163          //------------------------------------------------------

   \                                 In section .text, align 2, keep-with-next
    164          void SPI1_IRQHandler (void)	// Press Sensor - [HoneyWell Co.] - Air,O2
    165          { 
   \                     SPI1_IRQHandler: (+1)
   \   00000000   0xB580             PUSH     {R7,LR}
    166              if(SPI_I2S_GetITStatus(PRESS_AIRO2, SPI_IT_RXNE))
   \   00000002   0x2160             MOVS     R1,#+96
   \   00000004   0x.... 0x....      LDR.W    R0,??DataTable9_10  ;; 0x40013000
   \   00000008   0x.... 0x....      BL       SPI_I2S_GetITStatus
   \   0000000C   0x2800             CMP      R0,#+0
   \   0000000E   0xD006             BEQ.N    ??SPI1_IRQHandler_0
    167              {
    168                  SPI_I2S_ClearITPendingBit(PRESS_AIRO2, SPI_IT_RXNE);// clear INT Bit
   \   00000010   0x2160             MOVS     R1,#+96
   \   00000012   0x.... 0x....      LDR.W    R0,??DataTable9_10  ;; 0x40013000
   \   00000016   0x.... 0x....      BL       SPI_I2S_ClearITPendingBit
    169                  Read_Press_AIR_O2();
   \   0000001A   0x.... 0x....      BL       Read_Press_AIR_O2
    170              }
    171          }
   \                     ??SPI1_IRQHandler_0: (+1)
   \   0000001E   0xBD01             POP      {R0,PC}          ;; return
    172          //------------------------------------------------------

   \                                 In section .text, align 2, keep-with-next
    173          void SPI2_IRQHandler (void)	// EXTERNAL A2D
    174          { 
   \                     SPI2_IRQHandler: (+1)
   \   00000000   0xB580             PUSH     {R7,LR}
    175              if(SPI_I2S_GetITStatus(A2D_EXT,SPI_IT_RXNE))
   \   00000002   0x2160             MOVS     R1,#+96
   \   00000004   0x.... 0x....      LDR.W    R0,??DataTable9_11  ;; 0x40003800
   \   00000008   0x.... 0x....      BL       SPI_I2S_GetITStatus
   \   0000000C   0x2800             CMP      R0,#+0
   \   0000000E   0xD006             BEQ.N    ??SPI2_IRQHandler_0
    176              {
    177                  SPI_I2S_ClearITPendingBit(A2D_EXT, SPI_IT_RXNE);// clear INT Bit
   \   00000010   0x2160             MOVS     R1,#+96
   \   00000012   0x.... 0x....      LDR.W    R0,??DataTable9_11  ;; 0x40003800
   \   00000016   0x.... 0x....      BL       SPI_I2S_ClearITPendingBit
    178                  A2DExt_Service();    
   \   0000001A   0x.... 0x....      BL       A2DExt_Service
    179              }  
    180          }
   \                     ??SPI2_IRQHandler_0: (+1)
   \   0000001E   0xBD01             POP      {R0,PC}          ;; return
    181          //------------------------------------------------------

   \                                 In section .text, align 2, keep-with-next
    182          void SPI3_IRQHandler (void)		// Press Sensor - [HoneyWell Co.] INH,EXH
    183          {
   \                     SPI3_IRQHandler: (+1)
   \   00000000   0xB580             PUSH     {R7,LR}
    184              if(SPI_I2S_GetITStatus(PRESS_INHEXH,SPI_IT_RXNE))
   \   00000002   0x2160             MOVS     R1,#+96
   \   00000004   0x.... 0x....      LDR.W    R0,??DataTable9_12  ;; 0x40003c00
   \   00000008   0x.... 0x....      BL       SPI_I2S_GetITStatus
   \   0000000C   0x2800             CMP      R0,#+0
   \   0000000E   0xD006             BEQ.N    ??SPI3_IRQHandler_0
    185              {
    186                  SPI_I2S_ClearITPendingBit(PRESS_INHEXH, SPI_IT_RXNE);// clear INT Bit
   \   00000010   0x2160             MOVS     R1,#+96
   \   00000012   0x.... 0x....      LDR.W    R0,??DataTable9_12  ;; 0x40003c00
   \   00000016   0x.... 0x....      BL       SPI_I2S_ClearITPendingBit
    187                  Read_Press_INH_EXH();
   \   0000001A   0x.... 0x....      BL       Read_Press_INH_EXH
    188              } 
    189          }
   \                     ??SPI3_IRQHandler_0: (+1)
   \   0000001E   0xBD01             POP      {R0,PC}          ;; return
    190          //===============================================================================>>

   \                                 In section .text, align 2, keep-with-next
    191          void USART2_IRQHandler(void)         /*  Connect to EXH Flow  */		
    192          {      
   \                     USART2_IRQHandler: (+1)
   \   00000000   0xB580             PUSH     {R7,LR}
    193              if(USART_GetITStatus(EXHFLOW,USART_IT_RXNE))
   \   00000002   0xF240 0x5125      MOVW     R1,#+1317
   \   00000006   0x.... 0x....      LDR.W    R0,??DataTable9_13  ;; 0x40004400
   \   0000000A   0x.... 0x....      BL       USART_GetITStatus
   \   0000000E   0x2800             CMP      R0,#+0
   \   00000010   0xD00B             BEQ.N    ??USART2_IRQHandler_0
    194              {
    195                  USART_ClearITPendingBit(EXHFLOW,USART_IT_RXNE);// clear INT Bit
   \   00000012   0xF240 0x5125      MOVW     R1,#+1317
   \   00000016   0x.... 0x....      LDR.W    R0,??DataTable9_13  ;; 0x40004400
   \   0000001A   0x.... 0x....      BL       USART_ClearITPendingBit
    196                  EXH_RCV_Data((u8)((EXHFLOW->DR & (u16)0x00FF) ));        
   \   0000001E   0x.... 0x....      LDR.W    R0,??DataTable9_14  ;; 0x40004404
   \   00000022   0x8800             LDRH     R0,[R0, #+0]
   \   00000024   0xB2C0             UXTB     R0,R0            ;; ZeroExt  R0,R0,#+24,#+24
   \   00000026   0x.... 0x....      BL       EXH_RCV_Data
    197                  //------------
    198              } //IRQ 
    199          }
   \                     ??USART2_IRQHandler_0: (+1)
   \   0000002A   0xBD01             POP      {R0,PC}          ;; return
    200          //-------------------------------------------------

   \                                 In section .text, align 2, keep-with-next
    201          void TIM8_UP_TIM13_IRQHandler(void) // 
    202          {    
   \                     TIM8_UP_TIM13_IRQHandler: (+1)
   \   00000000   0xB580             PUSH     {R7,LR}
    203              if (TIM_GetITStatus(TIM8, TIM_IT_Update) )
   \   00000002   0x2101             MOVS     R1,#+1
   \   00000004   0x.... 0x....      LDR.W    R0,??DataTable9_15  ;; 0x40010400
   \   00000008   0x.... 0x....      BL       TIM_GetITStatus
   \   0000000C   0x2800             CMP      R0,#+0
   \   0000000E   0xD046             BEQ.N    ??TIM8_UP_TIM13_IRQHandler_0
    204              {    
    205                  Flow_TSI_Service(AIR); // calculation Flow
   \   00000010   0x2000             MOVS     R0,#+0
   \   00000012   0x.... 0x....      BL       Flow_TSI_Service
    206                  Flow_TSI_Service(O2);  // calculation Flow
   \   00000016   0x2001             MOVS     R0,#+1
   \   00000018   0x.... 0x....      BL       Flow_TSI_Service
    207                  SendCOM2(0);
   \   0000001C   0x2000             MOVS     R0,#+0
   \   0000001E   0x.... 0x....      BL       SendCOM2
    208                  Algorithm_Service();    // run  algotithm
   \   00000022   0x.... 0x....      BL       Algorithm_Service
    209                  
    210                  /*---> update valves  */
    211                  Command_Actuator (_INH , Actuator.INH);
   \   00000026   0x.... 0x....      LDR.W    R0,??DataTable9_16
   \   0000002A   0x8801             LDRH     R1,[R0, #+0]
   \   0000002C   0x2002             MOVS     R0,#+2
   \   0000002E   0x.... 0x....      BL       Command_Actuator
    212                  Command_Actuator (_AIR , Actuator.Air);
   \   00000032   0x.... 0x....      LDR.W    R0,??DataTable9_16
   \   00000036   0x8881             LDRH     R1,[R0, #+4]
   \   00000038   0x2000             MOVS     R0,#+0
   \   0000003A   0x.... 0x....      BL       Command_Actuator
    213                  Command_Actuator (_O2  , Actuator.o2);
   \   0000003E   0x.... 0x....      LDR.W    R0,??DataTable9_16
   \   00000042   0x88C1             LDRH     R1,[R0, #+6]
   \   00000044   0x2001             MOVS     R0,#+1
   \   00000046   0x.... 0x....      BL       Command_Actuator
    214                  Command_Actuator (_EXH , Actuator.EXH);
   \   0000004A   0x.... 0x....      LDR.W    R0,??DataTable9_16
   \   0000004E   0x8841             LDRH     R1,[R0, #+2]
   \   00000050   0x2003             MOVS     R0,#+3
   \   00000052   0x.... 0x....      BL       Command_Actuator
    215                  Command_Actuator (_HEATER , Actuator.Heater);
   \   00000056   0x.... 0x....      LDR.W    R0,??DataTable9_16
   \   0000005A   0x8901             LDRH     R1,[R0, #+8]
   \   0000005C   0x2004             MOVS     R0,#+4
   \   0000005E   0x.... 0x....      BL       Command_Actuator
    216                  Command_Actuator (_NEBULIZER , Actuator.Nebulizer);
   \   00000062   0x.... 0x....      LDR.W    R0,??DataTable9_16
   \   00000066   0x8941             LDRH     R1,[R0, #+10]
   \   00000068   0x2005             MOVS     R0,#+5
   \   0000006A   0x.... 0x....      BL       Command_Actuator
    217                  
    218                  //------- EXH AUTO ZERO HANDLING -------
    219                  
    220                  if(Actuator.AUTOZERO_REQUEST == 10)
   \   0000006E   0x.... 0x....      LDR.W    R0,??DataTable9_16
   \   00000072   0x7B00             LDRB     R0,[R0, #+12]
   \   00000074   0x280A             CMP      R0,#+10
   \   00000076   0xD106             BNE.N    ??TIM8_UP_TIM13_IRQHandler_1
    221                  {  
    222                      Actuator.AUTOZERO_REQUEST = 50 ;
   \   00000078   0x2032             MOVS     R0,#+50
   \   0000007A   0x.... 0x....      LDR.W    R1,??DataTable9_16
   \   0000007E   0x7308             STRB     R0,[R1, #+12]
    223                      Req_ZeroingMB(ENABLE);
   \   00000080   0x2001             MOVS     R0,#+1
   \   00000082   0x.... 0x....      BL       Req_ZeroingMB
    224                  }
    225                  //------------ INS EXH TTL ---------------------------  
    226                  InsExh_TTL ( Actuator.InsExhTTL );
   \                     ??TIM8_UP_TIM13_IRQHandler_1: (+1)
   \   00000086   0x.... 0x....      LDR.W    R0,??DataTable9_16
   \   0000008A   0x7B40             LDRB     R0,[R0, #+13]
   \   0000008C   0x.... 0x....      BL       InsExh_TTL
    227                  
    228                  //--------------------------------------- 
    229                  /*---> end  */
    230                  
    231                  SENDRCV_MotherBoard_DataProcess();
   \   00000090   0x.... 0x....      BL       SENDRCV_MotherBoard_DataProcess
    232                  
    233                  /*---> end Intrrupt  */
    234                  TIM_ClearITPendingBit(TIM8, TIM_IT_Update);
   \   00000094   0x2101             MOVS     R1,#+1
   \   00000096   0x.... 0x....      LDR.W    R0,??DataTable9_15  ;; 0x40010400
   \   0000009A   0x.... 0x....      BL       TIM_ClearITPendingBit
    235              }
    236          }
   \                     ??TIM8_UP_TIM13_IRQHandler_0: (+1)
   \   0000009E   0xBD01             POP      {R0,PC}          ;; return
    237          //------------------------------------------------------------------------------

   \                                 In section .text, align 2, keep-with-next
    238          void  InsExh_TTL ( u8 NEW_InsExhTTL )
    239          {
   \                     InsExh_TTL: (+1)
   \   00000000   0xB510             PUSH     {R4,LR}
   \   00000002   0x0004             MOVS     R4,R0
    240              static u8     Last_InsExhTTL = 0 ,EXHDELAY_TTL_ = 0 , INSDELAY_TTL_ = 0;
    241              
    242              if(NEW_InsExhTTL != Last_InsExhTTL)
   \   00000004   0x.... 0x....      LDR.W    R0,??DataTable9_17
   \   00000008   0x7800             LDRB     R0,[R0, #+0]
   \   0000000A   0xB2E4             UXTB     R4,R4            ;; ZeroExt  R4,R4,#+24,#+24
   \   0000000C   0x4284             CMP      R4,R0
   \   0000000E   0xD02C             BEQ.N    ??InsExh_TTL_0
    243              {
    244                  if(NEW_InsExhTTL)
   \   00000010   0xB2E4             UXTB     R4,R4            ;; ZeroExt  R4,R4,#+24,#+24
   \   00000012   0x2C00             CMP      R4,#+0
   \   00000014   0xD014             BEQ.N    ??InsExh_TTL_1
    245                  {
    246                      if(!(--INSDELAY_TTL_)) // check Delay
   \   00000016   0x.... 0x....      LDR.W    R0,??DataTable9_18
   \   0000001A   0x7800             LDRB     R0,[R0, #+0]
   \   0000001C   0x1E40             SUBS     R0,R0,#+1
   \   0000001E   0x.... 0x....      LDR.W    R1,??DataTable9_18
   \   00000022   0x7008             STRB     R0,[R1, #+0]
   \   00000024   0x.... 0x....      LDR.W    R0,??DataTable9_18
   \   00000028   0x7800             LDRB     R0,[R0, #+0]
   \   0000002A   0x2800             CMP      R0,#+0
   \   0000002C   0xD125             BNE.N    ??InsExh_TTL_2
    247                      {
    248                          GPIO_SetBits (INSEXHTTL_PORT, INSEXHTTL_PIN); 
   \   0000002E   0x2102             MOVS     R1,#+2
   \   00000030   0x.... 0x....      LDR.W    R0,??DataTable9_4  ;; 0x40021000
   \   00000034   0x.... 0x....      BL       GPIO_SetBits
    249                          //GPIO_SetBits (LED2_PORT, LED2_PIN);
    250                          Last_InsExhTTL = NEW_InsExhTTL;
   \   00000038   0x.... 0x....      LDR.W    R0,??DataTable9_17
   \   0000003C   0x7004             STRB     R4,[R0, #+0]
   \   0000003E   0xE01C             B.N      ??InsExh_TTL_2
    251                      }
    252                  }
    253                  else
    254                  {
    255                      if(!(--EXHDELAY_TTL_)) // check Delay
   \                     ??InsExh_TTL_1: (+1)
   \   00000040   0x.... 0x....      LDR.W    R0,??DataTable9_19
   \   00000044   0x7800             LDRB     R0,[R0, #+0]
   \   00000046   0x1E40             SUBS     R0,R0,#+1
   \   00000048   0x.... 0x....      LDR.W    R1,??DataTable9_19
   \   0000004C   0x7008             STRB     R0,[R1, #+0]
   \   0000004E   0x.... 0x....      LDR.W    R0,??DataTable9_19
   \   00000052   0x7800             LDRB     R0,[R0, #+0]
   \   00000054   0x2800             CMP      R0,#+0
   \   00000056   0xD110             BNE.N    ??InsExh_TTL_2
    256                      {
    257                          GPIO_ResetBits (INSEXHTTL_PORT, INSEXHTTL_PIN); 
   \   00000058   0x2102             MOVS     R1,#+2
   \   0000005A   0x.... 0x....      LDR.W    R0,??DataTable9_4  ;; 0x40021000
   \   0000005E   0x.... 0x....      BL       GPIO_ResetBits
    258                          //GPIO_ResetBits (LED2_PORT, LED2_PIN);
    259                          Last_InsExhTTL = NEW_InsExhTTL ;
   \   00000062   0x.... 0x....      LDR.W    R0,??DataTable9_17
   \   00000066   0x7004             STRB     R4,[R0, #+0]
   \   00000068   0xE007             B.N      ??InsExh_TTL_2
    260                      }
    261                  }
    262              }
    263              else
    264              {
    265                  INSDELAY_TTL_ = INSDELAY_TTL ; // reset delay 
   \                     ??InsExh_TTL_0: (+1)
   \   0000006A   0x2001             MOVS     R0,#+1
   \   0000006C   0x.... 0x....      LDR.W    R1,??DataTable9_18
   \   00000070   0x7008             STRB     R0,[R1, #+0]
    266                  EXHDELAY_TTL_ = EXHDELAY_TTL ; // reset delay 
   \   00000072   0x200B             MOVS     R0,#+11
   \   00000074   0x.... 0x....      LDR.W    R1,??DataTable9_19
   \   00000078   0x7008             STRB     R0,[R1, #+0]
    267              }
    268              
    269          }
   \                     ??InsExh_TTL_2: (+1)
   \   0000007A   0xBD10             POP      {R4,PC}          ;; return

   \                                 In section .bss, align 1
   \                     ??Last_InsExhTTL:
   \   00000000                      DS8 1

   \                                 In section .bss, align 1
   \                     ??EXHDELAY_TTL_:
   \   00000000                      DS8 1

   \                                 In section .bss, align 1
   \                     ??INSDELAY_TTL_:
   \   00000000                      DS8 1
    270          //------------------------------------------------------------------------------

   \                                 In section .text, align 2, keep-with-next
    271          void CHeck_Voltage(void)
    272          {
   \                     CHeck_Voltage: (+1)
   \   00000000   0xB43E             PUSH     {R1-R5}
    273          #define         LOWLIMIT_24V    22
    274          #define         HIGHLIMIT_24V   25
    275          #define         LOWLIMIT_6V     22
    276          #define         HIGHLIMIT_6V    25
    277          #define         LOWLIMIT_5V     22
    278          #define         HIGHLIMIT_5V    25
    279          #define         LOWLIMIT_R5V    22
    280          #define         HIGHLIMIT_R5V   25
    281          #define         LOWLIMIT_3M3    22
    282          #define         HIGHLIMIT_3V3   25
    283              
    284          #define         SAMPLE_24v      0
    285          #define         SAMPLE_6v       1
    286          #define         SAMPLE_5v       2
    287          #define         SAMPLE_R5v      3
    288          #define         SAMPLE_3v3      4
    289          #define         LowCNT          0
    290          #define         HighCNT         1
    291          #define         LowResetCNT     2
    292          #define         HighResetCNT    3    
    293              
    294              static  u8  Checking[5][4]; 
    295              u8          Sample = 0;
   \   00000002   0x2000             MOVS     R0,#+0
    296              u16         voltage[5]={VA2dExt_Data.SVin, 123, VA2dExt_Data.SVcc, 123, VA2dExt_Data.S3V3};
   \   00000004   0xA900             ADD      R1,SP,#+0
   \   00000006   0x.... 0x....      LDR.W    R2,??DataTable9_20
   \   0000000A   0xCA38             LDM      R2!,{R3-R5}
   \   0000000C   0xC138             STM      R1!,{R3-R5}
   \   0000000E   0x3A0C             SUBS     R2,R2,#+12
   \   00000010   0x390C             SUBS     R1,R1,#+12
   \   00000012   0x.... 0x....      LDR.W    R1,??DataTable9_21
   \   00000016   0x8B89             LDRH     R1,[R1, #+28]
   \   00000018   0xF8AD 0x1000      STRH     R1,[SP, #+0]
   \   0000001C   0x.... 0x....      LDR.W    R1,??DataTable9_21
   \   00000020   0x8B49             LDRH     R1,[R1, #+26]
   \   00000022   0xF8AD 0x1004      STRH     R1,[SP, #+4]
   \   00000026   0x.... 0x....      LDR.W    R1,??DataTable9_21
   \   0000002A   0x89C9             LDRH     R1,[R1, #+14]
   \   0000002C   0xF8AD 0x1008      STRH     R1,[SP, #+8]
    297              
    298              //=======================  ========================
    299              for(Sample = 0; Sample < 5; Sample++)
   \   00000030   0x2100             MOVS     R1,#+0
   \   00000032   0x0008             MOVS     R0,R1
   \                     ??CHeck_Voltage_0: (+1)
   \   00000034   0xB2C0             UXTB     R0,R0            ;; ZeroExt  R0,R0,#+24,#+24
   \   00000036   0x2805             CMP      R0,#+5
   \   00000038   0xF280 0x817C      BGE.W    ??CHeck_Voltage_1
    300              {
    301                  if(( voltage[Sample] >= LOWLIMIT_24V )&&( voltage[Sample] <= HIGHLIMIT_24V))
   \   0000003C   0xA900             ADD      R1,SP,#+0
   \   0000003E   0xB2C0             UXTB     R0,R0            ;; ZeroExt  R0,R0,#+24,#+24
   \   00000040   0xF831 0x1010      LDRH     R1,[R1, R0, LSL #+1]
   \   00000044   0x2916             CMP      R1,#+22
   \   00000046   0xF2C0 0x80C1      BLT.W    ??CHeck_Voltage_2
   \   0000004A   0xA900             ADD      R1,SP,#+0
   \   0000004C   0xB2C0             UXTB     R0,R0            ;; ZeroExt  R0,R0,#+24,#+24
   \   0000004E   0xF831 0x1010      LDRH     R1,[R1, R0, LSL #+1]
   \   00000052   0x291A             CMP      R1,#+26
   \   00000054   0xF280 0x80BA      BGE.W    ??CHeck_Voltage_2
    302                  {
    303                      if(DATA_Sensors.HWErr.LOWLIMIT_24)
   \   00000058   0x.... 0x....      LDR.W    R1,??DataTable9_22
   \   0000005C   0x7C49             LDRB     R1,[R1, #+17]
   \   0000005E   0x07C9             LSLS     R1,R1,#+31
   \   00000060   0xD551             BPL.N    ??CHeck_Voltage_3
    304                      {
    305                          if(++Checking[Sample][LowResetCNT] == 50)
   \   00000062   0x.... 0x....      LDR.W    R1,??DataTable9_23
   \   00000066   0xB2C0             UXTB     R0,R0            ;; ZeroExt  R0,R0,#+24,#+24
   \   00000068   0xEB11 0x0180      ADDS     R1,R1,R0, LSL #+2
   \   0000006C   0x7889             LDRB     R1,[R1, #+2]
   \   0000006E   0x1C49             ADDS     R1,R1,#+1
   \   00000070   0x.... 0x....      LDR.W    R2,??DataTable9_23
   \   00000074   0xB2C0             UXTB     R0,R0            ;; ZeroExt  R0,R0,#+24,#+24
   \   00000076   0xEB12 0x0280      ADDS     R2,R2,R0, LSL #+2
   \   0000007A   0x7091             STRB     R1,[R2, #+2]
   \   0000007C   0x.... 0x....      LDR.W    R1,??DataTable9_23
   \   00000080   0xB2C0             UXTB     R0,R0            ;; ZeroExt  R0,R0,#+24,#+24
   \   00000082   0xEB11 0x0180      ADDS     R1,R1,R0, LSL #+2
   \   00000086   0x7889             LDRB     R1,[R1, #+2]
   \   00000088   0x2932             CMP      R1,#+50
   \   0000008A   0xD141             BNE.N    ??CHeck_Voltage_4
    306                          {
    307                              switch(Sample)
   \   0000008C   0xB2C0             UXTB     R0,R0            ;; ZeroExt  R0,R0,#+24,#+24
   \   0000008E   0x2800             CMP      R0,#+0
   \   00000090   0xD006             BEQ.N    ??CHeck_Voltage_5
   \   00000092   0x2802             CMP      R0,#+2
   \   00000094   0xD016             BEQ.N    ??CHeck_Voltage_6
   \   00000096   0xD30C             BCC.N    ??CHeck_Voltage_7
   \   00000098   0x2804             CMP      R0,#+4
   \   0000009A   0xD025             BEQ.N    ??CHeck_Voltage_8
   \   0000009C   0xD31B             BCC.N    ??CHeck_Voltage_9
   \   0000009E   0xE02B             B.N      ??CHeck_Voltage_10
    308                              {
    309                              case 0:
    310                                  DATA_Sensors.HWErr.LOWLIMIT_24 = RESET;
   \                     ??CHeck_Voltage_5: (+1)
   \   000000A0   0x....             LDR.N    R1,??DataTable9_22
   \   000000A2   0xF8D1 0x1011      LDR      R1,[R1, #+17]
   \   000000A6   0x0849             LSRS     R1,R1,#+1
   \   000000A8   0x0049             LSLS     R1,R1,#+1
   \   000000AA   0x....             LDR.N    R2,??DataTable9_22
   \   000000AC   0xF8C2 0x1011      STR      R1,[R2, #+17]
    311                                  break;
   \   000000B0   0xE022             B.N      ??CHeck_Voltage_10
    312                              case 1:
    313                                  DATA_Sensors.HWErr.LOWLIMIT_6v = RESET;
   \                     ??CHeck_Voltage_7: (+1)
   \   000000B2   0x....             LDR.N    R1,??DataTable9_22
   \   000000B4   0xF8D1 0x1011      LDR      R1,[R1, #+17]
   \   000000B8   0xF031 0x0102      BICS     R1,R1,#0x2
   \   000000BC   0x....             LDR.N    R2,??DataTable9_22
   \   000000BE   0xF8C2 0x1011      STR      R1,[R2, #+17]
    314                                  break;
   \   000000C2   0xE019             B.N      ??CHeck_Voltage_10
    315                              case 2:
    316                                  DATA_Sensors.HWErr.LOWLIMIT_5v = RESET;
   \                     ??CHeck_Voltage_6: (+1)
   \   000000C4   0x....             LDR.N    R1,??DataTable9_22
   \   000000C6   0xF8D1 0x1011      LDR      R1,[R1, #+17]
   \   000000CA   0xF031 0x0104      BICS     R1,R1,#0x4
   \   000000CE   0x....             LDR.N    R2,??DataTable9_22
   \   000000D0   0xF8C2 0x1011      STR      R1,[R2, #+17]
    317                                  break;
   \   000000D4   0xE010             B.N      ??CHeck_Voltage_10
    318                              case 3:
    319                                  DATA_Sensors.HWErr.LOWLIMIT_R5v = RESET;
   \                     ??CHeck_Voltage_9: (+1)
   \   000000D6   0x....             LDR.N    R1,??DataTable9_22
   \   000000D8   0xF8D1 0x1011      LDR      R1,[R1, #+17]
   \   000000DC   0xF031 0x0108      BICS     R1,R1,#0x8
   \   000000E0   0x....             LDR.N    R2,??DataTable9_22
   \   000000E2   0xF8C2 0x1011      STR      R1,[R2, #+17]
    320                                  break;
   \   000000E6   0xE007             B.N      ??CHeck_Voltage_10
    321                              case 4:
    322                                  DATA_Sensors.HWErr.LOWLIMIT_3v3 = RESET;
   \                     ??CHeck_Voltage_8: (+1)
   \   000000E8   0x....             LDR.N    R1,??DataTable9_22
   \   000000EA   0xF8D1 0x1011      LDR      R1,[R1, #+17]
   \   000000EE   0xF031 0x0110      BICS     R1,R1,#0x10
   \   000000F2   0x....             LDR.N    R2,??DataTable9_22
   \   000000F4   0xF8C2 0x1011      STR      R1,[R2, #+17]
    323                                  break;
    324                              }           
    325                              Checking[Sample][LowResetCNT] = 0;
   \                     ??CHeck_Voltage_10: (+1)
   \   000000F8   0x2100             MOVS     R1,#+0
   \   000000FA   0x....             LDR.N    R2,??DataTable9_23
   \   000000FC   0xB2C0             UXTB     R0,R0            ;; ZeroExt  R0,R0,#+24,#+24
   \   000000FE   0xEB12 0x0280      ADDS     R2,R2,R0, LSL #+2
   \   00000102   0x7091             STRB     R1,[R2, #+2]
   \   00000104   0xE004             B.N      ??CHeck_Voltage_4
    326                          }
    327                      }
    328                      else
    329                      {
    330                          Checking[Sample][LowCNT] = 0;
   \                     ??CHeck_Voltage_3: (+1)
   \   00000106   0x2100             MOVS     R1,#+0
   \   00000108   0x....             LDR.N    R2,??DataTable9_23
   \   0000010A   0xB2C0             UXTB     R0,R0            ;; ZeroExt  R0,R0,#+24,#+24
   \   0000010C   0xF802 0x1020      STRB     R1,[R2, R0, LSL #+2]
    331                      }
    332                      //-----
    333                      if(DATA_Sensors.HWErr.HIGHLIMIT_24)
   \                     ??CHeck_Voltage_4: (+1)
   \   00000110   0x....             LDR.N    R1,??DataTable9_22
   \   00000112   0xF8D1 0x1011      LDR      R1,[R1, #+17]
   \   00000116   0xF3C1 0x2100      UBFX     R1,R1,#+8,#+1
   \   0000011A   0x2900             CMP      R1,#+0
   \   0000011C   0xD04F             BEQ.N    ??CHeck_Voltage_11
    334                      {
    335                          Checking[Sample][HighResetCNT]++;
   \   0000011E   0x....             LDR.N    R1,??DataTable9_23
   \   00000120   0xB2C0             UXTB     R0,R0            ;; ZeroExt  R0,R0,#+24,#+24
   \   00000122   0xEB11 0x0180      ADDS     R1,R1,R0, LSL #+2
   \   00000126   0x78C9             LDRB     R1,[R1, #+3]
   \   00000128   0x1C49             ADDS     R1,R1,#+1
   \   0000012A   0x....             LDR.N    R2,??DataTable9_23
   \   0000012C   0xB2C0             UXTB     R0,R0            ;; ZeroExt  R0,R0,#+24,#+24
   \   0000012E   0xEB12 0x0280      ADDS     R2,R2,R0, LSL #+2
   \   00000132   0x70D1             STRB     R1,[R2, #+3]
    336                          if(Checking[Sample][HighResetCNT] == 50)
   \   00000134   0x....             LDR.N    R1,??DataTable9_23
   \   00000136   0xB2C0             UXTB     R0,R0            ;; ZeroExt  R0,R0,#+24,#+24
   \   00000138   0xEB11 0x0180      ADDS     R1,R1,R0, LSL #+2
   \   0000013C   0x78C9             LDRB     R1,[R1, #+3]
   \   0000013E   0x2932             CMP      R1,#+50
   \   00000140   0xF040 0x80F6      BNE.W    ??CHeck_Voltage_12
    337                          {
    338                              switch(Sample)
   \   00000144   0xB2C0             UXTB     R0,R0            ;; ZeroExt  R0,R0,#+24,#+24
   \   00000146   0x2800             CMP      R0,#+0
   \   00000148   0xD006             BEQ.N    ??CHeck_Voltage_13
   \   0000014A   0x2802             CMP      R0,#+2
   \   0000014C   0xD016             BEQ.N    ??CHeck_Voltage_14
   \   0000014E   0xD30C             BCC.N    ??CHeck_Voltage_15
   \   00000150   0x2804             CMP      R0,#+4
   \   00000152   0xD025             BEQ.N    ??CHeck_Voltage_16
   \   00000154   0xD31B             BCC.N    ??CHeck_Voltage_17
   \   00000156   0xE02B             B.N      ??CHeck_Voltage_18
    339                              {
    340                              case 0:
    341                                  DATA_Sensors.HWErr.HIGHLIMIT_24 = RESET;
   \                     ??CHeck_Voltage_13: (+1)
   \   00000158   0x....             LDR.N    R1,??DataTable9_22
   \   0000015A   0xF8D1 0x1011      LDR      R1,[R1, #+17]
   \   0000015E   0xF431 0x7180      BICS     R1,R1,#0x100
   \   00000162   0x....             LDR.N    R2,??DataTable9_22
   \   00000164   0xF8C2 0x1011      STR      R1,[R2, #+17]
    342                                  break;
   \   00000168   0xE022             B.N      ??CHeck_Voltage_18
    343                              case 1:
    344                                  DATA_Sensors.HWErr.HIGHLIMIT_6v = RESET;
   \                     ??CHeck_Voltage_15: (+1)
   \   0000016A   0x....             LDR.N    R1,??DataTable9_22
   \   0000016C   0xF8D1 0x1011      LDR      R1,[R1, #+17]
   \   00000170   0xF431 0x7100      BICS     R1,R1,#0x200
   \   00000174   0x....             LDR.N    R2,??DataTable9_22
   \   00000176   0xF8C2 0x1011      STR      R1,[R2, #+17]
    345                                  break;
   \   0000017A   0xE019             B.N      ??CHeck_Voltage_18
    346                              case 2:
    347                                  DATA_Sensors.HWErr.HIGHLIMIT_5v = RESET;
   \                     ??CHeck_Voltage_14: (+1)
   \   0000017C   0x....             LDR.N    R1,??DataTable9_22
   \   0000017E   0xF8D1 0x1011      LDR      R1,[R1, #+17]
   \   00000182   0xF431 0x6180      BICS     R1,R1,#0x400
   \   00000186   0x....             LDR.N    R2,??DataTable9_22
   \   00000188   0xF8C2 0x1011      STR      R1,[R2, #+17]
    348                                  break;
   \   0000018C   0xE010             B.N      ??CHeck_Voltage_18
    349                              case 3:
    350                                  DATA_Sensors.HWErr.HIGHLIMIT_R5v = RESET;
   \                     ??CHeck_Voltage_17: (+1)
   \   0000018E   0x....             LDR.N    R1,??DataTable9_22
   \   00000190   0xF8D1 0x1011      LDR      R1,[R1, #+17]
   \   00000194   0xF431 0x6100      BICS     R1,R1,#0x800
   \   00000198   0x....             LDR.N    R2,??DataTable9_22
   \   0000019A   0xF8C2 0x1011      STR      R1,[R2, #+17]
    351                                  break;
   \   0000019E   0xE007             B.N      ??CHeck_Voltage_18
    352                              case 4:
    353                                  DATA_Sensors.HWErr.HIGHLIMIT_3v3 = RESET;
   \                     ??CHeck_Voltage_16: (+1)
   \   000001A0   0x....             LDR.N    R1,??DataTable9_22
   \   000001A2   0xF8D1 0x1011      LDR      R1,[R1, #+17]
   \   000001A6   0xF431 0x5180      BICS     R1,R1,#0x1000
   \   000001AA   0x....             LDR.N    R2,??DataTable9_22
   \   000001AC   0xF8C2 0x1011      STR      R1,[R2, #+17]
    354                                  break;
    355                              }
    356                              Checking[Sample][HighResetCNT] = 0;
   \                     ??CHeck_Voltage_18: (+1)
   \   000001B0   0x2100             MOVS     R1,#+0
   \   000001B2   0x....             LDR.N    R2,??DataTable9_23
   \   000001B4   0xB2C0             UXTB     R0,R0            ;; ZeroExt  R0,R0,#+24,#+24
   \   000001B6   0xEB12 0x0280      ADDS     R2,R2,R0, LSL #+2
   \   000001BA   0x70D1             STRB     R1,[R2, #+3]
   \   000001BC   0xE0B8             B.N      ??CHeck_Voltage_12
    357                          }
    358                      }
    359                      else
    360                      {
    361                          Checking[Sample][HighCNT] = 0;
   \                     ??CHeck_Voltage_11: (+1)
   \   000001BE   0x2100             MOVS     R1,#+0
   \   000001C0   0x....             LDR.N    R2,??DataTable9_23
   \   000001C2   0xB2C0             UXTB     R0,R0            ;; ZeroExt  R0,R0,#+24,#+24
   \   000001C4   0xEB12 0x0280      ADDS     R2,R2,R0, LSL #+2
   \   000001C8   0x7051             STRB     R1,[R2, #+1]
   \   000001CA   0xE0B1             B.N      ??CHeck_Voltage_12
    362                      }
    363                  }
    364                  else
    365                  {
    366                      if( voltage[Sample] < LOWLIMIT_24V )
   \                     ??CHeck_Voltage_2: (+1)
   \   000001CC   0xA900             ADD      R1,SP,#+0
   \   000001CE   0xB2C0             UXTB     R0,R0            ;; ZeroExt  R0,R0,#+24,#+24
   \   000001D0   0xF831 0x1010      LDRH     R1,[R1, R0, LSL #+1]
   \   000001D4   0x2916             CMP      R1,#+22
   \   000001D6   0xDA4B             BGE.N    ??CHeck_Voltage_19
    367                      {
    368                          if(++Checking[Sample][LowCNT] == 100)
   \   000001D8   0x....             LDR.N    R1,??DataTable9_23
   \   000001DA   0xB2C0             UXTB     R0,R0            ;; ZeroExt  R0,R0,#+24,#+24
   \   000001DC   0xF811 0x1020      LDRB     R1,[R1, R0, LSL #+2]
   \   000001E0   0x1C49             ADDS     R1,R1,#+1
   \   000001E2   0x....             LDR.N    R2,??DataTable9_23
   \   000001E4   0xB2C0             UXTB     R0,R0            ;; ZeroExt  R0,R0,#+24,#+24
   \   000001E6   0xF802 0x1020      STRB     R1,[R2, R0, LSL #+2]
   \   000001EA   0x....             LDR.N    R1,??DataTable9_23
   \   000001EC   0xB2C0             UXTB     R0,R0            ;; ZeroExt  R0,R0,#+24,#+24
   \   000001EE   0xF811 0x1020      LDRB     R1,[R1, R0, LSL #+2]
   \   000001F2   0x2964             CMP      R1,#+100
   \   000001F4   0xF040 0x8090      BNE.W    ??CHeck_Voltage_20
    369                          {
    370                              switch(Sample)
   \   000001F8   0xB2C0             UXTB     R0,R0            ;; ZeroExt  R0,R0,#+24,#+24
   \   000001FA   0x2800             CMP      R0,#+0
   \   000001FC   0xD006             BEQ.N    ??CHeck_Voltage_21
   \   000001FE   0x2802             CMP      R0,#+2
   \   00000200   0xD016             BEQ.N    ??CHeck_Voltage_22
   \   00000202   0xD30C             BCC.N    ??CHeck_Voltage_23
   \   00000204   0x2804             CMP      R0,#+4
   \   00000206   0xD025             BEQ.N    ??CHeck_Voltage_24
   \   00000208   0xD31B             BCC.N    ??CHeck_Voltage_25
   \   0000020A   0xE02B             B.N      ??CHeck_Voltage_26
    371                              {
    372                              case 0:
    373                                  DATA_Sensors.HWErr.LOWLIMIT_24 = SET;
   \                     ??CHeck_Voltage_21: (+1)
   \   0000020C   0x....             LDR.N    R1,??DataTable9_22
   \   0000020E   0xF8D1 0x1011      LDR      R1,[R1, #+17]
   \   00000212   0xF051 0x0101      ORRS     R1,R1,#0x1
   \   00000216   0x....             LDR.N    R2,??DataTable9_22
   \   00000218   0xF8C2 0x1011      STR      R1,[R2, #+17]
    374                                  break;
   \   0000021C   0xE022             B.N      ??CHeck_Voltage_26
    375                              case 1:
    376                                  DATA_Sensors.HWErr.LOWLIMIT_6v = SET;
   \                     ??CHeck_Voltage_23: (+1)
   \   0000021E   0x....             LDR.N    R1,??DataTable9_22
   \   00000220   0xF8D1 0x1011      LDR      R1,[R1, #+17]
   \   00000224   0xF051 0x0102      ORRS     R1,R1,#0x2
   \   00000228   0x....             LDR.N    R2,??DataTable9_22
   \   0000022A   0xF8C2 0x1011      STR      R1,[R2, #+17]
    377                                  break;
   \   0000022E   0xE019             B.N      ??CHeck_Voltage_26
    378                              case 2:
    379                                  DATA_Sensors.HWErr.LOWLIMIT_5v = SET;
   \                     ??CHeck_Voltage_22: (+1)
   \   00000230   0x....             LDR.N    R1,??DataTable9_22
   \   00000232   0xF8D1 0x1011      LDR      R1,[R1, #+17]
   \   00000236   0xF051 0x0104      ORRS     R1,R1,#0x4
   \   0000023A   0x....             LDR.N    R2,??DataTable9_22
   \   0000023C   0xF8C2 0x1011      STR      R1,[R2, #+17]
    380                                  break;
   \   00000240   0xE010             B.N      ??CHeck_Voltage_26
    381                              case 3:
    382                                  DATA_Sensors.HWErr.LOWLIMIT_R5v = SET;
   \                     ??CHeck_Voltage_25: (+1)
   \   00000242   0x....             LDR.N    R1,??DataTable9_22
   \   00000244   0xF8D1 0x1011      LDR      R1,[R1, #+17]
   \   00000248   0xF051 0x0108      ORRS     R1,R1,#0x8
   \   0000024C   0x....             LDR.N    R2,??DataTable9_22
   \   0000024E   0xF8C2 0x1011      STR      R1,[R2, #+17]
    383                                  break;
   \   00000252   0xE007             B.N      ??CHeck_Voltage_26
    384                              case 4:
    385                                  DATA_Sensors.HWErr.LOWLIMIT_3v3 = SET;
   \                     ??CHeck_Voltage_24: (+1)
   \   00000254   0x....             LDR.N    R1,??DataTable9_22
   \   00000256   0xF8D1 0x1011      LDR      R1,[R1, #+17]
   \   0000025A   0xF051 0x0110      ORRS     R1,R1,#0x10
   \   0000025E   0x....             LDR.N    R2,??DataTable9_22
   \   00000260   0xF8C2 0x1011      STR      R1,[R2, #+17]
    386                                  break;
    387                              }      
    388                              Checking[Sample][LowCNT] = 0;
   \                     ??CHeck_Voltage_26: (+1)
   \   00000264   0x2100             MOVS     R1,#+0
   \   00000266   0x....             LDR.N    R2,??DataTable9_23
   \   00000268   0xB2C0             UXTB     R0,R0            ;; ZeroExt  R0,R0,#+24,#+24
   \   0000026A   0xF802 0x1020      STRB     R1,[R2, R0, LSL #+2]
   \   0000026E   0xE053             B.N      ??CHeck_Voltage_20
    389                          }
    390                      }
    391                      else if ( voltage[Sample] < LOWLIMIT_24V )
   \                     ??CHeck_Voltage_19: (+1)
   \   00000270   0xA900             ADD      R1,SP,#+0
   \   00000272   0xB2C0             UXTB     R0,R0            ;; ZeroExt  R0,R0,#+24,#+24
   \   00000274   0xF831 0x1010      LDRH     R1,[R1, R0, LSL #+1]
   \   00000278   0x2916             CMP      R1,#+22
   \   0000027A   0xDA4D             BGE.N    ??CHeck_Voltage_20
    392                      {
    393                          if(++Checking[Sample][HighCNT] == 100)
   \   0000027C   0x....             LDR.N    R1,??DataTable9_23
   \   0000027E   0xB2C0             UXTB     R0,R0            ;; ZeroExt  R0,R0,#+24,#+24
   \   00000280   0xEB11 0x0180      ADDS     R1,R1,R0, LSL #+2
   \   00000284   0x7849             LDRB     R1,[R1, #+1]
   \   00000286   0x1C49             ADDS     R1,R1,#+1
   \   00000288   0x....             LDR.N    R2,??DataTable9_23
   \   0000028A   0xB2C0             UXTB     R0,R0            ;; ZeroExt  R0,R0,#+24,#+24
   \   0000028C   0xEB12 0x0280      ADDS     R2,R2,R0, LSL #+2
   \   00000290   0x7051             STRB     R1,[R2, #+1]
   \   00000292   0x....             LDR.N    R1,??DataTable9_23
   \   00000294   0xB2C0             UXTB     R0,R0            ;; ZeroExt  R0,R0,#+24,#+24
   \   00000296   0xEB11 0x0180      ADDS     R1,R1,R0, LSL #+2
   \   0000029A   0x7849             LDRB     R1,[R1, #+1]
   \   0000029C   0x2964             CMP      R1,#+100
   \   0000029E   0xD13B             BNE.N    ??CHeck_Voltage_20
    394                          {
    395                              switch(Sample)
   \   000002A0   0xB2C0             UXTB     R0,R0            ;; ZeroExt  R0,R0,#+24,#+24
   \   000002A2   0x2800             CMP      R0,#+0
   \   000002A4   0xD006             BEQ.N    ??CHeck_Voltage_27
   \   000002A6   0x2802             CMP      R0,#+2
   \   000002A8   0xD016             BEQ.N    ??CHeck_Voltage_28
   \   000002AA   0xD30C             BCC.N    ??CHeck_Voltage_29
   \   000002AC   0x2804             CMP      R0,#+4
   \   000002AE   0xD025             BEQ.N    ??CHeck_Voltage_30
   \   000002B0   0xD31B             BCC.N    ??CHeck_Voltage_31
   \   000002B2   0xE02B             B.N      ??CHeck_Voltage_32
    396                              {
    397                              case 0:
    398                                  DATA_Sensors.HWErr.HIGHLIMIT_24 = SET;
   \                     ??CHeck_Voltage_27: (+1)
   \   000002B4   0x....             LDR.N    R1,??DataTable9_22
   \   000002B6   0xF8D1 0x1011      LDR      R1,[R1, #+17]
   \   000002BA   0xF451 0x7180      ORRS     R1,R1,#0x100
   \   000002BE   0x....             LDR.N    R2,??DataTable9_22
   \   000002C0   0xF8C2 0x1011      STR      R1,[R2, #+17]
    399                                  break;
   \   000002C4   0xE022             B.N      ??CHeck_Voltage_32
    400                              case 1:
    401                                  DATA_Sensors.HWErr.HIGHLIMIT_6v = SET;
   \                     ??CHeck_Voltage_29: (+1)
   \   000002C6   0x....             LDR.N    R1,??DataTable9_22
   \   000002C8   0xF8D1 0x1011      LDR      R1,[R1, #+17]
   \   000002CC   0xF451 0x7100      ORRS     R1,R1,#0x200
   \   000002D0   0x....             LDR.N    R2,??DataTable9_22
   \   000002D2   0xF8C2 0x1011      STR      R1,[R2, #+17]
    402                                  break;
   \   000002D6   0xE019             B.N      ??CHeck_Voltage_32
    403                              case 2:
    404                                  DATA_Sensors.HWErr.HIGHLIMIT_5v = SET;
   \                     ??CHeck_Voltage_28: (+1)
   \   000002D8   0x....             LDR.N    R1,??DataTable9_22
   \   000002DA   0xF8D1 0x1011      LDR      R1,[R1, #+17]
   \   000002DE   0xF451 0x6180      ORRS     R1,R1,#0x400
   \   000002E2   0x....             LDR.N    R2,??DataTable9_22
   \   000002E4   0xF8C2 0x1011      STR      R1,[R2, #+17]
    405                                  break;
   \   000002E8   0xE010             B.N      ??CHeck_Voltage_32
    406                              case 3:
    407                                  DATA_Sensors.HWErr.HIGHLIMIT_R5v = SET;
   \                     ??CHeck_Voltage_31: (+1)
   \   000002EA   0x....             LDR.N    R1,??DataTable9_22
   \   000002EC   0xF8D1 0x1011      LDR      R1,[R1, #+17]
   \   000002F0   0xF451 0x6100      ORRS     R1,R1,#0x800
   \   000002F4   0x....             LDR.N    R2,??DataTable9_22
   \   000002F6   0xF8C2 0x1011      STR      R1,[R2, #+17]
    408                                  break;
   \   000002FA   0xE007             B.N      ??CHeck_Voltage_32
    409                              case 4:
    410                                  DATA_Sensors.HWErr.HIGHLIMIT_3v3 = SET;
   \                     ??CHeck_Voltage_30: (+1)
   \   000002FC   0x....             LDR.N    R1,??DataTable9_22
   \   000002FE   0xF8D1 0x1011      LDR      R1,[R1, #+17]
   \   00000302   0xF451 0x5180      ORRS     R1,R1,#0x1000
   \   00000306   0x....             LDR.N    R2,??DataTable9_22
   \   00000308   0xF8C2 0x1011      STR      R1,[R2, #+17]
    411                                  break;
    412                              }  
    413                              Checking[Sample][HighCNT] = 0;
   \                     ??CHeck_Voltage_32: (+1)
   \   0000030C   0x2100             MOVS     R1,#+0
   \   0000030E   0x....             LDR.N    R2,??DataTable9_23
   \   00000310   0xB2C0             UXTB     R0,R0            ;; ZeroExt  R0,R0,#+24,#+24
   \   00000312   0xEB12 0x0280      ADDS     R2,R2,R0, LSL #+2
   \   00000316   0x7051             STRB     R1,[R2, #+1]
    414                          }
    415                      }
    416                      Checking[Sample][HighResetCNT] = 0;
   \                     ??CHeck_Voltage_20: (+1)
   \   00000318   0x2100             MOVS     R1,#+0
   \   0000031A   0x....             LDR.N    R2,??DataTable9_23
   \   0000031C   0xB2C0             UXTB     R0,R0            ;; ZeroExt  R0,R0,#+24,#+24
   \   0000031E   0xEB12 0x0280      ADDS     R2,R2,R0, LSL #+2
   \   00000322   0x70D1             STRB     R1,[R2, #+3]
    417                      Checking[Sample][LowResetCNT] = 0;
   \   00000324   0x2100             MOVS     R1,#+0
   \   00000326   0x....             LDR.N    R2,??DataTable9_23
   \   00000328   0xB2C0             UXTB     R0,R0            ;; ZeroExt  R0,R0,#+24,#+24
   \   0000032A   0xEB12 0x0280      ADDS     R2,R2,R0, LSL #+2
   \   0000032E   0x7091             STRB     R1,[R2, #+2]
    418                  }
    419              }//for
   \                     ??CHeck_Voltage_12: (+1)
   \   00000330   0x1C40             ADDS     R0,R0,#+1
   \   00000332   0xE67F             B.N      ??CHeck_Voltage_0
    420              //=======================  ========================
    421          }//function
   \                     ??CHeck_Voltage_1: (+1)
   \   00000334   0xBC37             POP      {R0-R2,R4,R5}
   \   00000336   0x4770             BX       LR               ;; return

   \                                 In section .bss, align 4
   \                     ??Checking:
   \   00000000                      DS8 20

   \                                 In section .rodata, align 4
   \                     ?_0:
   \   00000000   0x0000 0x007B      DC16 0, 123, 0, 123, 0
   \              0x0000 0x007B
   \              0x0000       
   \   0000000A   0x00 0x00          DC8 0, 0

   \                                 In section .text, align 4, keep-with-next
   \                     ??DataTable9:
   \   00000000   0x........         DC32     A2D_Channel

   \                                 In section .text, align 4, keep-with-next
   \                     ??DataTable9_1:
   \   00000000   0x40020400         DC32     0x40020400

   \                                 In section .text, align 4, keep-with-next
   \                     ??DataTable9_2:
   \   00000000   0x4000380C         DC32     0x4000380c

   \                                 In section .text, align 4, keep-with-next
   \                     ??DataTable9_3:
   \   00000000   0x........         DC32     Timer

   \                                 In section .text, align 4, keep-with-next
   \                     ??DataTable9_4:
   \   00000000   0x40021000         DC32     0x40021000

   \                                 In section .text, align 4, keep-with-next
   \                     ??DataTable9_5:
   \   00000000   0x40011000         DC32     0x40011000

   \                                 In section .text, align 4, keep-with-next
   \                     ??DataTable9_6:
   \   00000000   0x40011004         DC32     0x40011004

   \                                 In section .text, align 4, keep-with-next
   \                     ??DataTable9_7:
   \   00000000   0x........         DC32     RCVData_MB

   \                                 In section .text, align 4, keep-with-next
   \                     ??DataTable9_8:
   \   00000000   0x........         DC32     SENDData_2MB

   \                                 In section .text, align 4, keep-with-next
   \                     ??DataTable9_9:
   \   00000000   0x40004800         DC32     0x40004800

   \                                 In section .text, align 4, keep-with-next
   \                     ??DataTable9_10:
   \   00000000   0x40013000         DC32     0x40013000

   \                                 In section .text, align 4, keep-with-next
   \                     ??DataTable9_11:
   \   00000000   0x40003800         DC32     0x40003800

   \                                 In section .text, align 4, keep-with-next
   \                     ??DataTable9_12:
   \   00000000   0x40003C00         DC32     0x40003c00

   \                                 In section .text, align 4, keep-with-next
   \                     ??DataTable9_13:
   \   00000000   0x40004400         DC32     0x40004400

   \                                 In section .text, align 4, keep-with-next
   \                     ??DataTable9_14:
   \   00000000   0x40004404         DC32     0x40004404

   \                                 In section .text, align 4, keep-with-next
   \                     ??DataTable9_15:
   \   00000000   0x40010400         DC32     0x40010400

   \                                 In section .text, align 4, keep-with-next
   \                     ??DataTable9_16:
   \   00000000   0x........         DC32     Actuator

   \                                 In section .text, align 4, keep-with-next
   \                     ??DataTable9_17:
   \   00000000   0x........         DC32     ??Last_InsExhTTL

   \                                 In section .text, align 4, keep-with-next
   \                     ??DataTable9_18:
   \   00000000   0x........         DC32     ??INSDELAY_TTL_

   \                                 In section .text, align 4, keep-with-next
   \                     ??DataTable9_19:
   \   00000000   0x........         DC32     ??EXHDELAY_TTL_

   \                                 In section .text, align 4, keep-with-next
   \                     ??DataTable9_20:
   \   00000000   0x........         DC32     ?_0

   \                                 In section .text, align 4, keep-with-next
   \                     ??DataTable9_21:
   \   00000000   0x........         DC32     VA2dExt_Data

   \                                 In section .text, align 4, keep-with-next
   \                     ??DataTable9_22:
   \   00000000   0x........         DC32     DATA_Sensors

   \                                 In section .text, align 4, keep-with-next
   \                     ??DataTable9_23:
   \   00000000   0x........         DC32     ??Checking
    422          //---------------------------------------------------------
    423          

   Maximum stack usage in bytes:

   .cstack Function
   ------- --------
      20   CHeck_Voltage
       8   InsExh_TTL
         8   -> GPIO_ResetBits
         8   -> GPIO_SetBits
       8   SPI1_IRQHandler
         8   -> Read_Press_AIR_O2
         8   -> SPI_I2S_ClearITPendingBit
         8   -> SPI_I2S_GetITStatus
       8   SPI2_IRQHandler
         8   -> A2DExt_Service
         8   -> SPI_I2S_ClearITPendingBit
         8   -> SPI_I2S_GetITStatus
       8   SPI3_IRQHandler
         8   -> Read_Press_INH_EXH
         8   -> SPI_I2S_ClearITPendingBit
         8   -> SPI_I2S_GetITStatus
       8   TIM2_IRQHandler
         8   -> GPIO_ResetBits
         8   -> GPIO_ToggleBits
         8   -> Read_Press_AIR_O2
         8   -> Read_Press_INH_EXH
         8   -> Start_Read_EXHflow
         8   -> TIM_ClearITPendingBit
         8   -> TIM_GetITStatus
       8   TIM8_UP_TIM13_IRQHandler
         8   -> Algorithm_Service
         8   -> Command_Actuator
         8   -> Flow_TSI_Service
         8   -> InsExh_TTL
         8   -> Req_ZeroingMB
         8   -> SENDRCV_MotherBoard_DataProcess
         8   -> SendCOM2
         8   -> TIM_ClearITPendingBit
         8   -> TIM_GetITStatus
       8   USART1_IRQHandler
         8   -> RCV_MotherBoard_CheckPacket
         8   -> USART_ClearITPendingBit
         8   -> USART_GetITStatus
         8   -> USART_ITConfig
         8   -> USART_SendData
       8   USART2_IRQHandler
         8   -> EXH_RCV_Data
         8   -> USART_ClearITPendingBit
         8   -> USART_GetITStatus
       8   USART3_IRQHandler
         8   -> SendCOM2
         8   -> USART_GetITStatus


   Section sizes:

   Bytes  Function/Label
   -----  --------------
       4  ??DataTable9
       4  ??DataTable9_1
       4  ??DataTable9_10
       4  ??DataTable9_11
       4  ??DataTable9_12
       4  ??DataTable9_13
       4  ??DataTable9_14
       4  ??DataTable9_15
       4  ??DataTable9_16
       4  ??DataTable9_17
       4  ??DataTable9_18
       4  ??DataTable9_19
       4  ??DataTable9_2
       4  ??DataTable9_20
       4  ??DataTable9_21
       4  ??DataTable9_22
       4  ??DataTable9_23
       4  ??DataTable9_3
       4  ??DataTable9_4
       4  ??DataTable9_5
       4  ??DataTable9_6
       4  ??DataTable9_7
       4  ??DataTable9_8
       4  ??DataTable9_9
      12  ?_0
      16  Actuator
     824  CHeck_Voltage
      20  Checking
       1  EXHDELAY_TTL_
       1  INSDELAY_TTL_
     124  InsExh_TTL
       1  Last_InsExhTTL
      32  SPI1_IRQHandler
      32  SPI2_IRQHandler
      32  SPI3_IRQHandler
     576  TIM2_IRQHandler
     160  TIM8_UP_TIM13_IRQHandler
      28  Timer
     330  USART1_IRQHandler
      44  USART2_IRQHandler
      26  USART3_IRQHandler
       1  timer_zero

 
    68 bytes in section .bss
    12 bytes in section .rodata
 2 276 bytes in section .text
 
 2 276 bytes of CODE  memory
    12 bytes of CONST memory
    68 bytes of DATA  memory

Errors: none
Warnings: none
