###############################################################################
#
# IAR ANSI C/C++ Compiler V7.40.3.8902/W32 for ARM        16/Aug/2017  12:22:51
# Copyright 1999-2015 IAR Systems AB.
#
#    Cpu mode     =  thumb
#    Endian       =  little
#    Source file  =  
#        E:\Ventilator\SoftWare\SVC_Software\SVC_Ver\MAIN Version\SVC2_4_01
#        (960521)\modules\Source\Usart_2.c
#    Command line =  
#        "E:\Ventilator\SoftWare\SVC_Software\SVC_Ver\MAIN Version\SVC2_4_01
#        (960521)\modules\Source\Usart_2.c" -D USE_STDPERIPH_DRIVER -D
#        STM32F40XX -lC "E:\Ventilator\SoftWare\SVC_Software\SVC_Ver\MAIN
#        Version\SVC2_4_01 (960521)\Debug\List\" -o
#        "E:\Ventilator\SoftWare\SVC_Software\SVC_Ver\MAIN Version\SVC2_4_01
#        (960521)\Debug\Obj\" --no_cse --no_unroll --no_inline --no_code_motion
#        --no_tbaa --no_clustering --no_scheduling --debug --endian=little
#        --cpu=Cortex-M4 -e --fpu=VFPv4_sp --dlib_config "C:\Program Files
#        (x86)\IAR Systems\Embedded Workbench
#        7.2\arm\INC\c\DLib_Config_Normal.h" -I
#        "E:\Ventilator\SoftWare\SVC_Software\SVC_Ver\MAIN Version\SVC2_4_01
#        (960521)\board\" -I "E:\Ventilator\SoftWare\SVC_Software\SVC_Ver\MAIN
#        Version\SVC2_4_01 (960521)\app\" -I
#        "E:\Ventilator\SoftWare\SVC_Software\SVC_Ver\MAIN Version\SVC2_4_01
#        (960521)\Libraries\CMSIS\Device\ST\STM32F4xx\Include\" -I
#        "E:\Ventilator\SoftWare\SVC_Software\SVC_Ver\MAIN Version\SVC2_4_01
#        (960521)\Libraries\STM32F4xx_StdPeriph_Driver\inc\" -I
#        "E:\Ventilator\SoftWare\SVC_Software\SVC_Ver\MAIN Version\SVC2_4_01
#        (960521)\modules\Header\" -On --use_c++_inline -I "C:\Program Files
#        (x86)\IAR Systems\Embedded Workbench 7.2\arm\CMSIS\Include\"
#        --relaxed_fp
#    List file    =  
#        E:\Ventilator\SoftWare\SVC_Software\SVC_Ver\MAIN Version\SVC2_4_01
#        (960521)\Debug\List\Usart_2.lst
#    Object file  =  
#        E:\Ventilator\SoftWare\SVC_Software\SVC_Ver\MAIN Version\SVC2_4_01
#        (960521)\Debug\Obj\Usart_2.o
#
###############################################################################

E:\Ventilator\SoftWare\SVC_Software\SVC_Ver\MAIN Version\SVC2_4_01  (960521)\modules\Source\Usart_2.c
      1          //--------------------------------------------------------------------------
      2          // SAADAT Co 
      3          // VENTILATOR 
      4          // DEVELOPER : MOJTABA REZAEI 
      5          // VER 1.0
      6          //--------------------------------------------------------------------------
      7          
      8          #include "Usart_2.h"
      9          #include "USART_Limit.h"

   \                                 In section .rodata, align 4
   \   __absolute unsigned char const PACKETCodeLimit_MB2CB[6][5]
   \                     PACKETCodeLimit_MB2CB:
   \   00000000   0x00 0x00          DC8 0, 0, 0, 0, 0, 3, 0, 0, 0, 0, 3, 10, 11, 0, 0, 4, 5, 6, 7, 0, 9, 0
   \              0x00 0x00    
   \              0x00 0x03    
   \              0x00 0x00    
   \              0x00 0x00    
   \              0x03 0x0A    
   \              0x0B 0x00    
   \              0x00 0x04    
   \              0x05 0x06    
   \              0x07 0x00    
   \              0x09 0x00    
   \   00000016   0x00 0x00          DC8 0, 0, 0, 1, 2, 0, 0, 0, 0, 0
   \              0x00 0x01    
   \              0x02 0x00    
   \              0x00 0x00    
   \              0x00 0x00    

   \                                 In section .rodata, align 4
   \   __absolute unsigned char const PACKETCodeLimit_CB2MB[6][5]
   \                     PACKETCodeLimit_CB2MB:
   \   00000000   0x00 0x00          DC8 0, 0, 0, 0, 0, 5, 12, 0, 0, 0, 5, 10, 12, 0, 0, 6, 7, 9, 10, 12, 11
   \              0x00 0x00    
   \              0x00 0x05    
   \              0x0C 0x00    
   \              0x00 0x00    
   \              0x05 0x0A    
   \              0x0C 0x00    
   \              0x00 0x06    
   \              0x07 0x09    
   \              0x0A 0x0C    
   \              0x0B         
   \   00000015   0x0A 0x0C          DC8 10, 12, 0, 0, 1, 2, 3, 4, 0, 0, 0
   \              0x00 0x00    
   \              0x01 0x02    
   \              0x03 0x04    
   \              0x00 0x00    
   \              0x00         

   \                                 In section .rodata, align 4
   \   __absolute unsigned char const LEN_PACKETSENDING[13]
   \                     LEN_PACKETSENDING:
   \   00000000   0x00 0x0B          DC8 0, 11, 13, 13, 11, 100, 26, 64, 2, 5, 5, 22, 2, 0, 0, 0
   \              0x0D 0x0D    
   \              0x0B 0x64    
   \              0x1A 0x40    
   \              0x02 0x05    
   \              0x05 0x16    
   \              0x02 0x00    
   \              0x00 0x00    
     10          #include "Algorithm.h"
     11          //==========================================================================|
     12          extern          STRUCT_DATA_A2DSENSORS                  DATA_Sensors;

   \                                 In section .bss, align 4
     13          UNION_PACKET_SECOND_SERIAL              COM2;
   \                     COM2:
   \   00000000                      DS8 44
     14          //u8              EXHFLOW_CommunicationFLG;  //                    0 0 0 0   F3 F2 F1 F0
     15          
     16          /*=========================== Recive M2C =============================*/
     17          //01
     18          //02
     19          //03

   \                                 In section .bss, align 4
     20          UNION_PACKET_ALGORITHM_SETTINGS_S1      Algorithm_Settings_S1;  //04
   \                     Algorithm_Settings_S1:
   \   00000000                      DS8 24

   \                                 In section .bss, align 4
     21          UNION_PACKET_ALGORITHM_SETTINGS_S2      Algorithm_Settings_S2;  //05
   \                     Algorithm_Settings_S2:
   \   00000000                      DS8 16

   \                                 In section .bss, align 4
     22          UNION_PACKET_ALARM_SETTING              Alarm_Setting;          //06
   \                     Alarm_Setting:
   \   00000000                      DS8 20

   \                                 In section .bss, align 4
     23          UNION_PACKET_APNEA_SETTING              Apnea_Setting;          //07
   \                     Apnea_Setting:
   \   00000000                      DS8 8

   \                                 In section .bss, align 4
     24          UNION_PACKET_STATE_CONTROL_M2C          StateControl_M2C;       //08
   \                     StateControl_M2C:
   \   00000000                      DS8 4

   \                                 In section .bss, align 4
     25          UNION_PACKET_LOW_LEVEL_CONTROL          Low_Level_Control;      //09
   \                     Low_Level_Control:
   \   00000000                      DS8 20

   \                                 In section .bss, align 4
     26          UNION_PACKET_ADJUSTMENT_SET1            Adjustments_Set1;       //10
   \                     Adjustments_Set1:
   \   00000000                      DS8 252

   \                                 In section .bss, align 4
     27          UNION_PACKET_ADJUSTMENT_SET2            Adjustments_Set2;       //11
   \                     Adjustments_Set2:
   \   00000000                      DS8 116

   \                                 In section .data, align 4
     28          u32     Address_Packet_DataRCV[12] = {  
   \                     Address_Packet_DataRCV:
   \   00000000   0x00000000         DC32 0, 0, 0, 0, Algorithm_Settings_S1, Algorithm_Settings_S2
   \              0x00000000   
   \              0x00000000   
   \              0x00000000   
   \              0x........   
   \              0x........   
   \   00000018   0x........         DC32 Alarm_Setting, Apnea_Setting, StateControl_M2C, Low_Level_Control
   \              0x........   
   \              0x........   
   \              0x........   
   \   00000028   0x........         DC32 Adjustments_Set1, Adjustments_Set2
   \              0x........   
     29              
     30              0,                                          /* 00 */
     31              0,   //bayad moragheb adres bood            /* 01 */
     32              0,                                          /* 02 */
     33              0,                                          /* 03 */
     34              (u32)(&Algorithm_Settings_S1.BYTE),         /* 04 */
     35              (u32)(&Algorithm_Settings_S2.BYTE),         /* 05 */
     36              (u32)(&Alarm_Setting.BYTE),                 /* 06 */
     37              (u32)(&Apnea_Setting.BYTE),                 /* 07 */
     38              (u32)(&StateControl_M2C.BYTE),              /* 08 */
     39              (u32)(&Low_Level_Control.BYTE),             /* 09 */
     40              (u32)(&Adjustments_Set1.BYTE),              /* 10 */
     41              (u32)(&Adjustments_Set2.BYTE)               /* 11 */
     42          };
     43          /*============================ Send C2M ==============================*/

   \                                 In section .bss, align 4
     44          UNION_PACKET_FAST_SENSOR                Fast_Sensor;            //01
   \                     Fast_Sensor:
   \   00000000                      DS8 12

   \                                 In section .bss, align 4
     45          UNION_PACKET_SLOW_SENSOR                Slow_Sensor;            //02
   \                     Slow_Sensor:
   \   00000000                      DS8 12

   \                                 In section .bss, align 4
     46          UNION_PACKET_PWM                        PWM;                    //03
   \                     PWM:
   \   00000000                      DS8 12

   \                                 In section .bss, align 4
     47          UNION_PACKET_CURRENT                    Current;                //04
   \                     Current:
   \   00000000                      DS8 12

   \                                 In section .bss, align 4
     48          UNION_PACKET_INTRODUCTIONTEXT           IntroductionText;       //05    */
   \                     IntroductionText:
   \   00000000                      DS8 100

   \                                 In section .bss, align 4
     49          UNION_PACKET_SIGNALS                    Signals;                //06
   \                     Signals:
   \   00000000                      DS8 28

   \                                 In section .bss, align 4
     50          UNION_PACKET_PARAMETERS                 Parameters;             //07    
   \                     Parameters:
   \   00000000                      DS8 64

   \                                 In section .bss, align 4
     51          UNION_PACKET_STATE_CONTROL_C2M          StateControl_C2M;       //08    */             
   \                     StateControl_C2M:
   \   00000000                      DS8 4

   \                                 In section .bss, align 4
     52          UNION_PACKET_ALARMS                     Alarms;                 //09
   \                     Alarms:
   \   00000000                      DS8 4

   \                                 In section .bss, align 4
     53          UNION_PACKET_HARDWARE_ERRORS            Hardware_Errors;        //10
   \                     Hardware_Errors:
   \   00000000                      DS8 4

   \                                 In section .bss, align 4
     54          UNION_PACKET_LOW_LEVEL_DATA             Low_Level_Data;         //11
   \                     Low_Level_Data:
   \   00000000                      DS8 24

   \                                 In section .bss, align 4
     55          UNION_PACKET_RECEIVE_ACKNOWLEDGE        Acknowledge;            //12    */
   \                     Acknowledge:
   \   00000000                      DS8 4
     56          

   \                                 In section .data, align 4
     57          u32     Address_Packet_DataSending[13] = { 
   \                     Address_Packet_DataSending:
   \   00000000   0x00000000         DC32 0, Fast_Sensor, Slow_Sensor, PWM, Current, IntroductionText
   \              0x........   
   \              0x........   
   \              0x........   
   \              0x........   
   \              0x........   
   \   00000018   0x........         DC32 Signals, Parameters, StateControl_C2M, Alarms, Hardware_Errors
   \              0x........   
   \              0x........   
   \              0x........   
   \              0x........   
   \   0000002C   0x........         DC32 Low_Level_Data, Acknowledge
   \              0x........   
     58              0,                                          /* 00 */
     59              (u32)(&Fast_Sensor),                        /* 01 */ 
     60              (u32)(&Slow_Sensor),                        /* 02 */
     61              (u32)(&PWM),                                /* 03 */
     62              (u32)(&Current),                            /* 04 */
     63              (u32)(&IntroductionText),                   /* 05 */         
     64              (u32)(&Signals),                            /* 06 */
     65              (u32)(&Parameters),                         /* 07 */
     66              (u32)(&StateControl_C2M),                   /* 08 */
     67              (u32)(&Alarms),                             /* 09 */
     68              (u32)(&Hardware_Errors),                    /* 10 */           
     69              (u32)(&Low_Level_Data),                     /* 11 */
     70              (u32)(&Acknowledge)                         /* 12 */
     71          };
     72          //--------------------------------------------------------------------------

   \                                 In section .bss, align 4
     73          UNION_PACKET_ErrFlg                     Recive_PacketUpDate_Flgs; 
   \                     Recive_PacketUpDate_Flgs:
   \   00000000                      DS8 4

   \                                 In section .bss, align 4
     74          UNION_PACKET_ErrFlg                     Recive_PacketError_Flgs; 
   \                     Recive_PacketError_Flgs:
   \   00000000                      DS8 4

   \                                 In section .bss, align 4
     75          UNION_PACKET_ErrFlg                     Send_PacketUpDate_Flgs; 
   \                     Send_PacketUpDate_Flgs:
   \   00000000                      DS8 4
     76          
     77          //==========================================================================|

   \                                 In section .bss, align 4
     78          STRUCT_RCVDATA_MB_BUFFER                RCVData_MB;     
   \                     RCVData_MB:
   \   00000000                      DS8 412

   \                                 In section .bss, align 4
     79          STRUCT_SENDATA_2MB_BUFFER               SENDData_2MB;   
   \                     SENDData_2MB:
   \   00000000                      DS8 308
     80          //-----------------------------------------------------------------------------|
     81          extern      Staruct_TIMER               Timer;           // Timer flags
     82          
     83          //-----------------------------------------------------------------------------|
     84          //-----------------------------------------------------------------------------|

   \                                 In section .text, align 2, keep-with-next
     85          void RCV_MotherBoard_CheckPacket(u8 TempData)
     86          {
   \                     RCV_MotherBoard_CheckPacket: (+1)
   \   00000000   0xB410             PUSH     {R4}
     87              static    u8          Packet_State = 0 ;
     88              static    u8          LEN_, CS_;
     89              switch(Packet_State)
   \   00000002   0x.... 0x....      LDR.W    R1,??DataTable3
   \   00000006   0x7809             LDRB     R1,[R1, #+0]
   \   00000008   0x2900             CMP      R1,#+0
   \   0000000A   0xD009             BEQ.N    ??RCV_MotherBoard_CheckPacket_0
   \   0000000C   0x2901             CMP      R1,#+1
   \   0000000E   0xD00F             BEQ.N    ??RCV_MotherBoard_CheckPacket_1
   \   00000010   0x2903             CMP      R1,#+3
   \   00000012   0xF000 0x808D      BEQ.W    ??RCV_MotherBoard_CheckPacket_2
   \   00000016   0x290A             CMP      R1,#+10
   \   00000018   0xD049             BEQ.N    ??RCV_MotherBoard_CheckPacket_3
   \   0000001A   0x290B             CMP      R1,#+11
   \   0000001C   0xD067             BEQ.N    ??RCV_MotherBoard_CheckPacket_4
   \   0000001E   0xE0FA             B.N      ??RCV_MotherBoard_CheckPacket_5
     90              {
     91              case 0: /* AA */
     92                  if(TempData == 0xAA)
   \                     ??RCV_MotherBoard_CheckPacket_0: (+1)
   \   00000020   0xB2C0             UXTB     R0,R0            ;; ZeroExt  R0,R0,#+24,#+24
   \   00000022   0x28AA             CMP      R0,#+170
   \   00000024   0xD103             BNE.N    ??RCV_MotherBoard_CheckPacket_6
     93                      Packet_State = 1;         // Goto LEN
   \   00000026   0x2101             MOVS     R1,#+1
   \   00000028   0x.... 0x....      LDR.W    R2,??DataTable3
   \   0000002C   0x7011             STRB     R1,[R2, #+0]
     94                  break;
   \                     ??RCV_MotherBoard_CheckPacket_6: (+1)
   \   0000002E   0xE0F6             B.N      ??RCV_MotherBoard_CheckPacket_7
     95              case 1: /* LEN */ 
     96                  if (TempData == 11 || TempData == 7 || TempData == 1 || TempData == 25 || TempData == 17 ||
     97                      TempData == 21 || TempData == 6 || TempData == 2 || TempData == 18 || TempData == 252 || TempData == 116 )
   \                     ??RCV_MotherBoard_CheckPacket_1: (+1)
   \   00000030   0xB2C0             UXTB     R0,R0            ;; ZeroExt  R0,R0,#+24,#+24
   \   00000032   0x280B             CMP      R0,#+11
   \   00000034   0xD01D             BEQ.N    ??RCV_MotherBoard_CheckPacket_8
   \   00000036   0xB2C0             UXTB     R0,R0            ;; ZeroExt  R0,R0,#+24,#+24
   \   00000038   0x2807             CMP      R0,#+7
   \   0000003A   0xD01A             BEQ.N    ??RCV_MotherBoard_CheckPacket_8
   \   0000003C   0xB2C0             UXTB     R0,R0            ;; ZeroExt  R0,R0,#+24,#+24
   \   0000003E   0x2801             CMP      R0,#+1
   \   00000040   0xD017             BEQ.N    ??RCV_MotherBoard_CheckPacket_8
   \   00000042   0xB2C0             UXTB     R0,R0            ;; ZeroExt  R0,R0,#+24,#+24
   \   00000044   0x2819             CMP      R0,#+25
   \   00000046   0xD014             BEQ.N    ??RCV_MotherBoard_CheckPacket_8
   \   00000048   0xB2C0             UXTB     R0,R0            ;; ZeroExt  R0,R0,#+24,#+24
   \   0000004A   0x2811             CMP      R0,#+17
   \   0000004C   0xD011             BEQ.N    ??RCV_MotherBoard_CheckPacket_8
   \   0000004E   0xB2C0             UXTB     R0,R0            ;; ZeroExt  R0,R0,#+24,#+24
   \   00000050   0x2815             CMP      R0,#+21
   \   00000052   0xD00E             BEQ.N    ??RCV_MotherBoard_CheckPacket_8
   \   00000054   0xB2C0             UXTB     R0,R0            ;; ZeroExt  R0,R0,#+24,#+24
   \   00000056   0x2806             CMP      R0,#+6
   \   00000058   0xD00B             BEQ.N    ??RCV_MotherBoard_CheckPacket_8
   \   0000005A   0xB2C0             UXTB     R0,R0            ;; ZeroExt  R0,R0,#+24,#+24
   \   0000005C   0x2802             CMP      R0,#+2
   \   0000005E   0xD008             BEQ.N    ??RCV_MotherBoard_CheckPacket_8
   \   00000060   0xB2C0             UXTB     R0,R0            ;; ZeroExt  R0,R0,#+24,#+24
   \   00000062   0x2812             CMP      R0,#+18
   \   00000064   0xD005             BEQ.N    ??RCV_MotherBoard_CheckPacket_8
   \   00000066   0xB2C0             UXTB     R0,R0            ;; ZeroExt  R0,R0,#+24,#+24
   \   00000068   0x28FC             CMP      R0,#+252
   \   0000006A   0xD002             BEQ.N    ??RCV_MotherBoard_CheckPacket_8
   \   0000006C   0xB2C0             UXTB     R0,R0            ;; ZeroExt  R0,R0,#+24,#+24
   \   0000006E   0x2874             CMP      R0,#+116
   \   00000070   0xD110             BNE.N    ??RCV_MotherBoard_CheckPacket_9
     98                  {
     99                      LEN_ = TempData;
   \                     ??RCV_MotherBoard_CheckPacket_8: (+1)
   \   00000072   0x.... 0x....      LDR.W    R1,??DataTable3_1
   \   00000076   0x7008             STRB     R0,[R1, #+0]
    100                      RCVData_MB.PacketLEN = TempData -1 ;// 
   \   00000078   0x1E41             SUBS     R1,R0,#+1
   \   0000007A   0x.... 0x....      LDR.W    R2,??DataTable3_2
   \   0000007E   0xF882 0x1195      STRB     R1,[R2, #+405]
    101                      CS_ = 0;                   // Start Calculation CS     
   \   00000082   0x2100             MOVS     R1,#+0
   \   00000084   0x.... 0x....      LDR.W    R2,??DataTable3_3
   \   00000088   0x7011             STRB     R1,[R2, #+0]
    102                      Packet_State = 10;      // Goto CODE
   \   0000008A   0x210A             MOVS     R1,#+10
   \   0000008C   0x.... 0x....      LDR.W    R2,??DataTable3
   \   00000090   0x7011             STRB     R1,[R2, #+0]
   \   00000092   0xE00B             B.N      ??RCV_MotherBoard_CheckPacket_10
    103                  }
    104                  else if(TempData == 0xAA)
   \                     ??RCV_MotherBoard_CheckPacket_9: (+1)
   \   00000094   0xB2C0             UXTB     R0,R0            ;; ZeroExt  R0,R0,#+24,#+24
   \   00000096   0x28AA             CMP      R0,#+170
   \   00000098   0xD104             BNE.N    ??RCV_MotherBoard_CheckPacket_11
    105                  {
    106                      Packet_State = 1;       // Goto LEN
   \   0000009A   0x2101             MOVS     R1,#+1
   \   0000009C   0x.... 0x....      LDR.W    R2,??DataTable3
   \   000000A0   0x7011             STRB     R1,[R2, #+0]
   \   000000A2   0xE003             B.N      ??RCV_MotherBoard_CheckPacket_10
    107                  }
    108                  else  
    109                  {
    110                      Packet_State = 0;       //Return AA
   \                     ??RCV_MotherBoard_CheckPacket_11: (+1)
   \   000000A4   0x2100             MOVS     R1,#+0
   \   000000A6   0x.... 0x....      LDR.W    R2,??DataTable3
   \   000000AA   0x7011             STRB     R1,[R2, #+0]
    111                  }
    112                  break;         
   \                     ??RCV_MotherBoard_CheckPacket_10: (+1)
   \   000000AC   0xE0B7             B.N      ??RCV_MotherBoard_CheckPacket_7
    113                  //-------------........................................---------------  
    114              case 10: /*   Code */    
    115                  RCVData_MB.PacketCode = TempData;  // code packet daryaft shod 
   \                     ??RCV_MotherBoard_CheckPacket_3: (+1)
   \   000000AE   0x.... 0x....      LDR.W    R1,??DataTable3_2
   \   000000B2   0xF881 0x0194      STRB     R0,[R1, #+404]
    116                  RCVData_MB.ADD_StartData = 0xABCD ;
   \   000000B6   0xF64A 0x31CD      MOVW     R1,#+43981
   \   000000BA   0x.... 0x....      LDR.W    R2,??DataTable3_2
   \   000000BE   0xF8A2 0x1196      STRH     R1,[R2, #+406]
    117                  LEN_ --;
   \   000000C2   0x.... 0x....      LDR.W    R1,??DataTable3_1
   \   000000C6   0x7809             LDRB     R1,[R1, #+0]
   \   000000C8   0x1E49             SUBS     R1,R1,#+1
   \   000000CA   0x.... 0x....      LDR.W    R2,??DataTable3_1
   \   000000CE   0x7011             STRB     R1,[R2, #+0]
    118                  if(!LEN_)
   \   000000D0   0x.... 0x....      LDR.W    R1,??DataTable3_1
   \   000000D4   0x7809             LDRB     R1,[R1, #+0]
   \   000000D6   0x2900             CMP      R1,#+0
   \   000000D8   0xD104             BNE.N    ??RCV_MotherBoard_CheckPacket_12
    119                  {
    120                      Packet_State = 3; // Goto CS  [introduction packet]
   \   000000DA   0x2103             MOVS     R1,#+3
   \   000000DC   0x.... 0x....      LDR.W    R2,??DataTable3
   \   000000E0   0x7011             STRB     R1,[R2, #+0]
   \   000000E2   0xE003             B.N      ??RCV_MotherBoard_CheckPacket_13
    121                  }
    122                  else
    123                  {
    124                      Packet_State = 11; // Goto data 
   \                     ??RCV_MotherBoard_CheckPacket_12: (+1)
   \   000000E4   0x210B             MOVS     R1,#+11
   \   000000E6   0x.... 0x....      LDR.W    R2,??DataTable3
   \   000000EA   0x7011             STRB     R1,[R2, #+0]
    125                  }  
    126                  break;
   \                     ??RCV_MotherBoard_CheckPacket_13: (+1)
   \   000000EC   0xE097             B.N      ??RCV_MotherBoard_CheckPacket_7
    127              case 11: /* DATA   *///........................................................
    128                  if(RCVData_MB.ADD_StartData == 0xABCD)      
   \                     ??RCV_MotherBoard_CheckPacket_4: (+1)
   \   000000EE   0x.... 0x....      LDR.W    R1,??DataTable3_2
   \   000000F2   0xF8B1 0x1196      LDRH     R1,[R1, #+406]
   \   000000F6   0xF64A 0x32CD      MOVW     R2,#+43981
   \   000000FA   0x4291             CMP      R1,R2
   \   000000FC   0xD107             BNE.N    ??RCV_MotherBoard_CheckPacket_14
    129                  {
    130                      RCVData_MB.ADD_StartData = RCVData_MB.Rd; 
   \   000000FE   0x.... 0x....      LDR.W    R1,??DataTable3_2
   \   00000102   0xF8B1 0x1192      LDRH     R1,[R1, #+402]
   \   00000106   0x.... 0x....      LDR.W    R2,??DataTable3_2
   \   0000010A   0xF8A2 0x1196      STRH     R1,[R2, #+406]
    131                  }
    132                  LEN_ --;
   \                     ??RCV_MotherBoard_CheckPacket_14: (+1)
   \   0000010E   0x.... 0x....      LDR.W    R1,??DataTable3_1
   \   00000112   0x7809             LDRB     R1,[R1, #+0]
   \   00000114   0x1E49             SUBS     R1,R1,#+1
   \   00000116   0x.... 0x....      LDR.W    R2,??DataTable3_1
   \   0000011A   0x7011             STRB     R1,[R2, #+0]
    133                  if(!LEN_)
   \   0000011C   0x.... 0x....      LDR.W    R1,??DataTable3_1
   \   00000120   0x7809             LDRB     R1,[R1, #+0]
   \   00000122   0x2900             CMP      R1,#+0
   \   00000124   0xD103             BNE.N    ??RCV_MotherBoard_CheckPacket_15
    134                  {
    135                      Packet_State = 3; // Goto CS 
   \   00000126   0x2103             MOVS     R1,#+3
   \   00000128   0x.... 0x....      LDR.W    R2,??DataTable3
   \   0000012C   0x7011             STRB     R1,[R2, #+0]
    136                  }
    137                  break;
   \                     ??RCV_MotherBoard_CheckPacket_15: (+1)
   \   0000012E   0xE076             B.N      ??RCV_MotherBoard_CheckPacket_7
    138              case 3:  /* CRC   *///........................................................
    139                  if(CS_ == TempData)
   \                     ??RCV_MotherBoard_CheckPacket_2: (+1)
   \   00000130   0x.... 0x....      LDR.W    R1,??DataTable3_3
   \   00000134   0x7809             LDRB     R1,[R1, #+0]
   \   00000136   0xB2C0             UXTB     R0,R0            ;; ZeroExt  R0,R0,#+24,#+24
   \   00000138   0x4281             CMP      R1,R0
   \   0000013A   0xD150             BNE.N    ??RCV_MotherBoard_CheckPacket_16
    140                  {
    141                      Timer.Enable_Buz++;   
   \   0000013C   0x.... 0x....      LDR.W    R1,??DataTable3_4
   \   00000140   0x8989             LDRH     R1,[R1, #+12]
   \   00000142   0x1C49             ADDS     R1,R1,#+1
   \   00000144   0x.... 0x....      LDR.W    R2,??DataTable3_4
   \   00000148   0x8191             STRH     R1,[R2, #+12]
    142                      if(RCVData_MB.PacketCode<16)
   \   0000014A   0x.... 0x....      LDR.W    R1,??DataTable3_2
   \   0000014E   0xF891 0x1194      LDRB     R1,[R1, #+404]
   \   00000152   0x2910             CMP      R1,#+16
   \   00000154   0xDA50             BGE.N    ??RCV_MotherBoard_CheckPacket_17
    143                      {
    144                          Recive_PacketUpDate_Flgs.BYTE |= ( 0x0001<<RCVData_MB.PacketCode );
   \   00000156   0x.... 0x....      LDR.W    R1,??DataTable3_5
   \   0000015A   0x8809             LDRH     R1,[R1, #+0]
   \   0000015C   0x2201             MOVS     R2,#+1
   \   0000015E   0x.... 0x....      LDR.W    R3,??DataTable3_2
   \   00000162   0xF993 0x3194      LDRSB    R3,[R3, #+404]
   \   00000166   0x409A             LSLS     R2,R2,R3
   \   00000168   0x4311             ORRS     R1,R2,R1
   \   0000016A   0x.... 0x....      LDR.W    R2,??DataTable3_5
   \   0000016E   0x8011             STRH     R1,[R2, #+0]
    145                          for(u8 i=0; i< RCVData_MB.PacketLEN; i++)  
   \   00000170   0x2100             MOVS     R1,#+0
   \                     ??RCV_MotherBoard_CheckPacket_18: (+1)
   \   00000172   0x.... 0x....      LDR.W    R2,??DataTable3_2
   \   00000176   0xF892 0x2195      LDRB     R2,[R2, #+405]
   \   0000017A   0xB2C9             UXTB     R1,R1            ;; ZeroExt  R1,R1,#+24,#+24
   \   0000017C   0x4291             CMP      R1,R2
   \   0000017E   0xD23B             BCS.N    ??RCV_MotherBoard_CheckPacket_17
    146                          {
    147                              *((u8 *)((Address_Packet_DataRCV[RCVData_MB.PacketCode])+i )) = RCVData_MB.Buffer[RCVData_MB.ADD_StartData];
   \   00000180   0x.... 0x....      LDR.W    R2,??DataTable3_6
   \   00000184   0x.... 0x....      LDR.W    R3,??DataTable3_2
   \   00000188   0xF893 0x3194      LDRB     R3,[R3, #+404]
   \   0000018C   0xF852 0x2023      LDR      R2,[R2, R3, LSL #+2]
   \   00000190   0xFA52 0xF281      UXTAB    R2,R2,R1
   \   00000194   0x.... 0x....      LDR.W    R3,??DataTable3_2
   \   00000198   0x.... 0x....      LDR.W    R4,??DataTable3_2
   \   0000019C   0xF8B4 0x4196      LDRH     R4,[R4, #+406]
   \   000001A0   0x5CE3             LDRB     R3,[R4, R3]
   \   000001A2   0x7013             STRB     R3,[R2, #+0]
    148                              INCREMENT_POINTER(RCVData_MB.ADD_StartData , RCVDATA_MB_LEN_BUFF);
   \   000001A4   0x.... 0x....      LDR.W    R2,??DataTable3_2
   \   000001A8   0xF8B2 0x2196      LDRH     R2,[R2, #+406]
   \   000001AC   0x1C52             ADDS     R2,R2,#+1
   \   000001AE   0x.... 0x....      LDR.W    R3,??DataTable3_2
   \   000001B2   0xF8A3 0x2196      STRH     R2,[R3, #+406]
   \   000001B6   0x.... 0x....      LDR.W    R2,??DataTable3_2
   \   000001BA   0xF8B2 0x2196      LDRH     R2,[R2, #+406]
   \   000001BE   0xF5B2 0x7FC8      CMP      R2,#+400
   \   000001C2   0xD109             BNE.N    ??RCV_MotherBoard_CheckPacket_19
   \   000001C4   0x2200             MOVS     R2,#+0
   \   000001C6   0x.... 0x....      LDR.W    R3,??DataTable3_2
   \   000001CA   0xF8A3 0x2196      STRH     R2,[R3, #+406]
   \   000001CE   0x.... 0x....      LDR.W    R2,??DataTable3_2
   \   000001D2   0xF8B2 0x2196      LDRH     R2,[R2, #+406]
   \   000001D6   0xE000             B.N      ??RCV_MotherBoard_CheckPacket_20
   \                     ??RCV_MotherBoard_CheckPacket_19: (+1)
   \   000001D8   0x2200             MOVS     R2,#+0
    149                          }
   \                     ??RCV_MotherBoard_CheckPacket_20: (+1)
   \   000001DA   0x1C49             ADDS     R1,R1,#+1
   \   000001DC   0xE7C9             B.N      ??RCV_MotherBoard_CheckPacket_18
    150                      }
    151                  }
    152                  else
    153                  {
    154                      Recive_PacketError_Flgs.BYTE |= ( 0x0001<<RCVData_MB.PacketCode );
   \                     ??RCV_MotherBoard_CheckPacket_16: (+1)
   \   000001DE   0x.... 0x....      LDR.W    R1,??DataTable3_7
   \   000001E2   0x8809             LDRH     R1,[R1, #+0]
   \   000001E4   0x2201             MOVS     R2,#+1
   \   000001E6   0x.... 0x....      LDR.W    R3,??DataTable3_2
   \   000001EA   0xF993 0x3194      LDRSB    R3,[R3, #+404]
   \   000001EE   0x409A             LSLS     R2,R2,R3
   \   000001F0   0x4311             ORRS     R1,R2,R1
   \   000001F2   0x.... 0x....      LDR.W    R2,??DataTable3_7
   \   000001F6   0x8011             STRH     R1,[R2, #+0]
    155                      /*  Error, RCV Packet */
    156                  }
    157                  RCVData_MB.ADD_StartData=0;
   \                     ??RCV_MotherBoard_CheckPacket_17: (+1)
   \   000001F8   0x2100             MOVS     R1,#+0
   \   000001FA   0x.... 0x....      LDR.W    R2,??DataTable3_2
   \   000001FE   0xF8A2 0x1196      STRH     R1,[R2, #+406]
    158                  RCVData_MB.PacketCode=0;
   \   00000202   0x2100             MOVS     R1,#+0
   \   00000204   0x.... 0x....      LDR.W    R2,??DataTable3_2
   \   00000208   0xF882 0x1194      STRB     R1,[R2, #+404]
    159                  Packet_State = 0; //return AA
   \   0000020C   0x2100             MOVS     R1,#+0
   \   0000020E   0x.... 0x....      LDR.W    R2,??DataTable3
   \   00000212   0x7011             STRB     R1,[R2, #+0]
    160                  break;
   \   00000214   0xE003             B.N      ??RCV_MotherBoard_CheckPacket_7
    161              default:
    162                  Packet_State = 0; //return AA
   \                     ??RCV_MotherBoard_CheckPacket_5: (+1)
   \   00000216   0x2100             MOVS     R1,#+0
   \   00000218   0x.... 0x....      LDR.W    R2,??DataTable3
   \   0000021C   0x7011             STRB     R1,[R2, #+0]
    163                  break;
    164              }//switch
    165              CS_ += TempData; //calculation CS
   \                     ??RCV_MotherBoard_CheckPacket_7: (+1)
   \   0000021E   0x.... 0x....      LDR.W    R1,??DataTable3_3
   \   00000222   0x7809             LDRB     R1,[R1, #+0]
   \   00000224   0x1841             ADDS     R1,R0,R1
   \   00000226   0x.... 0x....      LDR.W    R2,??DataTable3_3
   \   0000022A   0x7011             STRB     R1,[R2, #+0]
    166              
    167          }
   \   0000022C   0xBC10             POP      {R4}
   \   0000022E   0x4770             BX       LR               ;; return

   \                                 In section .bss, align 1
   \                     ??Packet_State:
   \   00000000                      DS8 1

   \                                 In section .bss, align 1
   \                     ??LEN_:
   \   00000000                      DS8 1

   \                                 In section .bss, align 1
   \                     ??CS_:
   \   00000000                      DS8 1
    168          //------------------------------------------------------------------------------

   \                                 In section .bss, align 1
    169          u8      numBITstart = 0; //  
   \                     numBITstart:
   \   00000000                      DS8 1
    170          

   \                                 In section .text, align 2, keep-with-next
    171          u8 Return_Flags_Sending (void)
    172          {
    173              u8                   Temp_NumBIT = 0;
   \                     Return_Flags_Sending: (+1)
   \   00000000   0x2000             MOVS     R0,#+0
    174              for(u8 cf = numBITstart; cf < 16; cf++)
   \   00000002   0x.... 0x....      LDR.W    R1,??DataTable3_8
   \   00000006   0x7809             LDRB     R1,[R1, #+0]
   \                     ??Return_Flags_Sending_0: (+1)
   \   00000008   0xB2C9             UXTB     R1,R1            ;; ZeroExt  R1,R1,#+24,#+24
   \   0000000A   0x2910             CMP      R1,#+16
   \   0000000C   0xDA1D             BGE.N    ??Return_Flags_Sending_1
    175              {
    176                  if( Send_PacketUpDate_Flgs.BYTE & (0x0001<<cf) )
   \   0000000E   0x.... 0x....      LDR.W    R2,??DataTable3_9
   \   00000012   0x8812             LDRH     R2,[R2, #+0]
   \   00000014   0x2301             MOVS     R3,#+1
   \   00000016   0x408B             LSLS     R3,R3,R1
   \   00000018   0x421A             TST      R2,R3
   \   0000001A   0xD00D             BEQ.N    ??Return_Flags_Sending_2
    177                  {
    178                      Temp_NumBIT = cf;
   \   0000001C   0x0008             MOVS     R0,R1
    179                      Send_PacketUpDate_Flgs.BYTE &= (~(0x0001<<cf)) ;
   \   0000001E   0x.... 0x....      LDR.W    R2,??DataTable3_9
   \   00000022   0x8812             LDRH     R2,[R2, #+0]
   \   00000024   0x2301             MOVS     R3,#+1
   \   00000026   0x408B             LSLS     R3,R3,R1
   \   00000028   0x439A             BICS     R2,R2,R3
   \   0000002A   0x.... 0x....      LDR.W    R3,??DataTable3_9
   \   0000002E   0x801A             STRH     R2,[R3, #+0]
    180                      numBITstart = cf;
   \   00000030   0x.... 0x....      LDR.W    R2,??DataTable3_8
   \   00000034   0x7011             STRB     R1,[R2, #+0]
    181                      break;
   \   00000036   0xE008             B.N      ??Return_Flags_Sending_1
    182                  }
    183                  if( cf == 15 )
   \                     ??Return_Flags_Sending_2: (+1)
   \   00000038   0xB2C9             UXTB     R1,R1            ;; ZeroExt  R1,R1,#+24,#+24
   \   0000003A   0x290F             CMP      R1,#+15
   \   0000003C   0xD103             BNE.N    ??Return_Flags_Sending_3
    184                      numBITstart = 0; //
   \   0000003E   0x2200             MOVS     R2,#+0
   \   00000040   0x.... 0x....      LDR.W    R3,??DataTable3_8
   \   00000044   0x701A             STRB     R2,[R3, #+0]
    185              }
   \                     ??Return_Flags_Sending_3: (+1)
   \   00000046   0x1C49             ADDS     R1,R1,#+1
   \   00000048   0xE7DE             B.N      ??Return_Flags_Sending_0
    186              return Temp_NumBIT;
   \                     ??Return_Flags_Sending_1: (+1)
   \   0000004A   0xB2C0             UXTB     R0,R0            ;; ZeroExt  R0,R0,#+24,#+24
   \   0000004C   0x4770             BX       LR               ;; return
    187          }
    188          //------------------------------------------------------------------------------

   \                                 In section .text, align 2, keep-with-next
    189          void SENDRCV_MotherBoard_DataProcess(void)
    190          {  
   \                     SENDRCV_MotherBoard_DataProcess: (+1)
   \   00000000   0xB538             PUSH     {R3-R5,LR}
    191              u8        PacketCode_sendingTEMP , CS_TEMP=0;
   \   00000002   0x2500             MOVS     R5,#+0
    192              static       u8      T_flg=0;
    193              numBITstart = 0; // reset
   \   00000004   0x2000             MOVS     R0,#+0
   \   00000006   0x.... 0x....      LDR.W    R1,??DataTable3_8
   \   0000000A   0x7008             STRB     R0,[R1, #+0]
    194              // while(Send_PacketUpDate_Flgs.BYTE)             
    195              //{ 
    196              T_flg = T_flg^1;
   \   0000000C   0x.... 0x....      LDR.W    R0,??DataTable3_10
   \   00000010   0x7800             LDRB     R0,[R0, #+0]
   \   00000012   0xF090 0x0001      EORS     R0,R0,#0x1
   \   00000016   0x.... 0x....      LDR.W    R1,??DataTable3_10
   \   0000001A   0x7008             STRB     R0,[R1, #+0]
    197              PacketCode_sendingTEMP = 0;
   \   0000001C   0x2000             MOVS     R0,#+0
   \   0000001E   0x0004             MOVS     R4,R0
    198              if(T_flg == 0)  // for 5 msec 
   \   00000020   0x.... 0x....      LDR.W    R0,??DataTable3_10
   \   00000024   0x7800             LDRB     R0,[R0, #+0]
   \   00000026   0x2800             CMP      R0,#+0
   \   00000028   0xD172             BNE.N    ??SENDRCV_MotherBoard_DataProcess_0
    199              {
    200                  // PacketCode_sendingTEMP = Return_Flags_Sending();
    201                  if((Send_PacketUpDate_Flgs.BYTE & STATE_CODEF )== STATE_CODEF)
   \   0000002A   0x.... 0x....      LDR.W    R0,??DataTable3_9
   \   0000002E   0x8800             LDRH     R0,[R0, #+0]
   \   00000030   0x05C0             LSLS     R0,R0,#+23
   \   00000032   0xD50B             BPL.N    ??SENDRCV_MotherBoard_DataProcess_1
    202                  {
    203                      Send_PacketUpDate_Flgs.BYTE &= (~(STATE_CODEF));
   \   00000034   0x.... 0x....      LDR.W    R0,??DataTable3_9
   \   00000038   0x8800             LDRH     R0,[R0, #+0]
   \   0000003A   0xF64F 0x61FF      MOVW     R1,#+65279
   \   0000003E   0x4008             ANDS     R0,R1,R0
   \   00000040   0x.... 0x....      LDR.W    R1,??DataTable3_9
   \   00000044   0x8008             STRH     R0,[R1, #+0]
    204                      PacketCode_sendingTEMP = STATE_CODE;
   \   00000046   0x2008             MOVS     R0,#+8
   \   00000048   0x0004             MOVS     R4,R0
   \   0000004A   0xE061             B.N      ??SENDRCV_MotherBoard_DataProcess_0
    205                  }
    206                  else  if((Send_PacketUpDate_Flgs.BYTE & SIGNALS_CODEF )== SIGNALS_CODEF)
   \                     ??SENDRCV_MotherBoard_DataProcess_1: (+1)
   \   0000004C   0x.... 0x....      LDR.W    R0,??DataTable3_9
   \   00000050   0x7800             LDRB     R0,[R0, #+0]
   \   00000052   0x0640             LSLS     R0,R0,#+25
   \   00000054   0xD50B             BPL.N    ??SENDRCV_MotherBoard_DataProcess_2
    207                  {
    208                      Send_PacketUpDate_Flgs.BYTE &= (~(SIGNALS_CODEF));
   \   00000056   0x.... 0x....      LDR.W    R0,??DataTable3_9
   \   0000005A   0x8800             LDRH     R0,[R0, #+0]
   \   0000005C   0xF64F 0x71BF      MOVW     R1,#+65471
   \   00000060   0x4008             ANDS     R0,R1,R0
   \   00000062   0x.... 0x....      LDR.W    R1,??DataTable3_9
   \   00000066   0x8008             STRH     R0,[R1, #+0]
    209                      PacketCode_sendingTEMP = SIGNALS_CODE;
   \   00000068   0x2006             MOVS     R0,#+6
   \   0000006A   0x0004             MOVS     R4,R0
   \   0000006C   0xE050             B.N      ??SENDRCV_MotherBoard_DataProcess_0
    210                  }
    211                  else if((Send_PacketUpDate_Flgs.BYTE & ACKNOWLEDGE_CODEF )== ACKNOWLEDGE_CODEF)
   \                     ??SENDRCV_MotherBoard_DataProcess_2: (+1)
   \   0000006E   0x.... 0x....      LDR.W    R0,??DataTable3_9
   \   00000072   0x8800             LDRH     R0,[R0, #+0]
   \   00000074   0x04C0             LSLS     R0,R0,#+19
   \   00000076   0xD50B             BPL.N    ??SENDRCV_MotherBoard_DataProcess_3
    212                  {
    213                      Send_PacketUpDate_Flgs.BYTE &= (~(ACKNOWLEDGE_CODEF));
   \   00000078   0x.... 0x....      LDR.W    R0,??DataTable3_9
   \   0000007C   0x8800             LDRH     R0,[R0, #+0]
   \   0000007E   0xF64E 0x71FF      MOVW     R1,#+61439
   \   00000082   0x4008             ANDS     R0,R1,R0
   \   00000084   0x.... 0x....      LDR.W    R1,??DataTable3_9
   \   00000088   0x8008             STRH     R0,[R1, #+0]
    214                      PacketCode_sendingTEMP = ACKNOWLEDGE_CODE;
   \   0000008A   0x200C             MOVS     R0,#+12
   \   0000008C   0x0004             MOVS     R4,R0
   \   0000008E   0xE03F             B.N      ??SENDRCV_MotherBoard_DataProcess_0
    215                  }
    216                  else if((Send_PacketUpDate_Flgs.BYTE & ALARMS_CODEF )== ALARMS_CODEF)
   \                     ??SENDRCV_MotherBoard_DataProcess_3: (+1)
   \   00000090   0x.... 0x....      LDR.W    R0,??DataTable3_9
   \   00000094   0x8800             LDRH     R0,[R0, #+0]
   \   00000096   0x0580             LSLS     R0,R0,#+22
   \   00000098   0xD50B             BPL.N    ??SENDRCV_MotherBoard_DataProcess_4
    217                  {
    218                      Send_PacketUpDate_Flgs.BYTE &= (~(ALARMS_CODEF));
   \   0000009A   0x.... 0x....      LDR.W    R0,??DataTable3_9
   \   0000009E   0x8800             LDRH     R0,[R0, #+0]
   \   000000A0   0xF64F 0x51FF      MOVW     R1,#+65023
   \   000000A4   0x4008             ANDS     R0,R1,R0
   \   000000A6   0x.... 0x....      LDR.W    R1,??DataTable3_9
   \   000000AA   0x8008             STRH     R0,[R1, #+0]
    219                      PacketCode_sendingTEMP = ALARMS_CODE;
   \   000000AC   0x2009             MOVS     R0,#+9
   \   000000AE   0x0004             MOVS     R4,R0
   \   000000B0   0xE02E             B.N      ??SENDRCV_MotherBoard_DataProcess_0
    220                  }
    221                  else if((Send_PacketUpDate_Flgs.BYTE & HARDWAREERROR_CODEF )== HARDWAREERROR_CODEF)
   \                     ??SENDRCV_MotherBoard_DataProcess_4: (+1)
   \   000000B2   0x.... 0x....      LDR.W    R0,??DataTable3_9
   \   000000B6   0x8800             LDRH     R0,[R0, #+0]
   \   000000B8   0x0540             LSLS     R0,R0,#+21
   \   000000BA   0xD50B             BPL.N    ??SENDRCV_MotherBoard_DataProcess_5
    222                  {
    223                      Send_PacketUpDate_Flgs.BYTE &= (~(HARDWAREERROR_CODEF));
   \   000000BC   0x.... 0x....      LDR.W    R0,??DataTable3_9
   \   000000C0   0x8800             LDRH     R0,[R0, #+0]
   \   000000C2   0xF64F 0x31FF      MOVW     R1,#+64511
   \   000000C6   0x4008             ANDS     R0,R1,R0
   \   000000C8   0x.... 0x....      LDR.W    R1,??DataTable3_9
   \   000000CC   0x8008             STRH     R0,[R1, #+0]
    224                      PacketCode_sendingTEMP = HARDWAREERROR_CODE;
   \   000000CE   0x200A             MOVS     R0,#+10
   \   000000D0   0x0004             MOVS     R4,R0
   \   000000D2   0xE01D             B.N      ??SENDRCV_MotherBoard_DataProcess_0
    225                  }
    226                  else if((Send_PacketUpDate_Flgs.BYTE & PARAMITERS_CODEF )== PARAMITERS_CODEF)
   \                     ??SENDRCV_MotherBoard_DataProcess_5: (+1)
   \   000000D4   0x.... 0x....      LDR.W    R0,??DataTable3_9
   \   000000D8   0x7800             LDRB     R0,[R0, #+0]
   \   000000DA   0x0600             LSLS     R0,R0,#+24
   \   000000DC   0xD50B             BPL.N    ??SENDRCV_MotherBoard_DataProcess_6
    227                  {
    228                      Send_PacketUpDate_Flgs.BYTE &= (~(PARAMITERS_CODEF));
   \   000000DE   0x.... 0x....      LDR.W    R0,??DataTable3_9
   \   000000E2   0x8800             LDRH     R0,[R0, #+0]
   \   000000E4   0xF64F 0x717F      MOVW     R1,#+65407
   \   000000E8   0x4008             ANDS     R0,R1,R0
   \   000000EA   0x.... 0x....      LDR.W    R1,??DataTable3_9
   \   000000EE   0x8008             STRH     R0,[R1, #+0]
    229                      PacketCode_sendingTEMP = PARAMITERS_CODE;
   \   000000F0   0x2007             MOVS     R0,#+7
   \   000000F2   0x0004             MOVS     R4,R0
   \   000000F4   0xE00C             B.N      ??SENDRCV_MotherBoard_DataProcess_0
    230                  }
    231                  else if((Send_PacketUpDate_Flgs.BYTE & INTRUDUCTION_CODEF )== INTRUDUCTION_CODEF)
   \                     ??SENDRCV_MotherBoard_DataProcess_6: (+1)
   \   000000F6   0x....             LDR.N    R0,??DataTable3_9
   \   000000F8   0x7800             LDRB     R0,[R0, #+0]
   \   000000FA   0x0680             LSLS     R0,R0,#+26
   \   000000FC   0xD508             BPL.N    ??SENDRCV_MotherBoard_DataProcess_0
    232                  {
    233                      Send_PacketUpDate_Flgs.BYTE &= (~(INTRUDUCTION_CODEF));
   \   000000FE   0x....             LDR.N    R0,??DataTable3_9
   \   00000100   0x8800             LDRH     R0,[R0, #+0]
   \   00000102   0xF64F 0x71DF      MOVW     R1,#+65503
   \   00000106   0x4008             ANDS     R0,R1,R0
   \   00000108   0x....             LDR.N    R1,??DataTable3_9
   \   0000010A   0x8008             STRH     R0,[R1, #+0]
    234                      PacketCode_sendingTEMP = INTRUDUCTION_CODE;
   \   0000010C   0x2005             MOVS     R0,#+5
   \   0000010E   0x0004             MOVS     R4,R0
    235                  }
    236              }
    237              //
    238              if(PacketCode_sendingTEMP == 0)
   \                     ??SENDRCV_MotherBoard_DataProcess_0: (+1)
   \   00000110   0xB2E4             UXTB     R4,R4            ;; ZeroExt  R4,R4,#+24,#+24
   \   00000112   0x2C00             CMP      R4,#+0
   \   00000114   0xD10C             BNE.N    ??SENDRCV_MotherBoard_DataProcess_7
    239              {
    240                  if((Send_PacketUpDate_Flgs.BYTE & LOWLEVELDATA_CODEF )== LOWLEVELDATA_CODEF)
   \   00000116   0x....             LDR.N    R0,??DataTable3_9
   \   00000118   0x8800             LDRH     R0,[R0, #+0]
   \   0000011A   0x0500             LSLS     R0,R0,#+20
   \   0000011C   0xD508             BPL.N    ??SENDRCV_MotherBoard_DataProcess_7
    241                  {
    242                      Send_PacketUpDate_Flgs.BYTE &= (~(LOWLEVELDATA_CODEF));
   \   0000011E   0x....             LDR.N    R0,??DataTable3_9
   \   00000120   0x8800             LDRH     R0,[R0, #+0]
   \   00000122   0xF24F 0x71FF      MOVW     R1,#+63487
   \   00000126   0x4008             ANDS     R0,R1,R0
   \   00000128   0x....             LDR.N    R1,??DataTable3_9
   \   0000012A   0x8008             STRH     R0,[R1, #+0]
    243                      PacketCode_sendingTEMP = LOWLEVELDATA_CODE;
   \   0000012C   0x200B             MOVS     R0,#+11
   \   0000012E   0x0004             MOVS     R4,R0
    244                  }
    245              }
    246              //
    247              if(PacketCode_sendingTEMP > 0 && PacketCode_sendingTEMP < 13) // 0 is't define & >12 is't Valid
   \                     ??SENDRCV_MotherBoard_DataProcess_7: (+1)
   \   00000130   0xB2E4             UXTB     R4,R4            ;; ZeroExt  R4,R4,#+24,#+24
   \   00000132   0x2C00             CMP      R4,#+0
   \   00000134   0xF000 0x80C7      BEQ.W    ??SENDRCV_MotherBoard_DataProcess_8
   \   00000138   0xB2E4             UXTB     R4,R4            ;; ZeroExt  R4,R4,#+24,#+24
   \   0000013A   0x2C0D             CMP      R4,#+13
   \   0000013C   0xF280 0x80C3      BGE.W    ??SENDRCV_MotherBoard_DataProcess_8
    248              {
    249                  SENDData_2MB.Buffer[SENDData_2MB.Wr] = 0xAA;                                      // 0xAA
   \   00000140   0x20AA             MOVS     R0,#+170
   \   00000142   0x....             LDR.N    R1,??DataTable3_11
   \   00000144   0x....             LDR.N    R2,??DataTable3_11
   \   00000146   0xF8B2 0x212C      LDRH     R2,[R2, #+300]
   \   0000014A   0x5450             STRB     R0,[R2, R1]
    250                  INCREMENT_POINTER( SENDData_2MB.Wr , SENDDATA_2MB_LEN_BUFF);
   \   0000014C   0x....             LDR.N    R0,??DataTable3_11
   \   0000014E   0xF8B0 0x012C      LDRH     R0,[R0, #+300]
   \   00000152   0x1C40             ADDS     R0,R0,#+1
   \   00000154   0x....             LDR.N    R1,??DataTable3_11
   \   00000156   0xF8A1 0x012C      STRH     R0,[R1, #+300]
   \   0000015A   0x....             LDR.N    R0,??DataTable3_11
   \   0000015C   0xF8B0 0x012C      LDRH     R0,[R0, #+300]
   \   00000160   0xF5B0 0x7F96      CMP      R0,#+300
   \   00000164   0xD107             BNE.N    ??SENDRCV_MotherBoard_DataProcess_9
   \   00000166   0x2000             MOVS     R0,#+0
   \   00000168   0x....             LDR.N    R1,??DataTable3_11
   \   0000016A   0xF8A1 0x012C      STRH     R0,[R1, #+300]
   \   0000016E   0x....             LDR.N    R0,??DataTable3_11
   \   00000170   0xF8B0 0x012C      LDRH     R0,[R0, #+300]
   \   00000174   0xE000             B.N      ??SENDRCV_MotherBoard_DataProcess_10
   \                     ??SENDRCV_MotherBoard_DataProcess_9: (+1)
   \   00000176   0x2000             MOVS     R0,#+0
    251                  SENDData_2MB.Buffer[SENDData_2MB.Wr] = LEN_PACKETSENDING[PacketCode_sendingTEMP]; // Len
   \                     ??SENDRCV_MotherBoard_DataProcess_10: (+1)
   \   00000178   0x....             LDR.N    R0,??DataTable3_12
   \   0000017A   0xB2E4             UXTB     R4,R4            ;; ZeroExt  R4,R4,#+24,#+24
   \   0000017C   0x5C20             LDRB     R0,[R4, R0]
   \   0000017E   0x....             LDR.N    R1,??DataTable3_11
   \   00000180   0x....             LDR.N    R2,??DataTable3_11
   \   00000182   0xF8B2 0x212C      LDRH     R2,[R2, #+300]
   \   00000186   0x5450             STRB     R0,[R2, R1]
    252                  INCREMENT_POINTER( SENDData_2MB.Wr , SENDDATA_2MB_LEN_BUFF);
   \   00000188   0x....             LDR.N    R0,??DataTable3_11
   \   0000018A   0xF8B0 0x012C      LDRH     R0,[R0, #+300]
   \   0000018E   0x1C40             ADDS     R0,R0,#+1
   \   00000190   0x....             LDR.N    R1,??DataTable3_11
   \   00000192   0xF8A1 0x012C      STRH     R0,[R1, #+300]
   \   00000196   0x....             LDR.N    R0,??DataTable3_11
   \   00000198   0xF8B0 0x012C      LDRH     R0,[R0, #+300]
   \   0000019C   0xF5B0 0x7F96      CMP      R0,#+300
   \   000001A0   0xD107             BNE.N    ??SENDRCV_MotherBoard_DataProcess_11
   \   000001A2   0x2000             MOVS     R0,#+0
   \   000001A4   0x....             LDR.N    R1,??DataTable3_11
   \   000001A6   0xF8A1 0x012C      STRH     R0,[R1, #+300]
   \   000001AA   0x....             LDR.N    R0,??DataTable3_11
   \   000001AC   0xF8B0 0x012C      LDRH     R0,[R0, #+300]
   \   000001B0   0xE000             B.N      ??SENDRCV_MotherBoard_DataProcess_12
   \                     ??SENDRCV_MotherBoard_DataProcess_11: (+1)
   \   000001B2   0x2000             MOVS     R0,#+0
    253                  SENDData_2MB.Buffer[SENDData_2MB.Wr] = PacketCode_sendingTEMP;                    // Code
   \                     ??SENDRCV_MotherBoard_DataProcess_12: (+1)
   \   000001B4   0x....             LDR.N    R0,??DataTable3_11
   \   000001B6   0x....             LDR.N    R1,??DataTable3_11
   \   000001B8   0xF8B1 0x112C      LDRH     R1,[R1, #+300]
   \   000001BC   0x540C             STRB     R4,[R1, R0]
    254                  INCREMENT_POINTER( SENDData_2MB.Wr , SENDDATA_2MB_LEN_BUFF);
   \   000001BE   0x....             LDR.N    R0,??DataTable3_11
   \   000001C0   0xF8B0 0x012C      LDRH     R0,[R0, #+300]
   \   000001C4   0x1C40             ADDS     R0,R0,#+1
   \   000001C6   0x....             LDR.N    R1,??DataTable3_11
   \   000001C8   0xF8A1 0x012C      STRH     R0,[R1, #+300]
   \   000001CC   0x....             LDR.N    R0,??DataTable3_11
   \   000001CE   0xF8B0 0x012C      LDRH     R0,[R0, #+300]
   \   000001D2   0xF5B0 0x7F96      CMP      R0,#+300
   \   000001D6   0xD107             BNE.N    ??SENDRCV_MotherBoard_DataProcess_13
   \   000001D8   0x2000             MOVS     R0,#+0
   \   000001DA   0x....             LDR.N    R1,??DataTable3_11
   \   000001DC   0xF8A1 0x012C      STRH     R0,[R1, #+300]
   \   000001E0   0x....             LDR.N    R0,??DataTable3_11
   \   000001E2   0xF8B0 0x012C      LDRH     R0,[R0, #+300]
   \   000001E6   0xE000             B.N      ??SENDRCV_MotherBoard_DataProcess_14
   \                     ??SENDRCV_MotherBoard_DataProcess_13: (+1)
   \   000001E8   0x2000             MOVS     R0,#+0
    255                  CS_TEMP = LEN_PACKETSENDING[PacketCode_sendingTEMP] + PacketCode_sendingTEMP ;
   \                     ??SENDRCV_MotherBoard_DataProcess_14: (+1)
   \   000001EA   0x....             LDR.N    R0,??DataTable3_12
   \   000001EC   0xB2E4             UXTB     R4,R4            ;; ZeroExt  R4,R4,#+24,#+24
   \   000001EE   0x5C20             LDRB     R0,[R4, R0]
   \   000001F0   0x1820             ADDS     R0,R4,R0
   \   000001F2   0x0005             MOVS     R5,R0
    256                  for(u8 sn1=0; sn1 < (LEN_PACKETSENDING[PacketCode_sendingTEMP] - 1); sn1++)
   \   000001F4   0x2000             MOVS     R0,#+0
   \                     ??SENDRCV_MotherBoard_DataProcess_15: (+1)
   \   000001F6   0xB2C0             UXTB     R0,R0            ;; ZeroExt  R0,R0,#+24,#+24
   \   000001F8   0x....             LDR.N    R1,??DataTable3_12
   \   000001FA   0xB2E4             UXTB     R4,R4            ;; ZeroExt  R4,R4,#+24,#+24
   \   000001FC   0x5C61             LDRB     R1,[R4, R1]
   \   000001FE   0x1E49             SUBS     R1,R1,#+1
   \   00000200   0x4288             CMP      R0,R1
   \   00000202   0xDA29             BGE.N    ??SENDRCV_MotherBoard_DataProcess_16
    257                  {
    258                      SENDData_2MB.Buffer[SENDData_2MB.Wr] = *(((u8 *)(Address_Packet_DataSending[PacketCode_sendingTEMP])) + sn1);
   \   00000204   0x....             LDR.N    R1,??DataTable3_13
   \   00000206   0xB2E4             UXTB     R4,R4            ;; ZeroExt  R4,R4,#+24,#+24
   \   00000208   0xF851 0x1024      LDR      R1,[R1, R4, LSL #+2]
   \   0000020C   0xB2C0             UXTB     R0,R0            ;; ZeroExt  R0,R0,#+24,#+24
   \   0000020E   0x5C41             LDRB     R1,[R0, R1]
   \   00000210   0x....             LDR.N    R2,??DataTable3_11
   \   00000212   0x....             LDR.N    R3,??DataTable3_11
   \   00000214   0xF8B3 0x312C      LDRH     R3,[R3, #+300]
   \   00000218   0x5499             STRB     R1,[R3, R2]
    259                      INCREMENT_POINTER( SENDData_2MB.Wr , SENDDATA_2MB_LEN_BUFF);
   \   0000021A   0x....             LDR.N    R1,??DataTable3_11
   \   0000021C   0xF8B1 0x112C      LDRH     R1,[R1, #+300]
   \   00000220   0x1C49             ADDS     R1,R1,#+1
   \   00000222   0x....             LDR.N    R2,??DataTable3_11
   \   00000224   0xF8A2 0x112C      STRH     R1,[R2, #+300]
   \   00000228   0x....             LDR.N    R1,??DataTable3_11
   \   0000022A   0xF8B1 0x112C      LDRH     R1,[R1, #+300]
   \   0000022E   0xF5B1 0x7F96      CMP      R1,#+300
   \   00000232   0xD107             BNE.N    ??SENDRCV_MotherBoard_DataProcess_17
   \   00000234   0x2100             MOVS     R1,#+0
   \   00000236   0x....             LDR.N    R2,??DataTable3_11
   \   00000238   0xF8A2 0x112C      STRH     R1,[R2, #+300]
   \   0000023C   0x....             LDR.N    R1,??DataTable3_11
   \   0000023E   0xF8B1 0x112C      LDRH     R1,[R1, #+300]
   \   00000242   0xE000             B.N      ??SENDRCV_MotherBoard_DataProcess_18
   \                     ??SENDRCV_MotherBoard_DataProcess_17: (+1)
   \   00000244   0x2100             MOVS     R1,#+0
    260                      CS_TEMP += *(((u8 *)(Address_Packet_DataSending[PacketCode_sendingTEMP])) + sn1);
   \                     ??SENDRCV_MotherBoard_DataProcess_18: (+1)
   \   00000246   0x....             LDR.N    R1,??DataTable3_13
   \   00000248   0xB2E4             UXTB     R4,R4            ;; ZeroExt  R4,R4,#+24,#+24
   \   0000024A   0xF851 0x1024      LDR      R1,[R1, R4, LSL #+2]
   \   0000024E   0xB2C0             UXTB     R0,R0            ;; ZeroExt  R0,R0,#+24,#+24
   \   00000250   0x5C41             LDRB     R1,[R0, R1]
   \   00000252   0x194D             ADDS     R5,R1,R5
    261                  }
   \   00000254   0x1C40             ADDS     R0,R0,#+1
   \   00000256   0xE7CE             B.N      ??SENDRCV_MotherBoard_DataProcess_15
    262                  SENDData_2MB.Buffer[SENDData_2MB.Wr] = CS_TEMP;                                   // CS
   \                     ??SENDRCV_MotherBoard_DataProcess_16: (+1)
   \   00000258   0x....             LDR.N    R0,??DataTable3_11
   \   0000025A   0x....             LDR.N    R1,??DataTable3_11
   \   0000025C   0xF8B1 0x112C      LDRH     R1,[R1, #+300]
   \   00000260   0x540D             STRB     R5,[R1, R0]
    263                  INCREMENT_POINTER( SENDData_2MB.Wr , SENDDATA_2MB_LEN_BUFF);
   \   00000262   0x....             LDR.N    R0,??DataTable3_11
   \   00000264   0xF8B0 0x012C      LDRH     R0,[R0, #+300]
   \   00000268   0x1C40             ADDS     R0,R0,#+1
   \   0000026A   0x....             LDR.N    R1,??DataTable3_11
   \   0000026C   0xF8A1 0x012C      STRH     R0,[R1, #+300]
   \   00000270   0x....             LDR.N    R0,??DataTable3_11
   \   00000272   0xF8B0 0x012C      LDRH     R0,[R0, #+300]
   \   00000276   0xF5B0 0x7F96      CMP      R0,#+300
   \   0000027A   0xD107             BNE.N    ??SENDRCV_MotherBoard_DataProcess_19
   \   0000027C   0x2000             MOVS     R0,#+0
   \   0000027E   0x....             LDR.N    R1,??DataTable3_11
   \   00000280   0xF8A1 0x012C      STRH     R0,[R1, #+300]
   \   00000284   0x....             LDR.N    R0,??DataTable3_11
   \   00000286   0xF8B0 0x012C      LDRH     R0,[R0, #+300]
   \   0000028A   0xE000             B.N      ??SENDRCV_MotherBoard_DataProcess_20
   \                     ??SENDRCV_MotherBoard_DataProcess_19: (+1)
   \   0000028C   0x2000             MOVS     R0,#+0
    264                  SENDData_2MB.Buffer[SENDData_2MB.Wr] = 0x00; 
   \                     ??SENDRCV_MotherBoard_DataProcess_20: (+1)
   \   0000028E   0x2000             MOVS     R0,#+0
   \   00000290   0x....             LDR.N    R1,??DataTable3_11
   \   00000292   0x....             LDR.N    R2,??DataTable3_11
   \   00000294   0xF8B2 0x212C      LDRH     R2,[R2, #+300]
   \   00000298   0x5450             STRB     R0,[R2, R1]
    265                  INCREMENT_POINTER( SENDData_2MB.Wr , SENDDATA_2MB_LEN_BUFF);
   \   0000029A   0x....             LDR.N    R0,??DataTable3_11
   \   0000029C   0xF8B0 0x012C      LDRH     R0,[R0, #+300]
   \   000002A0   0x1C40             ADDS     R0,R0,#+1
   \   000002A2   0x....             LDR.N    R1,??DataTable3_11
   \   000002A4   0xF8A1 0x012C      STRH     R0,[R1, #+300]
   \   000002A8   0x....             LDR.N    R0,??DataTable3_11
   \   000002AA   0xF8B0 0x012C      LDRH     R0,[R0, #+300]
   \   000002AE   0xF5B0 0x7F96      CMP      R0,#+300
   \   000002B2   0xD107             BNE.N    ??SENDRCV_MotherBoard_DataProcess_21
   \   000002B4   0x2000             MOVS     R0,#+0
   \   000002B6   0x....             LDR.N    R1,??DataTable3_11
   \   000002B8   0xF8A1 0x012C      STRH     R0,[R1, #+300]
   \   000002BC   0x....             LDR.N    R0,??DataTable3_11
   \   000002BE   0xF8B0 0x012C      LDRH     R0,[R0, #+300]
   \   000002C2   0xE000             B.N      ??SENDRCV_MotherBoard_DataProcess_8
   \                     ??SENDRCV_MotherBoard_DataProcess_21: (+1)
   \   000002C4   0x2000             MOVS     R0,#+0
    266              }
    267              // }
    268              /* ----->>  Starte sending */  // ============================== */           
    269              if((SENDData_2MB.Wr != SENDData_2MB.Rd ) && (SENDData_2MB.Flg_Sending == DISABLE))
   \                     ??SENDRCV_MotherBoard_DataProcess_8: (+1)
   \   000002C6   0x....             LDR.N    R0,??DataTable3_11
   \   000002C8   0xF8B0 0x012C      LDRH     R0,[R0, #+300]
   \   000002CC   0x....             LDR.N    R1,??DataTable3_11
   \   000002CE   0xF8B1 0x112E      LDRH     R1,[R1, #+302]
   \   000002D2   0x4288             CMP      R0,R1
   \   000002D4   0xD02D             BEQ.N    ??SENDRCV_MotherBoard_DataProcess_22
   \   000002D6   0x....             LDR.N    R0,??DataTable3_11
   \   000002D8   0xF890 0x0130      LDRB     R0,[R0, #+304]
   \   000002DC   0x2800             CMP      R0,#+0
   \   000002DE   0xD128             BNE.N    ??SENDRCV_MotherBoard_DataProcess_22
    270              {
    271                  SENDData_2MB.Flg_Sending = ENABLE;
   \   000002E0   0x2001             MOVS     R0,#+1
   \   000002E2   0x....             LDR.N    R1,??DataTable3_11
   \   000002E4   0xF881 0x0130      STRB     R0,[R1, #+304]
    272                  USART_SendData(MAINBOARD, SENDData_2MB.Buffer[SENDData_2MB.Rd]); 
   \   000002E8   0x....             LDR.N    R0,??DataTable3_11
   \   000002EA   0x....             LDR.N    R1,??DataTable3_11
   \   000002EC   0xF8B1 0x112E      LDRH     R1,[R1, #+302]
   \   000002F0   0x5C09             LDRB     R1,[R1, R0]
   \   000002F2   0xB289             UXTH     R1,R1            ;; ZeroExt  R1,R1,#+16,#+16
   \   000002F4   0x....             LDR.N    R0,??DataTable3_14  ;; 0x40011000
   \   000002F6   0x.... 0x....      BL       USART_SendData
    273                  INCREMENT_POINTER(SENDData_2MB.Rd , SENDDATA_2MB_LEN_BUFF);
   \   000002FA   0x....             LDR.N    R0,??DataTable3_11
   \   000002FC   0xF8B0 0x012E      LDRH     R0,[R0, #+302]
   \   00000300   0x1C40             ADDS     R0,R0,#+1
   \   00000302   0x....             LDR.N    R1,??DataTable3_11
   \   00000304   0xF8A1 0x012E      STRH     R0,[R1, #+302]
   \   00000308   0x....             LDR.N    R0,??DataTable3_11
   \   0000030A   0xF8B0 0x012E      LDRH     R0,[R0, #+302]
   \   0000030E   0xF5B0 0x7F96      CMP      R0,#+300
   \   00000312   0xD107             BNE.N    ??SENDRCV_MotherBoard_DataProcess_23
   \   00000314   0x2000             MOVS     R0,#+0
   \   00000316   0x....             LDR.N    R1,??DataTable3_11
   \   00000318   0xF8A1 0x012E      STRH     R0,[R1, #+302]
   \   0000031C   0x....             LDR.N    R0,??DataTable3_11
   \   0000031E   0xF8B0 0x012E      LDRH     R0,[R0, #+302]
   \   00000322   0xE000             B.N      ??SENDRCV_MotherBoard_DataProcess_24
   \                     ??SENDRCV_MotherBoard_DataProcess_23: (+1)
   \   00000324   0x2000             MOVS     R0,#+0
    274                  USART_ITConfig(MAINBOARD,USART_IT_TXE,ENABLE);  // INT ersal faal  mishe  
   \                     ??SENDRCV_MotherBoard_DataProcess_24: (+1)
   \   00000326   0x2201             MOVS     R2,#+1
   \   00000328   0xF240 0x7127      MOVW     R1,#+1831
   \   0000032C   0x....             LDR.N    R0,??DataTable3_14  ;; 0x40011000
   \   0000032E   0x.... 0x....      BL       USART_ITConfig
    275              }  
    276          }
   \                     ??SENDRCV_MotherBoard_DataProcess_22: (+1)
   \   00000332   0xBD31             POP      {R0,R4,R5,PC}    ;; return

   \                                 In section .bss, align 1
   \                     ??T_flg:
   \   00000000                      DS8 1
    277          //------------------------------------------------------------------------------

   \                                 In section .text, align 2, keep-with-next
    278          void    SendCOM2 (u8 mode)
    279          {
   \                     SendCOM2: (+1)
   \   00000000   0xB510             PUSH     {R4,LR}
   \   00000002   0x0004             MOVS     R4,R0
    280          #define         sizeBUFF        41
    281              static u8     BUFFCOM2[sizeBUFF],Ptr_Rd,Ptr_Wd;
    282              
    283              if(mode == 0)
   \   00000004   0xB2E4             UXTB     R4,R4            ;; ZeroExt  R4,R4,#+24,#+24
   \   00000006   0x2C00             CMP      R4,#+0
   \   00000008   0xD129             BNE.N    ??SendCOM2_0
    284              {
    285                  Ptr_Wd=0;
   \   0000000A   0x2000             MOVS     R0,#+0
   \   0000000C   0x....             LDR.N    R1,??DataTable3_15
   \   0000000E   0x7008             STRB     R0,[R1, #+0]
    286                  //-------------------
    287                  COM2.Data.Header = 0xAA;
   \   00000010   0x20AA             MOVS     R0,#+170
   \   00000012   0x....             LDR.N    R1,??DataTable3_16
   \   00000014   0x7008             STRB     R0,[R1, #+0]
    288                  for(Ptr_Wd=0;Ptr_Wd<sizeBUFF;Ptr_Wd++)
   \   00000016   0x2000             MOVS     R0,#+0
   \   00000018   0x....             LDR.N    R1,??DataTable3_15
   \   0000001A   0x7008             STRB     R0,[R1, #+0]
   \                     ??SendCOM2_1: (+1)
   \   0000001C   0x....             LDR.N    R0,??DataTable3_15
   \   0000001E   0x7800             LDRB     R0,[R0, #+0]
   \   00000020   0x2829             CMP      R0,#+41
   \   00000022   0xDA0D             BGE.N    ??SendCOM2_2
    289                  {
    290                      BUFFCOM2[Ptr_Wd] = COM2.BYTE[Ptr_Wd];
   \   00000024   0x....             LDR.N    R0,??DataTable3_16
   \   00000026   0x....             LDR.N    R1,??DataTable3_15
   \   00000028   0x7809             LDRB     R1,[R1, #+0]
   \   0000002A   0x5C08             LDRB     R0,[R1, R0]
   \   0000002C   0x....             LDR.N    R1,??DataTable3_17
   \   0000002E   0x....             LDR.N    R2,??DataTable3_15
   \   00000030   0x7812             LDRB     R2,[R2, #+0]
   \   00000032   0x5450             STRB     R0,[R2, R1]
    291                  }
   \   00000034   0x....             LDR.N    R0,??DataTable3_15
   \   00000036   0x7800             LDRB     R0,[R0, #+0]
   \   00000038   0x1C40             ADDS     R0,R0,#+1
   \   0000003A   0x....             LDR.N    R1,??DataTable3_15
   \   0000003C   0x7008             STRB     R0,[R1, #+0]
   \   0000003E   0xE7ED             B.N      ??SendCOM2_1
    292                  USART_SendData(SAMBOARD, BUFFCOM2[0]);
   \                     ??SendCOM2_2: (+1)
   \   00000040   0x....             LDR.N    R0,??DataTable3_17
   \   00000042   0x7801             LDRB     R1,[R0, #+0]
   \   00000044   0xB289             UXTH     R1,R1            ;; ZeroExt  R1,R1,#+16,#+16
   \   00000046   0x....             LDR.N    R0,??DataTable3_18  ;; 0x40004800
   \   00000048   0x.... 0x....      BL       USART_SendData
    293                  Ptr_Rd = 1;
   \   0000004C   0x2001             MOVS     R0,#+1
   \   0000004E   0x....             LDR.N    R1,??DataTable3_19
   \   00000050   0x7008             STRB     R0,[R1, #+0]
    294                  USART_ITConfig(SAMBOARD,USART_IT_TXE,ENABLE);  // INT ersal faal  mishe 
   \   00000052   0x2201             MOVS     R2,#+1
   \   00000054   0xF240 0x7127      MOVW     R1,#+1831
   \   00000058   0x....             LDR.N    R0,??DataTable3_18  ;; 0x40004800
   \   0000005A   0x.... 0x....      BL       USART_ITConfig
    295                  
    296              }
    297              if(mode == 1)
   \                     ??SendCOM2_0: (+1)
   \   0000005E   0xB2E4             UXTB     R4,R4            ;; ZeroExt  R4,R4,#+24,#+24
   \   00000060   0x2C01             CMP      R4,#+1
   \   00000062   0xD11A             BNE.N    ??SendCOM2_3
    298              {
    299                  if( Ptr_Rd < sizeBUFF )
   \   00000064   0x....             LDR.N    R0,??DataTable3_19
   \   00000066   0x7800             LDRB     R0,[R0, #+0]
   \   00000068   0x2829             CMP      R0,#+41
   \   0000006A   0xDA16             BGE.N    ??SendCOM2_3
    300                  {
    301                      
    302                      USART_SendData(SAMBOARD, BUFFCOM2[Ptr_Rd]); 
   \   0000006C   0x....             LDR.N    R0,??DataTable3_17
   \   0000006E   0x....             LDR.N    R1,??DataTable3_19
   \   00000070   0x7809             LDRB     R1,[R1, #+0]
   \   00000072   0x5C09             LDRB     R1,[R1, R0]
   \   00000074   0xB289             UXTH     R1,R1            ;; ZeroExt  R1,R1,#+16,#+16
   \   00000076   0x....             LDR.N    R0,??DataTable3_18  ;; 0x40004800
   \   00000078   0x.... 0x....      BL       USART_SendData
    303                      if(Ptr_Rd==(sizeBUFF -1))
   \   0000007C   0x....             LDR.N    R0,??DataTable3_19
   \   0000007E   0x7800             LDRB     R0,[R0, #+0]
   \   00000080   0x2828             CMP      R0,#+40
   \   00000082   0xD105             BNE.N    ??SendCOM2_4
    304                          USART_ITConfig(SAMBOARD,USART_IT_TXE,DISABLE);
   \   00000084   0x2200             MOVS     R2,#+0
   \   00000086   0xF240 0x7127      MOVW     R1,#+1831
   \   0000008A   0x....             LDR.N    R0,??DataTable3_18  ;; 0x40004800
   \   0000008C   0x.... 0x....      BL       USART_ITConfig
    305                      Ptr_Rd++;
   \                     ??SendCOM2_4: (+1)
   \   00000090   0x....             LDR.N    R0,??DataTable3_19
   \   00000092   0x7800             LDRB     R0,[R0, #+0]
   \   00000094   0x1C40             ADDS     R0,R0,#+1
   \   00000096   0x....             LDR.N    R1,??DataTable3_19
   \   00000098   0x7008             STRB     R0,[R1, #+0]
    306                  } 
    307                  //    else
    308                  //    {
    309                  //      USART_ITConfig(SAMBOARD,USART_IT_TXE,DISABLE);
    310                  //    }
    311              }
    312          }
   \                     ??SendCOM2_3: (+1)
   \   0000009A   0xBD10             POP      {R4,PC}          ;; return

   \                                 In section .bss, align 4
   \                     ??BUFFCOM2:
   \   00000000                      DS8 44

   \                                 In section .bss, align 1
   \                     ??Ptr_Rd:
   \   00000000                      DS8 1

   \                                 In section .bss, align 1
   \                     ??Ptr_Wd:
   \   00000000                      DS8 1

   \                                 In section .text, align 4, keep-with-next
   \                     ??DataTable3:
   \   00000000   0x........         DC32     ??Packet_State

   \                                 In section .text, align 4, keep-with-next
   \                     ??DataTable3_1:
   \   00000000   0x........         DC32     ??LEN_

   \                                 In section .text, align 4, keep-with-next
   \                     ??DataTable3_2:
   \   00000000   0x........         DC32     RCVData_MB

   \                                 In section .text, align 4, keep-with-next
   \                     ??DataTable3_3:
   \   00000000   0x........         DC32     ??CS_

   \                                 In section .text, align 4, keep-with-next
   \                     ??DataTable3_4:
   \   00000000   0x........         DC32     Timer

   \                                 In section .text, align 4, keep-with-next
   \                     ??DataTable3_5:
   \   00000000   0x........         DC32     Recive_PacketUpDate_Flgs

   \                                 In section .text, align 4, keep-with-next
   \                     ??DataTable3_6:
   \   00000000   0x........         DC32     Address_Packet_DataRCV

   \                                 In section .text, align 4, keep-with-next
   \                     ??DataTable3_7:
   \   00000000   0x........         DC32     Recive_PacketError_Flgs

   \                                 In section .text, align 4, keep-with-next
   \                     ??DataTable3_8:
   \   00000000   0x........         DC32     numBITstart

   \                                 In section .text, align 4, keep-with-next
   \                     ??DataTable3_9:
   \   00000000   0x........         DC32     Send_PacketUpDate_Flgs

   \                                 In section .text, align 4, keep-with-next
   \                     ??DataTable3_10:
   \   00000000   0x........         DC32     ??T_flg

   \                                 In section .text, align 4, keep-with-next
   \                     ??DataTable3_11:
   \   00000000   0x........         DC32     SENDData_2MB

   \                                 In section .text, align 4, keep-with-next
   \                     ??DataTable3_12:
   \   00000000   0x........         DC32     LEN_PACKETSENDING

   \                                 In section .text, align 4, keep-with-next
   \                     ??DataTable3_13:
   \   00000000   0x........         DC32     Address_Packet_DataSending

   \                                 In section .text, align 4, keep-with-next
   \                     ??DataTable3_14:
   \   00000000   0x40011000         DC32     0x40011000

   \                                 In section .text, align 4, keep-with-next
   \                     ??DataTable3_15:
   \   00000000   0x........         DC32     ??Ptr_Wd

   \                                 In section .text, align 4, keep-with-next
   \                     ??DataTable3_16:
   \   00000000   0x........         DC32     COM2

   \                                 In section .text, align 4, keep-with-next
   \                     ??DataTable3_17:
   \   00000000   0x........         DC32     ??BUFFCOM2

   \                                 In section .text, align 4, keep-with-next
   \                     ??DataTable3_18:
   \   00000000   0x40004800         DC32     0x40004800

   \                                 In section .text, align 4, keep-with-next
   \                     ??DataTable3_19:
   \   00000000   0x........         DC32     ??Ptr_Rd
    313          //------------------------------------------------------------------------------
    314          

   Maximum stack usage in bytes:

   .cstack Function
   ------- --------
       4   RCV_MotherBoard_CheckPacket
       0   Return_Flags_Sending
      16   SENDRCV_MotherBoard_DataProcess
        16   -> USART_ITConfig
        16   -> USART_SendData
       8   SendCOM2
         8   -> USART_ITConfig
         8   -> USART_SendData


   Section sizes:

   Bytes  Function/Label
   -----  --------------
       4  ??DataTable3
       4  ??DataTable3_1
       4  ??DataTable3_10
       4  ??DataTable3_11
       4  ??DataTable3_12
       4  ??DataTable3_13
       4  ??DataTable3_14
       4  ??DataTable3_15
       4  ??DataTable3_16
       4  ??DataTable3_17
       4  ??DataTable3_18
       4  ??DataTable3_19
       4  ??DataTable3_2
       4  ??DataTable3_3
       4  ??DataTable3_4
       4  ??DataTable3_5
       4  ??DataTable3_6
       4  ??DataTable3_7
       4  ??DataTable3_8
       4  ??DataTable3_9
       4  Acknowledge
      48  Address_Packet_DataRCV
      52  Address_Packet_DataSending
     252  Adjustments_Set1
     116  Adjustments_Set2
      20  Alarm_Setting
       4  Alarms
      24  Algorithm_Settings_S1
      16  Algorithm_Settings_S2
       8  Apnea_Setting
      44  BUFFCOM2
      44  COM2
       1  CS_
      12  Current
      12  Fast_Sensor
       4  Hardware_Errors
     100  IntroductionText
       1  LEN_
      16  LEN_PACKETSENDING
      20  Low_Level_Control
      24  Low_Level_Data
      32  PACKETCodeLimit_CB2MB
      32  PACKETCodeLimit_MB2CB
      12  PWM
       1  Packet_State
      64  Parameters
       1  Ptr_Rd
       1  Ptr_Wd
     412  RCVData_MB
     560  RCV_MotherBoard_CheckPacket
       4  Recive_PacketError_Flgs
       4  Recive_PacketUpDate_Flgs
      78  Return_Flags_Sending
     308  SENDData_2MB
     820  SENDRCV_MotherBoard_DataProcess
     156  SendCOM2
       4  Send_PacketUpDate_Flgs
      28  Signals
      12  Slow_Sensor
       4  StateControl_C2M
       4  StateControl_M2C
       1  T_flg
       1  numBITstart

 
 1 567 bytes in section .bss
   100 bytes in section .data
    80 bytes in section .rodata
 1 694 bytes in section .text
 
 1 694 bytes of CODE  memory
    80 bytes of CONST memory
 1 667 bytes of DATA  memory

Errors: none
Warnings: none
