###############################################################################
#
# IAR ANSI C/C++ Compiler V7.40.3.8902/W32 for ARM        05/Nov/2025  15:02:26
# Copyright 1999-2015 IAR Systems AB.
#
#    Cpu mode     =  thumb
#    Endian       =  little
#    Source file  =  
#        D:\Turbo Fan\Codes\14030723 BLDC-valve2 added\modules\Source\Usart_3.c
#    Command line =  
#        "D:\Turbo Fan\Codes\14030723 BLDC-valve2
#        added\modules\Source\Usart_3.c" -D USE_STDPERIPH_DRIVER -D STM32F40XX
#        -lC "D:\Turbo Fan\Codes\14030723 BLDC-valve2 added\Debug\List\" -o
#        "D:\Turbo Fan\Codes\14030723 BLDC-valve2 added\Debug\Obj\" --no_cse
#        --no_unroll --no_inline --no_code_motion --no_tbaa --no_clustering
#        --no_scheduling --debug --endian=little --cpu=Cortex-M4 -e
#        --fpu=VFPv4_sp --dlib_config "C:\Program Files (x86)\IAR
#        Systems\Embedded Workbench 7.2\arm\INC\c\DLib_Config_Normal.h" -I
#        "D:\Turbo Fan\Codes\14030723 BLDC-valve2 added\board\" -I "D:\Turbo
#        Fan\Codes\14030723 BLDC-valve2 added\app\" -I "D:\Turbo
#        Fan\Codes\14030723 BLDC-valve2
#        added\Libraries\CMSIS\Device\ST\STM32F4xx\Include\" -I "D:\Turbo
#        Fan\Codes\14030723 BLDC-valve2
#        added\Libraries\STM32F4xx_StdPeriph_Driver\inc\" -I "D:\Turbo
#        Fan\Codes\14030723 BLDC-valve2 added\modules\Header\" -On
#        --use_c++_inline -I "C:\Program Files (x86)\IAR Systems\Embedded
#        Workbench 7.2\arm\CMSIS\Include\" --relaxed_fp
#    List file    =  
#        D:\Turbo Fan\Codes\14030723 BLDC-valve2 added\Debug\List\Usart_3.lst
#    Object file  =  
#        D:\Turbo Fan\Codes\14030723 BLDC-valve2 added\Debug\Obj\Usart_3.o
#
###############################################################################

D:\Turbo Fan\Codes\14030723 BLDC-valve2 added\modules\Source\Usart_3.c
      1          /**
      2          ******************************************************************************
      3          * File Name          : UART.c
      4          * Description        : my program body
      5          ******************************************************************************
      6          ******************************************************************************
      7          */
      8          /* Includes ------------------------------------------------------------------*/
      9          #include "Usart_3.h"
     10          #include "main.h"
     11          //--------------------------------------
     12          /* Extern Variables ---------------------------------------------------------*/
     13          

   \                                 In section .bss, align 4
     14          STRUCT_PACKET_PWM                   PWM;
   \                     PWM:
   \   00000000                      DS8 12

   \                                 In section .bss, align 4
     15          UNION_PACKET_COM2_SERIAL            COM1;
   \                     COM1:
   \   00000000                      DS8 20
     16          extern  Struct_ADC_Data             ADC_Data;
     17          
     18          /* Variables Definition  ----------------------------------------------------*/

   \                                 In section .bss, align 4
     19          UNION_PACKET_RCVPWM     RcvPWM;
   \                     RcvPWM:
   \   00000000                      DS8 16

   \                                 In section .bss, align 4
     20          UNION_PACKET_FRQ        SpeedMotor;
   \                     SpeedMotor:
   \   00000000                      DS8 4

   \                                 In section .bss, align 4
     21          STRUCT_SEND_DATA        Send2MB;
   \                     Send2MB:
   \   00000000                      DS8 44
     22          

   \                                 In section .bss, align 1
     23          u8     ReceiveData = 0;
   \                     ReceiveData:
   \   00000000                      DS8 1
     24          
     25          //-----------------------------------------
     26          //------------------------------------------------------------------------------

   \                                 In section .text, align 2, keep-with-next
     27          void    SendCOM2 (u8 mode)
     28          {
   \                     SendCOM2: (+1)
   \   00000000   0xB510             PUSH     {R4,LR}
   \   00000002   0x0004             MOVS     R4,R0
     29          #define         sizeBUFF        20
     30              static u8     BUFFCOM2[sizeBUFF],Ptr_Rd,Ptr_Wd;
     31              
     32              if(mode == 0)
   \   00000004   0xB2E4             UXTB     R4,R4            ;; ZeroExt  R4,R4,#+24,#+24
   \   00000006   0x2C00             CMP      R4,#+0
   \   00000008   0xD156             BNE.N    ??SendCOM2_0
     33              {
     34                  Ptr_Wd=0;
   \   0000000A   0x2000             MOVS     R0,#+0
   \   0000000C   0x.... 0x....      LDR.W    R1,??DataTable2
   \   00000010   0x7008             STRB     R0,[R1, #+0]
     35                  //-------------------
     36                  COM1.Data.Header1 = 0xAA;
   \   00000012   0x20AA             MOVS     R0,#+170
   \   00000014   0x.... 0x....      LDR.W    R1,??DataTable2_1
   \   00000018   0x7008             STRB     R0,[R1, #+0]
     37                  COM1.Data.Header2 = 0xFF;
   \   0000001A   0x20FF             MOVS     R0,#+255
   \   0000001C   0x.... 0x....      LDR.W    R1,??DataTable2_1
   \   00000020   0x7048             STRB     R0,[R1, #+1]
     38                  COM1.Data.Header3 = 0xDC;
   \   00000022   0x20DC             MOVS     R0,#+220
   \   00000024   0x.... 0x....      LDR.W    R1,??DataTable2_1
   \   00000028   0x7088             STRB     R0,[R1, #+2]
     39                  COM1.Data.CRCS =0;
   \   0000002A   0x2000             MOVS     R0,#+0
   \   0000002C   0x.... 0x....      LDR.W    R1,??DataTable2_1
   \   00000030   0x74C8             STRB     R0,[R1, #+19]
     40                  for(Ptr_Wd=0;Ptr_Wd<(sizeBUFF - 1);Ptr_Wd++)
   \   00000032   0x2000             MOVS     R0,#+0
   \   00000034   0x.... 0x....      LDR.W    R1,??DataTable2
   \   00000038   0x7008             STRB     R0,[R1, #+0]
   \                     ??SendCOM2_1: (+1)
   \   0000003A   0x.... 0x....      LDR.W    R0,??DataTable2
   \   0000003E   0x7800             LDRB     R0,[R0, #+0]
   \   00000040   0x2813             CMP      R0,#+19
   \   00000042   0xDA20             BGE.N    ??SendCOM2_2
     41                  {
     42                      BUFFCOM2[Ptr_Wd] = COM1.BYTE[Ptr_Wd];
   \   00000044   0x.... 0x....      LDR.W    R0,??DataTable2_1
   \   00000048   0x.... 0x....      LDR.W    R1,??DataTable2
   \   0000004C   0x7809             LDRB     R1,[R1, #+0]
   \   0000004E   0x5C08             LDRB     R0,[R1, R0]
   \   00000050   0x.... 0x....      LDR.W    R1,??DataTable2_2
   \   00000054   0x.... 0x....      LDR.W    R2,??DataTable2
   \   00000058   0x7812             LDRB     R2,[R2, #+0]
   \   0000005A   0x5450             STRB     R0,[R2, R1]
     43                      COM1.Data.CRCS += BUFFCOM2[Ptr_Wd];
   \   0000005C   0x.... 0x....      LDR.W    R0,??DataTable2_1
   \   00000060   0x7CC0             LDRB     R0,[R0, #+19]
   \   00000062   0x.... 0x....      LDR.W    R1,??DataTable2_2
   \   00000066   0x.... 0x....      LDR.W    R2,??DataTable2
   \   0000006A   0x7812             LDRB     R2,[R2, #+0]
   \   0000006C   0x5C51             LDRB     R1,[R2, R1]
   \   0000006E   0x1808             ADDS     R0,R1,R0
   \   00000070   0x.... 0x....      LDR.W    R1,??DataTable2_1
   \   00000074   0x74C8             STRB     R0,[R1, #+19]
     44                 }
   \   00000076   0x.... 0x....      LDR.W    R0,??DataTable2
   \   0000007A   0x7800             LDRB     R0,[R0, #+0]
   \   0000007C   0x1C40             ADDS     R0,R0,#+1
   \   0000007E   0x.... 0x....      LDR.W    R1,??DataTable2
   \   00000082   0x7008             STRB     R0,[R1, #+0]
   \   00000084   0xE7D9             B.N      ??SendCOM2_1
     45                  BUFFCOM2[sizeBUFF - 1] = COM1.Data.CRCS;
   \                     ??SendCOM2_2: (+1)
   \   00000086   0x.... 0x....      LDR.W    R0,??DataTable2_1
   \   0000008A   0x7CC0             LDRB     R0,[R0, #+19]
   \   0000008C   0x.... 0x....      LDR.W    R1,??DataTable2_2
   \   00000090   0x74C8             STRB     R0,[R1, #+19]
     46                  USART_SendData(COMPORT, BUFFCOM2[0]);
   \   00000092   0x.... 0x....      LDR.W    R0,??DataTable2_2
   \   00000096   0x7801             LDRB     R1,[R0, #+0]
   \   00000098   0xB289             UXTH     R1,R1            ;; ZeroExt  R1,R1,#+16,#+16
   \   0000009A   0x.... 0x....      LDR.W    R0,??DataTable2_3  ;; 0x40011000
   \   0000009E   0x.... 0x....      BL       USART_SendData
     47                  Ptr_Rd = 1;
   \   000000A2   0x2001             MOVS     R0,#+1
   \   000000A4   0x.... 0x....      LDR.W    R1,??DataTable2_4
   \   000000A8   0x7008             STRB     R0,[R1, #+0]
     48                  USART_ITConfig(COMPORT,USART_IT_TXE,ENABLE);  // 
   \   000000AA   0x2201             MOVS     R2,#+1
   \   000000AC   0xF240 0x7127      MOVW     R1,#+1831
   \   000000B0   0x.... 0x....      LDR.W    R0,??DataTable2_3  ;; 0x40011000
   \   000000B4   0x.... 0x....      BL       USART_ITConfig
     49                  
     50              }
     51              if(mode == 1)
   \                     ??SendCOM2_0: (+1)
   \   000000B8   0xB2E4             UXTB     R4,R4            ;; ZeroExt  R4,R4,#+24,#+24
   \   000000BA   0x2C01             CMP      R4,#+1
   \   000000BC   0xD122             BNE.N    ??SendCOM2_3
     52              {
     53                  if( Ptr_Rd < sizeBUFF )
   \   000000BE   0x.... 0x....      LDR.W    R0,??DataTable2_4
   \   000000C2   0x7800             LDRB     R0,[R0, #+0]
   \   000000C4   0x2814             CMP      R0,#+20
   \   000000C6   0xDA1D             BGE.N    ??SendCOM2_3
     54                  {            
     55                      //USART_SendData(COMPORT, 0xFF); 
     56                      USART_SendData(COMPORT, BUFFCOM2[Ptr_Rd]); 
   \   000000C8   0x.... 0x....      LDR.W    R0,??DataTable2_2
   \   000000CC   0x.... 0x....      LDR.W    R1,??DataTable2_4
   \   000000D0   0x7809             LDRB     R1,[R1, #+0]
   \   000000D2   0x5C09             LDRB     R1,[R1, R0]
   \   000000D4   0xB289             UXTH     R1,R1            ;; ZeroExt  R1,R1,#+16,#+16
   \   000000D6   0x.... 0x....      LDR.W    R0,??DataTable2_3  ;; 0x40011000
   \   000000DA   0x.... 0x....      BL       USART_SendData
     57          
     58                      if(Ptr_Rd==(sizeBUFF -1))
   \   000000DE   0x.... 0x....      LDR.W    R0,??DataTable2_4
   \   000000E2   0x7800             LDRB     R0,[R0, #+0]
   \   000000E4   0x2813             CMP      R0,#+19
   \   000000E6   0xD106             BNE.N    ??SendCOM2_4
     59                      {
     60                         USART_ITConfig(COMPORT,USART_IT_TXE,DISABLE);
   \   000000E8   0x2200             MOVS     R2,#+0
   \   000000EA   0xF240 0x7127      MOVW     R1,#+1831
   \   000000EE   0x.... 0x....      LDR.W    R0,??DataTable2_3  ;; 0x40011000
   \   000000F2   0x.... 0x....      BL       USART_ITConfig
     61                      }
     62                      Ptr_Rd++;
   \                     ??SendCOM2_4: (+1)
   \   000000F6   0x.... 0x....      LDR.W    R0,??DataTable2_4
   \   000000FA   0x7800             LDRB     R0,[R0, #+0]
   \   000000FC   0x1C40             ADDS     R0,R0,#+1
   \   000000FE   0x.... 0x....      LDR.W    R1,??DataTable2_4
   \   00000102   0x7008             STRB     R0,[R1, #+0]
     63                  } 
     64                  //    else
     65                  //    {
     66                  //      USART_ITConfig(SAMBOARD,USART_IT_TXE,DISABLE);
     67                  //    }
     68              }
     69          }
   \                     ??SendCOM2_3: (+1)
   \   00000104   0xBD10             POP      {R4,PC}          ;; return

   \                                 In section .bss, align 4
   \                     ??BUFFCOM2:
   \   00000000                      DS8 20

   \                                 In section .bss, align 1
   \                     ??Ptr_Rd:
   \   00000000                      DS8 1

   \                                 In section .bss, align 1
   \                     ??Ptr_Wd:
   \   00000000                      DS8 1
     70          //-----------------------------------------

   \                                 In section .text, align 2, keep-with-next
     71          void    Send_Data(u8 Packet)
     72          {
   \                     Send_Data: (+1)
   \   00000000   0xB410             PUSH     {R4}
     73            u8        CS_t=0;
   \   00000002   0x2100             MOVS     R1,#+0
     74            if(Packet == 1)//speed
   \   00000004   0xB2C0             UXTB     R0,R0            ;; ZeroExt  R0,R0,#+24,#+24
   \   00000006   0x2801             CMP      R0,#+1
   \   00000008   0xF040 0x8268      BNE.W    ??Send_Data_0
     75            {
     76          
     77              Send2MB.Buffer[Send2MB.Wp] = 0xAA;//aa
   \   0000000C   0x22AA             MOVS     R2,#+170
   \   0000000E   0x.... 0x....      LDR.W    R3,??DataTable2_5
   \   00000012   0x.... 0x....      LDR.W    R4,??DataTable2_5
   \   00000016   0x7824             LDRB     R4,[R4, #+0]
   \   00000018   0x18E3             ADDS     R3,R4,R3
   \   0000001A   0x709A             STRB     R2,[R3, #+2]
     78              CS_t = Send2MB.Buffer[Send2MB.Wp];
   \   0000001C   0x.... 0x....      LDR.W    R2,??DataTable2_5
   \   00000020   0x.... 0x....      LDR.W    R3,??DataTable2_5
   \   00000024   0x781B             LDRB     R3,[R3, #+0]
   \   00000026   0x189A             ADDS     R2,R3,R2
   \   00000028   0x7892             LDRB     R2,[R2, #+2]
   \   0000002A   0x0011             MOVS     R1,R2
     79              INCREMENT_POINTER(Send2MB.Wp , LEN_BUFFER_SEND2MB);
   \   0000002C   0x.... 0x....      LDR.W    R2,??DataTable2_5
   \   00000030   0x7812             LDRB     R2,[R2, #+0]
   \   00000032   0x1C52             ADDS     R2,R2,#+1
   \   00000034   0x.... 0x....      LDR.W    R3,??DataTable2_5
   \   00000038   0x701A             STRB     R2,[R3, #+0]
   \   0000003A   0x.... 0x....      LDR.W    R2,??DataTable2_5
   \   0000003E   0x7812             LDRB     R2,[R2, #+0]
   \   00000040   0x2A28             CMP      R2,#+40
   \   00000042   0xD107             BNE.N    ??Send_Data_1
   \   00000044   0x2200             MOVS     R2,#+0
   \   00000046   0x.... 0x....      LDR.W    R3,??DataTable2_5
   \   0000004A   0x701A             STRB     R2,[R3, #+0]
   \   0000004C   0x.... 0x....      LDR.W    R2,??DataTable2_5
   \   00000050   0x7812             LDRB     R2,[R2, #+0]
   \   00000052   0xE000             B.N      ??Send_Data_2
   \                     ??Send_Data_1: (+1)
   \   00000054   0x2200             MOVS     R2,#+0
     80              //
     81              Send2MB.Buffer[Send2MB.Wp] = 5;//len
   \                     ??Send_Data_2: (+1)
   \   00000056   0x2205             MOVS     R2,#+5
   \   00000058   0x.... 0x....      LDR.W    R3,??DataTable2_5
   \   0000005C   0x.... 0x....      LDR.W    R4,??DataTable2_5
   \   00000060   0x7824             LDRB     R4,[R4, #+0]
   \   00000062   0x18E3             ADDS     R3,R4,R3
   \   00000064   0x709A             STRB     R2,[R3, #+2]
     82              CS_t += Send2MB.Buffer[Send2MB.Wp];
   \   00000066   0x.... 0x....      LDR.W    R2,??DataTable2_5
   \   0000006A   0x.... 0x....      LDR.W    R3,??DataTable2_5
   \   0000006E   0x781B             LDRB     R3,[R3, #+0]
   \   00000070   0x189A             ADDS     R2,R3,R2
   \   00000072   0x7892             LDRB     R2,[R2, #+2]
   \   00000074   0x1851             ADDS     R1,R2,R1
     83              INCREMENT_POINTER(Send2MB.Wp , LEN_BUFFER_SEND2MB);
   \   00000076   0x.... 0x....      LDR.W    R2,??DataTable2_5
   \   0000007A   0x7812             LDRB     R2,[R2, #+0]
   \   0000007C   0x1C52             ADDS     R2,R2,#+1
   \   0000007E   0x.... 0x....      LDR.W    R3,??DataTable2_5
   \   00000082   0x701A             STRB     R2,[R3, #+0]
   \   00000084   0x.... 0x....      LDR.W    R2,??DataTable2_5
   \   00000088   0x7812             LDRB     R2,[R2, #+0]
   \   0000008A   0x2A28             CMP      R2,#+40
   \   0000008C   0xD107             BNE.N    ??Send_Data_3
   \   0000008E   0x2200             MOVS     R2,#+0
   \   00000090   0x.... 0x....      LDR.W    R3,??DataTable2_5
   \   00000094   0x701A             STRB     R2,[R3, #+0]
   \   00000096   0x.... 0x....      LDR.W    R2,??DataTable2_5
   \   0000009A   0x7812             LDRB     R2,[R2, #+0]
   \   0000009C   0xE000             B.N      ??Send_Data_4
   \                     ??Send_Data_3: (+1)
   \   0000009E   0x2200             MOVS     R2,#+0
     84              //
     85              Send2MB.Buffer[Send2MB.Wp] = 0xB1;//code-----------
   \                     ??Send_Data_4: (+1)
   \   000000A0   0x22B1             MOVS     R2,#+177
   \   000000A2   0x.... 0x....      LDR.W    R3,??DataTable2_5
   \   000000A6   0x.... 0x....      LDR.W    R4,??DataTable2_5
   \   000000AA   0x7824             LDRB     R4,[R4, #+0]
   \   000000AC   0x18E3             ADDS     R3,R4,R3
   \   000000AE   0x709A             STRB     R2,[R3, #+2]
     86              CS_t += Send2MB.Buffer[Send2MB.Wp];
   \   000000B0   0x.... 0x....      LDR.W    R2,??DataTable2_5
   \   000000B4   0x.... 0x....      LDR.W    R3,??DataTable2_5
   \   000000B8   0x781B             LDRB     R3,[R3, #+0]
   \   000000BA   0x189A             ADDS     R2,R3,R2
   \   000000BC   0x7892             LDRB     R2,[R2, #+2]
   \   000000BE   0x1851             ADDS     R1,R2,R1
     87              INCREMENT_POINTER(Send2MB.Wp , LEN_BUFFER_SEND2MB);
   \   000000C0   0x.... 0x....      LDR.W    R2,??DataTable2_5
   \   000000C4   0x7812             LDRB     R2,[R2, #+0]
   \   000000C6   0x1C52             ADDS     R2,R2,#+1
   \   000000C8   0x.... 0x....      LDR.W    R3,??DataTable2_5
   \   000000CC   0x701A             STRB     R2,[R3, #+0]
   \   000000CE   0x.... 0x....      LDR.W    R2,??DataTable2_5
   \   000000D2   0x7812             LDRB     R2,[R2, #+0]
   \   000000D4   0x2A28             CMP      R2,#+40
   \   000000D6   0xD107             BNE.N    ??Send_Data_5
   \   000000D8   0x2200             MOVS     R2,#+0
   \   000000DA   0x.... 0x....      LDR.W    R3,??DataTable2_5
   \   000000DE   0x701A             STRB     R2,[R3, #+0]
   \   000000E0   0x.... 0x....      LDR.W    R2,??DataTable2_5
   \   000000E4   0x7812             LDRB     R2,[R2, #+0]
   \   000000E6   0xE000             B.N      ??Send_Data_6
   \                     ??Send_Data_5: (+1)
   \   000000E8   0x2200             MOVS     R2,#+0
     88              //
     89              Send2MB.Buffer[Send2MB.Wp] = SpeedMotor.BYTE[0];//s1
   \                     ??Send_Data_6: (+1)
   \   000000EA   0x.... 0x....      LDR.W    R2,??DataTable2_6
   \   000000EE   0x7812             LDRB     R2,[R2, #+0]
   \   000000F0   0x.... 0x....      LDR.W    R3,??DataTable2_5
   \   000000F4   0x.... 0x....      LDR.W    R4,??DataTable2_5
   \   000000F8   0x7824             LDRB     R4,[R4, #+0]
   \   000000FA   0x18E3             ADDS     R3,R4,R3
   \   000000FC   0x709A             STRB     R2,[R3, #+2]
     90              CS_t += Send2MB.Buffer[Send2MB.Wp];
   \   000000FE   0x.... 0x....      LDR.W    R2,??DataTable2_5
   \   00000102   0x.... 0x....      LDR.W    R3,??DataTable2_5
   \   00000106   0x781B             LDRB     R3,[R3, #+0]
   \   00000108   0x189A             ADDS     R2,R3,R2
   \   0000010A   0x7892             LDRB     R2,[R2, #+2]
   \   0000010C   0x1851             ADDS     R1,R2,R1
     91              INCREMENT_POINTER(Send2MB.Wp , LEN_BUFFER_SEND2MB);
   \   0000010E   0x.... 0x....      LDR.W    R2,??DataTable2_5
   \   00000112   0x7812             LDRB     R2,[R2, #+0]
   \   00000114   0x1C52             ADDS     R2,R2,#+1
   \   00000116   0x.... 0x....      LDR.W    R3,??DataTable2_5
   \   0000011A   0x701A             STRB     R2,[R3, #+0]
   \   0000011C   0x.... 0x....      LDR.W    R2,??DataTable2_5
   \   00000120   0x7812             LDRB     R2,[R2, #+0]
   \   00000122   0x2A28             CMP      R2,#+40
   \   00000124   0xD107             BNE.N    ??Send_Data_7
   \   00000126   0x2200             MOVS     R2,#+0
   \   00000128   0x.... 0x....      LDR.W    R3,??DataTable2_5
   \   0000012C   0x701A             STRB     R2,[R3, #+0]
   \   0000012E   0x.... 0x....      LDR.W    R2,??DataTable2_5
   \   00000132   0x7812             LDRB     R2,[R2, #+0]
   \   00000134   0xE000             B.N      ??Send_Data_8
   \                     ??Send_Data_7: (+1)
   \   00000136   0x2200             MOVS     R2,#+0
     92              //
     93              Send2MB.Buffer[Send2MB.Wp] = SpeedMotor.BYTE[1];//s2
   \                     ??Send_Data_8: (+1)
   \   00000138   0x.... 0x....      LDR.W    R2,??DataTable2_6
   \   0000013C   0x7852             LDRB     R2,[R2, #+1]
   \   0000013E   0x.... 0x....      LDR.W    R3,??DataTable2_5
   \   00000142   0x.... 0x....      LDR.W    R4,??DataTable2_5
   \   00000146   0x7824             LDRB     R4,[R4, #+0]
   \   00000148   0x18E3             ADDS     R3,R4,R3
   \   0000014A   0x709A             STRB     R2,[R3, #+2]
     94              CS_t += Send2MB.Buffer[Send2MB.Wp];
   \   0000014C   0x.... 0x....      LDR.W    R2,??DataTable2_5
   \   00000150   0x.... 0x....      LDR.W    R3,??DataTable2_5
   \   00000154   0x781B             LDRB     R3,[R3, #+0]
   \   00000156   0x189A             ADDS     R2,R3,R2
   \   00000158   0x7892             LDRB     R2,[R2, #+2]
   \   0000015A   0x1851             ADDS     R1,R2,R1
     95              INCREMENT_POINTER(Send2MB.Wp , LEN_BUFFER_SEND2MB);
   \   0000015C   0x.... 0x....      LDR.W    R2,??DataTable2_5
   \   00000160   0x7812             LDRB     R2,[R2, #+0]
   \   00000162   0x1C52             ADDS     R2,R2,#+1
   \   00000164   0x.... 0x....      LDR.W    R3,??DataTable2_5
   \   00000168   0x701A             STRB     R2,[R3, #+0]
   \   0000016A   0x.... 0x....      LDR.W    R2,??DataTable2_5
   \   0000016E   0x7812             LDRB     R2,[R2, #+0]
   \   00000170   0x2A28             CMP      R2,#+40
   \   00000172   0xD107             BNE.N    ??Send_Data_9
   \   00000174   0x2200             MOVS     R2,#+0
   \   00000176   0x.... 0x....      LDR.W    R3,??DataTable2_5
   \   0000017A   0x701A             STRB     R2,[R3, #+0]
   \   0000017C   0x.... 0x....      LDR.W    R2,??DataTable2_5
   \   00000180   0x7812             LDRB     R2,[R2, #+0]
   \   00000182   0xE000             B.N      ??Send_Data_10
   \                     ??Send_Data_9: (+1)
   \   00000184   0x2200             MOVS     R2,#+0
     96              //
     97              Send2MB.Buffer[Send2MB.Wp] = SpeedMotor.BYTE[2];//s3
   \                     ??Send_Data_10: (+1)
   \   00000186   0x.... 0x....      LDR.W    R2,??DataTable2_6
   \   0000018A   0x7892             LDRB     R2,[R2, #+2]
   \   0000018C   0x.... 0x....      LDR.W    R3,??DataTable2_5
   \   00000190   0x.... 0x....      LDR.W    R4,??DataTable2_5
   \   00000194   0x7824             LDRB     R4,[R4, #+0]
   \   00000196   0x18E3             ADDS     R3,R4,R3
   \   00000198   0x709A             STRB     R2,[R3, #+2]
     98              CS_t += Send2MB.Buffer[Send2MB.Wp];
   \   0000019A   0x.... 0x....      LDR.W    R2,??DataTable2_5
   \   0000019E   0x.... 0x....      LDR.W    R3,??DataTable2_5
   \   000001A2   0x781B             LDRB     R3,[R3, #+0]
   \   000001A4   0x189A             ADDS     R2,R3,R2
   \   000001A6   0x7892             LDRB     R2,[R2, #+2]
   \   000001A8   0x1851             ADDS     R1,R2,R1
     99              INCREMENT_POINTER(Send2MB.Wp , LEN_BUFFER_SEND2MB);
   \   000001AA   0x.... 0x....      LDR.W    R2,??DataTable2_5
   \   000001AE   0x7812             LDRB     R2,[R2, #+0]
   \   000001B0   0x1C52             ADDS     R2,R2,#+1
   \   000001B2   0x.... 0x....      LDR.W    R3,??DataTable2_5
   \   000001B6   0x701A             STRB     R2,[R3, #+0]
   \   000001B8   0x.... 0x....      LDR.W    R2,??DataTable2_5
   \   000001BC   0x7812             LDRB     R2,[R2, #+0]
   \   000001BE   0x2A28             CMP      R2,#+40
   \   000001C0   0xD107             BNE.N    ??Send_Data_11
   \   000001C2   0x2200             MOVS     R2,#+0
   \   000001C4   0x.... 0x....      LDR.W    R3,??DataTable2_5
   \   000001C8   0x701A             STRB     R2,[R3, #+0]
   \   000001CA   0x.... 0x....      LDR.W    R2,??DataTable2_5
   \   000001CE   0x7812             LDRB     R2,[R2, #+0]
   \   000001D0   0xE000             B.N      ??Send_Data_12
   \                     ??Send_Data_11: (+1)
   \   000001D2   0x2200             MOVS     R2,#+0
    100              //
    101              Send2MB.Buffer[Send2MB.Wp] = SpeedMotor.BYTE[3];//s4
   \                     ??Send_Data_12: (+1)
   \   000001D4   0x.... 0x....      LDR.W    R2,??DataTable2_6
   \   000001D8   0x78D2             LDRB     R2,[R2, #+3]
   \   000001DA   0x.... 0x....      LDR.W    R3,??DataTable2_5
   \   000001DE   0x.... 0x....      LDR.W    R4,??DataTable2_5
   \   000001E2   0x7824             LDRB     R4,[R4, #+0]
   \   000001E4   0x18E3             ADDS     R3,R4,R3
   \   000001E6   0x709A             STRB     R2,[R3, #+2]
    102              CS_t += Send2MB.Buffer[Send2MB.Wp];
   \   000001E8   0x.... 0x....      LDR.W    R2,??DataTable2_5
   \   000001EC   0x.... 0x....      LDR.W    R3,??DataTable2_5
   \   000001F0   0x781B             LDRB     R3,[R3, #+0]
   \   000001F2   0x189A             ADDS     R2,R3,R2
   \   000001F4   0x7892             LDRB     R2,[R2, #+2]
   \   000001F6   0x1851             ADDS     R1,R2,R1
    103              INCREMENT_POINTER(Send2MB.Wp , LEN_BUFFER_SEND2MB);
   \   000001F8   0x.... 0x....      LDR.W    R2,??DataTable2_5
   \   000001FC   0x7812             LDRB     R2,[R2, #+0]
   \   000001FE   0x1C52             ADDS     R2,R2,#+1
   \   00000200   0x.... 0x....      LDR.W    R3,??DataTable2_5
   \   00000204   0x701A             STRB     R2,[R3, #+0]
   \   00000206   0x.... 0x....      LDR.W    R2,??DataTable2_5
   \   0000020A   0x7812             LDRB     R2,[R2, #+0]
   \   0000020C   0x2A28             CMP      R2,#+40
   \   0000020E   0xD107             BNE.N    ??Send_Data_13
   \   00000210   0x2200             MOVS     R2,#+0
   \   00000212   0x.... 0x....      LDR.W    R3,??DataTable2_5
   \   00000216   0x701A             STRB     R2,[R3, #+0]
   \   00000218   0x.... 0x....      LDR.W    R2,??DataTable2_5
   \   0000021C   0x7812             LDRB     R2,[R2, #+0]
   \   0000021E   0xE000             B.N      ??Send_Data_14
   \                     ??Send_Data_13: (+1)
   \   00000220   0x2200             MOVS     R2,#+0
    104              //--
    105              Send2MB.Buffer[Send2MB.Wp] = ADC_Data.Temperature;//temp1
   \                     ??Send_Data_14: (+1)
   \   00000222   0x.... 0x....      LDR.W    R2,??DataTable2_7
   \   00000226   0x8812             LDRH     R2,[R2, #+0]
   \   00000228   0x.... 0x....      LDR.W    R3,??DataTable2_5
   \   0000022C   0x.... 0x....      LDR.W    R4,??DataTable2_5
   \   00000230   0x7824             LDRB     R4,[R4, #+0]
   \   00000232   0x18E3             ADDS     R3,R4,R3
   \   00000234   0x709A             STRB     R2,[R3, #+2]
    106              CS_t += Send2MB.Buffer[Send2MB.Wp];
   \   00000236   0x.... 0x....      LDR.W    R2,??DataTable2_5
   \   0000023A   0x.... 0x....      LDR.W    R3,??DataTable2_5
   \   0000023E   0x781B             LDRB     R3,[R3, #+0]
   \   00000240   0x189A             ADDS     R2,R3,R2
   \   00000242   0x7892             LDRB     R2,[R2, #+2]
   \   00000244   0x1851             ADDS     R1,R2,R1
    107              INCREMENT_POINTER(Send2MB.Wp , LEN_BUFFER_SEND2MB);    
   \   00000246   0x.... 0x....      LDR.W    R2,??DataTable2_5
   \   0000024A   0x7812             LDRB     R2,[R2, #+0]
   \   0000024C   0x1C52             ADDS     R2,R2,#+1
   \   0000024E   0x.... 0x....      LDR.W    R3,??DataTable2_5
   \   00000252   0x701A             STRB     R2,[R3, #+0]
   \   00000254   0x.... 0x....      LDR.W    R2,??DataTable2_5
   \   00000258   0x7812             LDRB     R2,[R2, #+0]
   \   0000025A   0x2A28             CMP      R2,#+40
   \   0000025C   0xD107             BNE.N    ??Send_Data_15
   \   0000025E   0x2200             MOVS     R2,#+0
   \   00000260   0x.... 0x....      LDR.W    R3,??DataTable2_5
   \   00000264   0x701A             STRB     R2,[R3, #+0]
   \   00000266   0x.... 0x....      LDR.W    R2,??DataTable2_5
   \   0000026A   0x7812             LDRB     R2,[R2, #+0]
   \   0000026C   0xE000             B.N      ??Send_Data_16
   \                     ??Send_Data_15: (+1)
   \   0000026E   0x2200             MOVS     R2,#+0
    108              Send2MB.Buffer[Send2MB.Wp] = ADC_Data.Temperature>>8;//temp2
   \                     ??Send_Data_16: (+1)
   \   00000270   0x.... 0x....      LDR.W    R2,??DataTable2_7
   \   00000274   0x8812             LDRH     R2,[R2, #+0]
   \   00000276   0xB292             UXTH     R2,R2            ;; ZeroExt  R2,R2,#+16,#+16
   \   00000278   0x0A12             LSRS     R2,R2,#+8
   \   0000027A   0x.... 0x....      LDR.W    R3,??DataTable2_5
   \   0000027E   0x.... 0x....      LDR.W    R4,??DataTable2_5
   \   00000282   0x7824             LDRB     R4,[R4, #+0]
   \   00000284   0x18E3             ADDS     R3,R4,R3
   \   00000286   0x709A             STRB     R2,[R3, #+2]
    109              CS_t += Send2MB.Buffer[Send2MB.Wp];
   \   00000288   0x.... 0x....      LDR.W    R2,??DataTable2_5
   \   0000028C   0x.... 0x....      LDR.W    R3,??DataTable2_5
   \   00000290   0x781B             LDRB     R3,[R3, #+0]
   \   00000292   0x189A             ADDS     R2,R3,R2
   \   00000294   0x7892             LDRB     R2,[R2, #+2]
   \   00000296   0x1851             ADDS     R1,R2,R1
    110              INCREMENT_POINTER(Send2MB.Wp , LEN_BUFFER_SEND2MB);
   \   00000298   0x.... 0x....      LDR.W    R2,??DataTable2_5
   \   0000029C   0x7812             LDRB     R2,[R2, #+0]
   \   0000029E   0x1C52             ADDS     R2,R2,#+1
   \   000002A0   0x.... 0x....      LDR.W    R3,??DataTable2_5
   \   000002A4   0x701A             STRB     R2,[R3, #+0]
   \   000002A6   0x.... 0x....      LDR.W    R2,??DataTable2_5
   \   000002AA   0x7812             LDRB     R2,[R2, #+0]
   \   000002AC   0x2A28             CMP      R2,#+40
   \   000002AE   0xD107             BNE.N    ??Send_Data_17
   \   000002B0   0x2200             MOVS     R2,#+0
   \   000002B2   0x.... 0x....      LDR.W    R3,??DataTable2_5
   \   000002B6   0x701A             STRB     R2,[R3, #+0]
   \   000002B8   0x.... 0x....      LDR.W    R2,??DataTable2_5
   \   000002BC   0x7812             LDRB     R2,[R2, #+0]
   \   000002BE   0xE000             B.N      ??Send_Data_18
   \                     ??Send_Data_17: (+1)
   \   000002C0   0x2200             MOVS     R2,#+0
    111              //--
    112              Send2MB.Buffer[Send2MB.Wp] = ADC_Data.Curr_IRS1;//IRS11
   \                     ??Send_Data_18: (+1)
   \   000002C2   0x.... 0x....      LDR.W    R2,??DataTable2_7
   \   000002C6   0x8852             LDRH     R2,[R2, #+2]
   \   000002C8   0x.... 0x....      LDR.W    R3,??DataTable2_5
   \   000002CC   0x.... 0x....      LDR.W    R4,??DataTable2_5
   \   000002D0   0x7824             LDRB     R4,[R4, #+0]
   \   000002D2   0x18E3             ADDS     R3,R4,R3
   \   000002D4   0x709A             STRB     R2,[R3, #+2]
    113              CS_t += Send2MB.Buffer[Send2MB.Wp];
   \   000002D6   0x.... 0x....      LDR.W    R2,??DataTable2_5
   \   000002DA   0x.... 0x....      LDR.W    R3,??DataTable2_5
   \   000002DE   0x781B             LDRB     R3,[R3, #+0]
   \   000002E0   0x189A             ADDS     R2,R3,R2
   \   000002E2   0x7892             LDRB     R2,[R2, #+2]
   \   000002E4   0x1851             ADDS     R1,R2,R1
    114              INCREMENT_POINTER(Send2MB.Wp , LEN_BUFFER_SEND2MB);    
   \   000002E6   0x.... 0x....      LDR.W    R2,??DataTable2_5
   \   000002EA   0x7812             LDRB     R2,[R2, #+0]
   \   000002EC   0x1C52             ADDS     R2,R2,#+1
   \   000002EE   0x.... 0x....      LDR.W    R3,??DataTable2_5
   \   000002F2   0x701A             STRB     R2,[R3, #+0]
   \   000002F4   0x.... 0x....      LDR.W    R2,??DataTable2_5
   \   000002F8   0x7812             LDRB     R2,[R2, #+0]
   \   000002FA   0x2A28             CMP      R2,#+40
   \   000002FC   0xD105             BNE.N    ??Send_Data_19
   \   000002FE   0x2200             MOVS     R2,#+0
   \   00000300   0x....             LDR.N    R3,??DataTable2_5
   \   00000302   0x701A             STRB     R2,[R3, #+0]
   \   00000304   0x....             LDR.N    R2,??DataTable2_5
   \   00000306   0x7812             LDRB     R2,[R2, #+0]
   \   00000308   0xE000             B.N      ??Send_Data_20
   \                     ??Send_Data_19: (+1)
   \   0000030A   0x2200             MOVS     R2,#+0
    115              Send2MB.Buffer[Send2MB.Wp] = ADC_Data.Curr_IRS1>>8;//IRS12
   \                     ??Send_Data_20: (+1)
   \   0000030C   0x....             LDR.N    R2,??DataTable2_7
   \   0000030E   0x8852             LDRH     R2,[R2, #+2]
   \   00000310   0xB292             UXTH     R2,R2            ;; ZeroExt  R2,R2,#+16,#+16
   \   00000312   0x0A12             LSRS     R2,R2,#+8
   \   00000314   0x....             LDR.N    R3,??DataTable2_5
   \   00000316   0x....             LDR.N    R4,??DataTable2_5
   \   00000318   0x7824             LDRB     R4,[R4, #+0]
   \   0000031A   0x18E3             ADDS     R3,R4,R3
   \   0000031C   0x709A             STRB     R2,[R3, #+2]
    116              CS_t += Send2MB.Buffer[Send2MB.Wp];
   \   0000031E   0x....             LDR.N    R2,??DataTable2_5
   \   00000320   0x....             LDR.N    R3,??DataTable2_5
   \   00000322   0x781B             LDRB     R3,[R3, #+0]
   \   00000324   0x189A             ADDS     R2,R3,R2
   \   00000326   0x7892             LDRB     R2,[R2, #+2]
   \   00000328   0x1851             ADDS     R1,R2,R1
    117              INCREMENT_POINTER(Send2MB.Wp , LEN_BUFFER_SEND2MB);    
   \   0000032A   0x....             LDR.N    R2,??DataTable2_5
   \   0000032C   0x7812             LDRB     R2,[R2, #+0]
   \   0000032E   0x1C52             ADDS     R2,R2,#+1
   \   00000330   0x....             LDR.N    R3,??DataTable2_5
   \   00000332   0x701A             STRB     R2,[R3, #+0]
   \   00000334   0x....             LDR.N    R2,??DataTable2_5
   \   00000336   0x7812             LDRB     R2,[R2, #+0]
   \   00000338   0x2A28             CMP      R2,#+40
   \   0000033A   0xD105             BNE.N    ??Send_Data_21
   \   0000033C   0x2200             MOVS     R2,#+0
   \   0000033E   0x....             LDR.N    R3,??DataTable2_5
   \   00000340   0x701A             STRB     R2,[R3, #+0]
   \   00000342   0x....             LDR.N    R2,??DataTable2_5
   \   00000344   0x7812             LDRB     R2,[R2, #+0]
   \   00000346   0xE000             B.N      ??Send_Data_22
   \                     ??Send_Data_21: (+1)
   \   00000348   0x2200             MOVS     R2,#+0
    118              //--
    119              Send2MB.Buffer[Send2MB.Wp] = ADC_Data.Curr_Valve1;//VALVE1_Current
   \                     ??Send_Data_22: (+1)
   \   0000034A   0x....             LDR.N    R2,??DataTable2_7
   \   0000034C   0x8892             LDRH     R2,[R2, #+4]
   \   0000034E   0x....             LDR.N    R3,??DataTable2_5
   \   00000350   0x....             LDR.N    R4,??DataTable2_5
   \   00000352   0x7824             LDRB     R4,[R4, #+0]
   \   00000354   0x18E3             ADDS     R3,R4,R3
   \   00000356   0x709A             STRB     R2,[R3, #+2]
    120              CS_t += Send2MB.Buffer[Send2MB.Wp];
   \   00000358   0x....             LDR.N    R2,??DataTable2_5
   \   0000035A   0x....             LDR.N    R3,??DataTable2_5
   \   0000035C   0x781B             LDRB     R3,[R3, #+0]
   \   0000035E   0x189A             ADDS     R2,R3,R2
   \   00000360   0x7892             LDRB     R2,[R2, #+2]
   \   00000362   0x1851             ADDS     R1,R2,R1
    121              INCREMENT_POINTER(Send2MB.Wp , LEN_BUFFER_SEND2MB);
   \   00000364   0x....             LDR.N    R2,??DataTable2_5
   \   00000366   0x7812             LDRB     R2,[R2, #+0]
   \   00000368   0x1C52             ADDS     R2,R2,#+1
   \   0000036A   0x....             LDR.N    R3,??DataTable2_5
   \   0000036C   0x701A             STRB     R2,[R3, #+0]
   \   0000036E   0x....             LDR.N    R2,??DataTable2_5
   \   00000370   0x7812             LDRB     R2,[R2, #+0]
   \   00000372   0x2A28             CMP      R2,#+40
   \   00000374   0xD105             BNE.N    ??Send_Data_23
   \   00000376   0x2200             MOVS     R2,#+0
   \   00000378   0x....             LDR.N    R3,??DataTable2_5
   \   0000037A   0x701A             STRB     R2,[R3, #+0]
   \   0000037C   0x....             LDR.N    R2,??DataTable2_5
   \   0000037E   0x7812             LDRB     R2,[R2, #+0]
   \   00000380   0xE000             B.N      ??Send_Data_24
   \                     ??Send_Data_23: (+1)
   \   00000382   0x2200             MOVS     R2,#+0
    122              Send2MB.Buffer[Send2MB.Wp] = ADC_Data.Curr_Valve1>>8;//VALVE1_Current
   \                     ??Send_Data_24: (+1)
   \   00000384   0x....             LDR.N    R2,??DataTable2_7
   \   00000386   0x8892             LDRH     R2,[R2, #+4]
   \   00000388   0xB292             UXTH     R2,R2            ;; ZeroExt  R2,R2,#+16,#+16
   \   0000038A   0x0A12             LSRS     R2,R2,#+8
   \   0000038C   0x....             LDR.N    R3,??DataTable2_5
   \   0000038E   0x....             LDR.N    R4,??DataTable2_5
   \   00000390   0x7824             LDRB     R4,[R4, #+0]
   \   00000392   0x18E3             ADDS     R3,R4,R3
   \   00000394   0x709A             STRB     R2,[R3, #+2]
    123              CS_t += Send2MB.Buffer[Send2MB.Wp];
   \   00000396   0x....             LDR.N    R2,??DataTable2_5
   \   00000398   0x....             LDR.N    R3,??DataTable2_5
   \   0000039A   0x781B             LDRB     R3,[R3, #+0]
   \   0000039C   0x189A             ADDS     R2,R3,R2
   \   0000039E   0x7892             LDRB     R2,[R2, #+2]
   \   000003A0   0x1851             ADDS     R1,R2,R1
    124              INCREMENT_POINTER(Send2MB.Wp , LEN_BUFFER_SEND2MB);
   \   000003A2   0x....             LDR.N    R2,??DataTable2_5
   \   000003A4   0x7812             LDRB     R2,[R2, #+0]
   \   000003A6   0x1C52             ADDS     R2,R2,#+1
   \   000003A8   0x....             LDR.N    R3,??DataTable2_5
   \   000003AA   0x701A             STRB     R2,[R3, #+0]
   \   000003AC   0x....             LDR.N    R2,??DataTable2_5
   \   000003AE   0x7812             LDRB     R2,[R2, #+0]
   \   000003B0   0x2A28             CMP      R2,#+40
   \   000003B2   0xD105             BNE.N    ??Send_Data_25
   \   000003B4   0x2200             MOVS     R2,#+0
   \   000003B6   0x....             LDR.N    R3,??DataTable2_5
   \   000003B8   0x701A             STRB     R2,[R3, #+0]
   \   000003BA   0x....             LDR.N    R2,??DataTable2_5
   \   000003BC   0x7812             LDRB     R2,[R2, #+0]
   \   000003BE   0xE000             B.N      ??Send_Data_26
   \                     ??Send_Data_25: (+1)
   \   000003C0   0x2200             MOVS     R2,#+0
    125              //--
    126              /*Send2MB.Buffer[Send2MB.Wp] = ADC_Data.Curr_IRS3;//IRS31
    127              CS_t += Send2MB.Buffer[Send2MB.Wp];
    128              INCREMENT_POINTER(Send2MB.Wp , LEN_BUFFER_SEND2MB);
    129              Send2MB.Buffer[Send2MB.Wp] = ADC_Data.Curr_IRS3>>8;//IRS32
    130              CS_t += Send2MB.Buffer[Send2MB.Wp];
    131              INCREMENT_POINTER(Send2MB.Wp , LEN_BUFFER_SEND2MB);
    132             */
    133              Send2MB.Buffer[Send2MB.Wp] = PWM.TARGET;//ADC_Data.VIN;// ;//Vin1
   \                     ??Send_Data_26: (+1)
   \   000003C2   0x....             LDR.N    R2,??DataTable2_8
   \   000003C4   0x8812             LDRH     R2,[R2, #+0]
   \   000003C6   0x....             LDR.N    R3,??DataTable2_5
   \   000003C8   0x....             LDR.N    R4,??DataTable2_5
   \   000003CA   0x7824             LDRB     R4,[R4, #+0]
   \   000003CC   0x18E3             ADDS     R3,R4,R3
   \   000003CE   0x709A             STRB     R2,[R3, #+2]
    134              CS_t += Send2MB.Buffer[Send2MB.Wp];
   \   000003D0   0x....             LDR.N    R2,??DataTable2_5
   \   000003D2   0x....             LDR.N    R3,??DataTable2_5
   \   000003D4   0x781B             LDRB     R3,[R3, #+0]
   \   000003D6   0x189A             ADDS     R2,R3,R2
   \   000003D8   0x7892             LDRB     R2,[R2, #+2]
   \   000003DA   0x1851             ADDS     R1,R2,R1
    135              INCREMENT_POINTER(Send2MB.Wp , LEN_BUFFER_SEND2MB);
   \   000003DC   0x....             LDR.N    R2,??DataTable2_5
   \   000003DE   0x7812             LDRB     R2,[R2, #+0]
   \   000003E0   0x1C52             ADDS     R2,R2,#+1
   \   000003E2   0x....             LDR.N    R3,??DataTable2_5
   \   000003E4   0x701A             STRB     R2,[R3, #+0]
   \   000003E6   0x....             LDR.N    R2,??DataTable2_5
   \   000003E8   0x7812             LDRB     R2,[R2, #+0]
   \   000003EA   0x2A28             CMP      R2,#+40
   \   000003EC   0xD105             BNE.N    ??Send_Data_27
   \   000003EE   0x2200             MOVS     R2,#+0
   \   000003F0   0x....             LDR.N    R3,??DataTable2_5
   \   000003F2   0x701A             STRB     R2,[R3, #+0]
   \   000003F4   0x....             LDR.N    R2,??DataTable2_5
   \   000003F6   0x7812             LDRB     R2,[R2, #+0]
   \   000003F8   0xE000             B.N      ??Send_Data_28
   \                     ??Send_Data_27: (+1)
   \   000003FA   0x2200             MOVS     R2,#+0
    136              Send2MB.Buffer[Send2MB.Wp] = PWM.TARGET>>8;//ADC_Data.VIN>>8;//Vin2
   \                     ??Send_Data_28: (+1)
   \   000003FC   0x....             LDR.N    R2,??DataTable2_8
   \   000003FE   0x8812             LDRH     R2,[R2, #+0]
   \   00000400   0xB292             UXTH     R2,R2            ;; ZeroExt  R2,R2,#+16,#+16
   \   00000402   0x0A12             LSRS     R2,R2,#+8
   \   00000404   0x....             LDR.N    R3,??DataTable2_5
   \   00000406   0x....             LDR.N    R4,??DataTable2_5
   \   00000408   0x7824             LDRB     R4,[R4, #+0]
   \   0000040A   0x18E3             ADDS     R3,R4,R3
   \   0000040C   0x709A             STRB     R2,[R3, #+2]
    137              CS_t += Send2MB.Buffer[Send2MB.Wp];
   \   0000040E   0x....             LDR.N    R2,??DataTable2_5
   \   00000410   0x....             LDR.N    R3,??DataTable2_5
   \   00000412   0x781B             LDRB     R3,[R3, #+0]
   \   00000414   0x189A             ADDS     R2,R3,R2
   \   00000416   0x7892             LDRB     R2,[R2, #+2]
   \   00000418   0x1851             ADDS     R1,R2,R1
    138              INCREMENT_POINTER(Send2MB.Wp , LEN_BUFFER_SEND2MB);
   \   0000041A   0x....             LDR.N    R2,??DataTable2_5
   \   0000041C   0x7812             LDRB     R2,[R2, #+0]
   \   0000041E   0x1C52             ADDS     R2,R2,#+1
   \   00000420   0x....             LDR.N    R3,??DataTable2_5
   \   00000422   0x701A             STRB     R2,[R3, #+0]
   \   00000424   0x....             LDR.N    R2,??DataTable2_5
   \   00000426   0x7812             LDRB     R2,[R2, #+0]
   \   00000428   0x2A28             CMP      R2,#+40
   \   0000042A   0xD105             BNE.N    ??Send_Data_29
   \   0000042C   0x2200             MOVS     R2,#+0
   \   0000042E   0x....             LDR.N    R3,??DataTable2_5
   \   00000430   0x701A             STRB     R2,[R3, #+0]
   \   00000432   0x....             LDR.N    R2,??DataTable2_5
   \   00000434   0x7812             LDRB     R2,[R2, #+0]
   \   00000436   0xE000             B.N      ??Send_Data_30
   \                     ??Send_Data_29: (+1)
   \   00000438   0x2200             MOVS     R2,#+0
    139              //--
    140              Send2MB.Buffer[Send2MB.Wp] = PWM.CURRENT;//ADC_Data.V12;////V121
   \                     ??Send_Data_30: (+1)
   \   0000043A   0x....             LDR.N    R2,??DataTable2_8
   \   0000043C   0x8852             LDRH     R2,[R2, #+2]
   \   0000043E   0x....             LDR.N    R3,??DataTable2_5
   \   00000440   0x....             LDR.N    R4,??DataTable2_5
   \   00000442   0x7824             LDRB     R4,[R4, #+0]
   \   00000444   0x18E3             ADDS     R3,R4,R3
   \   00000446   0x709A             STRB     R2,[R3, #+2]
    141              CS_t += Send2MB.Buffer[Send2MB.Wp];
   \   00000448   0x....             LDR.N    R2,??DataTable2_5
   \   0000044A   0x....             LDR.N    R3,??DataTable2_5
   \   0000044C   0x781B             LDRB     R3,[R3, #+0]
   \   0000044E   0x189A             ADDS     R2,R3,R2
   \   00000450   0x7892             LDRB     R2,[R2, #+2]
   \   00000452   0x1851             ADDS     R1,R2,R1
    142              INCREMENT_POINTER(Send2MB.Wp , LEN_BUFFER_SEND2MB);
   \   00000454   0x....             LDR.N    R2,??DataTable2_5
   \   00000456   0x7812             LDRB     R2,[R2, #+0]
   \   00000458   0x1C52             ADDS     R2,R2,#+1
   \   0000045A   0x....             LDR.N    R3,??DataTable2_5
   \   0000045C   0x701A             STRB     R2,[R3, #+0]
   \   0000045E   0x....             LDR.N    R2,??DataTable2_5
   \   00000460   0x7812             LDRB     R2,[R2, #+0]
   \   00000462   0x2A28             CMP      R2,#+40
   \   00000464   0xD105             BNE.N    ??Send_Data_31
   \   00000466   0x2200             MOVS     R2,#+0
   \   00000468   0x....             LDR.N    R3,??DataTable2_5
   \   0000046A   0x701A             STRB     R2,[R3, #+0]
   \   0000046C   0x....             LDR.N    R2,??DataTable2_5
   \   0000046E   0x7812             LDRB     R2,[R2, #+0]
   \   00000470   0xE000             B.N      ??Send_Data_32
   \                     ??Send_Data_31: (+1)
   \   00000472   0x2200             MOVS     R2,#+0
    143              Send2MB.Buffer[Send2MB.Wp] = PWM.CURRENT>>8;//ADC_Data.V12>>8;//V122
   \                     ??Send_Data_32: (+1)
   \   00000474   0x....             LDR.N    R2,??DataTable2_8
   \   00000476   0x8852             LDRH     R2,[R2, #+2]
   \   00000478   0xB292             UXTH     R2,R2            ;; ZeroExt  R2,R2,#+16,#+16
   \   0000047A   0x0A12             LSRS     R2,R2,#+8
   \   0000047C   0x....             LDR.N    R3,??DataTable2_5
   \   0000047E   0x....             LDR.N    R4,??DataTable2_5
   \   00000480   0x7824             LDRB     R4,[R4, #+0]
   \   00000482   0x18E3             ADDS     R3,R4,R3
   \   00000484   0x709A             STRB     R2,[R3, #+2]
    144              CS_t += Send2MB.Buffer[Send2MB.Wp];
   \   00000486   0x....             LDR.N    R2,??DataTable2_5
   \   00000488   0x....             LDR.N    R3,??DataTable2_5
   \   0000048A   0x781B             LDRB     R3,[R3, #+0]
   \   0000048C   0x189A             ADDS     R2,R3,R2
   \   0000048E   0x7892             LDRB     R2,[R2, #+2]
   \   00000490   0x1851             ADDS     R1,R2,R1
    145              INCREMENT_POINTER(Send2MB.Wp , LEN_BUFFER_SEND2MB);
   \   00000492   0x....             LDR.N    R2,??DataTable2_5
   \   00000494   0x7812             LDRB     R2,[R2, #+0]
   \   00000496   0x1C52             ADDS     R2,R2,#+1
   \   00000498   0x....             LDR.N    R3,??DataTable2_5
   \   0000049A   0x701A             STRB     R2,[R3, #+0]
   \   0000049C   0x....             LDR.N    R2,??DataTable2_5
   \   0000049E   0x7812             LDRB     R2,[R2, #+0]
   \   000004A0   0x2A28             CMP      R2,#+40
   \   000004A2   0xD105             BNE.N    ??Send_Data_33
   \   000004A4   0x2200             MOVS     R2,#+0
   \   000004A6   0x....             LDR.N    R3,??DataTable2_5
   \   000004A8   0x701A             STRB     R2,[R3, #+0]
   \   000004AA   0x....             LDR.N    R2,??DataTable2_5
   \   000004AC   0x7812             LDRB     R2,[R2, #+0]
   \   000004AE   0xE000             B.N      ??Send_Data_34
   \                     ??Send_Data_33: (+1)
   \   000004B0   0x2200             MOVS     R2,#+0
    146              //--
    147              Send2MB.Buffer[Send2MB.Wp] = CS_t;
   \                     ??Send_Data_34: (+1)
   \   000004B2   0x....             LDR.N    R2,??DataTable2_5
   \   000004B4   0x....             LDR.N    R3,??DataTable2_5
   \   000004B6   0x781B             LDRB     R3,[R3, #+0]
   \   000004B8   0x189A             ADDS     R2,R3,R2
   \   000004BA   0x7091             STRB     R1,[R2, #+2]
    148              INCREMENT_POINTER(Send2MB.Wp , LEN_BUFFER_SEND2MB);
   \   000004BC   0x....             LDR.N    R2,??DataTable2_5
   \   000004BE   0x7812             LDRB     R2,[R2, #+0]
   \   000004C0   0x1C52             ADDS     R2,R2,#+1
   \   000004C2   0x....             LDR.N    R3,??DataTable2_5
   \   000004C4   0x701A             STRB     R2,[R3, #+0]
   \   000004C6   0x....             LDR.N    R2,??DataTable2_5
   \   000004C8   0x7812             LDRB     R2,[R2, #+0]
   \   000004CA   0x2A28             CMP      R2,#+40
   \   000004CC   0xD105             BNE.N    ??Send_Data_35
   \   000004CE   0x2200             MOVS     R2,#+0
   \   000004D0   0x....             LDR.N    R3,??DataTable2_5
   \   000004D2   0x701A             STRB     R2,[R3, #+0]
   \   000004D4   0x....             LDR.N    R2,??DataTable2_5
   \   000004D6   0x7812             LDRB     R2,[R2, #+0]
   \   000004D8   0xE000             B.N      ??Send_Data_0
   \                     ??Send_Data_35: (+1)
   \   000004DA   0x2200             MOVS     R2,#+0
    149          /* ----->>  Starte sending */  // ============================== */           
    150            //  if( Send2MB.Flg_Sending == DISABLE )
    151              //{
    152               // Send2MB.Flg_Sending = ENABLE;
    153                //USART_SendData(MAINBOARD, Send2MB.Buffer[Send2MB.Rp]); 
    154                //INCREMENT_POINTER(Send2MB.Rp , LEN_BUFFER_SEND2MB);
    155                //USART_ITConfig(MAINBOARD,USART_IT_TXE,ENABLE);  // INT ersal faal  mishe  
    156             // }  
    157            }
    158          }
   \                     ??Send_Data_0: (+1)
   \   000004DC   0xBC10             POP      {R4}
   \   000004DE   0x4770             BX       LR               ;; return
    159          //-----------------------------------------

   \                                 In section .text, align 2, keep-with-next
    160          void    RCV_data(u8 TempData)
    161          { 
    162            static    u8          Packet_State = 0 ;
    163            static    u8          LEN_=0,CS_=0,Cnt_=0;
    164            
    165            switch(Packet_State)
   \                     RCV_data: (+1)
   \   00000000   0x....             LDR.N    R1,??DataTable2_9
   \   00000002   0x7809             LDRB     R1,[R1, #+0]
   \   00000004   0x2900             CMP      R1,#+0
   \   00000006   0xD008             BEQ.N    ??RCV_data_0
   \   00000008   0x2901             CMP      R1,#+1
   \   0000000A   0xD00D             BEQ.N    ??RCV_data_1
   \   0000000C   0x2902             CMP      R1,#+2
   \   0000000E   0xD025             BEQ.N    ??RCV_data_2
   \   00000010   0x290A             CMP      R1,#+10
   \   00000012   0xD03B             BEQ.N    ??RCV_data_3
   \   00000014   0x290B             CMP      R1,#+11
   \   00000016   0xD054             BEQ.N    ??RCV_data_4
   \   00000018   0xE057             B.N      ??RCV_data_5
    166              {
    167              case 0: /* AA */
    168                  if(TempData == 0xAA)
   \                     ??RCV_data_0: (+1)
   \   0000001A   0xB2C0             UXTB     R0,R0            ;; ZeroExt  R0,R0,#+24,#+24
   \   0000001C   0x28AA             CMP      R0,#+170
   \   0000001E   0xD102             BNE.N    ??RCV_data_6
    169                      Packet_State = 1;         // Goto LEN
   \   00000020   0x2101             MOVS     R1,#+1
   \   00000022   0x....             LDR.N    R2,??DataTable2_9
   \   00000024   0x7011             STRB     R1,[R2, #+0]
    170                  break;
   \                     ??RCV_data_6: (+1)
   \   00000026   0xE053             B.N      ??RCV_data_7
    171              case 1: /* LEN */ 
    172                  if (TempData == 13 )//|| TempData == 7 || TempData == 1  )
   \                     ??RCV_data_1: (+1)
   \   00000028   0xB2C0             UXTB     R0,R0            ;; ZeroExt  R0,R0,#+24,#+24
   \   0000002A   0x280D             CMP      R0,#+13
   \   0000002C   0xD10B             BNE.N    ??RCV_data_8
    173                  {
    174                      LEN_ = TempData+1;
   \   0000002E   0x1C41             ADDS     R1,R0,#+1
   \   00000030   0x....             LDR.N    R2,??DataTable2_10
   \   00000032   0x7011             STRB     R1,[R2, #+0]
    175                      CS_ = 0xAA + LEN_;                   // Start Calculation CS     
   \   00000034   0x....             LDR.N    R1,??DataTable2_10
   \   00000036   0x7809             LDRB     R1,[R1, #+0]
   \   00000038   0x3956             SUBS     R1,R1,#+86
   \   0000003A   0x....             LDR.N    R2,??DataTable2_11
   \   0000003C   0x7011             STRB     R1,[R2, #+0]
    176                      Packet_State = 2;      // Goto CODE
   \   0000003E   0x2102             MOVS     R1,#+2
   \   00000040   0x....             LDR.N    R2,??DataTable2_9
   \   00000042   0x7011             STRB     R1,[R2, #+0]
   \   00000044   0xE009             B.N      ??RCV_data_9
    177                  }
    178                  else if(TempData == 0xAA)
   \                     ??RCV_data_8: (+1)
   \   00000046   0xB2C0             UXTB     R0,R0            ;; ZeroExt  R0,R0,#+24,#+24
   \   00000048   0x28AA             CMP      R0,#+170
   \   0000004A   0xD103             BNE.N    ??RCV_data_10
    179                  {
    180                      Packet_State = 1;       // Goto LEN
   \   0000004C   0x2101             MOVS     R1,#+1
   \   0000004E   0x....             LDR.N    R2,??DataTable2_9
   \   00000050   0x7011             STRB     R1,[R2, #+0]
   \   00000052   0xE002             B.N      ??RCV_data_9
    181                  }
    182                  else  
    183                  {
    184                      Packet_State = 0;       //Return AA
   \                     ??RCV_data_10: (+1)
   \   00000054   0x2100             MOVS     R1,#+0
   \   00000056   0x....             LDR.N    R2,??DataTable2_9
   \   00000058   0x7011             STRB     R1,[R2, #+0]
    185                  }
    186                  break;         
   \                     ??RCV_data_9: (+1)
   \   0000005A   0xE039             B.N      ??RCV_data_7
    187                  //-------------........................................---------------  
    188              case 2: /*   Code */ 
    189                  if (TempData == 0xA1 )//|| TempData == 7 || TempData == 1  )
   \                     ??RCV_data_2: (+1)
   \   0000005C   0xB2C0             UXTB     R0,R0            ;; ZeroExt  R0,R0,#+24,#+24
   \   0000005E   0x28A1             CMP      R0,#+161
   \   00000060   0xD110             BNE.N    ??RCV_data_11
    190                  {
    191                      CS_ += TempData;       // AA+len+code     
   \   00000062   0x....             LDR.N    R1,??DataTable2_11
   \   00000064   0x7809             LDRB     R1,[R1, #+0]
   \   00000066   0x1841             ADDS     R1,R0,R1
   \   00000068   0x....             LDR.N    R2,??DataTable2_11
   \   0000006A   0x7011             STRB     R1,[R2, #+0]
    192                      Packet_State = 10;      // Goto data
   \   0000006C   0x210A             MOVS     R1,#+10
   \   0000006E   0x....             LDR.N    R2,??DataTable2_9
   \   00000070   0x7011             STRB     R1,[R2, #+0]
    193                      LEN_ --;
   \   00000072   0x....             LDR.N    R1,??DataTable2_10
   \   00000074   0x7809             LDRB     R1,[R1, #+0]
   \   00000076   0x1E49             SUBS     R1,R1,#+1
   \   00000078   0x....             LDR.N    R2,??DataTable2_10
   \   0000007A   0x7011             STRB     R1,[R2, #+0]
    194                      Cnt_ = 0;
   \   0000007C   0x2100             MOVS     R1,#+0
   \   0000007E   0x....             LDR.N    R2,??DataTable2_12
   \   00000080   0x7011             STRB     R1,[R2, #+0]
   \   00000082   0xE002             B.N      ??RCV_data_12
    195                  }
    196                  else
    197                  {
    198                      Packet_State = 0; // Goto aa
   \                     ??RCV_data_11: (+1)
   \   00000084   0x2100             MOVS     R1,#+0
   \   00000086   0x....             LDR.N    R2,??DataTable2_9
   \   00000088   0x7011             STRB     R1,[R2, #+0]
    199                  }  
    200                  break;
   \                     ??RCV_data_12: (+1)
   \   0000008A   0xE021             B.N      ??RCV_data_7
    201              case 10: /* DATA   *///........................................................
    202                  RcvPWM.BYTE[Cnt_] = TempData;
   \                     ??RCV_data_3: (+1)
   \   0000008C   0x....             LDR.N    R1,??DataTable2_13
   \   0000008E   0x....             LDR.N    R2,??DataTable2_12
   \   00000090   0x7812             LDRB     R2,[R2, #+0]
   \   00000092   0x5450             STRB     R0,[R2, R1]
    203                  Cnt_++;
   \   00000094   0x....             LDR.N    R1,??DataTable2_12
   \   00000096   0x7809             LDRB     R1,[R1, #+0]
   \   00000098   0x1C49             ADDS     R1,R1,#+1
   \   0000009A   0x....             LDR.N    R2,??DataTable2_12
   \   0000009C   0x7011             STRB     R1,[R2, #+0]
    204                  CS_ += TempData;
   \   0000009E   0x....             LDR.N    R1,??DataTable2_11
   \   000000A0   0x7809             LDRB     R1,[R1, #+0]
   \   000000A2   0x1841             ADDS     R1,R0,R1
   \   000000A4   0x....             LDR.N    R2,??DataTable2_11
   \   000000A6   0x7011             STRB     R1,[R2, #+0]
    205                  LEN_ --;        
   \   000000A8   0x....             LDR.N    R1,??DataTable2_10
   \   000000AA   0x7809             LDRB     R1,[R1, #+0]
   \   000000AC   0x1E49             SUBS     R1,R1,#+1
   \   000000AE   0x....             LDR.N    R2,??DataTable2_10
   \   000000B0   0x7011             STRB     R1,[R2, #+0]
    206                  if(!LEN_)
   \   000000B2   0x....             LDR.N    R1,??DataTable2_10
   \   000000B4   0x7809             LDRB     R1,[R1, #+0]
   \   000000B6   0x2900             CMP      R1,#+0
   \   000000B8   0xD102             BNE.N    ??RCV_data_13
    207                  {
    208                    Packet_State = 0; // Goto cs
   \   000000BA   0x2100             MOVS     R1,#+0
   \   000000BC   0x....             LDR.N    R2,??DataTable2_9
   \   000000BE   0x7011             STRB     R1,[R2, #+0]
    209                  }
    210                  break;
   \                     ??RCV_data_13: (+1)
   \   000000C0   0xE006             B.N      ??RCV_data_7
    211              case 11:  /* CRC   *///........................................................
    212              //    if(CS_ == TempData)
    213               //   {   
    214               //     PWM.TARGET = RcvPWM.DATA.TARGET;
    215               //     PWM.DELAY = RcvPWM.DATA.DELAY;
    216               //     PWM.STEP = RcvPWM.DATA.STEP;
    217               //   }
    218                  Packet_State = 0; // Goto aa
   \                     ??RCV_data_4: (+1)
   \   000000C2   0x2100             MOVS     R1,#+0
   \   000000C4   0x....             LDR.N    R2,??DataTable2_9
   \   000000C6   0x7011             STRB     R1,[R2, #+0]
    219                  break;
   \   000000C8   0xE002             B.N      ??RCV_data_7
    220              default:
    221                  Packet_State = 0; //return AA
   \                     ??RCV_data_5: (+1)
   \   000000CA   0x2100             MOVS     R1,#+0
   \   000000CC   0x....             LDR.N    R2,??DataTable2_9
   \   000000CE   0x7011             STRB     R1,[R2, #+0]
    222                  break;
    223              }//switch
    224          
    225              
    226          }
   \                     ??RCV_data_7: (+1)
   \   000000D0   0x4770             BX       LR               ;; return

   \                                 In section .bss, align 1
   \                     ??Packet_State:
   \   00000000                      DS8 1

   \                                 In section .bss, align 1
   \                     ??LEN_:
   \   00000000                      DS8 1

   \                                 In section .bss, align 1
   \                     ??CS_:
   \   00000000                      DS8 1

   \                                 In section .bss, align 1
   \                     ??Cnt_:
   \   00000000                      DS8 1

   \                                 In section .text, align 4, keep-with-next
   \                     ??DataTable2:
   \   00000000   0x........         DC32     ??Ptr_Wd

   \                                 In section .text, align 4, keep-with-next
   \                     ??DataTable2_1:
   \   00000000   0x........         DC32     COM1

   \                                 In section .text, align 4, keep-with-next
   \                     ??DataTable2_2:
   \   00000000   0x........         DC32     ??BUFFCOM2

   \                                 In section .text, align 4, keep-with-next
   \                     ??DataTable2_3:
   \   00000000   0x40011000         DC32     0x40011000

   \                                 In section .text, align 4, keep-with-next
   \                     ??DataTable2_4:
   \   00000000   0x........         DC32     ??Ptr_Rd

   \                                 In section .text, align 4, keep-with-next
   \                     ??DataTable2_5:
   \   00000000   0x........         DC32     Send2MB

   \                                 In section .text, align 4, keep-with-next
   \                     ??DataTable2_6:
   \   00000000   0x........         DC32     SpeedMotor

   \                                 In section .text, align 4, keep-with-next
   \                     ??DataTable2_7:
   \   00000000   0x........         DC32     ADC_Data

   \                                 In section .text, align 4, keep-with-next
   \                     ??DataTable2_8:
   \   00000000   0x........         DC32     PWM

   \                                 In section .text, align 4, keep-with-next
   \                     ??DataTable2_9:
   \   00000000   0x........         DC32     ??Packet_State

   \                                 In section .text, align 4, keep-with-next
   \                     ??DataTable2_10:
   \   00000000   0x........         DC32     ??LEN_

   \                                 In section .text, align 4, keep-with-next
   \                     ??DataTable2_11:
   \   00000000   0x........         DC32     ??CS_

   \                                 In section .text, align 4, keep-with-next
   \                     ??DataTable2_12:
   \   00000000   0x........         DC32     ??Cnt_

   \                                 In section .text, align 4, keep-with-next
   \                     ??DataTable2_13:
   \   00000000   0x........         DC32     RcvPWM
    227          
    228          //-----------------------------------------
    229          //-----------------------------------------
    230          
    231          //-----------------------------------------
    232          
    233          //-----------------------------------------
    234          
    235          //-----------------------------------------
    236          
    237          //================================================================================
    238          
    239          /************************ (C) COPYRIGHT STMicroelectronics *****END OF FILE****/

   Maximum stack usage in bytes:

   .cstack Function
   ------- --------
       0   RCV_data
       8   SendCOM2
         8   -> USART_ITConfig
         8   -> USART_SendData
       4   Send_Data


   Section sizes:

   Bytes  Function/Label
   -----  --------------
       4  ??DataTable2
       4  ??DataTable2_1
       4  ??DataTable2_10
       4  ??DataTable2_11
       4  ??DataTable2_12
       4  ??DataTable2_13
       4  ??DataTable2_2
       4  ??DataTable2_3
       4  ??DataTable2_4
       4  ??DataTable2_5
       4  ??DataTable2_6
       4  ??DataTable2_7
       4  ??DataTable2_8
       4  ??DataTable2_9
      20  BUFFCOM2
      20  COM1
       1  CS_
       1  Cnt_
       1  LEN_
      12  PWM
       1  Packet_State
       1  Ptr_Rd
       1  Ptr_Wd
     210  RCV_data
      16  RcvPWM
       1  ReceiveData
      44  Send2MB
     262  SendCOM2
    1248  Send_Data
       4  SpeedMotor

 
   123 bytes in section .bss
 1 776 bytes in section .text
 
 1 776 bytes of CODE memory
   123 bytes of DATA memory

Errors: none
Warnings: none
