###############################################################################
#
# IAR ANSI C/C++ Compiler V7.40.3.8902/W32 for ARM        16/Oct/2016  13:51:40
# Copyright 1999-2015 IAR Systems AB.
#
#    Cpu mode     =  thumb
#    Endian       =  little
#    Source file  =  
#        E:\Ventilator\SoftWare\SVC_Software\Rev_SVC_FINAL_SOFTware\SVC-C-Rev15
#        Alg 3-1.2-1.2 - 0724_AutoZero - Copy\modules\Source\VentCalibControl.c
#    Command line =  
#        "E:\Ventilator\SoftWare\SVC_Software\Rev_SVC_FINAL_SOFTware\SVC-C-Rev15
#        Alg 3-1.2-1.2 - 0724_AutoZero -
#        Copy\modules\Source\VentCalibControl.c" -D USE_STDPERIPH_DRIVER -D
#        STM32F40XX -lC
#        "E:\Ventilator\SoftWare\SVC_Software\Rev_SVC_FINAL_SOFTware\SVC-C-Rev15
#        Alg 3-1.2-1.2 - 0724_AutoZero - Copy\Debug\List\" -o
#        "E:\Ventilator\SoftWare\SVC_Software\Rev_SVC_FINAL_SOFTware\SVC-C-Rev15
#        Alg 3-1.2-1.2 - 0724_AutoZero - Copy\Debug\Obj\" --no_cse --no_unroll
#        --no_inline --no_code_motion --no_tbaa --no_clustering --no_scheduling
#        --debug --endian=little --cpu=Cortex-M4 -e --fpu=VFPv4_sp
#        --dlib_config "C:\Program Files (x86)\IAR Systems\Embedded Workbench
#        7.2_2\arm\INC\c\DLib_Config_Normal.h" -I
#        "E:\Ventilator\SoftWare\SVC_Software\Rev_SVC_FINAL_SOFTware\SVC-C-Rev15
#        Alg 3-1.2-1.2 - 0724_AutoZero - Copy\board\" -I
#        "E:\Ventilator\SoftWare\SVC_Software\Rev_SVC_FINAL_SOFTware\SVC-C-Rev15
#        Alg 3-1.2-1.2 - 0724_AutoZero - Copy\app\" -I
#        "E:\Ventilator\SoftWare\SVC_Software\Rev_SVC_FINAL_SOFTware\SVC-C-Rev15
#        Alg 3-1.2-1.2 - 0724_AutoZero -
#        Copy\Libraries\CMSIS\Device\ST\STM32F4xx\Include\" -I
#        "E:\Ventilator\SoftWare\SVC_Software\Rev_SVC_FINAL_SOFTware\SVC-C-Rev15
#        Alg 3-1.2-1.2 - 0724_AutoZero -
#        Copy\Libraries\STM32F4xx_StdPeriph_Driver\inc\" -I
#        "E:\Ventilator\SoftWare\SVC_Software\Rev_SVC_FINAL_SOFTware\SVC-C-Rev15
#        Alg 3-1.2-1.2 - 0724_AutoZero - Copy\modules\Header\" -On
#        --use_c++_inline -I "C:\Program Files (x86)\IAR Systems\Embedded
#        Workbench 7.2_2\arm\CMSIS\Include\" --relaxed_fp
#    List file    =  
#        E:\Ventilator\SoftWare\SVC_Software\Rev_SVC_FINAL_SOFTware\SVC-C-Rev15
#        Alg 3-1.2-1.2 - 0724_AutoZero - Copy\Debug\List\VentCalibControl.lst
#    Object file  =  
#        E:\Ventilator\SoftWare\SVC_Software\Rev_SVC_FINAL_SOFTware\SVC-C-Rev15
#        Alg 3-1.2-1.2 - 0724_AutoZero - Copy\Debug\Obj\VentCalibControl.o
#
###############################################################################

E:\Ventilator\SoftWare\SVC_Software\Rev_SVC_FINAL_SOFTware\SVC-C-Rev15 Alg 3-1.2-1.2 - 0724_AutoZero - Copy\modules\Source\VentCalibControl.c
      1          #include  "../Header/VentCalibControl.h"
      2          
      3          //***************************************************
      4          //extern struct StructOutHardware    *OutputPack;
      5          //extern struct StructInHardware     *InputPack;
      6          extern struct StructInHardware InputPacket;
      7          extern struct StructOutHardware OutputPacket;
      8          extern struct StructInitCalib InitCalib;
      9          

   \                                 In section .bss, align 4
     10          Float   c_P_inh_measure;               
   \                     c_P_inh_measure:
   \   00000000                      DS8 4

   \                                 In section .bss, align 4
     11          Float   c_P_exH_measure;               
   \                     c_P_exH_measure:
   \   00000000                      DS8 4

   \                                 In section .bss, align 4
     12          Float   c_F_air_measure;               
   \                     c_F_air_measure:
   \   00000000                      DS8 4

   \                                 In section .bss, align 4
     13          Float   c_F_O2_measure ;
   \                     c_F_O2_measure:
   \   00000000                      DS8 4

   \                                 In section .bss, align 4
     14          Float   c_F_air_O2;
   \                     c_F_air_O2:
   \   00000000                      DS8 4

   \                                 In section .bss, align 4
     15          Float   c_F_Exh_measure;
   \                     c_F_Exh_measure:
   \   00000000                      DS8 4

   \                                 In section .bss, align 4
     16          Float   c_F_Show_measure ;
   \                     c_F_Show_measure:
   \   00000000                      DS8 4

   \                                 In section .bss, align 4
     17          Float   c_O2_measure; 
   \                     c_O2_measure:
   \   00000000                      DS8 4

   \                                 In section .bss, align 4
     18          Float   c_HP_air_measure; 
   \                     c_HP_air_measure:
   \   00000000                      DS8 4

   \                                 In section .bss, align 4
     19          Float   c_HP_O2_measure; 
   \                     c_HP_O2_measure:
   \   00000000                      DS8 4
     20          

   \                                 In section .bss, align 1
     21          Uchar c_InPacket1_Validate,c_InPacket2_Validate;
   \                     c_InPacket1_Validate:
   \   00000000                      DS8 1

   \                                 In section .bss, align 1
   \                     c_InPacket2_Validate:
   \   00000000                      DS8 1

   \                                 In section .bss, align 1
     22          Uchar c_IsFlagFPAirValve;
   \                     c_IsFlagFPAirValve:
   \   00000000                      DS8 1

   \                                 In section .bss, align 1
     23          Uchar  c_IsFlagFPO2Valve;
   \                     c_IsFlagFPO2Valve:
   \   00000000                      DS8 1
     24          

   \                                 In section .bss, align 4
     25          Float  c_PIDTargetAirValve;
   \                     c_PIDTargetAirValve:
   \   00000000                      DS8 4

   \                                 In section .bss, align 4
     26          Float  c_PIDTargetO2Valve;
   \                     c_PIDTargetO2Valve:
   \   00000000                      DS8 4

   \                                 In section .bss, align 4
     27          Float  c_PIDTargetExhValve;
   \                     c_PIDTargetExhValve:
   \   00000000                      DS8 4
     28          

   \                                 In section .bss, align 4
     29          Float  c_GainKP;
   \                     c_GainKP:
   \   00000000                      DS8 4

   \                                 In section .bss, align 4
     30          Float  c_GainKI;
   \                     c_GainKI:
   \   00000000                      DS8 4

   \                                 In section .bss, align 4
     31          Float  c_GainKD;
   \                     c_GainKD:
   \   00000000                      DS8 4

   \                                 In section .bss, align 4
     32          Float  c_PIDError;
   \                     c_PIDError:
   \   00000000                      DS8 4

   \                                 In section .bss, align 4
     33          Float  c_PIDError_Pre;
   \                     c_PIDError_Pre:
   \   00000000                      DS8 4

   \                                 In section .bss, align 2
     34          Uint   c_DeadZone;
   \                     c_DeadZone:
   \   00000000                      DS8 2
     35          

   \                                 In section .bss, align 4
     36          Float  c_Perror;
   \                     c_Perror:
   \   00000000                      DS8 4

   \                                 In section .bss, align 4
     37          Float  c_Ierror;
   \                     c_Ierror:
   \   00000000                      DS8 4

   \                                 In section .bss, align 4
     38          Float  c_Derror;
   \                     c_Derror:
   \   00000000                      DS8 4
     39          

   \                                 In section .bss, align 4
     40          Float  c_PerrorO2;
   \                     c_PerrorO2:
   \   00000000                      DS8 4

   \                                 In section .bss, align 4
     41          Float  c_IerrorO2;
   \                     c_IerrorO2:
   \   00000000                      DS8 4

   \                                 In section .bss, align 4
     42          Float  c_DerrorO2;
   \                     c_DerrorO2:
   \   00000000                      DS8 4
     43          
     44          //___________ Valve______

   \                                 In section .bss, align 4
     45          Float   c_InhalValveCommand;      
   \                     c_InhalValveCommand:
   \   00000000                      DS8 4

   \                                 In section .bss, align 4
     46          Float   c_ExhalValveCommand;  
   \                     c_ExhalValveCommand:
   \   00000000                      DS8 4

   \                                 In section .bss, align 4
     47          Float   c_AirValveCommand;       
   \                     c_AirValveCommand:
   \   00000000                      DS8 4

   \                                 In section .bss, align 4
     48          Float   c_O2ValveCommand;    
   \                     c_O2ValveCommand:
   \   00000000                      DS8 4
     49          //***************************************************
     50          //run every 2.5ms

   \                                 In section .text, align 4, keep-with-next
     51          void  CalibControl_functionControl(struct StructTargets* Targets)
     52          {
   \                     CalibControl_functionControl: (+1)
   \   00000000   0xB510             PUSH     {R4,LR}
   \   00000002   0x0004             MOVS     R4,R0
     53          	CalibReadSensorData();
   \   00000004   0x.... 0x....      BL       CalibReadSensorData
     54          	if (Targets->IsInhalValvePWM==True)               // PWM
   \   00000008   0x7BA0             LDRB     R0,[R4, #+14]
   \   0000000A   0x2801             CMP      R0,#+1
   \   0000000C   0xD150             BNE.N    ??CalibControl_functionControl_0
     55          	{
     56          	    c_AirValveCommand = (Float)Targets->AirValveFlowPWM;
   \   0000000E   0x88A0             LDRH     R0,[R4, #+4]
   \   00000010   0xEE00 0x0A10      VMOV     S0,R0
   \   00000014   0xEEB8 0x0A40      VCVT.F32.U32 S0,S0
   \   00000018   0x.... 0x....      LDR.W    R0,??DataTable7_3
   \   0000001C   0xED80 0x0A00      VSTR     S0,[R0, #0]
     57          	    c_O2ValveCommand  = (Float)Targets->O2ValveFlowPWM;
   \   00000020   0x89A0             LDRH     R0,[R4, #+12]
   \   00000022   0xEE00 0x0A10      VMOV     S0,R0
   \   00000026   0xEEB8 0x0A40      VCVT.F32.U32 S0,S0
   \   0000002A   0x.... 0x....      LDR.W    R0,??DataTable7_4
   \   0000002E   0xED80 0x0A00      VSTR     S0,[R0, #0]
     58          
     59          		if (c_AirValveCommand == CALIB_OPENVALVE)
   \   00000032   0x.... 0x....      LDR.W    R0,??DataTable7_3
   \   00000036   0xED90 0x0A00      VLDR     S0,[R0, #0]
   \   0000003A   0xEDDF 0x....      VLDR.W   S1,??CalibAirValveController_0  ;; 0x463b8000
   \   0000003E   0xEEB4 0x0A60      VCMP.F32 S0,S1
   \   00000042   0xEEF1 0xFA10      FMSTAT   
   \   00000046   0xD104             BNE.N    ??CalibControl_functionControl_1
     60          		{
     61                               c_AirValveCommand = 10000;
   \   00000048   0x.... 0x....      LDR.W    R0,??DataTable7_3
   \   0000004C   0x.... 0x....      LDR.W    R1,??DataTable7_2  ;; 0x461c4000
   \   00000050   0x6001             STR      R1,[R0, #+0]
     62          		}
     63          		if (c_AirValveCommand == CALIB_CLOSEVALVE)
   \                     ??CalibControl_functionControl_1: (+1)
   \   00000052   0x.... 0x....      LDR.W    R0,??DataTable7_3
   \   00000056   0xED90 0x0A00      VLDR     S0,[R0, #0]
   \   0000005A   0xEDDF 0x....      VLDR.W   S1,??CalibAirValveController_0+0x4  ;; 0x462be000
   \   0000005E   0xEEB4 0x0A60      VCMP.F32 S0,S1
   \   00000062   0xEEF1 0xFA10      FMSTAT   
   \   00000066   0xD103             BNE.N    ??CalibControl_functionControl_2
     64          		{
     65          			c_AirValveCommand = 0;
   \   00000068   0x.... 0x....      LDR.W    R0,??DataTable7_3
   \   0000006C   0x2100             MOVS     R1,#+0
   \   0000006E   0x6001             STR      R1,[R0, #+0]
     66          		}
     67          
     68          		if (c_O2ValveCommand == CALIB_OPENVALVE)
   \                     ??CalibControl_functionControl_2: (+1)
   \   00000070   0x.... 0x....      LDR.W    R0,??DataTable7_4
   \   00000074   0xED90 0x0A00      VLDR     S0,[R0, #0]
   \   00000078   0xEDDF 0x....      VLDR.W   S1,??CalibAirValveController_0  ;; 0x463b8000
   \   0000007C   0xEEB4 0x0A60      VCMP.F32 S0,S1
   \   00000080   0xEEF1 0xFA10      FMSTAT   
   \   00000084   0xD104             BNE.N    ??CalibControl_functionControl_3
     69          		{
     70                              c_O2ValveCommand = 10000;
   \   00000086   0x.... 0x....      LDR.W    R0,??DataTable7_4
   \   0000008A   0x.... 0x....      LDR.W    R1,??DataTable7_2  ;; 0x461c4000
   \   0000008E   0x6001             STR      R1,[R0, #+0]
     71          		}
     72          		if (c_O2ValveCommand == CALIB_CLOSEVALVE)
   \                     ??CalibControl_functionControl_3: (+1)
   \   00000090   0x.... 0x....      LDR.W    R0,??DataTable7_4
   \   00000094   0xED90 0x0A00      VLDR     S0,[R0, #0]
   \   00000098   0xEDDF 0x....      VLDR.W   S1,??CalibAirValveController_0+0x4  ;; 0x462be000
   \   0000009C   0xEEB4 0x0A60      VCMP.F32 S0,S1
   \   000000A0   0xEEF1 0xFA10      FMSTAT   
   \   000000A4   0xD115             BNE.N    ??CalibControl_functionControl_4
     73          		{
     74          			c_O2ValveCommand = 0;
   \   000000A6   0x.... 0x....      LDR.W    R0,??DataTable7_4
   \   000000AA   0x2100             MOVS     R1,#+0
   \   000000AC   0x6001             STR      R1,[R0, #+0]
   \   000000AE   0xE010             B.N      ??CalibControl_functionControl_4
     75          		}
     76          	}
     77          	else
     78          	{
     79                    if(Targets->IsInitCalibration == True)
   \                     ??CalibControl_functionControl_0: (+1)
   \   000000B0   0x7EE0             LDRB     R0,[R4, #+27]
   \   000000B2   0x2801             CMP      R0,#+1
   \   000000B4   0xD101             BNE.N    ??CalibControl_functionControl_5
     80                    {
     81                      CalibControlInit();
   \   000000B6   0x.... 0x....      BL       CalibControlInit
     82                    }
     83                    c_PIDTargetAirValve = Targets->AirValveFlowTarget;
   \                     ??CalibControl_functionControl_5: (+1)
   \   000000BA   0x.... 0x....      LDR.W    R0,??DataTable7_5
   \   000000BE   0x6821             LDR      R1,[R4, #+0]
   \   000000C0   0x6001             STR      R1,[R0, #+0]
     84                    c_PIDTargetO2Valve = Targets->O2ValveFlowTarget;
   \   000000C2   0x68A0             LDR      R0,[R4, #+8]
   \   000000C4   0x.... 0x....      LDR.W    R1,??DataTable7_6
   \   000000C8   0x6008             STR      R0,[R1, #+0]
     85                    
     86                    CalibAirValveController();
   \   000000CA   0x.... 0x....      BL       CalibAirValveController
     87                    CalibO2ValveController();
   \   000000CE   0x.... 0x....      BL       CalibO2ValveController
     88          	}
     89              //------
     90          	if (Targets->IsExhalValvePWM==True)               // PWM
   \                     ??CalibControl_functionControl_4: (+1)
   \   000000D2   0x7CA0             LDRB     R0,[R4, #+18]
   \   000000D4   0x2801             CMP      R0,#+1
   \   000000D6   0xD128             BNE.N    ??CalibControl_functionControl_6
     91          	{
     92          	    c_ExhalValveCommand = (Float)Targets->ExhalValveTarget;
   \   000000D8   0x8A20             LDRH     R0,[R4, #+16]
   \   000000DA   0xEE00 0x0A10      VMOV     S0,R0
   \   000000DE   0xEEB8 0x0A40      VCVT.F32.U32 S0,S0
   \   000000E2   0x.... 0x....      LDR.W    R0,??DataTable7_7
   \   000000E6   0xED80 0x0A00      VSTR     S0,[R0, #0]
     93          		if (c_ExhalValveCommand == CALIB_OPENVALVE)
   \   000000EA   0x.... 0x....      LDR.W    R0,??DataTable7_7
   \   000000EE   0xED90 0x0A00      VLDR     S0,[R0, #0]
   \   000000F2   0xEDDF 0x....      VLDR.W   S1,??CalibAirValveController_0  ;; 0x463b8000
   \   000000F6   0xEEB4 0x0A60      VCMP.F32 S0,S1
   \   000000FA   0xEEF1 0xFA10      FMSTAT   
   \   000000FE   0xD103             BNE.N    ??CalibControl_functionControl_7
     94          		{
     95                      c_ExhalValveCommand = 0;
   \   00000100   0x.... 0x....      LDR.W    R0,??DataTable7_7
   \   00000104   0x2100             MOVS     R1,#+0
   \   00000106   0x6001             STR      R1,[R0, #+0]
     96          		}
     97          		if (c_ExhalValveCommand == CALIB_CLOSEVALVE)
   \                     ??CalibControl_functionControl_7: (+1)
   \   00000108   0x.... 0x....      LDR.W    R0,??DataTable7_7
   \   0000010C   0xED90 0x0A00      VLDR     S0,[R0, #0]
   \   00000110   0xEDDF 0x....      VLDR.W   S1,??CalibAirValveController_0+0x4  ;; 0x462be000
   \   00000114   0xEEB4 0x0A60      VCMP.F32 S0,S1
   \   00000118   0xEEF1 0xFA10      FMSTAT   
   \   0000011C   0xD110             BNE.N    ??CalibControl_functionControl_8
     98          		{
     99          			c_ExhalValveCommand = 10000;
   \   0000011E   0x.... 0x....      LDR.W    R0,??DataTable7_7
   \   00000122   0x.... 0x....      LDR.W    R1,??DataTable7_2  ;; 0x461c4000
   \   00000126   0x6001             STR      R1,[R0, #+0]
   \   00000128   0xE00A             B.N      ??CalibControl_functionControl_8
    100          		}
    101          	}
    102          	else
    103          	{
    104          	   c_PIDTargetExhValve  = Targets->ExhalValveTarget;
   \                     ??CalibControl_functionControl_6: (+1)
   \   0000012A   0x8A20             LDRH     R0,[R4, #+16]
   \   0000012C   0xEE00 0x0A10      VMOV     S0,R0
   \   00000130   0xEEB8 0x0A40      VCVT.F32.U32 S0,S0
   \   00000134   0x.... 0x....      LDR.W    R0,??DataTable7_8
   \   00000138   0xED80 0x0A00      VSTR     S0,[R0, #0]
    105          
    106          	  CalibexhValveController();
   \   0000013C   0x.... 0x....      BL       CalibexhValveController
    107          	}
    108          	// -------
    109          	c_InhalValveCommand = Targets->InhValveTarget;    //  10000
   \                     ??CalibControl_functionControl_8: (+1)
   \   00000140   0x8AA0             LDRH     R0,[R4, #+20]
   \   00000142   0xEE00 0x0A10      VMOV     S0,R0
   \   00000146   0xEEB8 0x0A40      VCVT.F32.U32 S0,S0
   \   0000014A   0x.... 0x....      LDR.W    R0,??DataTable7_9
   \   0000014E   0xED80 0x0A00      VSTR     S0,[R0, #0]
    110          	// -------
    111          
    112          	CalibsendValveCommands(&OutputPacket);               // it is run every 2.5 ms 
   \   00000152   0x.... 0x....      LDR.W    R0,??DataTable7_10
   \   00000156   0x.... 0x....      BL       CalibsendValveCommands
    113          
    114          	//printf("AirTarget=%f     O2Target=%f    ExhalTarget=%f \n",Targets->AirValveFlowTarget,Targets->O2ValveFlowTarget,Targets->ExhalValveTarget );
    115          
    116          }
   \   0000015A   0xBD10             POP      {R4,PC}          ;; return
    117          

   \                                 In section .text, align 2, keep-with-next
    118          void cVentCalibControl()      // dasgah ke roshan mishe  yebar seda zade mishe
    119          {	
    120          }
   \                     cVentCalibControl: (+1)
   \   00000000   0x4770             BX       LR               ;; return

   \                                 In section .text, align 2, keep-with-next
    121          void  CalibControlInit(void)    // ba har bar start zadan yek bar ejra mishe
    122          {
   \                     CalibControlInit: (+1)
   \   00000000   0xB580             PUSH     {R7,LR}
    123          	CalibresetAirValveContParam();
   \   00000002   0x.... 0x....      BL       CalibresetAirValveContParam
    124          	CalibresetO2ValveContParam();
   \   00000006   0x.... 0x....      BL       CalibresetO2ValveContParam
    125          	CalibresetExhalValveContParam();
   \   0000000A   0x.... 0x....      BL       CalibresetExhalValveContParam
    126          }
   \   0000000E   0xBD01             POP      {R0,PC}          ;; return
    127          

   \                                 In section .text, align 2, keep-with-next
    128          void  CalibControl_setSendDataPointer(struct StructOutHardware *SC)
    129          {
    130          	//OutputPacket=SC;
    131          }
   \                     CalibControl_setSendDataPointer: (+1)
   \   00000000   0x4770             BX       LR               ;; return

   \                                 In section .text, align 2, keep-with-next
    132          void  CalibControl_setRcvDataPointer(struct StructInHardware *SC)
    133          {
    134          	//InputPack=SC;
    135          }
   \                     CalibControl_setRcvDataPointer: (+1)
   \   00000000   0x4770             BX       LR               ;; return
    136          

   \                                 In section .text, align 4, keep-with-next
    137          void  CalibReadSensorData(void) 
    138          {
    139          	// ________________ update sensor data ____________________
    140          	if(c_InPacket1_Validate!=InputPacket.Packet[H_IN_PACKET1].Validate)
   \                     CalibReadSensorData: (+1)
   \   00000000   0x.... 0x....      LDR.W    R0,??DataTable7_11
   \   00000004   0x7800             LDRB     R0,[R0, #+0]
   \   00000006   0x.... 0x....      LDR.W    R1,??DataTable7_12
   \   0000000A   0x7B89             LDRB     R1,[R1, #+14]
   \   0000000C   0x4288             CMP      R0,R1
   \   0000000E   0xF000 0x80C3      BEQ.W    ??CalibReadSensorData_0
    141          	{
    142          		c_InPacket1_Validate=InputPacket.Packet[H_IN_PACKET1].Validate;
   \   00000012   0x.... 0x....      LDR.W    R0,??DataTable7_12
   \   00000016   0x7B80             LDRB     R0,[R0, #+14]
   \   00000018   0x.... 0x....      LDR.W    R1,??DataTable7_11
   \   0000001C   0x7008             STRB     R0,[R1, #+0]
    143          		c_P_inh_measure = InputPacket.Packet[H_IN_PACKET1].Value[H_IN_PRESS_INH];         
   \   0000001E   0x.... 0x....      LDR.W    R0,??DataTable7_12
   \   00000022   0x8A00             LDRH     R0,[R0, #+16]
   \   00000024   0xEE00 0x0A10      VMOV     S0,R0
   \   00000028   0xEEB8 0x0A40      VCVT.F32.U32 S0,S0
   \   0000002C   0x.... 0x....      LDR.W    R0,??DataTable7_13
   \   00000030   0xED80 0x0A00      VSTR     S0,[R0, #0]
    144          		if (c_P_inh_measure> 32768)                                                        
   \   00000034   0x.... 0x....      LDR.W    R0,??DataTable7_13
   \   00000038   0xED90 0x0A00      VLDR     S0,[R0, #0]
   \   0000003C   0xEDDF 0x....      VLDR.W   S1,??DataTable1  ;; 0x47000001
   \   00000040   0xEEB4 0x0A60      VCMP.F32 S0,S1
   \   00000044   0xEEF1 0xFA10      FMSTAT   
   \   00000048   0xDB0B             BLT.N    ??CalibReadSensorData_1
    145          		{                                                                              
    146          			c_P_inh_measure -= 65536;                                           
   \   0000004A   0x.... 0x....      LDR.W    R0,??DataTable7_13
   \   0000004E   0xED90 0x0A00      VLDR     S0,[R0, #0]
   \   00000052   0xEDDF 0x....      VLDR.W   S1,??DataTable1_1  ;; 0xc7800000
   \   00000056   0xEE30 0x0A20      VADD.F32 S0,S0,S1
   \   0000005A   0x.... 0x....      LDR.W    R0,??DataTable7_13
   \   0000005E   0xED80 0x0A00      VSTR     S0,[R0, #0]
    147          		}                                                                                
    148          		c_P_inh_measure *= 2.539f / 100.0f;                      // CmH2O  
   \                     ??CalibReadSensorData_1: (+1)
   \   00000062   0x.... 0x....      LDR.W    R0,??DataTable7_13
   \   00000066   0xED90 0x0A00      VLDR     S0,[R0, #0]
   \   0000006A   0xEDDF 0x....      VLDR.W   S1,??DataTable1_2  ;; 0x3ccffeb1
   \   0000006E   0xEE20 0x0A20      VMUL.F32 S0,S0,S1
   \   00000072   0x.... 0x....      LDR.W    R0,??DataTable7_13
   \   00000076   0xED80 0x0A00      VSTR     S0,[R0, #0]
    149          		// ----------
    150          		c_P_exH_measure = InputPacket.Packet[H_IN_PACKET1].Value[H_IN_PRESS_EXH];        
   \   0000007A   0x.... 0x....      LDR.W    R0,??DataTable7_12
   \   0000007E   0x8A40             LDRH     R0,[R0, #+18]
   \   00000080   0xEE00 0x0A10      VMOV     S0,R0
   \   00000084   0xEEB8 0x0A40      VCVT.F32.U32 S0,S0
   \   00000088   0x.... 0x....      LDR.W    R0,??DataTable7_14
   \   0000008C   0xED80 0x0A00      VSTR     S0,[R0, #0]
    151          		if (c_P_exH_measure> 32768)                                                        
   \   00000090   0x.... 0x....      LDR.W    R0,??DataTable7_14
   \   00000094   0xED90 0x0A00      VLDR     S0,[R0, #0]
   \   00000098   0xEDDF 0x....      VLDR.W   S1,??DataTable1  ;; 0x47000001
   \   0000009C   0xEEB4 0x0A60      VCMP.F32 S0,S1
   \   000000A0   0xEEF1 0xFA10      FMSTAT   
   \   000000A4   0xDB0B             BLT.N    ??CalibReadSensorData_2
    152          		{                                                                                
    153          			c_P_exH_measure -= 65536;                                           
   \   000000A6   0x.... 0x....      LDR.W    R0,??DataTable7_14
   \   000000AA   0xED90 0x0A00      VLDR     S0,[R0, #0]
   \   000000AE   0xEDDF 0x....      VLDR.W   S1,??DataTable1_1  ;; 0xc7800000
   \   000000B2   0xEE30 0x0A20      VADD.F32 S0,S0,S1
   \   000000B6   0x.... 0x....      LDR.W    R0,??DataTable7_14
   \   000000BA   0xED80 0x0A00      VSTR     S0,[R0, #0]
    154          		}                                                                                 
    155          		c_P_exH_measure *= 2.539f / 100.0f;                      // CmH2O      
   \                     ??CalibReadSensorData_2: (+1)
   \   000000BE   0x.... 0x....      LDR.W    R0,??DataTable7_14
   \   000000C2   0xED90 0x0A00      VLDR     S0,[R0, #0]
   \   000000C6   0xEDDF 0x....      VLDR.W   S1,??DataTable1_2  ;; 0x3ccffeb1
   \   000000CA   0xEE20 0x0A20      VMUL.F32 S0,S0,S1
   \   000000CE   0x.... 0x....      LDR.W    R0,??DataTable7_14
   \   000000D2   0xED80 0x0A00      VSTR     S0,[R0, #0]
    156          		// ----------
    157          		c_F_air_measure = InputPacket.Packet[H_IN_PACKET1].Value[H_IN_FLOW_AIR] / 100.0f;  
   \   000000D6   0x.... 0x....      LDR.W    R0,??DataTable7_12
   \   000000DA   0x8A80             LDRH     R0,[R0, #+20]
   \   000000DC   0xEE00 0x0A10      VMOV     S0,R0
   \   000000E0   0xEEB8 0x0A40      VCVT.F32.U32 S0,S0
   \   000000E4   0xEDDF 0x....      VLDR.W   S1,??DataTable1_3  ;; 0x42c80000
   \   000000E8   0xEE80 0x0A20      VDIV.F32 S0,S0,S1
   \   000000EC   0x.... 0x....      LDR.W    R0,??DataTable7_15
   \   000000F0   0xED80 0x0A00      VSTR     S0,[R0, #0]
    158          		
    159          		if(c_F_air_measure < 0)
   \   000000F4   0x.... 0x....      LDR.W    R0,??DataTable7_15
   \   000000F8   0xED90 0x0A00      VLDR     S0,[R0, #0]
   \   000000FC   0xEEB5 0x0A40      VCMP.F32 S0,#0.0
   \   00000100   0xEEF1 0xFA10      FMSTAT   
   \   00000104   0xD503             BPL.N    ??CalibReadSensorData_3
    160          		{
    161          			c_F_air_measure = 0;
   \   00000106   0x.... 0x....      LDR.W    R0,??DataTable7_15
   \   0000010A   0x2100             MOVS     R1,#+0
   \   0000010C   0x6001             STR      R1,[R0, #+0]
    162          		}
    163          		// ---------- noise ommision
    164          		if (c_F_air_measure > 200)
   \                     ??CalibReadSensorData_3: (+1)
   \   0000010E   0x.... 0x....      LDR.W    R0,??DataTable7_15
   \   00000112   0xED90 0x0A00      VLDR     S0,[R0, #0]
   \   00000116   0xEDDF 0x....      VLDR.W   S1,??DataTable1_4  ;; 0x43480001
   \   0000011A   0xEEB4 0x0A60      VCMP.F32 S0,S1
   \   0000011E   0xEEF1 0xFA10      FMSTAT   
   \   00000122   0xDB03             BLT.N    ??CalibReadSensorData_4
    165          		{
    166          			c_F_air_measure =0;
   \   00000124   0x.... 0x....      LDR.W    R0,??DataTable7_15
   \   00000128   0x2100             MOVS     R1,#+0
   \   0000012A   0x6001             STR      R1,[R0, #+0]
    167          		}
    168          		c_F_air_measure /= 60.0f;      // L/min --> L/sec
   \                     ??CalibReadSensorData_4: (+1)
   \   0000012C   0x.... 0x....      LDR.W    R0,??DataTable7_15
   \   00000130   0xED90 0x0A00      VLDR     S0,[R0, #0]
   \   00000134   0xEDDF 0x....      VLDR.W   S1,??DataTable1_5  ;; 0x42700000
   \   00000138   0xEE80 0x0A20      VDIV.F32 S0,S0,S1
   \   0000013C   0x.... 0x....      LDR.W    R0,??DataTable7_15
   \   00000140   0xED80 0x0A00      VSTR     S0,[R0, #0]
    169          		// ----------
    170          		c_F_O2_measure  = InputPacket.Packet[H_IN_PACKET1].Value[H_IN_FLOW_O2] / 100.0f; 
   \   00000144   0x.... 0x....      LDR.W    R0,??DataTable7_12
   \   00000148   0x8AC0             LDRH     R0,[R0, #+22]
   \   0000014A   0xEE00 0x0A10      VMOV     S0,R0
   \   0000014E   0xEEB8 0x0A40      VCVT.F32.U32 S0,S0
   \   00000152   0xEDDF 0x....      VLDR.W   S1,??DataTable1_3  ;; 0x42c80000
   \   00000156   0xEE80 0x0A20      VDIV.F32 S0,S0,S1
   \   0000015A   0x.... 0x....      LDR.W    R0,??DataTable7_16
   \   0000015E   0xED80 0x0A00      VSTR     S0,[R0, #0]
    171          
    172          		if (c_F_O2_measure > 100)
   \   00000162   0x.... 0x....      LDR.W    R0,??DataTable7_16
   \   00000166   0xED90 0x0A00      VLDR     S0,[R0, #0]
   \   0000016A   0xEDDF 0x....      VLDR.W   S1,??DataTable2  ;; 0x42c80001
   \   0000016E   0xEEB4 0x0A60      VCMP.F32 S0,S1
   \   00000172   0xEEF1 0xFA10      FMSTAT   
   \   00000176   0xDB03             BLT.N    ??CalibReadSensorData_5
    173          		{
    174          		  c_F_O2_measure =0;
   \   00000178   0x.... 0x....      LDR.W    R0,??DataTable7_16
   \   0000017C   0x2100             MOVS     R1,#+0
   \   0000017E   0x6001             STR      R1,[R0, #+0]
    175          		}
    176          		c_F_O2_measure /= 60.0f;        // L/min --> L/sec
   \                     ??CalibReadSensorData_5: (+1)
   \   00000180   0x.... 0x....      LDR.W    R0,??DataTable7_16
   \   00000184   0xED90 0x0A00      VLDR     S0,[R0, #0]
   \   00000188   0xEDDF 0x....      VLDR.W   S1,??DataTable1_5  ;; 0x42700000
   \   0000018C   0xEE80 0x0A20      VDIV.F32 S0,S0,S1
   \   00000190   0x.... 0x....      LDR.W    R0,??DataTable7_16
   \   00000194   0xED80 0x0A00      VSTR     S0,[R0, #0]
    177          	}
    178          }              
   \                     ??CalibReadSensorData_0: (+1)
   \   00000198   0x4770             BX       LR               ;; return
    179          
    180          

   \                                 In section .text, align 4, keep-with-next
    181          void  CalibAirValveController(void) 
    182          {
    183          	if (c_PIDTargetAirValve == CALIB_CLOSEVALVE)
   \                     CalibAirValveController: (+1)
   \   00000000   0x.... 0x....      LDR.W    R0,??DataTable7_5
   \   00000004   0xED90 0x0A00      VLDR     S0,[R0, #0]
   \   00000008   0xEDDF 0x0A0F      VLDR.W   S1,??CalibAirValveController_0+0x4  ;; 0x462be000
   \   0000000C   0xEEB4 0x0A60      VCMP.F32 S0,S1
   \   00000010   0xEEF1 0xFA10      FMSTAT   
   \   00000014   0xD104             BNE.N    ??CalibAirValveController_1
    184          	{
    185          		c_AirValveCommand   = LOWPWM;         //  close
   \   00000016   0x.... 0x....      LDR.W    R0,??DataTable7_3
   \   0000001A   0x2100             MOVS     R1,#+0
   \   0000001C   0x6001             STR      R1,[R0, #+0]
   \   0000001E   0xE114             B.N      ??CalibAirValveController_2
    186          	}
    187          	else if (c_PIDTargetAirValve == CALIB_OPENVALVE)
   \                     ??CalibAirValveController_1: (+1)
   \   00000020   0x.... 0x....      LDR.W    R0,??DataTable7_5
   \   00000024   0xED90 0x0A00      VLDR     S0,[R0, #0]
   \   00000028   0xEDDF 0x0A06      VLDR.W   S1,??CalibAirValveController_0  ;; 0x463b8000
   \   0000002C   0xEEB4 0x0A60      VCMP.F32 S0,S1
   \   00000030   0xEEF1 0xFA10      FMSTAT   
   \   00000034   0xD10A             BNE.N    ??CalibAirValveController_3
    188          	{
    189                  c_AirValveCommand   = HIGHPWM;         //  close
   \   00000036   0x.... 0x....      LDR.W    R0,??DataTable7_3
   \   0000003A   0x.... 0x....      LDR.W    R1,??DataTable7_2  ;; 0x461c4000
   \   0000003E   0x6001             STR      R1,[R0, #+0]
   \   00000040   0xE103             B.N      ??CalibAirValveController_2
   \   00000042   0xBF00             Nop      
   \                     ??CalibAirValveController_0:
   \   00000044   0x463B8000         DC32     0x463b8000
   \   00000048   0x462BE000         DC32     0x462be000
    190          	}
    191          	else
    192          	{
    193          		if (c_PIDTargetAirValve<= 15)     
   \                     ??CalibAirValveController_3: (+1)
   \   0000004C   0x.... 0x....      LDR.W    R0,??DataTable7_5
   \   00000050   0xED90 0x0A00      VLDR     S0,[R0, #0]
   \   00000054   0xEDDF 0x....      VLDR.W   S1,??DataTable2_1  ;; 0x41700001
   \   00000058   0xEEB4 0x0A60      VCMP.F32 S0,S1
   \   0000005C   0xEEF1 0xFA10      FMSTAT   
   \   00000060   0xD513             BPL.N    ??CalibAirValveController_4
    194          		{
    195          			c_GainKP = 650;    
   \   00000062   0x.... 0x....      LDR.W    R0,??DataTable7_17
   \   00000066   0x.... 0x....      LDR.W    R1,??DataTable7_18  ;; 0x44228000
   \   0000006A   0x6001             STR      R1,[R0, #+0]
    196          			c_GainKI = 5000;      
   \   0000006C   0x.... 0x....      LDR.W    R0,??DataTable7_19
   \   00000070   0x.... 0x....      LDR.W    R1,??DataTable7_20  ;; 0x459c4000
   \   00000074   0x6001             STR      R1,[R0, #+0]
    197          			c_GainKD = 0;
   \   00000076   0x.... 0x....      LDR.W    R0,??DataTable7_21
   \   0000007A   0x2100             MOVS     R1,#+0
   \   0000007C   0x6001             STR      R1,[R0, #+0]
    198          			c_DeadZone = 4150;     
   \   0000007E   0xF241 0x0036      MOVW     R0,#+4150
   \   00000082   0x.... 0x....      LDR.W    R1,??DataTable7_22
   \   00000086   0x8008             STRH     R0,[R1, #+0]
   \   00000088   0xE06F             B.N      ??CalibAirValveController_5
    199          		}
    200          		else if (c_PIDTargetAirValve <= 30) 
   \                     ??CalibAirValveController_4: (+1)
   \   0000008A   0x.... 0x....      LDR.W    R0,??DataTable7_5
   \   0000008E   0xED90 0x0A00      VLDR     S0,[R0, #0]
   \   00000092   0xEDDF 0x....      VLDR.W   S1,??DataTable2_2  ;; 0x41f00001
   \   00000096   0xEEB4 0x0A60      VCMP.F32 S0,S1
   \   0000009A   0xEEF1 0xFA10      FMSTAT   
   \   0000009E   0xD513             BPL.N    ??CalibAirValveController_6
    201          		{
    202          			c_GainKP = 550;    
   \   000000A0   0x.... 0x....      LDR.W    R0,??DataTable7_17
   \   000000A4   0x.... 0x....      LDR.W    R1,??DataTable7_23  ;; 0x44098000
   \   000000A8   0x6001             STR      R1,[R0, #+0]
    203          			c_GainKI = 5000;     
   \   000000AA   0x.... 0x....      LDR.W    R0,??DataTable7_19
   \   000000AE   0x.... 0x....      LDR.W    R1,??DataTable7_20  ;; 0x459c4000
   \   000000B2   0x6001             STR      R1,[R0, #+0]
    204          			c_GainKD = 0;
   \   000000B4   0x.... 0x....      LDR.W    R0,??DataTable7_21
   \   000000B8   0x2100             MOVS     R1,#+0
   \   000000BA   0x6001             STR      R1,[R0, #+0]
    205          			c_DeadZone = 4150;   
   \   000000BC   0xF241 0x0036      MOVW     R0,#+4150
   \   000000C0   0x.... 0x....      LDR.W    R1,??DataTable7_22
   \   000000C4   0x8008             STRH     R0,[R1, #+0]
   \   000000C6   0xE050             B.N      ??CalibAirValveController_5
    206          		}
    207          		else if (c_PIDTargetAirValve<= 42) 
   \                     ??CalibAirValveController_6: (+1)
   \   000000C8   0x.... 0x....      LDR.W    R0,??DataTable7_5
   \   000000CC   0xED90 0x0A00      VLDR     S0,[R0, #0]
   \   000000D0   0xEDDF 0x....      VLDR.W   S1,??DataTable2_3  ;; 0x42280001
   \   000000D4   0xEEB4 0x0A60      VCMP.F32 S0,S1
   \   000000D8   0xEEF1 0xFA10      FMSTAT   
   \   000000DC   0xD513             BPL.N    ??CalibAirValveController_7
    208          		{
    209          			c_GainKP = 350; 
   \   000000DE   0x.... 0x....      LDR.W    R0,??DataTable7_17
   \   000000E2   0x.... 0x....      LDR.W    R1,??DataTable7_24  ;; 0x43af0000
   \   000000E6   0x6001             STR      R1,[R0, #+0]
    210          			c_GainKI = 5000;  
   \   000000E8   0x.... 0x....      LDR.W    R0,??DataTable7_19
   \   000000EC   0x.... 0x....      LDR.W    R1,??DataTable7_20  ;; 0x459c4000
   \   000000F0   0x6001             STR      R1,[R0, #+0]
    211          			c_GainKD = 0;
   \   000000F2   0x.... 0x....      LDR.W    R0,??DataTable7_21
   \   000000F6   0x2100             MOVS     R1,#+0
   \   000000F8   0x6001             STR      R1,[R0, #+0]
    212          			c_DeadZone = 4150;
   \   000000FA   0xF241 0x0036      MOVW     R0,#+4150
   \   000000FE   0x.... 0x....      LDR.W    R1,??DataTable7_22
   \   00000102   0x8008             STRH     R0,[R1, #+0]
   \   00000104   0xE031             B.N      ??CalibAirValveController_5
    213          		}
    214          		else if (c_PIDTargetAirValve<= 60)
   \                     ??CalibAirValveController_7: (+1)
   \   00000106   0x.... 0x....      LDR.W    R0,??DataTable7_5
   \   0000010A   0xED90 0x0A00      VLDR     S0,[R0, #0]
   \   0000010E   0xEDDF 0x....      VLDR.W   S1,??DataTable2_4  ;; 0x42700001
   \   00000112   0xEEB4 0x0A60      VCMP.F32 S0,S1
   \   00000116   0xEEF1 0xFA10      FMSTAT   
   \   0000011A   0xD513             BPL.N    ??CalibAirValveController_8
    215          		{
    216          			c_GainKP = 280;  
   \   0000011C   0x.... 0x....      LDR.W    R0,??DataTable7_17
   \   00000120   0x.... 0x....      LDR.W    R1,??DataTable7_25  ;; 0x438c0000
   \   00000124   0x6001             STR      R1,[R0, #+0]
    217          			c_GainKI = 5000; 
   \   00000126   0x.... 0x....      LDR.W    R0,??DataTable7_19
   \   0000012A   0x.... 0x....      LDR.W    R1,??DataTable7_20  ;; 0x459c4000
   \   0000012E   0x6001             STR      R1,[R0, #+0]
    218          			c_GainKD = 0;    
   \   00000130   0x.... 0x....      LDR.W    R0,??DataTable7_21
   \   00000134   0x2100             MOVS     R1,#+0
   \   00000136   0x6001             STR      R1,[R0, #+0]
    219          			c_DeadZone = 4150;
   \   00000138   0xF241 0x0036      MOVW     R0,#+4150
   \   0000013C   0x.... 0x....      LDR.W    R1,??DataTable7_22
   \   00000140   0x8008             STRH     R0,[R1, #+0]
   \   00000142   0xE012             B.N      ??CalibAirValveController_5
    220          		}
    221          		else 
    222          		{
    223          		    c_GainKP = 250;  
   \                     ??CalibAirValveController_8: (+1)
   \   00000144   0x.... 0x....      LDR.W    R0,??DataTable7_17
   \   00000148   0x.... 0x....      LDR.W    R1,??DataTable7_26  ;; 0x437a0000
   \   0000014C   0x6001             STR      R1,[R0, #+0]
    224          			c_GainKI = 5000;  
   \   0000014E   0x.... 0x....      LDR.W    R0,??DataTable7_19
   \   00000152   0x.... 0x....      LDR.W    R1,??DataTable7_20  ;; 0x459c4000
   \   00000156   0x6001             STR      R1,[R0, #+0]
    225          			c_GainKD = 0;    
   \   00000158   0x.... 0x....      LDR.W    R0,??DataTable7_21
   \   0000015C   0x2100             MOVS     R1,#+0
   \   0000015E   0x6001             STR      R1,[R0, #+0]
    226          			c_DeadZone = 4150;
   \   00000160   0xF241 0x0036      MOVW     R0,#+4150
   \   00000164   0x.... 0x....      LDR.W    R1,??DataTable7_22
   \   00000168   0x8008             STRH     R0,[R1, #+0]
    227          		}
    228          		c_PIDError = (c_PIDTargetAirValve/60) - c_F_air_measure;
   \                     ??CalibAirValveController_5: (+1)
   \   0000016A   0x.... 0x....      LDR.W    R0,??DataTable7_5
   \   0000016E   0xED90 0x0A00      VLDR     S0,[R0, #0]
   \   00000172   0xEDDF 0x....      VLDR.W   S1,??DataTable2_5  ;; 0x42700000
   \   00000176   0xEE80 0x0A20      VDIV.F32 S0,S0,S1
   \   0000017A   0x.... 0x....      LDR.W    R0,??DataTable7_15
   \   0000017E   0xEDD0 0x0A00      VLDR     S1,[R0, #0]
   \   00000182   0xEE30 0x0A60      VSUB.F32 S0,S0,S1
   \   00000186   0x.... 0x....      LDR.W    R0,??DataTable7_27
   \   0000018A   0xED80 0x0A00      VSTR     S0,[R0, #0]
    229          
    230          		c_Perror = c_PIDError;
   \   0000018E   0x.... 0x....      LDR.W    R0,??DataTable7_28
   \   00000192   0x.... 0x....      LDR.W    R1,??DataTable7_27
   \   00000196   0x6809             LDR      R1,[R1, #+0]
   \   00000198   0x6001             STR      R1,[R0, #+0]
    231          		c_Ierror += (c_PIDError*0.01f);
   \   0000019A   0x.... 0x....      LDR.W    R0,??DataTable7_27
   \   0000019E   0xED90 0x0A00      VLDR     S0,[R0, #0]
   \   000001A2   0xEDDF 0x....      VLDR.W   S1,??DataTable2_6  ;; 0x3c23d70a
   \   000001A6   0x.... 0x....      LDR.W    R0,??DataTable7_29
   \   000001AA   0xED90 0x1A00      VLDR     S2,[R0, #0]
   \   000001AE   0xEE00 0x1A20      VMLA.F32 S2,S0,S1
   \   000001B2   0x.... 0x....      LDR.W    R0,??DataTable7_29
   \   000001B6   0xED80 0x1A00      VSTR     S2,[R0, #0]
    232          		c_Derror =(c_PIDError - c_PIDError_Pre)/0.01f;
   \   000001BA   0x.... 0x....      LDR.W    R0,??DataTable7_27
   \   000001BE   0xED90 0x0A00      VLDR     S0,[R0, #0]
   \   000001C2   0x.... 0x....      LDR.W    R0,??DataTable7_30
   \   000001C6   0xEDD0 0x0A00      VLDR     S1,[R0, #0]
   \   000001CA   0xEE30 0x0A60      VSUB.F32 S0,S0,S1
   \   000001CE   0xEDDF 0x....      VLDR.W   S1,??DataTable2_6  ;; 0x3c23d70a
   \   000001D2   0xEE80 0x0A20      VDIV.F32 S0,S0,S1
   \   000001D6   0x.... 0x....      LDR.W    R0,??DataTable7_31
   \   000001DA   0xED80 0x0A00      VSTR     S0,[R0, #0]
    233          		c_PIDError_Pre = c_PIDError;
   \   000001DE   0x.... 0x....      LDR.W    R0,??DataTable7_30
   \   000001E2   0x.... 0x....      LDR.W    R1,??DataTable7_27
   \   000001E6   0x6809             LDR      R1,[R1, #+0]
   \   000001E8   0x6001             STR      R1,[R0, #+0]
    234          		c_AirValveCommand   =  c_GainKP*c_Perror  +  c_GainKI*c_Ierror   +  c_GainKD*c_Derror;
   \   000001EA   0x.... 0x....      LDR.W    R0,??DataTable7_17
   \   000001EE   0xED90 0x0A00      VLDR     S0,[R0, #0]
   \   000001F2   0x.... 0x....      LDR.W    R0,??DataTable7_28
   \   000001F6   0xEDD0 0x0A00      VLDR     S1,[R0, #0]
   \   000001FA   0xEE20 0x0A20      VMUL.F32 S0,S0,S1
   \   000001FE   0x.... 0x....      LDR.W    R0,??DataTable7_19
   \   00000202   0xEDD0 0x0A00      VLDR     S1,[R0, #0]
   \   00000206   0x.... 0x....      LDR.W    R0,??DataTable7_29
   \   0000020A   0xED90 0x1A00      VLDR     S2,[R0, #0]
   \   0000020E   0xEE00 0x0A81      VMLA.F32 S0,S1,S2
   \   00000212   0x.... 0x....      LDR.W    R0,??DataTable7_21
   \   00000216   0xEDD0 0x0A00      VLDR     S1,[R0, #0]
   \   0000021A   0x.... 0x....      LDR.W    R0,??DataTable7_31
   \   0000021E   0xED90 0x1A00      VLDR     S2,[R0, #0]
   \   00000222   0xEE00 0x0A81      VMLA.F32 S0,S1,S2
   \   00000226   0x....             LDR.N    R0,??DataTable7_3
   \   00000228   0xED80 0x0A00      VSTR     S0,[R0, #0]
    235          		c_AirValveCommand   =  c_AirValveCommand + c_DeadZone;
   \   0000022C   0x.... 0x....      LDR.W    R0,??DataTable7_22
   \   00000230   0x8800             LDRH     R0,[R0, #+0]
   \   00000232   0xEE00 0x0A10      VMOV     S0,R0
   \   00000236   0xEEB8 0x0A40      VCVT.F32.U32 S0,S0
   \   0000023A   0x....             LDR.N    R0,??DataTable7_3
   \   0000023C   0xEDD0 0x0A00      VLDR     S1,[R0, #0]
   \   00000240   0xEE30 0x0A20      VADD.F32 S0,S0,S1
   \   00000244   0x....             LDR.N    R0,??DataTable7_3
   \   00000246   0xED80 0x0A00      VSTR     S0,[R0, #0]
    236          	}
    237          }              
   \                     ??CalibAirValveController_2: (+1)
   \   0000024A   0x4770             BX       LR               ;; return

   \                                 In section .text, align 4, keep-with-next
    238          void  CalibO2ValveController(void) 
    239          {
   \                     CalibO2ValveController: (+1)
   \   00000000   0xB580             PUSH     {R7,LR}
    240          	if (c_PIDTargetO2Valve == CALIB_CLOSEVALVE)
   \   00000002   0x....             LDR.N    R0,??DataTable7_6
   \   00000004   0xED90 0x0A00      VLDR     S0,[R0, #0]
   \   00000008   0xEDDF 0x....      VLDR.W   S1,??DataTable3  ;; 0x462be000
   \   0000000C   0xEEB4 0x0A60      VCMP.F32 S0,S1
   \   00000010   0xEEF1 0xFA10      FMSTAT   
   \   00000014   0xD103             BNE.N    ??CalibO2ValveController_0
    241          	{
    242          		c_O2ValveCommand   = LOWPWM;         //  close
   \   00000016   0x....             LDR.N    R0,??DataTable7_4
   \   00000018   0x2100             MOVS     R1,#+0
   \   0000001A   0x6001             STR      R1,[R0, #+0]
   \   0000001C   0xE0C3             B.N      ??CalibO2ValveController_1
    243          	}
    244          	else if (c_PIDTargetO2Valve == CALIB_OPENVALVE)
   \                     ??CalibO2ValveController_0: (+1)
   \   0000001E   0x....             LDR.N    R0,??DataTable7_6
   \   00000020   0xED90 0x0A00      VLDR     S0,[R0, #0]
   \   00000024   0xEDDF 0x....      VLDR.W   S1,??DataTable3_1  ;; 0x463b8000
   \   00000028   0xEEB4 0x0A60      VCMP.F32 S0,S1
   \   0000002C   0xEEF1 0xFA10      FMSTAT   
   \   00000030   0xD103             BNE.N    ??CalibO2ValveController_2
    245          	{
    246                  c_PIDTargetO2Valve   = HIGHPWM;         //  close
   \   00000032   0x....             LDR.N    R0,??DataTable7_6
   \   00000034   0x....             LDR.N    R1,??DataTable7_2  ;; 0x461c4000
   \   00000036   0x6001             STR      R1,[R0, #+0]
   \   00000038   0xE0B5             B.N      ??CalibO2ValveController_1
    247          	}
    248          	else
    249          	{
    250          		if (c_PIDTargetO2Valve<= 15)       
   \                     ??CalibO2ValveController_2: (+1)
   \   0000003A   0x....             LDR.N    R0,??DataTable7_6
   \   0000003C   0xED90 0x0A00      VLDR     S0,[R0, #0]
   \   00000040   0xEDDF 0x....      VLDR.W   S1,??DataTable3_2  ;; 0x41700001
   \   00000044   0xEEB4 0x0A60      VCMP.F32 S0,S1
   \   00000048   0xEEF1 0xFA10      FMSTAT   
   \   0000004C   0xD50D             BPL.N    ??CalibO2ValveController_3
    251          		{
    252          			c_GainKP = 750;         
   \   0000004E   0x....             LDR.N    R0,??DataTable7_17
   \   00000050   0x....             LDR.N    R1,??DataTable7_32  ;; 0x443b8000
   \   00000052   0x6001             STR      R1,[R0, #+0]
    253          			c_GainKI = 5000;      
   \   00000054   0x....             LDR.N    R0,??DataTable7_19
   \   00000056   0x....             LDR.N    R1,??DataTable7_20  ;; 0x459c4000
   \   00000058   0x6001             STR      R1,[R0, #+0]
    254          			c_GainKD = 0;
   \   0000005A   0x....             LDR.N    R0,??DataTable7_21
   \   0000005C   0x2100             MOVS     R1,#+0
   \   0000005E   0x6001             STR      R1,[R0, #+0]
    255          			c_DeadZone = 4050;
   \   00000060   0xF640 0x70D2      MOVW     R0,#+4050
   \   00000064   0x....             LDR.N    R1,??DataTable7_22
   \   00000066   0x8008             STRH     R0,[R1, #+0]
   \   00000068   0xE03C             B.N      ??CalibO2ValveController_4
    256          		}
    257          		else if (c_PIDTargetO2Valve<=40)
   \                     ??CalibO2ValveController_3: (+1)
   \   0000006A   0x....             LDR.N    R0,??DataTable7_6
   \   0000006C   0xED90 0x0A00      VLDR     S0,[R0, #0]
   \   00000070   0xEDDF 0x....      VLDR.W   S1,??DataTable5  ;; 0x42200001
   \   00000074   0xEEB4 0x0A60      VCMP.F32 S0,S1
   \   00000078   0xEEF1 0xFA10      FMSTAT   
   \   0000007C   0xD50D             BPL.N    ??CalibO2ValveController_5
    258          		{
    259          			c_GainKP = 400; 
   \   0000007E   0x....             LDR.N    R0,??DataTable7_17
   \   00000080   0x....             LDR.N    R1,??DataTable7_33  ;; 0x43c80000
   \   00000082   0x6001             STR      R1,[R0, #+0]
    260          			c_GainKI = 5000;  
   \   00000084   0x....             LDR.N    R0,??DataTable7_19
   \   00000086   0x....             LDR.N    R1,??DataTable7_20  ;; 0x459c4000
   \   00000088   0x6001             STR      R1,[R0, #+0]
    261          			c_GainKD = 0;
   \   0000008A   0x....             LDR.N    R0,??DataTable7_21
   \   0000008C   0x2100             MOVS     R1,#+0
   \   0000008E   0x6001             STR      R1,[R0, #+0]
    262          			c_DeadZone = 4050;
   \   00000090   0xF640 0x70D2      MOVW     R0,#+4050
   \   00000094   0x....             LDR.N    R1,??DataTable7_22
   \   00000096   0x8008             STRH     R0,[R1, #+0]
   \   00000098   0xE024             B.N      ??CalibO2ValveController_4
    263          		}
    264          		else if (c_PIDTargetO2Valve<= 60) 
   \                     ??CalibO2ValveController_5: (+1)
   \   0000009A   0x....             LDR.N    R0,??DataTable7_6
   \   0000009C   0xED90 0x0A00      VLDR     S0,[R0, #0]
   \   000000A0   0xEDDF 0x....      VLDR.W   S1,??DataTable6  ;; 0x42700001
   \   000000A4   0xEEB4 0x0A60      VCMP.F32 S0,S1
   \   000000A8   0xEEF1 0xFA10      FMSTAT   
   \   000000AC   0xD50D             BPL.N    ??CalibO2ValveController_6
    265          		{
    266          			c_GainKP = 300; 
   \   000000AE   0x....             LDR.N    R0,??DataTable7_17
   \   000000B0   0x....             LDR.N    R1,??DataTable7_34  ;; 0x43960000
   \   000000B2   0x6001             STR      R1,[R0, #+0]
    267          			c_GainKI = 5000;  
   \   000000B4   0x....             LDR.N    R0,??DataTable7_19
   \   000000B6   0x....             LDR.N    R1,??DataTable7_20  ;; 0x459c4000
   \   000000B8   0x6001             STR      R1,[R0, #+0]
    268          			c_GainKD = 0;
   \   000000BA   0x....             LDR.N    R0,??DataTable7_21
   \   000000BC   0x2100             MOVS     R1,#+0
   \   000000BE   0x6001             STR      R1,[R0, #+0]
    269          			c_DeadZone = 4030;
   \   000000C0   0xF640 0x70BE      MOVW     R0,#+4030
   \   000000C4   0x....             LDR.N    R1,??DataTable7_22
   \   000000C6   0x8008             STRH     R0,[R1, #+0]
   \   000000C8   0xE00C             B.N      ??CalibO2ValveController_4
    270          		}
    271          		else 
    272          		{
    273          			c_GainKP = 250;  
   \                     ??CalibO2ValveController_6: (+1)
   \   000000CA   0x....             LDR.N    R0,??DataTable7_17
   \   000000CC   0x....             LDR.N    R1,??DataTable7_26  ;; 0x437a0000
   \   000000CE   0x6001             STR      R1,[R0, #+0]
    274          			c_GainKI = 5000;  
   \   000000D0   0x....             LDR.N    R0,??DataTable7_19
   \   000000D2   0x....             LDR.N    R1,??DataTable7_20  ;; 0x459c4000
   \   000000D4   0x6001             STR      R1,[R0, #+0]
    275          			c_GainKD = 0;    
   \   000000D6   0x....             LDR.N    R0,??DataTable7_21
   \   000000D8   0x2100             MOVS     R1,#+0
   \   000000DA   0x6001             STR      R1,[R0, #+0]
    276          			c_DeadZone = 4000;
   \   000000DC   0xF44F 0x607A      MOV      R0,#+4000
   \   000000E0   0x....             LDR.N    R1,??DataTable7_22
   \   000000E2   0x8008             STRH     R0,[R1, #+0]
    277          		}
    278          
    279          		c_PerrorO2 = c_PIDError = (c_PIDTargetO2Valve/60) - c_F_O2_measure;
   \                     ??CalibO2ValveController_4: (+1)
   \   000000E4   0x....             LDR.N    R0,??DataTable7_6
   \   000000E6   0xED90 0x0A00      VLDR     S0,[R0, #0]
   \   000000EA   0xEDDF 0x....      VLDR.W   S1,??DataTable7  ;; 0x42700000
   \   000000EE   0xEE80 0x0A20      VDIV.F32 S0,S0,S1
   \   000000F2   0x....             LDR.N    R0,??DataTable7_16
   \   000000F4   0xEDD0 0x0A00      VLDR     S1,[R0, #0]
   \   000000F8   0xEE30 0x0A60      VSUB.F32 S0,S0,S1
   \   000000FC   0x....             LDR.N    R0,??DataTable7_27
   \   000000FE   0xED80 0x0A00      VSTR     S0,[R0, #0]
   \   00000102   0x....             LDR.N    R0,??DataTable7_35
   \   00000104   0x....             LDR.N    R1,??DataTable7_27
   \   00000106   0x6809             LDR      R1,[R1, #+0]
   \   00000108   0x6001             STR      R1,[R0, #+0]
    280          		c_IerrorO2 += (c_PIDError*0.01f);
   \   0000010A   0x....             LDR.N    R0,??DataTable7_27
   \   0000010C   0xED90 0x0A00      VLDR     S0,[R0, #0]
   \   00000110   0xEDDF 0x....      VLDR.W   S1,??DataTable7_1  ;; 0x3c23d70a
   \   00000114   0x....             LDR.N    R0,??DataTable7_36
   \   00000116   0xED90 0x1A00      VLDR     S2,[R0, #0]
   \   0000011A   0xEE00 0x1A20      VMLA.F32 S2,S0,S1
   \   0000011E   0x....             LDR.N    R0,??DataTable7_36
   \   00000120   0xED80 0x1A00      VSTR     S2,[R0, #0]
    281          		c_DerrorO2 =(c_PIDError - c_PIDError_Pre)/0.01;
   \   00000124   0x....             LDR.N    R0,??DataTable7_27
   \   00000126   0xED90 0x0A00      VLDR     S0,[R0, #0]
   \   0000012A   0x....             LDR.N    R0,??DataTable7_30
   \   0000012C   0xEDD0 0x0A00      VLDR     S1,[R0, #0]
   \   00000130   0xEE30 0x0A60      VSUB.F32 S0,S0,S1
   \   00000134   0xEE10 0x0A10      VMOV     R0,S0
   \   00000138   0x.... 0x....      BL       __aeabi_f2d
   \   0000013C   0x....             LDR.N    R2,??DataTable7_37  ;; 0x47ae147b
   \   0000013E   0x....             LDR.N    R3,??DataTable7_38  ;; 0x3f847ae1
   \   00000140   0x.... 0x....      BL       __aeabi_ddiv
   \   00000144   0x.... 0x....      BL       __aeabi_d2f
   \   00000148   0x....             LDR.N    R1,??DataTable7_39
   \   0000014A   0x6008             STR      R0,[R1, #+0]
    282          		c_PIDError_Pre   = c_PIDError;
   \   0000014C   0x....             LDR.N    R0,??DataTable7_30
   \   0000014E   0x....             LDR.N    R1,??DataTable7_27
   \   00000150   0x6809             LDR      R1,[R1, #+0]
   \   00000152   0x6001             STR      R1,[R0, #+0]
    283          		c_O2ValveCommand   =  c_GainKP*c_PerrorO2  +  c_GainKI*c_IerrorO2   +  c_GainKD*c_DerrorO2;
   \   00000154   0x....             LDR.N    R0,??DataTable7_17
   \   00000156   0xED90 0x0A00      VLDR     S0,[R0, #0]
   \   0000015A   0x....             LDR.N    R0,??DataTable7_35
   \   0000015C   0xEDD0 0x0A00      VLDR     S1,[R0, #0]
   \   00000160   0xEE20 0x0A20      VMUL.F32 S0,S0,S1
   \   00000164   0x....             LDR.N    R0,??DataTable7_19
   \   00000166   0xEDD0 0x0A00      VLDR     S1,[R0, #0]
   \   0000016A   0x....             LDR.N    R0,??DataTable7_36
   \   0000016C   0xED90 0x1A00      VLDR     S2,[R0, #0]
   \   00000170   0xEE00 0x0A81      VMLA.F32 S0,S1,S2
   \   00000174   0x....             LDR.N    R0,??DataTable7_21
   \   00000176   0xEDD0 0x0A00      VLDR     S1,[R0, #0]
   \   0000017A   0x....             LDR.N    R0,??DataTable7_39
   \   0000017C   0xED90 0x1A00      VLDR     S2,[R0, #0]
   \   00000180   0xEE00 0x0A81      VMLA.F32 S0,S1,S2
   \   00000184   0x....             LDR.N    R0,??DataTable7_4
   \   00000186   0xED80 0x0A00      VSTR     S0,[R0, #0]
    284          		c_O2ValveCommand = c_O2ValveCommand + c_DeadZone;
   \   0000018A   0x....             LDR.N    R0,??DataTable7_22
   \   0000018C   0x8800             LDRH     R0,[R0, #+0]
   \   0000018E   0xEE00 0x0A10      VMOV     S0,R0
   \   00000192   0xEEB8 0x0A40      VCVT.F32.U32 S0,S0
   \   00000196   0x....             LDR.N    R0,??DataTable7_4
   \   00000198   0xEDD0 0x0A00      VLDR     S1,[R0, #0]
   \   0000019C   0xEE30 0x0A20      VADD.F32 S0,S0,S1
   \   000001A0   0x....             LDR.N    R0,??DataTable7_4
   \   000001A2   0xED80 0x0A00      VSTR     S0,[R0, #0]
    285          
    286          	}
    287          } 
   \                     ??CalibO2ValveController_1: (+1)
   \   000001A6   0xBD01             POP      {R0,PC}          ;; return

   \                                 In section .text, align 2, keep-with-next
    288          void  CalibexhValveController(void) 
    289          {
    290          	
    291          	
    292          }              
   \                     CalibexhValveController: (+1)
   \   00000000   0x4770             BX       LR               ;; return

   \                                 In section .text, align 4, keep-with-next
    293          void  CalibsendValveCommands(struct StructOutHardware *OutputPacket)
    294          {
    295          	// --------- Check Limit----------
    296          	if (c_ExhalValveCommand >= HIGHPWM)
   \                     CalibsendValveCommands: (+1)
   \   00000000   0x....             LDR.N    R1,??DataTable7_7
   \   00000002   0xED91 0x0A00      VLDR     S0,[R1, #0]
   \   00000006   0xEDDF 0x....      VLDR.W   S1,??DataTable7_2  ;; 0x461c4000
   \   0000000A   0xEEB4 0x0A60      VCMP.F32 S0,S1
   \   0000000E   0xEEF1 0xFA10      FMSTAT   
   \   00000012   0xDB03             BLT.N    ??CalibsendValveCommands_0
    297          	{
    298          	   c_ExhalValveCommand = HIGHPWM;
   \   00000014   0x....             LDR.N    R1,??DataTable7_7
   \   00000016   0x....             LDR.N    R2,??DataTable7_2  ;; 0x461c4000
   \   00000018   0x600A             STR      R2,[R1, #+0]
   \   0000001A   0xE00A             B.N      ??CalibsendValveCommands_1
    299          	}
    300          	else if (c_ExhalValveCommand <= LOWPWM)
   \                     ??CalibsendValveCommands_0: (+1)
   \   0000001C   0x....             LDR.N    R1,??DataTable7_7
   \   0000001E   0xED91 0x0A00      VLDR     S0,[R1, #0]
   \   00000022   0xEEB5 0x0A40      VCMP.F32 S0,#0.0
   \   00000026   0xEEF1 0xFA10      FMSTAT   
   \   0000002A   0xD802             BHI.N    ??CalibsendValveCommands_1
    301          	{
    302          	   c_ExhalValveCommand = LOWPWM;
   \   0000002C   0x....             LDR.N    R1,??DataTable7_7
   \   0000002E   0x2200             MOVS     R2,#+0
   \   00000030   0x600A             STR      R2,[R1, #+0]
    303          	}
    304          	if (c_AirValveCommand >= HIGHPWM)
   \                     ??CalibsendValveCommands_1: (+1)
   \   00000032   0x....             LDR.N    R1,??DataTable7_3
   \   00000034   0xED91 0x0A00      VLDR     S0,[R1, #0]
   \   00000038   0xEDDF 0x....      VLDR.W   S1,??DataTable7_2  ;; 0x461c4000
   \   0000003C   0xEEB4 0x0A60      VCMP.F32 S0,S1
   \   00000040   0xEEF1 0xFA10      FMSTAT   
   \   00000044   0xDB03             BLT.N    ??CalibsendValveCommands_2
    305          	{
    306          	   c_AirValveCommand = HIGHPWM;
   \   00000046   0x....             LDR.N    R1,??DataTable7_3
   \   00000048   0x....             LDR.N    R2,??DataTable7_2  ;; 0x461c4000
   \   0000004A   0x600A             STR      R2,[R1, #+0]
   \   0000004C   0xE00A             B.N      ??CalibsendValveCommands_3
    307          	}
    308          	else if (c_AirValveCommand <= LOWPWM)
   \                     ??CalibsendValveCommands_2: (+1)
   \   0000004E   0x....             LDR.N    R1,??DataTable7_3
   \   00000050   0xED91 0x0A00      VLDR     S0,[R1, #0]
   \   00000054   0xEEB5 0x0A40      VCMP.F32 S0,#0.0
   \   00000058   0xEEF1 0xFA10      FMSTAT   
   \   0000005C   0xD802             BHI.N    ??CalibsendValveCommands_3
    309          	{
    310          	   c_AirValveCommand = LOWPWM;
   \   0000005E   0x....             LDR.N    R1,??DataTable7_3
   \   00000060   0x2200             MOVS     R2,#+0
   \   00000062   0x600A             STR      R2,[R1, #+0]
    311          	}
    312          	c_InhalValveCommand = HIGHPWM;//must be deleted
   \                     ??CalibsendValveCommands_3: (+1)
   \   00000064   0x....             LDR.N    R1,??DataTable7_9
   \   00000066   0x....             LDR.N    R2,??DataTable7_2  ;; 0x461c4000
   \   00000068   0x600A             STR      R2,[R1, #+0]
    313              // --------------------------------
    314                  OutputPacket->Packet[H_OUT_PACKET1].Value[H_OUT_DRIVE_INH] = (Uint)c_InhalValveCommand;
   \   0000006A   0x....             LDR.N    R1,??DataTable7_9
   \   0000006C   0xED91 0x0A00      VLDR     S0,[R1, #0]
   \   00000070   0xEEBD 0x0AC0      VCVT.S32.F32 S0,S0
   \   00000074   0xEE10 0x1A10      VMOV     R1,S0
   \   00000078   0x81C1             STRH     R1,[R0, #+14]
    315          	OutputPacket->Packet[H_OUT_PACKET1].Value[H_OUT_DRIVE_EXH] = (Uint)c_ExhalValveCommand;
   \   0000007A   0x....             LDR.N    R1,??DataTable7_7
   \   0000007C   0xED91 0x0A00      VLDR     S0,[R1, #0]
   \   00000080   0xEEBD 0x0AC0      VCVT.S32.F32 S0,S0
   \   00000084   0xEE10 0x1A10      VMOV     R1,S0
   \   00000088   0x8201             STRH     R1,[R0, #+16]
    316          	OutputPacket->Packet[H_OUT_PACKET1].Value[H_OUT_DRIVE_AIR] = (Uint)c_AirValveCommand;
   \   0000008A   0x....             LDR.N    R1,??DataTable7_3
   \   0000008C   0xED91 0x0A00      VLDR     S0,[R1, #0]
   \   00000090   0xEEBD 0x0AC0      VCVT.S32.F32 S0,S0
   \   00000094   0xEE10 0x1A10      VMOV     R1,S0
   \   00000098   0x8241             STRH     R1,[R0, #+18]
    317                  //OutputPacket->Packet[H_OUT_PACKET1].Value[H_OUT_DRIVE_AIR] = (Uint)6000;
    318          	OutputPacket->Packet[H_OUT_PACKET1].Value[H_OUT_DRIVE_O2]  = (Uint)c_O2ValveCommand;
   \   0000009A   0x....             LDR.N    R1,??DataTable7_4
   \   0000009C   0xED91 0x0A00      VLDR     S0,[R1, #0]
   \   000000A0   0xEEBD 0x0AC0      VCVT.S32.F32 S0,S0
   \   000000A4   0xEE10 0x1A10      VMOV     R1,S0
   \   000000A8   0x8281             STRH     R1,[R0, #+20]
    319          	// _______________________________________________
    320          }
   \   000000AA   0x4770             BX       LR               ;; return

   \                                 In section .text, align 2, keep-with-next
    321          void  CalibresetAirValveContParam(void)
    322          {
    323             c_Perror = 0;
   \                     CalibresetAirValveContParam: (+1)
   \   00000000   0x....             LDR.N    R0,??DataTable7_28
   \   00000002   0x2100             MOVS     R1,#+0
   \   00000004   0x6001             STR      R1,[R0, #+0]
    324             c_Ierror = 0;
   \   00000006   0x....             LDR.N    R0,??DataTable7_29
   \   00000008   0x2100             MOVS     R1,#+0
   \   0000000A   0x6001             STR      R1,[R0, #+0]
    325             c_Derror = 0;
   \   0000000C   0x....             LDR.N    R0,??DataTable7_31
   \   0000000E   0x2100             MOVS     R1,#+0
   \   00000010   0x6001             STR      R1,[R0, #+0]
    326          }
   \   00000012   0x4770             BX       LR               ;; return
    327          

   \                                 In section .text, align 2, keep-with-next
    328          void  CalibresetO2ValveContParam(void)
    329          {
    330             c_PerrorO2 = 0;
   \                     CalibresetO2ValveContParam: (+1)
   \   00000000   0x....             LDR.N    R0,??DataTable7_35
   \   00000002   0x2100             MOVS     R1,#+0
   \   00000004   0x6001             STR      R1,[R0, #+0]
    331             c_IerrorO2 = 0;
   \   00000006   0x....             LDR.N    R0,??DataTable7_36
   \   00000008   0x2100             MOVS     R1,#+0
   \   0000000A   0x6001             STR      R1,[R0, #+0]
    332             c_DerrorO2 = 0;
   \   0000000C   0x....             LDR.N    R0,??DataTable7_39
   \   0000000E   0x2100             MOVS     R1,#+0
   \   00000010   0x6001             STR      R1,[R0, #+0]
    333          }
   \   00000012   0x4770             BX       LR               ;; return

   \                                 In section .text, align 2, keep-with-next
    334          void  CalibresetExhalValveContParam(void)
    335          {
    336          	c_Perror = 0;
   \                     CalibresetExhalValveContParam: (+1)
   \   00000000   0x....             LDR.N    R0,??DataTable7_28
   \   00000002   0x2100             MOVS     R1,#+0
   \   00000004   0x6001             STR      R1,[R0, #+0]
    337          	c_Ierror = 0;
   \   00000006   0x....             LDR.N    R0,??DataTable7_29
   \   00000008   0x2100             MOVS     R1,#+0
   \   0000000A   0x6001             STR      R1,[R0, #+0]
    338          	c_Derror = 0;
   \   0000000C   0x....             LDR.N    R0,??DataTable7_31
   \   0000000E   0x2100             MOVS     R1,#+0
   \   00000010   0x6001             STR      R1,[R0, #+0]
    339          }
   \   00000012   0x4770             BX       LR               ;; return

   \                                 In section .text, align 4, keep-with-next
   \                     ??DataTable1:
   \   00000000   0x47000001         DC32     0x47000001

   \                                 In section .text, align 4, keep-with-next
   \                     ??DataTable1_1:
   \   00000000   0xC7800000         DC32     0xc7800000

   \                                 In section .text, align 4, keep-with-next
   \                     ??DataTable1_2:
   \   00000000   0x3CCFFEB1         DC32     0x3ccffeb1

   \                                 In section .text, align 4, keep-with-next
   \                     ??DataTable1_3:
   \   00000000   0x42C80000         DC32     0x42c80000

   \                                 In section .text, align 4, keep-with-next
   \                     ??DataTable1_4:
   \   00000000   0x43480001         DC32     0x43480001

   \                                 In section .text, align 4, keep-with-next
   \                     ??DataTable1_5:
   \   00000000   0x42700000         DC32     0x42700000

   \                                 In section .text, align 4, keep-with-next
   \                     ??DataTable2:
   \   00000000   0x42C80001         DC32     0x42c80001

   \                                 In section .text, align 4, keep-with-next
   \                     ??DataTable2_1:
   \   00000000   0x41700001         DC32     0x41700001

   \                                 In section .text, align 4, keep-with-next
   \                     ??DataTable2_2:
   \   00000000   0x41F00001         DC32     0x41f00001

   \                                 In section .text, align 4, keep-with-next
   \                     ??DataTable2_3:
   \   00000000   0x42280001         DC32     0x42280001

   \                                 In section .text, align 4, keep-with-next
   \                     ??DataTable2_4:
   \   00000000   0x42700001         DC32     0x42700001

   \                                 In section .text, align 4, keep-with-next
   \                     ??DataTable2_5:
   \   00000000   0x42700000         DC32     0x42700000

   \                                 In section .text, align 4, keep-with-next
   \                     ??DataTable2_6:
   \   00000000   0x3C23D70A         DC32     0x3c23d70a

   \                                 In section .text, align 4, keep-with-next
   \                     ??DataTable3:
   \   00000000   0x462BE000         DC32     0x462be000

   \                                 In section .text, align 4, keep-with-next
   \                     ??DataTable3_1:
   \   00000000   0x463B8000         DC32     0x463b8000

   \                                 In section .text, align 4, keep-with-next
   \                     ??DataTable3_2:
   \   00000000   0x41700001         DC32     0x41700001

   \                                 In section .text, align 4, keep-with-next
   \                     ??DataTable5:
   \   00000000   0x42200001         DC32     0x42200001

   \                                 In section .text, align 4, keep-with-next
   \                     ??DataTable6:
   \   00000000   0x42700001         DC32     0x42700001

   \                                 In section .text, align 4, keep-with-next
   \                     ??DataTable7:
   \   00000000   0x42700000         DC32     0x42700000

   \                                 In section .text, align 4, keep-with-next
   \                     ??DataTable7_1:
   \   00000000   0x3C23D70A         DC32     0x3c23d70a

   \                                 In section .text, align 4, keep-with-next
   \                     ??DataTable7_2:
   \   00000000   0x461C4000         DC32     0x461c4000

   \                                 In section .text, align 4, keep-with-next
   \                     ??DataTable7_3:
   \   00000000   0x........         DC32     c_AirValveCommand

   \                                 In section .text, align 4, keep-with-next
   \                     ??DataTable7_4:
   \   00000000   0x........         DC32     c_O2ValveCommand

   \                                 In section .text, align 4, keep-with-next
   \                     ??DataTable7_5:
   \   00000000   0x........         DC32     c_PIDTargetAirValve

   \                                 In section .text, align 4, keep-with-next
   \                     ??DataTable7_6:
   \   00000000   0x........         DC32     c_PIDTargetO2Valve

   \                                 In section .text, align 4, keep-with-next
   \                     ??DataTable7_7:
   \   00000000   0x........         DC32     c_ExhalValveCommand

   \                                 In section .text, align 4, keep-with-next
   \                     ??DataTable7_8:
   \   00000000   0x........         DC32     c_PIDTargetExhValve

   \                                 In section .text, align 4, keep-with-next
   \                     ??DataTable7_9:
   \   00000000   0x........         DC32     c_InhalValveCommand

   \                                 In section .text, align 4, keep-with-next
   \                     ??DataTable7_10:
   \   00000000   0x........         DC32     OutputPacket

   \                                 In section .text, align 4, keep-with-next
   \                     ??DataTable7_11:
   \   00000000   0x........         DC32     c_InPacket1_Validate

   \                                 In section .text, align 4, keep-with-next
   \                     ??DataTable7_12:
   \   00000000   0x........         DC32     InputPacket

   \                                 In section .text, align 4, keep-with-next
   \                     ??DataTable7_13:
   \   00000000   0x........         DC32     c_P_inh_measure

   \                                 In section .text, align 4, keep-with-next
   \                     ??DataTable7_14:
   \   00000000   0x........         DC32     c_P_exH_measure

   \                                 In section .text, align 4, keep-with-next
   \                     ??DataTable7_15:
   \   00000000   0x........         DC32     c_F_air_measure

   \                                 In section .text, align 4, keep-with-next
   \                     ??DataTable7_16:
   \   00000000   0x........         DC32     c_F_O2_measure

   \                                 In section .text, align 4, keep-with-next
   \                     ??DataTable7_17:
   \   00000000   0x........         DC32     c_GainKP

   \                                 In section .text, align 4, keep-with-next
   \                     ??DataTable7_18:
   \   00000000   0x44228000         DC32     0x44228000

   \                                 In section .text, align 4, keep-with-next
   \                     ??DataTable7_19:
   \   00000000   0x........         DC32     c_GainKI

   \                                 In section .text, align 4, keep-with-next
   \                     ??DataTable7_20:
   \   00000000   0x459C4000         DC32     0x459c4000

   \                                 In section .text, align 4, keep-with-next
   \                     ??DataTable7_21:
   \   00000000   0x........         DC32     c_GainKD

   \                                 In section .text, align 4, keep-with-next
   \                     ??DataTable7_22:
   \   00000000   0x........         DC32     c_DeadZone

   \                                 In section .text, align 4, keep-with-next
   \                     ??DataTable7_23:
   \   00000000   0x44098000         DC32     0x44098000

   \                                 In section .text, align 4, keep-with-next
   \                     ??DataTable7_24:
   \   00000000   0x43AF0000         DC32     0x43af0000

   \                                 In section .text, align 4, keep-with-next
   \                     ??DataTable7_25:
   \   00000000   0x438C0000         DC32     0x438c0000

   \                                 In section .text, align 4, keep-with-next
   \                     ??DataTable7_26:
   \   00000000   0x437A0000         DC32     0x437a0000

   \                                 In section .text, align 4, keep-with-next
   \                     ??DataTable7_27:
   \   00000000   0x........         DC32     c_PIDError

   \                                 In section .text, align 4, keep-with-next
   \                     ??DataTable7_28:
   \   00000000   0x........         DC32     c_Perror

   \                                 In section .text, align 4, keep-with-next
   \                     ??DataTable7_29:
   \   00000000   0x........         DC32     c_Ierror

   \                                 In section .text, align 4, keep-with-next
   \                     ??DataTable7_30:
   \   00000000   0x........         DC32     c_PIDError_Pre

   \                                 In section .text, align 4, keep-with-next
   \                     ??DataTable7_31:
   \   00000000   0x........         DC32     c_Derror

   \                                 In section .text, align 4, keep-with-next
   \                     ??DataTable7_32:
   \   00000000   0x443B8000         DC32     0x443b8000

   \                                 In section .text, align 4, keep-with-next
   \                     ??DataTable7_33:
   \   00000000   0x43C80000         DC32     0x43c80000

   \                                 In section .text, align 4, keep-with-next
   \                     ??DataTable7_34:
   \   00000000   0x43960000         DC32     0x43960000

   \                                 In section .text, align 4, keep-with-next
   \                     ??DataTable7_35:
   \   00000000   0x........         DC32     c_PerrorO2

   \                                 In section .text, align 4, keep-with-next
   \                     ??DataTable7_36:
   \   00000000   0x........         DC32     c_IerrorO2

   \                                 In section .text, align 4, keep-with-next
   \                     ??DataTable7_37:
   \   00000000   0x47AE147B         DC32     0x47ae147b

   \                                 In section .text, align 4, keep-with-next
   \                     ??DataTable7_38:
   \   00000000   0x3F847AE1         DC32     0x3f847ae1

   \                                 In section .text, align 4, keep-with-next
   \                     ??DataTable7_39:
   \   00000000   0x........         DC32     c_DerrorO2

   Maximum stack usage in bytes:

   .cstack Function
   ------- --------
       0   CalibAirValveController
       8   CalibControlInit
         8   -> CalibresetAirValveContParam
         8   -> CalibresetExhalValveContParam
         8   -> CalibresetO2ValveContParam
       8   CalibControl_functionControl
         8   -> CalibAirValveController
         8   -> CalibControlInit
         8   -> CalibO2ValveController
         8   -> CalibReadSensorData
         8   -> CalibexhValveController
         8   -> CalibsendValveCommands
       0   CalibControl_setRcvDataPointer
       0   CalibControl_setSendDataPointer
       8   CalibO2ValveController
         8   -> __aeabi_d2f
         8   -> __aeabi_ddiv
         8   -> __aeabi_f2d
       0   CalibReadSensorData
       0   CalibexhValveController
       0   CalibresetAirValveContParam
       0   CalibresetExhalValveContParam
       0   CalibresetO2ValveContParam
       0   CalibsendValveCommands
       0   cVentCalibControl


   Section sizes:

   Bytes  Function/Label
   -----  --------------
       4  ??DataTable1
       4  ??DataTable1_1
       4  ??DataTable1_2
       4  ??DataTable1_3
       4  ??DataTable1_4
       4  ??DataTable1_5
       4  ??DataTable2
       4  ??DataTable2_1
       4  ??DataTable2_2
       4  ??DataTable2_3
       4  ??DataTable2_4
       4  ??DataTable2_5
       4  ??DataTable2_6
       4  ??DataTable3
       4  ??DataTable3_1
       4  ??DataTable3_2
       4  ??DataTable5
       4  ??DataTable6
       4  ??DataTable7
       4  ??DataTable7_1
       4  ??DataTable7_10
       4  ??DataTable7_11
       4  ??DataTable7_12
       4  ??DataTable7_13
       4  ??DataTable7_14
       4  ??DataTable7_15
       4  ??DataTable7_16
       4  ??DataTable7_17
       4  ??DataTable7_18
       4  ??DataTable7_19
       4  ??DataTable7_2
       4  ??DataTable7_20
       4  ??DataTable7_21
       4  ??DataTable7_22
       4  ??DataTable7_23
       4  ??DataTable7_24
       4  ??DataTable7_25
       4  ??DataTable7_26
       4  ??DataTable7_27
       4  ??DataTable7_28
       4  ??DataTable7_29
       4  ??DataTable7_3
       4  ??DataTable7_30
       4  ??DataTable7_31
       4  ??DataTable7_32
       4  ??DataTable7_33
       4  ??DataTable7_34
       4  ??DataTable7_35
       4  ??DataTable7_36
       4  ??DataTable7_37
       4  ??DataTable7_38
       4  ??DataTable7_39
       4  ??DataTable7_4
       4  ??DataTable7_5
       4  ??DataTable7_6
       4  ??DataTable7_7
       4  ??DataTable7_8
       4  ??DataTable7_9
     588  CalibAirValveController
      16  CalibControlInit
     348  CalibControl_functionControl
       2  CalibControl_setRcvDataPointer
       2  CalibControl_setSendDataPointer
     424  CalibO2ValveController
     410  CalibReadSensorData
       2  CalibexhValveController
      20  CalibresetAirValveContParam
      20  CalibresetExhalValveContParam
      20  CalibresetO2ValveContParam
     172  CalibsendValveCommands
       2  cVentCalibControl
       4  c_AirValveCommand
       2  c_DeadZone
       4  c_Derror
       4  c_DerrorO2
       4  c_ExhalValveCommand
       4  c_F_Exh_measure
       4  c_F_O2_measure
       4  c_F_Show_measure
       4  c_F_air_O2
       4  c_F_air_measure
       4  c_GainKD
       4  c_GainKI
       4  c_GainKP
       4  c_HP_O2_measure
       4  c_HP_air_measure
       4  c_Ierror
       4  c_IerrorO2
       1  c_InPacket1_Validate
       1  c_InPacket2_Validate
       4  c_InhalValveCommand
       1  c_IsFlagFPAirValve
       1  c_IsFlagFPO2Valve
       4  c_O2ValveCommand
       4  c_O2_measure
       4  c_PIDError
       4  c_PIDError_Pre
       4  c_PIDTargetAirValve
       4  c_PIDTargetExhValve
       4  c_PIDTargetO2Valve
       4  c_P_exH_measure
       4  c_P_inh_measure
       4  c_Perror
       4  c_PerrorO2

 
   118 bytes in section .bss
 2 258 bytes in section .text
 
 2 258 bytes of CODE memory
   118 bytes of DATA memory

Errors: none
Warnings: none
